
--- start ros_gz_bridge parameter_bridge ---
[INFO] [1777191841.580457525] [ros_gz_bridge]: Creating ROS->GZ Bridge: [/model/ml25d_vehicle_w3/cmd_vel (geometry_msgs/msg/Twist) -> /model/ml25d_vehicle_w3/cmd_vel (gz.msgs.Twist)] (Lazy 0)
[INFO] [1777191841.581536989] [ros_gz_bridge]: Creating GZ->ROS Bridge: [/model/ml25d_vehicle_w3/odometry (gz.msgs.Odometry) -> /model/ml25d_vehicle_w3/odometry (nav_msgs/msg/Odometry)] (Lazy 0)
[INFO] [1777191841.582385730] [ros_gz_bridge]: Creating ROS->GZ service bridge [/world/ml25d_flat_audit_w3/set_pose (ros_gz_interfaces/srv/SetEntityPose -> /)]
[INFO] [1777191841.582873638] [ros_gz_bridge]: Creating ROS->GZ service bridge [/world/ml25d_flat_audit_w3/create (ros_gz_interfaces/srv/SpawnEntity -> /)]
[INFO] [1777191841.583082068] [ros_gz_bridge]: Creating ROS->GZ service bridge [/world/ml25d_flat_audit_w3/remove (ros_gz_interfaces/srv/DeleteEntity -> /)]
[INFO] [1777191841.583249794] [ros_gz_bridge]: Creating ROS->GZ service bridge [/world/ml25d_flat_audit_w3/control (ros_gz_interfaces/srv/ControlWorld -> /)]
[INFO] [1777191841.583415633] [ros_gz_bridge]: Creating GZ->ROS Bridge: [/ml25d/ml25d_vehicle_w3/chassis_contacts (gz.msgs.Contacts) -> /ml25d/ml25d_vehicle_w3/chassis_contacts (ros_gz_interfaces/msg/Contacts)] (Lazy 0)
[INFO] [1777191841.584165693] [ros_gz_bridge]: Creating GZ->ROS Bridge: [/ml25d/ml25d_vehicle_w3/front_left_contacts (gz.msgs.Contacts) -> /ml25d/ml25d_vehicle_w3/front_left_contacts (ros_gz_interfaces/msg/Contacts)] (Lazy 0)
[INFO] [1777191841.584347172] [ros_gz_bridge]: Creating GZ->ROS Bridge: [/ml25d/ml25d_vehicle_w3/front_right_contacts (gz.msgs.Contacts) -> /ml25d/ml25d_vehicle_w3/front_right_contacts (ros_gz_interfaces/msg/Contacts)] (Lazy 0)
[INFO] [1777191841.584502236] [ros_gz_bridge]: Creating GZ->ROS Bridge: [/ml25d/ml25d_vehicle_w3/rear_left_contacts (gz.msgs.Contacts) -> /ml25d/ml25d_vehicle_w3/rear_left_contacts (ros_gz_interfaces/msg/Contacts)] (Lazy 0)
[INFO] [1777191841.584651198] [ros_gz_bridge]: Creating GZ->ROS Bridge: [/ml25d/ml25d_vehicle_w3/rear_right_contacts (gz.msgs.Contacts) -> /ml25d/ml25d_vehicle_w3/rear_right_contacts (ros_gz_interfaces/msg/Contacts)] (Lazy 0)
[INFO] [1777191845.725972786] [ros_gz_bridge]: Passing message from ROS geometry_msgs/msg/Twist to Gazebo gz.msgs.Twist (showing msg only once per type)

--- start ros_gz_bridge parameter_bridge ---
[INFO] [1777192660.233494036] [ros_gz_bridge]: Creating ROS->GZ Bridge: [/model/ml25d_vehicle_w3/cmd_vel (geometry_msgs/msg/Twist) -> /model/ml25d_vehicle_w3/cmd_vel (gz.msgs.Twist)] (Lazy 0)
[INFO] [1777192660.535301193] [ros_gz_bridge]: Creating GZ->ROS Bridge: [/model/ml25d_vehicle_w3/odometry (gz.msgs.Odometry) -> /model/ml25d_vehicle_w3/odometry (nav_msgs/msg/Odometry)] (Lazy 0)
[INFO] [1777192660.634336475] [ros_gz_bridge]: Creating ROS->GZ service bridge [/world/ml25d_flat_audit_w3/set_pose (ros_gz_interfaces/srv/SetEntityPose -> /)]
[INFO] [1777192660.635269938] [ros_gz_bridge]: Creating ROS->GZ service bridge [/world/ml25d_flat_audit_w3/create (ros_gz_interfaces/srv/SpawnEntity -> /)]
[INFO] [1777192660.635831850] [ros_gz_bridge]: Creating ROS->GZ service bridge [/world/ml25d_flat_audit_w3/remove (ros_gz_interfaces/srv/DeleteEntity -> /)]
[INFO] [1777192660.636121899] [ros_gz_bridge]: Creating ROS->GZ service bridge [/world/ml25d_flat_audit_w3/control (ros_gz_interfaces/srv/ControlWorld -> /)]
[INFO] [1777192660.636368271] [ros_gz_bridge]: Creating GZ->ROS Bridge: [/ml25d/ml25d_vehicle_w3/chassis_contacts (gz.msgs.Contacts) -> /ml25d/ml25d_vehicle_w3/chassis_contacts (ros_gz_interfaces/msg/Contacts)] (Lazy 0)
[INFO] [1777192660.637254572] [ros_gz_bridge]: Creating GZ->ROS Bridge: [/ml25d/ml25d_vehicle_w3/front_left_contacts (gz.msgs.Contacts) -> /ml25d/ml25d_vehicle_w3/front_left_contacts (ros_gz_interfaces/msg/Contacts)] (Lazy 0)
[INFO] [1777192660.637496604] [ros_gz_bridge]: Creating GZ->ROS Bridge: [/ml25d/ml25d_vehicle_w3/front_right_contacts (gz.msgs.Contacts) -> /ml25d/ml25d_vehicle_w3/front_right_contacts (ros_gz_interfaces/msg/Contacts)] (Lazy 0)
[INFO] [1777192660.637724218] [ros_gz_bridge]: Creating GZ->ROS Bridge: [/ml25d/ml25d_vehicle_w3/rear_left_contacts (gz.msgs.Contacts) -> /ml25d/ml25d_vehicle_w3/rear_left_contacts (ros_gz_interfaces/msg/Contacts)] (Lazy 0)
[INFO] [1777192660.637950094] [ros_gz_bridge]: Creating GZ->ROS Bridge: [/ml25d/ml25d_vehicle_w3/rear_right_contacts (gz.msgs.Contacts) -> /ml25d/ml25d_vehicle_w3/rear_right_contacts (ros_gz_interfaces/msg/Contacts)] (Lazy 0)
[INFO] [1777192663.923780004] [ros_gz_bridge]: Passing message from ROS geometry_msgs/msg/Twist to Gazebo gz.msgs.Twist (showing msg only once per type)
