
--- start ros_gz_bridge parameter_bridge ---
[INFO] [1777194657.350427413] [ros_gz_bridge]: Creating ROS->GZ Bridge: [/model/ml25d_vehicle_w5/cmd_vel (geometry_msgs/msg/Twist) -> /model/ml25d_vehicle_w5/cmd_vel (gz.msgs.Twist)] (Lazy 0)
[INFO] [1777194657.351823124] [ros_gz_bridge]: Creating GZ->ROS Bridge: [/model/ml25d_vehicle_w5/odometry (gz.msgs.Odometry) -> /model/ml25d_vehicle_w5/odometry (nav_msgs/msg/Odometry)] (Lazy 0)
[INFO] [1777194657.352719467] [ros_gz_bridge]: Creating ROS->GZ service bridge [/world/ml25d_pilot_w5/set_pose (ros_gz_interfaces/srv/SetEntityPose -> /)]
[INFO] [1777194657.353210554] [ros_gz_bridge]: Creating ROS->GZ service bridge [/world/ml25d_pilot_w5/create (ros_gz_interfaces/srv/SpawnEntity -> /)]
[INFO] [1777194657.353390896] [ros_gz_bridge]: Creating ROS->GZ service bridge [/world/ml25d_pilot_w5/remove (ros_gz_interfaces/srv/DeleteEntity -> /)]
[INFO] [1777194657.353542174] [ros_gz_bridge]: Creating ROS->GZ service bridge [/world/ml25d_pilot_w5/control (ros_gz_interfaces/srv/ControlWorld -> /)]
[INFO] [1777194657.353692196] [ros_gz_bridge]: Creating GZ->ROS Bridge: [/ml25d/ml25d_vehicle_w5/chassis_contacts (gz.msgs.Contacts) -> /ml25d/ml25d_vehicle_w5/chassis_contacts (ros_gz_interfaces/msg/Contacts)] (Lazy 0)
[INFO] [1777194657.354461373] [ros_gz_bridge]: Creating GZ->ROS Bridge: [/ml25d/ml25d_vehicle_w5/front_left_contacts (gz.msgs.Contacts) -> /ml25d/ml25d_vehicle_w5/front_left_contacts (ros_gz_interfaces/msg/Contacts)] (Lazy 0)
[INFO] [1777194657.354649717] [ros_gz_bridge]: Creating GZ->ROS Bridge: [/ml25d/ml25d_vehicle_w5/front_right_contacts (gz.msgs.Contacts) -> /ml25d/ml25d_vehicle_w5/front_right_contacts (ros_gz_interfaces/msg/Contacts)] (Lazy 0)
[INFO] [1777194657.354815719] [ros_gz_bridge]: Creating GZ->ROS Bridge: [/ml25d/ml25d_vehicle_w5/rear_left_contacts (gz.msgs.Contacts) -> /ml25d/ml25d_vehicle_w5/rear_left_contacts (ros_gz_interfaces/msg/Contacts)] (Lazy 0)
[INFO] [1777194657.354985333] [ros_gz_bridge]: Creating GZ->ROS Bridge: [/ml25d/ml25d_vehicle_w5/rear_right_contacts (gz.msgs.Contacts) -> /ml25d/ml25d_vehicle_w5/rear_right_contacts (ros_gz_interfaces/msg/Contacts)] (Lazy 0)
[INFO] [1777194661.008175183] [ros_gz_bridge]: Passing message from ROS geometry_msgs/msg/Twist to Gazebo gz.msgs.Twist (showing msg only once per type)
[INFO] [1777194991.619869750] [rclcpp]: signal_handler(SIGINT/SIGTERM)

--- start ros_gz_bridge parameter_bridge ---
[INFO] [1777194992.253541348] [ros_gz_bridge]: Creating ROS->GZ Bridge: [/model/ml25d_vehicle_w5/cmd_vel (geometry_msgs/msg/Twist) -> /model/ml25d_vehicle_w5/cmd_vel (gz.msgs.Twist)] (Lazy 0)
[INFO] [1777194992.254793581] [ros_gz_bridge]: Creating GZ->ROS Bridge: [/model/ml25d_vehicle_w5/odometry (gz.msgs.Odometry) -> /model/ml25d_vehicle_w5/odometry (nav_msgs/msg/Odometry)] (Lazy 0)
[INFO] [1777194992.255682179] [ros_gz_bridge]: Creating ROS->GZ service bridge [/world/ml25d_pilot_w5/set_pose (ros_gz_interfaces/srv/SetEntityPose -> /)]
[INFO] [1777194992.256164856] [ros_gz_bridge]: Creating ROS->GZ service bridge [/world/ml25d_pilot_w5/create (ros_gz_interfaces/srv/SpawnEntity -> /)]
[INFO] [1777194992.256350699] [ros_gz_bridge]: Creating ROS->GZ service bridge [/world/ml25d_pilot_w5/remove (ros_gz_interfaces/srv/DeleteEntity -> /)]
[INFO] [1777194992.256501293] [ros_gz_bridge]: Creating ROS->GZ service bridge [/world/ml25d_pilot_w5/control (ros_gz_interfaces/srv/ControlWorld -> /)]
[INFO] [1777194992.256650499] [ros_gz_bridge]: Creating GZ->ROS Bridge: [/ml25d/ml25d_vehicle_w5/chassis_contacts (gz.msgs.Contacts) -> /ml25d/ml25d_vehicle_w5/chassis_contacts (ros_gz_interfaces/msg/Contacts)] (Lazy 0)
[INFO] [1777194992.257378663] [ros_gz_bridge]: Creating GZ->ROS Bridge: [/ml25d/ml25d_vehicle_w5/front_left_contacts (gz.msgs.Contacts) -> /ml25d/ml25d_vehicle_w5/front_left_contacts (ros_gz_interfaces/msg/Contacts)] (Lazy 0)
[INFO] [1777194992.257545725] [ros_gz_bridge]: Creating GZ->ROS Bridge: [/ml25d/ml25d_vehicle_w5/front_right_contacts (gz.msgs.Contacts) -> /ml25d/ml25d_vehicle_w5/front_right_contacts (ros_gz_interfaces/msg/Contacts)] (Lazy 0)
[INFO] [1777194992.257705537] [ros_gz_bridge]: Creating GZ->ROS Bridge: [/ml25d/ml25d_vehicle_w5/rear_left_contacts (gz.msgs.Contacts) -> /ml25d/ml25d_vehicle_w5/rear_left_contacts (ros_gz_interfaces/msg/Contacts)] (Lazy 0)
[INFO] [1777194992.257840052] [ros_gz_bridge]: Creating GZ->ROS Bridge: [/ml25d/ml25d_vehicle_w5/rear_right_contacts (gz.msgs.Contacts) -> /ml25d/ml25d_vehicle_w5/rear_right_contacts (ros_gz_interfaces/msg/Contacts)] (Lazy 0)
[INFO] [1777194995.638075705] [ros_gz_bridge]: Passing message from ROS geometry_msgs/msg/Twist to Gazebo gz.msgs.Twist (showing msg only once per type)
