
--- start gzserver world=/home/crh/文档/Machine_Learning_25D/ml25d_ws/data/generated_pilot_v2_diag_n8_40/worker_3/ml25d_pilot_w3.sdf ---
[1;32m[Msg] [0m[1;32mGazebo Sim Server v[0m[1;32m8.11.0[0m[1;32m[0m
[1;32m[Msg] [0m[1;32mLoading SDF world file[[0m[1;32m/home/crh/文档/Machine_Learning_25D/ml25d_ws/data/generated_pilot_v2_diag_n8_40/worker_3/ml25d_pilot_w3.sdf[0m[1;32m].[0m
[1;32m[Msg] [0m[1;32mServing entity system service on [[0m[1;32m/[0m[1;32mentity/system/add[0m[1;32m][0m[1;32m[0m
[1;36m[Dbg] [Physics.cc:906] [0m[1;36mLoaded [[0m[1;36mgz::physics::bullet_featherstone::Plugin[0m[1;36m] from library [[0m[1;36m/opt/ros/jazzy/opt/gz_physics_vendor/lib/gz-physics-7/engine-plugins/libgz-physics-bullet-featherstone-plugin.so[0m[1;36m][0m[1;36m[0m
[1;36m[Dbg] [SystemManager.cc:80] [0m[1;36mLoaded system [[0m[1;36mgz::sim::systems::Physics[0m[1;36m] for entity [[0m[1;36m1[0m[1;36m][0m[1;36m[0m
[1;32m[Msg] [0m[1;32mCreate[0m[1;32m service on [[0m[1;32m/world/ml25d_pilot_w3/create_multiple[0m[1;32m] (async)[0m[1;32m[0m
[1;32m[Msg] [0m[1;32mCreate[0m[1;32m service on [[0m[1;32m/world/ml25d_pilot_w3/create_multiple/blocking[0m[1;32m] (blocking)[0m[1;32m[0m
[1;32m[Msg] [0m[1;32mRemove[0m[1;32m service on [[0m[1;32m/world/ml25d_pilot_w3/remove[0m[1;32m] (async)[0m[1;32m[0m
[1;32m[Msg] [0m[1;32mRemove[0m[1;32m service on [[0m[1;32m/world/ml25d_pilot_w3/remove/blocking[0m[1;32m] (blocking)[0m[1;32m[0m
[1;32m[Msg] [0m[1;32mPose[0m[1;32m service on [[0m[1;32m/world/ml25d_pilot_w3/set_pose[0m[1;32m] (async)[0m[1;32m[0m
[1;32m[Msg] [0m[1;32mPose[0m[1;32m service on [[0m[1;32m/world/ml25d_pilot_w3/set_pose/blocking[0m[1;32m] (blocking)[0m[1;32m[0m
[1;32m[Msg] [0m[1;32mPose[0m[1;32m service on [[0m[1;32m/world/ml25d_pilot_w3/set_pose_vector[0m[1;32m] (async)[0m[1;32m[0m
[1;32m[Msg] [0m[1;32mPose[0m[1;32m service on [[0m[1;32m/world/ml25d_pilot_w3/set_pose_vector/blocking[0m[1;32m] (blocking)[0m[1;32m[0m
[1;32m[Msg] [0m[1;32mLight configuration[0m[1;32m service on [[0m[1;32m/world/ml25d_pilot_w3/light_config[0m[1;32m] (async)[0m[1;32m[0m
[1;32m[Msg] [0m[1;32mLight configuration[0m[1;32m service on [[0m[1;32m/world/ml25d_pilot_w3/light_config/blocking[0m[1;32m] (blocking)[0m[1;32m[0m
[1;32m[Msg] [0m[1;32mPhysics[0m[1;32m service on [[0m[1;32m/world/ml25d_pilot_w3/set_physics[0m[1;32m] (async)[0m[1;32m[0m
[1;32m[Msg] [0m[1;32mPhysics[0m[1;32m service on [[0m[1;32m/world/ml25d_pilot_w3/set_physics/blocking[0m[1;32m] (blocking)[0m[1;32m[0m
[1;32m[Msg] [0m[1;32mSphericalCoordinates[0m[1;32m service on [[0m[1;32m/world/ml25d_pilot_w3/set_spherical_coordinates[0m[1;32m] (async)[0m[1;32m[0m
[1;32m[Msg] [0m[1;32mSphericalCoordinates[0m[1;32m service on [[0m[1;32m/world/ml25d_pilot_w3/set_spherical_coordinates/blocking[0m[1;32m] (blocking)[0m[1;32m[0m
[1;32m[Msg] [0m[1;32mEnable collision[0m[1;32m service on [[0m[1;32m/world/ml25d_pilot_w3/enable_collision[0m[1;32m] (async)[0m[1;32m[0m
[1;32m[Msg] [0m[1;32mEnable collision[0m[1;32m service on [[0m[1;32m/world/ml25d_pilot_w3/enable_collision/blocking[0m[1;32m] (blocking)[0m[1;32m[0m
[1;32m[Msg] [0m[1;32mDisable collision[0m[1;32m service on [[0m[1;32m/world/ml25d_pilot_w3/disable_collision[0m[1;32m] (async)[0m[1;32m[0m
[1;32m[Msg] [0m[1;32mDisable collision[0m[1;32m service on [[0m[1;32m/world/ml25d_pilot_w3/disable_collision/blocking[0m[1;32m] (blocking)[0m[1;32m[0m
[1;32m[Msg] [0m[1;32mMaterial[0m[1;32m service on [[0m[1;32m/world/ml25d_pilot_w3/visual_config[0m[1;32m] (async)[0m[1;32m[0m
[1;32m[Msg] [0m[1;32mMaterial[0m[1;32m service on [[0m[1;32m/world/ml25d_pilot_w3/visual_config/blocking[0m[1;32m] (blocking)[0m[1;32m[0m
[1;32m[Msg] [0m[1;32mMaterial[0m[1;32m service on [[0m[1;32m/world/ml25d_pilot_w3/wheel_slip[0m[1;32m] (async)[0m[1;32m[0m
[1;32m[Msg] [0m[1;32mMaterial[0m[1;32m service on [[0m[1;32m/world/ml25d_pilot_w3/wheel_slip/blocking[0m[1;32m] (blocking)[0m[1;32m[0m
[1;36m[Dbg] [SystemManager.cc:80] [[1;33m[Wrn] [SimulationRunner.cc:734] [0m[1;33mFound additional publishers on /stats,[0m[1;33m using namespaced stats topic only[0m[1;33m[0m
[1;33m[Wrn] [SimulationRunner.cc:768] [0m[1;33mFound additional publishers on /clock,[0m[1;33m using namespaced clock topic only[0m[1;33m[0m
[1;31m[Err] [UserCommands.cc:1120] [0m[1;31mEntity named [[0m[1;31mml25d_vehicle_w3[0m[1;31m] of type [[0m[1;31m2[0m[1;31m] not found, so not removed.[0m[1;31m[0m
[1;31m[Err] [UserCommands.cc:1120] [0m[1;31mEntity named [[0m[1;31mml25d_terrain_w3_a1[0m[1;31m] of type [[0m[1;31m2[0m[1;31m] not found, so not removed.[0m[1;31m[0m
0m[1;36mLoaded system [[0m[1;36mgz::sim::systems::UserCommands[0m[1;36m] for entity [[0m[1;36m1[0m[1;36m][0m[1;36m[0m
[1;36m[Dbg] [SystemManager.cc:80] [0m[1;36mLoaded system [[0m[1;36mgz::sim::systems::SceneBroadcaster[0m[1;36m] for entity [[0m[1;36m1[0m[1;36m][0m[1;36m[0m
[1;36m[Dbg] [SystemManager.cc:80] [0m[1;36mLoaded system [[0m[1;36mgz::sim::systems::Contact[0m[1;36m] for entity [[0m[1;36m1[0m[1;36m][0m[1;36m[0m
[1;32m[Msg] [0m[1;32mLoaded level [[0m[1;32mdefault[0m[1;32m][0m[1;32m[0m
[1;32m[Msg] [0m[1;32mServing world controls on [[0m[1;32m/world/ml25d_pilot_w3[0m[1;32m/control], [[0m[1;32m/world/ml25d_pilot_w3[0m[1;32m/control/state] and [[0m[1;32m/world/ml25d_pilot_w3[0m[1;32m/playback/control][0m[1;32m[0m
[1;32m[Msg] [0m[1;32mServing GUI information on [[0m[1;32m/world/ml25d_pilot_w3[0m[1;32m/[0m[1;32mgui/info[0m[1;32m][0m[1;32m[0m
[1;32m[Msg] [0m[1;32mWorld [[0m[1;32mml25d_pilot_w3[0m[1;32m] initialized with [[0m[1;32m1ms[0m[1;32m] physics profile.[0m[1;32m[0m
[1;32m[Msg] [0m[1;32mServing world SDF generation service on [[0m[1;32m/world/ml25d_pilot_w3[0m[1;32m/[0m[1;32mgenerate_world_sdf[0m[1;32m][0m[1;32m[0m
[1;32m[Msg] [0m[1;32mServing world names on [[0m[1;32m/gazebo/worlds[0m[1;32m][0m[1;32m[0m
[1;32m[Msg] [0m[1;32mResource path add service on [[0m[1;32m/gazebo/resource_paths/add[0m[1;32m].[0m[1;32m[0m
[1;32m[Msg] [0m[1;32mResource path get service on [[0m[1;32m/gazebo/resource_paths/get[0m[1;32m].[0m[1;32m[0m
[1;32m[Msg] [0m[1;32mResource path resolve service on [[0m[1;32m/gazebo/resource_paths/resolve[0m[1;32m].[0m[1;32m[0m
[1;32m[Msg] [0m[1;32mResource paths published on [[0m[1;32m/gazebo/resource_paths[0m[1;32m].[0m[1;32m[0m
[1;32m[Msg] [0m[1;32mServer control service on [[0m[1;32m/server_control[0m[1;32m].[0m[1;32m[0m
[1;36m[Dbg] [SimulationRunner.cc:736] [0m[1;36mPublishers [Address, Message Type]:[0m
[1;36m[Dbg] [SimulationRunner.cc:741] [0m[1;36m  [0m[1;36mtcp://172.29.83.84:34801[0m[1;36m, [0m[1;36mgz.msgs.WorldStatistics[0m[1;36m[0m
[1;36m[Dbg] [SimulationRunner.cc:770] [0m[1;36mPublishers [Address, Message Type]:[0m
[1;36m[Dbg] [SimulationRunner.cc:775] [0m[1;36m  [0m[1;36mtcp://172.29.83.84:34801[0m[1;36m, [0m[1;36mgz.msgs.Clock[0m[1;36m[0m
[1;36m[Dbg] [SimulationRunner.cc:551] [0m[1;36mCreating PostUpdate worker threads: [0m[1;36m3[0m[1;36m[0m
[1;36m[Dbg] [SimulationRunner.cc:562] [0m[1;36mCreating postupdate worker thread ([0m[1;36m0[0m[1;36m)[0m[1;36m[0m
[1;36m[Dbg] [SimulationRunner.cc:562] [0m[1;36mCreating postupdate worker thread ([0m[1;36m1[0m[1;36m)[0m[1;36m[0m
[1;36m[Dbg] [Physics.cc:1035] [0m[1;36mAttempting to set physics options, but the [0m[1;36mphyiscs engine doesn't support feature [0m[1;36m[CollisionDetectorFeature]. Options will be ignored.[0m[1;36m[0m
[1;36m[Dbg] [Physics.cc:1061] [0m[1;36mAttempting to set physics options, but the [0m[1;36mphyiscs engine doesn't support feature [0m[1;36m[SolverFeature]. Options will be ignored.[0m[1;36m[0m
[1;36m[Dbg] [Physics.cc:1086] [0m[1;36mAttempting to set physics options, but the [0m[1;36mphyiscs engine doesn't support feature [0m[1;36m[CollisionPairMaxContacts]. [0m[1;36mOptions will be ignored.[0m[1;36m[0m
[1;32m[Msg] [0m[1;32mServing scene information on [[0m[1;32m/world/ml25d_pilot_w3[0m[1;32m/[0m[1;32mscene/info[0m[1;32m][0m[1;32m[0m
[1;32m[Msg] [0m[1;32mServing graph information on [[0m[1;32m/world/ml25d_pilot_w3[0m[1;32m/[0m[1;32mscene/graph[0m[1;32m][0m[1;32m[0m
[1;32m[Msg] [0m[1;32mServing full state on [[0m[1;32m/world/ml25d_pilot_w3[0m[1;32m/[0m[1;32mstate[0m[1;32m][0m[1;32m[0m
[1;32m[Msg] [0m[1;32mServing full state (async) on [[0m[1;32m/world/ml25d_pilot_w3[0m[1;32m/[0m[1;32mstate_async[0m[1;32m][0m[1;32m[0m
[1;32m[Msg] [0m[1;32mPublishing scene information on [[0m[1;32m/world/ml25d_pilot_w3/scene/info[
--- start gzserver world=/home/crh/文档/Machine_Learning_25D/ml25d_ws/data/generated_pilot_v2_diag_n8_40/worker_3/ml25d_pilot_w3.sdf ---
[1;32m[Msg] [0m[1;32mGazebo Sim Server v[0m[1;32m8.11.0[0m[1;32m[0m
[1;32m[Msg] [0m[1;32mLoading SDF world file[[0m[1;32m/home/crh/文档/Machine_Learning_25D/ml25d_ws/data/generated_pilot_v2_diag_n8_40/worker_3/ml25d_pilot_w3.sdf[0m[1;32m].[0m
[1;32m[Msg] [0m[1;32mServing entity system service on [[0m[1;32m/[0m[1;32mentity/system/add[0m[1;32m][0m[1;32m[0m
[1;36m[Dbg] [Physics.cc:906] [0m[1;36mLoaded [[0m[1;36mgz::physics::bullet_featherstone::Plugin[0m[1;36m] from library [[0m[1;36m/opt/ros/jazzy/opt/gz_physics_vendor/lib/gz-physics-7/engine-plugins/libgz-physics-bullet-featherstone-plugin.so[0m[1;36m][0m[1;36m[0m
[1;36m[Dbg] [SystemManager.cc:80] [0m[1;36mLoaded system [[0m[1;36mgz::sim::systems::Physics[0m[1;36m] for entity [[0m[1;36m1[0m[1;36m][0m[1;36m[0m
[1;32m[Msg] [0m[1;32mCreate[0m[1;32m service on [[0m[1;32m/world/ml25d_pilot_w3/create_multiple[0m[1;32m] (async)[0m[1;32m[0m
[1;32m[Msg] [0m[1;32mCreate[0m[1;32m service on [[0m[1;32m/world/ml25d_pilot_w3/create_multiple/blocking[0m[1;32m] (blocking)[0m[1;32m[0m
[1;32m[Msg] [0m[1;32mRemove[0m[1;32m service on [[0m[1;32m/world/ml25d_pilot_w3/remove[0m[1;32m] (async)[0m[1;32m[0m
[1;32m[Msg] [0m[1;32mRemove[0m[1;32m service on [[0m[1;32m/world/ml25d_pilot_w3/remove/blocking[0m[1;32m] (blocking)[0m[1;32m[0m
[1;32m[Msg] [0m[1;32mPose[0m[1;32m service on [[0m[1;32m/world/ml25d_pilot_w3/set_pose[0m[1;32m] (async)[0m[1;32m[0m
[1;32m[Msg] [0m[1;32mPose[0m[1;32m service on [[0m[1;32m/world/ml25d_pilot_w3/set_pose/blocking[0m[1;32m] (blocking)[0m[1;32m[0m
[1;32m[Msg] [0m[1;32mPose[0m[1;32m service on [[0m[1;32m/world/ml25d_pilot_w3/set_pose_vector[0m[1;32m] (async)[0m[1;32m[0m
[1;32m[Msg] [0m[1;32mPose[0m[1;32m service on [[0m[1;32m/world/ml25d_pilot_w3/set_pose_vector/blocking[0m[1;32m] (blocking)[0m[1;32m[0m
[1;32m[Msg] [0m[1;32mLight configuration[0m[1;32m service on [[0m[1;32m/world/ml25d_pilot_w3/light_config[0m[1;32m] (async)[0m[1;32m[0m
[1;32m[Msg] [0m[1;32mLight configuration[0m[1;32m service on [[0m[1;32m/world/ml25d_pilot_w3/light_config/blocking[0m[1;32m] (blocking)[0m[1;32m[0m
[1;32m[Msg] [0m[1;32mPhysics[0m[1;32m service on [[0m[1;32m/world/ml25d_pilot_w3/set_physics[0m[1;32m] (async)[0m[1;32m[0m
[1;32m[Msg] [0m[1;32mPhysics[0m[1;32m service on [[0m[1;32m/world/ml25d_pilot_w3/set_physics/blocking[0m[1;32m] (blocking)[0m[1;32m[0m
[1;32m[Msg] [0m[1;32mSphericalCoordinates[0m[1;32m service on [[0m[1;32m/world/ml25d_pilot_w3/set_spherical_coordinates[0m[1;32m] (async)[0m[1;32m[0m
[1;32m[Msg] [0m[1;32mSphericalCoordinates[0m[1;32m service on [[0m[1;32m/world/ml25d_pilot_w3/set_spherical_coordinates/blocking[0m[1;32m] (blocking)[0m[1;32m[0m
[1;32m[Msg] [0m[1;32mEnable collision[0m[1;32m service on [[0m[1;32m/world/ml25d_pilot_w3/enable_collision[0m[1;32m] (async)[0m[1;32m[0m
[1;32m[Msg] [0m[1;32mEnable collision[0m[1;32m service on [[0m[1;32m/world/ml25d_pilot_w3/enable_collision/blocking[0m[1;32m] (blocking)[0m[1;32m[0m
[1;32m[Msg] [0m[1;32mDisable collision[0m[1;32m service on [[0m[1;32m/world/ml25d_pilot_w3/disable_collision[0m[1;32m] (async)[0m[1;32m[0m
[1;32m[Msg] [0m[1;32mDisable collision[0m[1;32m service on [[0m[1;32m/world/ml25d_pilot_w3/disable_collision/blocking[0m[1;32m] (blocking)[0m[1;32m[0m
[1;32m[Msg] [0m[1;32mMaterial[0m[1;32m service on [[0m[1;32m/world/ml25d_pilot_w3/visual_config[0m[1;32m] (async)[0m[1;32m[0m
[1;32m[Msg] [0m[1;32mMaterial[0m[1;32m service on [[0m[1;32m/world/ml25d_pilot_w3/visual_config/blocking[0m[1;32m] (blocking)[0m[1;32m[0m
[1;32m[Msg] [0m[1;32mMaterial[0m[1;32m service on [[0m[1;32m/world/ml25d_pilot_w3/wheel_slip[0m[1;32m] (async)[0m[1;32m[0m
[1;32m[Msg] [0m[1;32mMaterial[0m[1;32m service on [[0m[1;32m/world/ml25d_pilot_w3/wheel_slip/blocking[0m[1;32m] (blocking)[0m[1;32m[0m
[1;36m[Dbg] [SystemManager.cc:80] [[1;31m[Err] [UserCommands.cc:1120] [0m[1;31mEntity named [[0m[1;31mml25d_vehicle_w3[0m[1;31m] of type [[0m[1;31m2[0m[1;31m] not found, so not removed.[0m[1;31m[0m
[1;31m[Err] [UserCommands.cc:1120] [0m[1;31mEntity named [[0m[1;31mml25d_terrain_w3_a9[0m[1;31m] of type [[0m[1;31m2[0m[1;31m] not found, so not removed.[0m[1;31m[0m
[1;31m[Err] [UserCommands.cc:1120] [0m[1;31mEntity named [[0m[1;31mml25d_terrain_w3_a11[0m[1;31m] of type [[0m[1;31m2[0m[1;31m] not found, so not removed.[0m[1;31m[0m
0m[1;36mLoaded system [[0m[1;36mgz::sim::systems::UserCommands[0m[1;36m] for entity [[0m[1;36m1[0m[1;36m][0m[1;36m[0m
[1;36m[Dbg] [SystemManager.cc:80] [0m[1;36mLoaded system [[0m[1;36mgz::sim::systems::SceneBroadcaster[0m[1;36m] for entity [[0m[1;36m1[0m[1;36m][0m[1;36m[0m
[1;36m[Dbg] [SystemManager.cc:80] [0m[1;36mLoaded system [[0m[1;36mgz::sim::systems::Contact[0m[1;36m] for entity [[0m[1;36m1[0m[1;36m][0m[1;36m[0m
[1;32m[Msg] [0m[1;32mLoaded level [[0m[1;32mdefault[0m[1;32m][0m[1;32m[0m
[1;32m[Msg] [0m[1;32mServing world controls on [[0m[1;32m/world/ml25d_pilot_w3[0m[1;32m/control], [[0m[1;32m/world/ml25d_pilot_w3[0m[1;32m/control/state] and [[0m[1;32m/world/ml25d_pilot_w3[0m[1;32m/playback/control][0m[1;32m[0m
[1;32m[Msg] [0m[1;32mServing GUI information on [[0m[1;32m/world/ml25d_pilot_w3[0m[1;32m/[0m[1;32mgui/info[0m[1;32m][0m[1;32m[0m
[1;32m[Msg] [0m[1;32mWorld [[0m[1;32mml25d_pilot_w3[0m[1;32m] initialized with [[0m[1;32m1ms[0m[1;32m] physics profile.[0m[1;32m[0m
[1;32m[Msg] [0m[1;32mServing world SDF generation service on [[0m[1;32m/world/ml25d_pilot_w3[0m[1;32m/[0m[1;32mgenerate_world_sdf[0m[1;32m][0m[1;32m[0m
[1;32m[Msg] [0m[1;32mServing world names on [[0m[1;32m/gazebo/worlds[0m[1;32m][0m[1;32m[0m
[1;32m[Msg] [0m[1;32mResource path add service on [[0m[1;32m/gazebo/resource_paths/add[0m[1;32m].[0m[1;32m[0m
[1;32m[Msg] [0m[1;32mResource path get service on [[0m[1;32m/gazebo/resource_paths/get[0m[1;32m].[0m[1;32m[0m
[1;32m[Msg] [0m[1;32mResource path resolve service on [[0m[1;32m/gazebo/resource_paths/resolve[0m[1;32m].[0m[1;32m[0m
[1;32m[Msg] [0m[1;32mResource paths published on [[0m[1;32m/gazebo/resource_paths[0m[1;32m].[0m[1;32m[0m
[1;32m[Msg] [0m[1;32mServer control service on [[0m[1;32m/server_control[0m[1;32m].[0m[1;32m[0m
[1;32m[Msg] [0m[1;32mFound no publishers on /stats, adding root stats topic[0m[1;32m[0m
[1;32m[Msg] [0m[1;32mFound no publishers on /clock, adding root clock topic[0m[1;32m[0m
[1;36m[Dbg] [SimulationRunner.cc:551] [0m[1;36mCreating PostUpdate worker threads: [0m[1;36m3[0m[1;36m[0m
[1;36m[Dbg] [SimulationRunner.cc:562] [0m[1;36mCreating postupdate worker thread ([0m[1;36m0[0m[1;36m)[0m[1;36m[0m
[1;36m[Dbg] [SimulationRunner.cc:562] [0m[1;36mCreating postupdate worker thread ([0m[1;36m1[0m[1;36m)[0m[1;36m[0m
[1;36m[Dbg] [UserCommands.cc:1094] [0m[1;36mCreated entity [[0m[1;36m6[0m[1;36m] named [[0m[1;36mml25d_terrain_w3_a11[0m[1;36m][0m[1;36m[0m
[1;32m[Msg] [0m[1;32mDiffDrive subscribing to twist messages on [[0m[1;32m/model/ml25d_vehicle_w3/cmd_vel[0m[1;32m][0m[1;32m[0m
[1;36m[Dbg] [SystemManager.cc:80] [0m[1;36mLoaded system [[0m[1;36mgz::sim::systems::DiffDrive[0m[1;36m] for entity [[0m[1;36m10[0m[1;36m][0m[1;36m[0m
[1;32m[Msg] [0m[1;32mOdometryPublisher publishing odometry on [[0m[1;32m/model/ml25d_vehicle_w3/odometry[0m[1;32m][0m[1;32m[0m
[1;32m[Msg] [0m[1;32mOdometryPublisher publishing odometry with covariance on [[0m[1;32m/model/ml25d_vehicle_w3/odometry_with_covariance[0m[1;32m][0m[1;32m[0m
[1;32m[Msg] [0m[1;32mOdometryPublisher publishing Pose_V (TF) on [[0m[1;32m/model/ml25d_vehicle_w3/pose[0m[1;32m][0m[1;32m[0m
[1;36m[Dbg] [SystemManager.cc:80] [0m[1;36mLoaded system [[0m[1;36mgz::sim::systems::OdometryPublisher[0m[1;36m] for entity [[0m[1;36m10[0m[1;36m][0m[1;36m[0m
[1;36m[Dbg] [UserCommands.cc:1094] [0m[1;36mCreated entity [[0m[1;36m10[0m[1;36m] named [[0m[1;36mml25d_vehicle_w3[0m[1;36m][0m[1;36m[0m
[1;32m[Msg] [0m[1;32mContact system publishing on [0m[1;32m/ml25d/ml25d_vehicle_w3/chassis_contacts[0m[1;32m[0m
[1;32m[Msg] [0m[1;32mContact system publishing on [0m[1;32m/ml25d/ml25d_vehicle_w3/front_left_contacts[0m[1;32m[0m
[1;32m[Msg] [0m[1;32mContact system publishing on [0m[1;32m/ml25d/ml25d_vehicle_w3/front_right_contacts[0m[1;32m[0m
[1;32m[Msg] [[1;33m[Wrn] [OBJLoader.cc:202] [0m[1;33mMissing material for shape[[0m[1;33m] [0m[1;33min OBJ file[[0m[1;33m/tmp/ml25d_ros_gz_meshes/terrain_133461446258576_10.obj[0m[1;33m][0m[1;33m[0m
