[0.000000] (-) TimerEvent: {}
[0.000470] (ml25d_dataset_generation) JobQueued: {'identifier': 'ml25d_dataset_generation', 'dependencies': OrderedDict()}
[0.000577] (ml25d_dataset_generation) JobStarted: {'identifier': 'ml25d_dataset_generation'}
[0.005218] (ml25d_dataset_generation) JobProgress: {'identifier': 'ml25d_dataset_generation', 'progress': 'cmake'}
[0.005467] (ml25d_dataset_generation) Command: {'cmd': ['/usr/bin/cmake', '/home/crh/文档/Machine_Learning_25D/ml25d_ws/src/ml25d_dataset_generation', '-DAMENT_CMAKE_SYMLINK_INSTALL=1', '-DCMAKE_INSTALL_PREFIX=/home/crh/文档/Machine_Learning_25D/ml25d_ws/install/ml25d_dataset_generation'], 'cwd': '/home/crh/文档/Machine_Learning_25D/ml25d_ws/build/ml25d_dataset_generation', 'env': OrderedDict({'GJS_DEBUG_TOPICS': 'JS ERROR;JS LOG', 'LESSOPEN': '| /usr/bin/lesspipe %s', 'VSCODE_CWD': '/home/crh', 'GZ_SIM_RESOURCE_PATH': '/opt/ros/jazzy/share', 'LANGUAGE': 'zh_CN:en', 'USER': 'crh', 'LC_TIME': 'C.UTF-8', 'VSCODE_NLS_CONFIG': '{"userLocale":"zh-cn","osLocale":"zh-cn","resolvedLanguage":"en","defaultMessagesFile":"/usr/share/antigravity/resources/app/out/nls.messages.json","locale":"zh-cn","availableLanguages":{}}', 'GZ_CONFIG_PATH': '/opt/ros/jazzy/opt/gz_sim_vendor/share/gz:/opt/ros/jazzy/opt/sdformat_vendor/share/gz:/opt/ros/jazzy/opt/gz_gui_vendor/share/gz:/opt/ros/jazzy/opt/gz_transport_vendor/share/gz:/opt/ros/jazzy/opt/gz_rendering_vendor/share/gz:/opt/ros/jazzy/opt/gz_plugin_vendor/share/gz:/opt/ros/jazzy/opt/gz_fuel_tools_vendor/share/gz:/opt/ros/jazzy/opt/gz_msgs_vendor/share/gz:/opt/ros/jazzy/opt/gz_common_vendor/share/gz', 'MATHEMATICA_HOME': '/usr/share/Wolfram/Documentation/14.2/en-us', 'XDG_SESSION_TYPE': 'x11', 'CLUTTER_DISABLE_MIPMAPPED_TEXT': '1', 'SHLVL': '0', 'LD_LIBRARY_PATH': '/opt/ros/jazzy/opt/gz_sim_vendor/lib:/opt/ros/jazzy/opt/gz_sensors_vendor/lib:/opt/ros/jazzy/opt/gz_physics_vendor/lib:/opt/ros/jazzy/opt/sdformat_vendor/lib:/opt/ros/jazzy/opt/rviz_ogre_vendor/lib:/opt/ros/jazzy/lib/x86_64-linux-gnu:/opt/ros/jazzy/opt/gz_gui_vendor/lib:/opt/ros/jazzy/opt/gz_transport_vendor/lib:/opt/ros/jazzy/opt/gz_rendering_vendor/lib:/opt/ros/jazzy/opt/gz_plugin_vendor/lib:/opt/ros/jazzy/opt/gz_fuel_tools_vendor/lib:/opt/ros/jazzy/opt/gz_msgs_vendor/lib:/opt/ros/jazzy/opt/gz_common_vendor/lib:/opt/ros/jazzy/opt/gz_math_vendor/lib:/opt/ros/jazzy/opt/gz_utils_vendor/lib:/opt/ros/jazzy/opt/gz_tools_vendor/lib:/opt/ros/jazzy/opt/gz_ogre_next_vendor/lib:/opt/ros/jazzy/opt/gz_dartsim_vendor/lib:/opt/ros/jazzy/opt/gz_cmake_vendor/lib:/opt/ros/jazzy/lib:/usr/local/cuda/lib64:', 'HOME': '/home/crh', 'CHROME_DESKTOP': 'antigravity.desktop', 'DESKTOP_SESSION': 'ubuntu', 'NVM_BIN': '/home/crh/.nvm/versions/node/v20.19.5/bin', 'NVM_INC': '/home/crh/.nvm/versions/node/v20.19.5/include/node', 'VSCODE_IPC_HOOK': '/run/user/1000/vscode-725ec6d6-1.10-main.sock', 'GIO_LAUNCHED_DESKTOP_FILE': '/usr/share/applications/antigravity.desktop', 'ROS_PYTHON_VERSION': '3', 'GNOME_SHELL_SESSION_MODE': 'ubuntu', 'GTK_MODULES': 'gail:atk-bridge', 'SDL_IM_MODULE': 'fcitx', 'PAGER': 'cat', 'LC_MONETARY': 'C.UTF-8', 'MANAGERPID': '3134', 'SYSTEMD_EXEC_PID': '3538', 'GSM_SKIP_SSH_AGENT_WORKAROUND': 'true', 'DBUS_SESSION_BUS_ADDRESS': 'unix:path=/run/user/1000/bus', 'ANTIGRAVITY_AGENT': '1', 'GIO_LAUNCHED_DESKTOP_FILE_PID': '4861', 'NVM_DIR': '/home/crh/.nvm', 'DEBUGINFOD_URLS': 'https://debuginfod.ubuntu.com', 'IM_CONFIG_PHASE': '1', 'ROS_DISTRO': 'jazzy', 'GTK_IM_MODULE': 'fcitx', 'LOGNAME': 'crh', 'JOURNAL_STREAM': '9:37308', '_': '/usr/bin/colcon', 'ROS_VERSION': '2', 'MEMORY_PRESSURE_WATCH': '/sys/fs/cgroup/user.slice/user-1000.slice/user@1000.service/session.slice/org.gnome.Shell@x11.service/memory.pressure', 'XDG_SESSION_CLASS': 'user', 'USERNAME': 'crh', 'TERM': 'dumb', 'GNOME_DESKTOP_SESSION_ID': 'this-is-deprecated', 'FC_FONTATIONS': '1', 'WINDOWPATH': '2', 'ANTIGRAVITY_EDITOR_APP_ROOT': '/usr/share/antigravity/resources/app', 'PATH': '/opt/ros/jazzy/opt/gz_msgs_vendor/bin:/opt/ros/jazzy/opt/gz_tools_vendor/bin:/opt/ros/jazzy/opt/gz_ogre_next_vendor/bin:/opt/ros/jazzy/bin:/home/crh/.local/bin:/home/crh/bin:/home/crh/.nvm/versions/node/v20.19.5/bin:/usr/local/cuda/bin:/home/crh/.local/bin:/home/crh/bin:/usr/local/sbin:/usr/local/bin:/usr/sbin:/usr/bin:/sbin:/bin:/usr/games:/usr/local/games:/snap/bin:/snap/bin', 'SESSION_MANAGER': 'local/crh-Legion-Y7000-IRX9:@/tmp/.ICE-unix/3500,unix/crh-Legion-Y7000-IRX9:/tmp/.ICE-unix/3500', 'INVOCATION_ID': 'a4088ab9654b4b7fba14b51914cd70b5', 'PAPERSIZE': 'a4', 'GTK3_MODULES': 'xapp-gtk3-module', 'XDG_MENU_PREFIX': 'gnome-', 'LC_ADDRESS': 'C.UTF-8', 'XDG_RUNTIME_DIR': '/run/user/1000', 'GDK_BACKEND': 'x11', 'DISPLAY': ':1', 'LANG': 'zh_CN.UTF-8', 'XDG_CURRENT_DESKTOP': 'ubuntu:GNOME', 'LC_TELEPHONE': 'C.UTF-8', 'XMODIFIERS': '@im=fcitx', 'XDG_SESSION_DESKTOP': 'ubuntu', 'XAUTHORITY': '/run/user/1000/gdm/Xauthority', 'LS_COLORS': '', 'SBX_CHROME_API_RQ': '1', 'SSH_AUTH_SOCK': '/run/user/1000/keyring/ssh', 'AMENT_PREFIX_PATH': '/opt/ros/jazzy', 'SHELL': '/bin/bash', 'LC_NAME': 'C.UTF-8', 'QT_ACCESSIBILITY': '1', 'GDMSESSION': 'ubuntu', 'LESSCLOSE': '/usr/bin/lesspipe %s %s', 'LC_MEASUREMENT': 'C.UTF-8', 'GPG_AGENT_INFO': '/run/user/1000/gnupg/S.gpg-agent:0:1', 'GJS_DEBUG_OUTPUT': 'stderr', 'LC_IDENTIFICATION': 'C.UTF-8', 'ROS_AUTOMATIC_DISCOVERY_RANGE': 'SUBNET', 'QT_IM_MODULE': 'fcitx', 'ANTIGRAVITY_TRAJECTORY_ID': 'e0154f3f-147b-4a92-b92b-2b7ea9ba3c1d', 'PWD': '/home/crh/文档/Machine_Learning_25D/ml25d_ws/build/ml25d_dataset_generation', 'XDG_CONFIG_DIRS': '/etc/xdg/xdg-ubuntu:/etc/xdg', 'VSCODE_CODE_CACHE_PATH': '/home/crh/.config/Antigravity/CachedData/15487b3041e65228cae24980a3f796c905ef582c', 'CLUTTER_IM_MODULE': 'fcitx', 'NVM_CD_FLAGS': '', 'XDG_DATA_DIRS': '/usr/share/ubuntu:/usr/share/gnome:/usr/local/share/:/usr/share/:/var/lib/snapd/desktop', 'QTWEBENGINE_DICTIONARIES_PATH': '/usr/share/hunspell-bdic/', 'PYTHONPATH': '/opt/ros/jazzy/lib/python3.12/site-packages', 'LC_NUMERIC': 'C.UTF-8', 'LC_PAPER': 'C.UTF-8', 'COLCON': '1', 'MEMORY_PRESSURE_WRITE': 'c29tZSAyMDAwMDAgMjAwMDAwMAA=', 'CMAKE_PREFIX_PATH': '/opt/ros/jazzy/opt/gz_sim_vendor:/opt/ros/jazzy/opt/gz_sensors_vendor:/opt/ros/jazzy/opt/gz_physics_vendor:/opt/ros/jazzy/opt/sdformat_vendor:/opt/ros/jazzy/opt/gz_gui_vendor:/opt/ros/jazzy/opt/gz_transport_vendor:/opt/ros/jazzy/opt/gz_rendering_vendor:/opt/ros/jazzy/opt/gz_plugin_vendor:/opt/ros/jazzy/opt/gz_fuel_tools_vendor:/opt/ros/jazzy/opt/gz_msgs_vendor:/opt/ros/jazzy/opt/gz_common_vendor:/opt/ros/jazzy/opt/gz_math_vendor:/opt/ros/jazzy/opt/gz_utils_vendor:/opt/ros/jazzy/opt/gz_tools_vendor:/opt/ros/jazzy/opt/gz_ogre_next_vendor:/opt/ros/jazzy/opt/gz_dartsim_vendor:/opt/ros/jazzy/opt/gz_cmake_vendor:/opt/ros/jazzy', 'VSCODE_PID': '4861'}), 'shell': False}
[0.099942] (-) TimerEvent: {}
[0.124761] (ml25d_dataset_generation) StdoutLine: {'line': b'-- The C compiler identification is GNU 13.3.0\n'}
[0.200168] (-) TimerEvent: {}
[0.208586] (ml25d_dataset_generation) StdoutLine: {'line': b'-- The CXX compiler identification is GNU 13.3.0\n'}
[0.222751] (ml25d_dataset_generation) StdoutLine: {'line': b'-- Detecting C compiler ABI info\n'}
[0.284745] (ml25d_dataset_generation) StdoutLine: {'line': b'-- Detecting C compiler ABI info - done\n'}
[0.290539] (ml25d_dataset_generation) StdoutLine: {'line': b'-- Check for working C compiler: /usr/bin/cc - skipped\n'}
[0.290782] (ml25d_dataset_generation) StdoutLine: {'line': b'-- Detecting C compile features\n'}
[0.291158] (ml25d_dataset_generation) StdoutLine: {'line': b'-- Detecting C compile features - done\n'}
[0.298485] (ml25d_dataset_generation) StdoutLine: {'line': b'-- Detecting CXX compiler ABI info\n'}
[0.300236] (-) TimerEvent: {}
[0.363153] (ml25d_dataset_generation) StdoutLine: {'line': b'-- Detecting CXX compiler ABI info - done\n'}
[0.368629] (ml25d_dataset_generation) StdoutLine: {'line': b'-- Check for working CXX compiler: /usr/bin/c++ - skipped\n'}
[0.368909] (ml25d_dataset_generation) StdoutLine: {'line': b'-- Detecting CXX compile features\n'}
[0.369143] (ml25d_dataset_generation) StdoutLine: {'line': b'-- Detecting CXX compile features - done\n'}
[0.374422] (ml25d_dataset_generation) StdoutLine: {'line': b'-- Found ament_cmake: 2.5.6 (/opt/ros/jazzy/share/ament_cmake/cmake)\n'}
[0.400311] (-) TimerEvent: {}
[0.469341] (ml25d_dataset_generation) StdoutLine: {'line': b'-- Found Python3: /usr/bin/python3 (found version "3.12.3") found components: Interpreter \n'}
[0.500388] (-) TimerEvent: {}
[0.512655] (ml25d_dataset_generation) StdoutLine: {'line': b'-- Override CMake install command with custom implementation using symlinks instead of copying resources\n'}
[0.537857] (ml25d_dataset_generation) StdoutLine: {'line': b'-- Found rclcpp: 28.1.18 (/opt/ros/jazzy/share/rclcpp/cmake)\n'}
[0.568940] (ml25d_dataset_generation) StdoutLine: {'line': b'-- Found rosidl_generator_c: 4.6.7 (/opt/ros/jazzy/share/rosidl_generator_c/cmake)\n'}
[0.578462] (ml25d_dataset_generation) StdoutLine: {'line': b'-- Found rosidl_generator_cpp: 4.6.7 (/opt/ros/jazzy/share/rosidl_generator_cpp/cmake)\n'}
[0.591073] (ml25d_dataset_generation) StdoutLine: {'line': b'-- Using all available rosidl_typesupport_c: rosidl_typesupport_fastrtps_c;rosidl_typesupport_introspection_c\n'}
[0.600478] (-) TimerEvent: {}
[0.603232] (ml25d_dataset_generation) StdoutLine: {'line': b'-- Using all available rosidl_typesupport_cpp: rosidl_typesupport_fastrtps_cpp;rosidl_typesupport_introspection_cpp\n'}
[0.653819] (ml25d_dataset_generation) StdoutLine: {'line': b'-- Found rmw_implementation_cmake: 7.3.3 (/opt/ros/jazzy/share/rmw_implementation_cmake/cmake)\n'}
[0.655869] (ml25d_dataset_generation) StdoutLine: {'line': b'-- Found rmw_fastrtps_cpp: 8.4.3 (/opt/ros/jazzy/share/rmw_fastrtps_cpp/cmake)\n'}
[0.700580] (-) TimerEvent: {}
[0.723861] (ml25d_dataset_generation) StdoutLine: {'line': b'-- Found OpenSSL: /usr/lib/x86_64-linux-gnu/libcrypto.so (found version "3.0.13")  \n'}
[0.739392] (ml25d_dataset_generation) StdoutLine: {'line': b'-- Found FastRTPS: /opt/ros/jazzy/include (Required is at least version "2.13") \n'}
[0.755630] (ml25d_dataset_generation) StdoutLine: {'line': b"-- Using RMW implementation 'rmw_fastrtps_cpp' as default\n"}
[0.800702] (-) TimerEvent: {}
[0.804015] (ml25d_dataset_generation) StdoutLine: {'line': b'-- Found std_msgs: 5.3.7 (/opt/ros/jazzy/share/std_msgs/cmake)\n'}
[0.884776] (ml25d_dataset_generation) StdoutLine: {'line': b'-- Found ament_cmake_pytest: 2.5.6 (/opt/ros/jazzy/share/ament_cmake_pytest/cmake)\n'}
[0.900786] (-) TimerEvent: {}
[1.001029] (-) TimerEvent: {}
[1.101283] (-) TimerEvent: {}
[1.201508] (-) TimerEvent: {}
[1.301728] (-) TimerEvent: {}
[1.401983] (-) TimerEvent: {}
[1.502240] (-) TimerEvent: {}
[1.602463] (-) TimerEvent: {}
[1.702736] (-) TimerEvent: {}
[1.709671] (ml25d_dataset_generation) StdoutLine: {'line': b'-- Configuring done (1.7s)\n'}
[1.715839] (ml25d_dataset_generation) StdoutLine: {'line': b'-- Generating done (0.0s)\n'}
[1.718028] (ml25d_dataset_generation) StdoutLine: {'line': b'-- Build files have been written to: /home/crh/\xe6\x96\x87\xe6\xa1\xa3/Machine_Learning_25D/ml25d_ws/build/ml25d_dataset_generation\n'}
[1.724932] (ml25d_dataset_generation) CommandEnded: {'returncode': 0}
[1.726355] (ml25d_dataset_generation) JobProgress: {'identifier': 'ml25d_dataset_generation', 'progress': 'build'}
[1.726391] (ml25d_dataset_generation) Command: {'cmd': ['/usr/bin/cmake', '--build', '/home/crh/文档/Machine_Learning_25D/ml25d_ws/build/ml25d_dataset_generation', '--', '-j20', '-l20'], 'cwd': '/home/crh/文档/Machine_Learning_25D/ml25d_ws/build/ml25d_dataset_generation', 'env': OrderedDict({'GJS_DEBUG_TOPICS': 'JS ERROR;JS LOG', 'LESSOPEN': '| /usr/bin/lesspipe %s', 'VSCODE_CWD': '/home/crh', 'GZ_SIM_RESOURCE_PATH': '/opt/ros/jazzy/share', 'LANGUAGE': 'zh_CN:en', 'USER': 'crh', 'LC_TIME': 'C.UTF-8', 'VSCODE_NLS_CONFIG': '{"userLocale":"zh-cn","osLocale":"zh-cn","resolvedLanguage":"en","defaultMessagesFile":"/usr/share/antigravity/resources/app/out/nls.messages.json","locale":"zh-cn","availableLanguages":{}}', 'GZ_CONFIG_PATH': '/opt/ros/jazzy/opt/gz_sim_vendor/share/gz:/opt/ros/jazzy/opt/sdformat_vendor/share/gz:/opt/ros/jazzy/opt/gz_gui_vendor/share/gz:/opt/ros/jazzy/opt/gz_transport_vendor/share/gz:/opt/ros/jazzy/opt/gz_rendering_vendor/share/gz:/opt/ros/jazzy/opt/gz_plugin_vendor/share/gz:/opt/ros/jazzy/opt/gz_fuel_tools_vendor/share/gz:/opt/ros/jazzy/opt/gz_msgs_vendor/share/gz:/opt/ros/jazzy/opt/gz_common_vendor/share/gz', 'MATHEMATICA_HOME': '/usr/share/Wolfram/Documentation/14.2/en-us', 'XDG_SESSION_TYPE': 'x11', 'CLUTTER_DISABLE_MIPMAPPED_TEXT': '1', 'SHLVL': '0', 'LD_LIBRARY_PATH': '/opt/ros/jazzy/opt/gz_sim_vendor/lib:/opt/ros/jazzy/opt/gz_sensors_vendor/lib:/opt/ros/jazzy/opt/gz_physics_vendor/lib:/opt/ros/jazzy/opt/sdformat_vendor/lib:/opt/ros/jazzy/opt/rviz_ogre_vendor/lib:/opt/ros/jazzy/lib/x86_64-linux-gnu:/opt/ros/jazzy/opt/gz_gui_vendor/lib:/opt/ros/jazzy/opt/gz_transport_vendor/lib:/opt/ros/jazzy/opt/gz_rendering_vendor/lib:/opt/ros/jazzy/opt/gz_plugin_vendor/lib:/opt/ros/jazzy/opt/gz_fuel_tools_vendor/lib:/opt/ros/jazzy/opt/gz_msgs_vendor/lib:/opt/ros/jazzy/opt/gz_common_vendor/lib:/opt/ros/jazzy/opt/gz_math_vendor/lib:/opt/ros/jazzy/opt/gz_utils_vendor/lib:/opt/ros/jazzy/opt/gz_tools_vendor/lib:/opt/ros/jazzy/opt/gz_ogre_next_vendor/lib:/opt/ros/jazzy/opt/gz_dartsim_vendor/lib:/opt/ros/jazzy/opt/gz_cmake_vendor/lib:/opt/ros/jazzy/lib:/usr/local/cuda/lib64:', 'HOME': '/home/crh', 'CHROME_DESKTOP': 'antigravity.desktop', 'DESKTOP_SESSION': 'ubuntu', 'NVM_BIN': '/home/crh/.nvm/versions/node/v20.19.5/bin', 'NVM_INC': '/home/crh/.nvm/versions/node/v20.19.5/include/node', 'VSCODE_IPC_HOOK': '/run/user/1000/vscode-725ec6d6-1.10-main.sock', 'GIO_LAUNCHED_DESKTOP_FILE': '/usr/share/applications/antigravity.desktop', 'ROS_PYTHON_VERSION': '3', 'GNOME_SHELL_SESSION_MODE': 'ubuntu', 'GTK_MODULES': 'gail:atk-bridge', 'SDL_IM_MODULE': 'fcitx', 'PAGER': 'cat', 'LC_MONETARY': 'C.UTF-8', 'MANAGERPID': '3134', 'SYSTEMD_EXEC_PID': '3538', 'GSM_SKIP_SSH_AGENT_WORKAROUND': 'true', 'DBUS_SESSION_BUS_ADDRESS': 'unix:path=/run/user/1000/bus', 'ANTIGRAVITY_AGENT': '1', 'GIO_LAUNCHED_DESKTOP_FILE_PID': '4861', 'NVM_DIR': '/home/crh/.nvm', 'DEBUGINFOD_URLS': 'https://debuginfod.ubuntu.com', 'IM_CONFIG_PHASE': '1', 'ROS_DISTRO': 'jazzy', 'GTK_IM_MODULE': 'fcitx', 'LOGNAME': 'crh', 'JOURNAL_STREAM': '9:37308', '_': '/usr/bin/colcon', 'ROS_VERSION': '2', 'MEMORY_PRESSURE_WATCH': '/sys/fs/cgroup/user.slice/user-1000.slice/user@1000.service/session.slice/org.gnome.Shell@x11.service/memory.pressure', 'XDG_SESSION_CLASS': 'user', 'USERNAME': 'crh', 'TERM': 'dumb', 'GNOME_DESKTOP_SESSION_ID': 'this-is-deprecated', 'FC_FONTATIONS': '1', 'WINDOWPATH': '2', 'ANTIGRAVITY_EDITOR_APP_ROOT': '/usr/share/antigravity/resources/app', 'PATH': '/opt/ros/jazzy/opt/gz_msgs_vendor/bin:/opt/ros/jazzy/opt/gz_tools_vendor/bin:/opt/ros/jazzy/opt/gz_ogre_next_vendor/bin:/opt/ros/jazzy/bin:/home/crh/.local/bin:/home/crh/bin:/home/crh/.nvm/versions/node/v20.19.5/bin:/usr/local/cuda/bin:/home/crh/.local/bin:/home/crh/bin:/usr/local/sbin:/usr/local/bin:/usr/sbin:/usr/bin:/sbin:/bin:/usr/games:/usr/local/games:/snap/bin:/snap/bin', 'SESSION_MANAGER': 'local/crh-Legion-Y7000-IRX9:@/tmp/.ICE-unix/3500,unix/crh-Legion-Y7000-IRX9:/tmp/.ICE-unix/3500', 'INVOCATION_ID': 'a4088ab9654b4b7fba14b51914cd70b5', 'PAPERSIZE': 'a4', 'GTK3_MODULES': 'xapp-gtk3-module', 'XDG_MENU_PREFIX': 'gnome-', 'LC_ADDRESS': 'C.UTF-8', 'XDG_RUNTIME_DIR': '/run/user/1000', 'GDK_BACKEND': 'x11', 'DISPLAY': ':1', 'LANG': 'zh_CN.UTF-8', 'XDG_CURRENT_DESKTOP': 'ubuntu:GNOME', 'LC_TELEPHONE': 'C.UTF-8', 'XMODIFIERS': '@im=fcitx', 'XDG_SESSION_DESKTOP': 'ubuntu', 'XAUTHORITY': '/run/user/1000/gdm/Xauthority', 'LS_COLORS': '', 'SBX_CHROME_API_RQ': '1', 'SSH_AUTH_SOCK': '/run/user/1000/keyring/ssh', 'AMENT_PREFIX_PATH': '/opt/ros/jazzy', 'SHELL': '/bin/bash', 'LC_NAME': 'C.UTF-8', 'QT_ACCESSIBILITY': '1', 'GDMSESSION': 'ubuntu', 'LESSCLOSE': '/usr/bin/lesspipe %s %s', 'LC_MEASUREMENT': 'C.UTF-8', 'GPG_AGENT_INFO': '/run/user/1000/gnupg/S.gpg-agent:0:1', 'GJS_DEBUG_OUTPUT': 'stderr', 'LC_IDENTIFICATION': 'C.UTF-8', 'ROS_AUTOMATIC_DISCOVERY_RANGE': 'SUBNET', 'QT_IM_MODULE': 'fcitx', 'ANTIGRAVITY_TRAJECTORY_ID': 'e0154f3f-147b-4a92-b92b-2b7ea9ba3c1d', 'PWD': '/home/crh/文档/Machine_Learning_25D/ml25d_ws/build/ml25d_dataset_generation', 'XDG_CONFIG_DIRS': '/etc/xdg/xdg-ubuntu:/etc/xdg', 'VSCODE_CODE_CACHE_PATH': '/home/crh/.config/Antigravity/CachedData/15487b3041e65228cae24980a3f796c905ef582c', 'CLUTTER_IM_MODULE': 'fcitx', 'NVM_CD_FLAGS': '', 'XDG_DATA_DIRS': '/usr/share/ubuntu:/usr/share/gnome:/usr/local/share/:/usr/share/:/var/lib/snapd/desktop', 'QTWEBENGINE_DICTIONARIES_PATH': '/usr/share/hunspell-bdic/', 'PYTHONPATH': '/opt/ros/jazzy/lib/python3.12/site-packages', 'LC_NUMERIC': 'C.UTF-8', 'LC_PAPER': 'C.UTF-8', 'COLCON': '1', 'MEMORY_PRESSURE_WRITE': 'c29tZSAyMDAwMDAgMjAwMDAwMAA=', 'CMAKE_PREFIX_PATH': '/opt/ros/jazzy/opt/gz_sim_vendor:/opt/ros/jazzy/opt/gz_sensors_vendor:/opt/ros/jazzy/opt/gz_physics_vendor:/opt/ros/jazzy/opt/sdformat_vendor:/opt/ros/jazzy/opt/gz_gui_vendor:/opt/ros/jazzy/opt/gz_transport_vendor:/opt/ros/jazzy/opt/gz_rendering_vendor:/opt/ros/jazzy/opt/gz_plugin_vendor:/opt/ros/jazzy/opt/gz_fuel_tools_vendor:/opt/ros/jazzy/opt/gz_msgs_vendor:/opt/ros/jazzy/opt/gz_common_vendor:/opt/ros/jazzy/opt/gz_math_vendor:/opt/ros/jazzy/opt/gz_utils_vendor:/opt/ros/jazzy/opt/gz_tools_vendor:/opt/ros/jazzy/opt/gz_ogre_next_vendor:/opt/ros/jazzy/opt/gz_dartsim_vendor:/opt/ros/jazzy/opt/gz_cmake_vendor:/opt/ros/jazzy', 'VSCODE_PID': '4861'}), 'shell': False}
[1.766177] (ml25d_dataset_generation) StdoutLine: {'line': b'[ 50%] \x1b[32mBuilding CXX object CMakeFiles/sim_bridge_node.dir/src/cpp/sim_bridge_node.cpp.o\x1b[0m\n'}
[1.772050] (ml25d_dataset_generation) StdoutLine: {'line': b'[ 50%] Built target ament_cmake_python_symlink_ml25d_dataset_generation\n'}
[1.802875] (-) TimerEvent: {}
[1.894882] (ml25d_dataset_generation) StdoutLine: {'line': b'running egg_info\n'}
[1.895454] (ml25d_dataset_generation) StdoutLine: {'line': b'creating ml25d_dataset_generation.egg-info\n'}
[1.902974] (-) TimerEvent: {}
[1.908483] (ml25d_dataset_generation) StdoutLine: {'line': b'writing ml25d_dataset_generation.egg-info/PKG-INFO\n'}
[1.908698] (ml25d_dataset_generation) StdoutLine: {'line': b'writing dependency_links to ml25d_dataset_generation.egg-info/dependency_links.txt\n'}
[1.908899] (ml25d_dataset_generation) StdoutLine: {'line': b'writing top-level names to ml25d_dataset_generation.egg-info/top_level.txt\n'}
[1.908975] (ml25d_dataset_generation) StdoutLine: {'line': b"writing manifest file 'ml25d_dataset_generation.egg-info/SOURCES.txt'\n"}
[1.937821] (ml25d_dataset_generation) StdoutLine: {'line': b"reading manifest file 'ml25d_dataset_generation.egg-info/SOURCES.txt'\n"}
[1.938071] (ml25d_dataset_generation) StdoutLine: {'line': b"writing manifest file 'ml25d_dataset_generation.egg-info/SOURCES.txt'\n"}
[1.955556] (ml25d_dataset_generation) StdoutLine: {'line': b'[ 50%] Built target ament_cmake_python_build_ml25d_dataset_generation_egg\n'}
[2.003107] (-) TimerEvent: {}
[2.103314] (-) TimerEvent: {}
[2.203521] (-) TimerEvent: {}
[2.303776] (-) TimerEvent: {}
[2.403979] (-) TimerEvent: {}
[2.504220] (-) TimerEvent: {}
[2.604434] (-) TimerEvent: {}
[2.704657] (-) TimerEvent: {}
[2.804886] (-) TimerEvent: {}
[2.905098] (-) TimerEvent: {}
[3.005353] (-) TimerEvent: {}
[3.105585] (-) TimerEvent: {}
[3.205788] (-) TimerEvent: {}
[3.306014] (-) TimerEvent: {}
[3.406263] (-) TimerEvent: {}
[3.506490] (-) TimerEvent: {}
[3.606796] (-) TimerEvent: {}
[3.707083] (-) TimerEvent: {}
[3.807336] (-) TimerEvent: {}
[3.907577] (-) TimerEvent: {}
[4.007825] (-) TimerEvent: {}
[4.108026] (-) TimerEvent: {}
[4.204843] (ml25d_dataset_generation) StdoutLine: {'line': b'[100%] \x1b[32m\x1b[1mLinking CXX executable sim_bridge_node\x1b[0m\n'}
[4.208145] (-) TimerEvent: {}
[4.297379] (ml25d_dataset_generation) StdoutLine: {'line': b'[100%] Built target sim_bridge_node\n'}
[4.305486] (ml25d_dataset_generation) CommandEnded: {'returncode': 0}
[4.306340] (ml25d_dataset_generation) JobProgress: {'identifier': 'ml25d_dataset_generation', 'progress': 'install'}
[4.308258] (-) TimerEvent: {}
[4.312637] (ml25d_dataset_generation) Command: {'cmd': ['/usr/bin/cmake', '--install', '/home/crh/文档/Machine_Learning_25D/ml25d_ws/build/ml25d_dataset_generation'], 'cwd': '/home/crh/文档/Machine_Learning_25D/ml25d_ws/build/ml25d_dataset_generation', 'env': OrderedDict({'GJS_DEBUG_TOPICS': 'JS ERROR;JS LOG', 'LESSOPEN': '| /usr/bin/lesspipe %s', 'VSCODE_CWD': '/home/crh', 'GZ_SIM_RESOURCE_PATH': '/opt/ros/jazzy/share', 'LANGUAGE': 'zh_CN:en', 'USER': 'crh', 'LC_TIME': 'C.UTF-8', 'VSCODE_NLS_CONFIG': '{"userLocale":"zh-cn","osLocale":"zh-cn","resolvedLanguage":"en","defaultMessagesFile":"/usr/share/antigravity/resources/app/out/nls.messages.json","locale":"zh-cn","availableLanguages":{}}', 'GZ_CONFIG_PATH': '/opt/ros/jazzy/opt/gz_sim_vendor/share/gz:/opt/ros/jazzy/opt/sdformat_vendor/share/gz:/opt/ros/jazzy/opt/gz_gui_vendor/share/gz:/opt/ros/jazzy/opt/gz_transport_vendor/share/gz:/opt/ros/jazzy/opt/gz_rendering_vendor/share/gz:/opt/ros/jazzy/opt/gz_plugin_vendor/share/gz:/opt/ros/jazzy/opt/gz_fuel_tools_vendor/share/gz:/opt/ros/jazzy/opt/gz_msgs_vendor/share/gz:/opt/ros/jazzy/opt/gz_common_vendor/share/gz', 'MATHEMATICA_HOME': '/usr/share/Wolfram/Documentation/14.2/en-us', 'XDG_SESSION_TYPE': 'x11', 'CLUTTER_DISABLE_MIPMAPPED_TEXT': '1', 'SHLVL': '0', 'LD_LIBRARY_PATH': '/opt/ros/jazzy/opt/gz_sim_vendor/lib:/opt/ros/jazzy/opt/gz_sensors_vendor/lib:/opt/ros/jazzy/opt/gz_physics_vendor/lib:/opt/ros/jazzy/opt/sdformat_vendor/lib:/opt/ros/jazzy/opt/rviz_ogre_vendor/lib:/opt/ros/jazzy/lib/x86_64-linux-gnu:/opt/ros/jazzy/opt/gz_gui_vendor/lib:/opt/ros/jazzy/opt/gz_transport_vendor/lib:/opt/ros/jazzy/opt/gz_rendering_vendor/lib:/opt/ros/jazzy/opt/gz_plugin_vendor/lib:/opt/ros/jazzy/opt/gz_fuel_tools_vendor/lib:/opt/ros/jazzy/opt/gz_msgs_vendor/lib:/opt/ros/jazzy/opt/gz_common_vendor/lib:/opt/ros/jazzy/opt/gz_math_vendor/lib:/opt/ros/jazzy/opt/gz_utils_vendor/lib:/opt/ros/jazzy/opt/gz_tools_vendor/lib:/opt/ros/jazzy/opt/gz_ogre_next_vendor/lib:/opt/ros/jazzy/opt/gz_dartsim_vendor/lib:/opt/ros/jazzy/opt/gz_cmake_vendor/lib:/opt/ros/jazzy/lib:/usr/local/cuda/lib64:', 'HOME': '/home/crh', 'CHROME_DESKTOP': 'antigravity.desktop', 'DESKTOP_SESSION': 'ubuntu', 'NVM_BIN': '/home/crh/.nvm/versions/node/v20.19.5/bin', 'NVM_INC': '/home/crh/.nvm/versions/node/v20.19.5/include/node', 'VSCODE_IPC_HOOK': '/run/user/1000/vscode-725ec6d6-1.10-main.sock', 'GIO_LAUNCHED_DESKTOP_FILE': '/usr/share/applications/antigravity.desktop', 'ROS_PYTHON_VERSION': '3', 'GNOME_SHELL_SESSION_MODE': 'ubuntu', 'GTK_MODULES': 'gail:atk-bridge', 'SDL_IM_MODULE': 'fcitx', 'PAGER': 'cat', 'LC_MONETARY': 'C.UTF-8', 'MANAGERPID': '3134', 'SYSTEMD_EXEC_PID': '3538', 'GSM_SKIP_SSH_AGENT_WORKAROUND': 'true', 'DBUS_SESSION_BUS_ADDRESS': 'unix:path=/run/user/1000/bus', 'ANTIGRAVITY_AGENT': '1', 'GIO_LAUNCHED_DESKTOP_FILE_PID': '4861', 'NVM_DIR': '/home/crh/.nvm', 'DEBUGINFOD_URLS': 'https://debuginfod.ubuntu.com', 'IM_CONFIG_PHASE': '1', 'ROS_DISTRO': 'jazzy', 'GTK_IM_MODULE': 'fcitx', 'LOGNAME': 'crh', 'JOURNAL_STREAM': '9:37308', '_': '/usr/bin/colcon', 'ROS_VERSION': '2', 'MEMORY_PRESSURE_WATCH': '/sys/fs/cgroup/user.slice/user-1000.slice/user@1000.service/session.slice/org.gnome.Shell@x11.service/memory.pressure', 'XDG_SESSION_CLASS': 'user', 'USERNAME': 'crh', 'TERM': 'dumb', 'GNOME_DESKTOP_SESSION_ID': 'this-is-deprecated', 'FC_FONTATIONS': '1', 'WINDOWPATH': '2', 'ANTIGRAVITY_EDITOR_APP_ROOT': '/usr/share/antigravity/resources/app', 'PATH': '/opt/ros/jazzy/opt/gz_msgs_vendor/bin:/opt/ros/jazzy/opt/gz_tools_vendor/bin:/opt/ros/jazzy/opt/gz_ogre_next_vendor/bin:/opt/ros/jazzy/bin:/home/crh/.local/bin:/home/crh/bin:/home/crh/.nvm/versions/node/v20.19.5/bin:/usr/local/cuda/bin:/home/crh/.local/bin:/home/crh/bin:/usr/local/sbin:/usr/local/bin:/usr/sbin:/usr/bin:/sbin:/bin:/usr/games:/usr/local/games:/snap/bin:/snap/bin', 'SESSION_MANAGER': 'local/crh-Legion-Y7000-IRX9:@/tmp/.ICE-unix/3500,unix/crh-Legion-Y7000-IRX9:/tmp/.ICE-unix/3500', 'INVOCATION_ID': 'a4088ab9654b4b7fba14b51914cd70b5', 'PAPERSIZE': 'a4', 'GTK3_MODULES': 'xapp-gtk3-module', 'XDG_MENU_PREFIX': 'gnome-', 'LC_ADDRESS': 'C.UTF-8', 'XDG_RUNTIME_DIR': '/run/user/1000', 'GDK_BACKEND': 'x11', 'DISPLAY': ':1', 'LANG': 'zh_CN.UTF-8', 'XDG_CURRENT_DESKTOP': 'ubuntu:GNOME', 'LC_TELEPHONE': 'C.UTF-8', 'XMODIFIERS': '@im=fcitx', 'XDG_SESSION_DESKTOP': 'ubuntu', 'XAUTHORITY': '/run/user/1000/gdm/Xauthority', 'LS_COLORS': '', 'SBX_CHROME_API_RQ': '1', 'SSH_AUTH_SOCK': '/run/user/1000/keyring/ssh', 'AMENT_PREFIX_PATH': '/opt/ros/jazzy', 'SHELL': '/bin/bash', 'LC_NAME': 'C.UTF-8', 'QT_ACCESSIBILITY': '1', 'GDMSESSION': 'ubuntu', 'LESSCLOSE': '/usr/bin/lesspipe %s %s', 'LC_MEASUREMENT': 'C.UTF-8', 'GPG_AGENT_INFO': '/run/user/1000/gnupg/S.gpg-agent:0:1', 'GJS_DEBUG_OUTPUT': 'stderr', 'LC_IDENTIFICATION': 'C.UTF-8', 'ROS_AUTOMATIC_DISCOVERY_RANGE': 'SUBNET', 'QT_IM_MODULE': 'fcitx', 'ANTIGRAVITY_TRAJECTORY_ID': 'e0154f3f-147b-4a92-b92b-2b7ea9ba3c1d', 'PWD': '/home/crh/文档/Machine_Learning_25D/ml25d_ws/build/ml25d_dataset_generation', 'XDG_CONFIG_DIRS': '/etc/xdg/xdg-ubuntu:/etc/xdg', 'VSCODE_CODE_CACHE_PATH': '/home/crh/.config/Antigravity/CachedData/15487b3041e65228cae24980a3f796c905ef582c', 'CLUTTER_IM_MODULE': 'fcitx', 'NVM_CD_FLAGS': '', 'XDG_DATA_DIRS': '/usr/share/ubuntu:/usr/share/gnome:/usr/local/share/:/usr/share/:/var/lib/snapd/desktop', 'QTWEBENGINE_DICTIONARIES_PATH': '/usr/share/hunspell-bdic/', 'PYTHONPATH': '/opt/ros/jazzy/lib/python3.12/site-packages', 'LC_NUMERIC': 'C.UTF-8', 'LC_PAPER': 'C.UTF-8', 'COLCON': '1', 'MEMORY_PRESSURE_WRITE': 'c29tZSAyMDAwMDAgMjAwMDAwMAA=', 'CMAKE_PREFIX_PATH': '/opt/ros/jazzy/opt/gz_sim_vendor:/opt/ros/jazzy/opt/gz_sensors_vendor:/opt/ros/jazzy/opt/gz_physics_vendor:/opt/ros/jazzy/opt/sdformat_vendor:/opt/ros/jazzy/opt/gz_gui_vendor:/opt/ros/jazzy/opt/gz_transport_vendor:/opt/ros/jazzy/opt/gz_rendering_vendor:/opt/ros/jazzy/opt/gz_plugin_vendor:/opt/ros/jazzy/opt/gz_fuel_tools_vendor:/opt/ros/jazzy/opt/gz_msgs_vendor:/opt/ros/jazzy/opt/gz_common_vendor:/opt/ros/jazzy/opt/gz_math_vendor:/opt/ros/jazzy/opt/gz_utils_vendor:/opt/ros/jazzy/opt/gz_tools_vendor:/opt/ros/jazzy/opt/gz_ogre_next_vendor:/opt/ros/jazzy/opt/gz_dartsim_vendor:/opt/ros/jazzy/opt/gz_cmake_vendor:/opt/ros/jazzy', 'VSCODE_PID': '4861'}), 'shell': False}
[4.319735] (ml25d_dataset_generation) StdoutLine: {'line': b'-- Install configuration: ""\n'}
[4.319987] (ml25d_dataset_generation) StdoutLine: {'line': b'-- Execute custom install script\n'}
[4.320141] (ml25d_dataset_generation) StdoutLine: {'line': b'-- Symlinking: /home/crh/\xe6\x96\x87\xe6\xa1\xa3/Machine_Learning_25D/ml25d_ws/install/ml25d_dataset_generation/share/ml25d_dataset_generation/environment/pythonpath.sh\n'}
[4.325446] (ml25d_dataset_generation) StdoutLine: {'line': b'-- Symlinking: /home/crh/\xe6\x96\x87\xe6\xa1\xa3/Machine_Learning_25D/ml25d_ws/install/ml25d_dataset_generation/share/ml25d_dataset_generation/environment/pythonpath.dsv\n'}
[4.331207] (ml25d_dataset_generation) StdoutLine: {'line': b'-- Symlinking: /home/crh/\xe6\x96\x87\xe6\xa1\xa3/Machine_Learning_25D/ml25d_ws/install/ml25d_dataset_generation/lib/python3.12/site-packages/ml25d_dataset_generation-0.3.0-py3.12.egg-info/PKG-INFO\n'}
[4.339813] (ml25d_dataset_generation) StdoutLine: {'line': b'-- Symlinking: /home/crh/\xe6\x96\x87\xe6\xa1\xa3/Machine_Learning_25D/ml25d_ws/install/ml25d_dataset_generation/lib/python3.12/site-packages/ml25d_dataset_generation-0.3.0-py3.12.egg-info/SOURCES.txt\n'}
[4.345697] (ml25d_dataset_generation) StdoutLine: {'line': b'-- Symlinking: /home/crh/\xe6\x96\x87\xe6\xa1\xa3/Machine_Learning_25D/ml25d_ws/install/ml25d_dataset_generation/lib/python3.12/site-packages/ml25d_dataset_generation-0.3.0-py3.12.egg-info/dependency_links.txt\n'}
[4.351440] (ml25d_dataset_generation) StdoutLine: {'line': b'-- Symlinking: /home/crh/\xe6\x96\x87\xe6\xa1\xa3/Machine_Learning_25D/ml25d_ws/install/ml25d_dataset_generation/lib/python3.12/site-packages/ml25d_dataset_generation-0.3.0-py3.12.egg-info/top_level.txt\n'}
[4.357578] (ml25d_dataset_generation) StdoutLine: {'line': b'-- Symlinking: /home/crh/\xe6\x96\x87\xe6\xa1\xa3/Machine_Learning_25D/ml25d_ws/install/ml25d_dataset_generation/lib/python3.12/site-packages/ml25d_dataset_generation/__init__.py\n'}
[4.362456] (ml25d_dataset_generation) StdoutLine: {'line': b'-- Symlinking: /home/crh/\xe6\x96\x87\xe6\xa1\xa3/Machine_Learning_25D/ml25d_ws/install/ml25d_dataset_generation/lib/python3.12/site-packages/ml25d_dataset_generation/common_types.py\n'}
[4.367721] (ml25d_dataset_generation) StdoutLine: {'line': b'-- Symlinking: /home/crh/\xe6\x96\x87\xe6\xa1\xa3/Machine_Learning_25D/ml25d_ws/install/ml25d_dataset_generation/lib/python3.12/site-packages/ml25d_dataset_generation/config_loader.py\n'}
[4.374311] (ml25d_dataset_generation) StdoutLine: {'line': b'-- Symlinking: /home/crh/\xe6\x96\x87\xe6\xa1\xa3/Machine_Learning_25D/ml25d_ws/install/ml25d_dataset_generation/lib/python3.12/site-packages/ml25d_dataset_generation/dataset_manager.py\n'}
[4.380921] (ml25d_dataset_generation) StdoutLine: {'line': b'-- Symlinking: /home/crh/\xe6\x96\x87\xe6\xa1\xa3/Machine_Learning_25D/ml25d_ws/install/ml25d_dataset_generation/lib/python3.12/site-packages/ml25d_dataset_generation/feature_builder.py\n'}
[4.386506] (ml25d_dataset_generation) StdoutLine: {'line': b'-- Symlinking: /home/crh/\xe6\x96\x87\xe6\xa1\xa3/Machine_Learning_25D/ml25d_ws/install/ml25d_dataset_generation/lib/python3.12/site-packages/ml25d_dataset_generation/gazebo_runner.py\n'}
[4.391753] (ml25d_dataset_generation) StdoutLine: {'line': b'-- Symlinking: /home/crh/\xe6\x96\x87\xe6\xa1\xa3/Machine_Learning_25D/ml25d_ws/install/ml25d_dataset_generation/lib/python3.12/site-packages/ml25d_dataset_generation/label_extractor.py\n'}
[4.397033] (ml25d_dataset_generation) StdoutLine: {'line': b'-- Symlinking: /home/crh/\xe6\x96\x87\xe6\xa1\xa3/Machine_Learning_25D/ml25d_ws/install/ml25d_dataset_generation/lib/python3.12/site-packages/ml25d_dataset_generation/pso_training.py\n'}
[4.402755] (ml25d_dataset_generation) StdoutLine: {'line': b'-- Symlinking: /home/crh/\xe6\x96\x87\xe6\xa1\xa3/Machine_Learning_25D/ml25d_ws/install/ml25d_dataset_generation/lib/python3.12/site-packages/ml25d_dataset_generation/risk_model.py\n'}
[4.408089] (ml25d_dataset_generation) StdoutLine: {'line': b'-- Symlinking: /home/crh/\xe6\x96\x87\xe6\xa1\xa3/Machine_Learning_25D/ml25d_ws/install/ml25d_dataset_generation/lib/python3.12/site-packages/ml25d_dataset_generation/risk_planner.py\n'}
[4.408326] (-) TimerEvent: {}
[4.414245] (ml25d_dataset_generation) StdoutLine: {'line': b'-- Symlinking: /home/crh/\xe6\x96\x87\xe6\xa1\xa3/Machine_Learning_25D/ml25d_ws/install/ml25d_dataset_generation/lib/python3.12/site-packages/ml25d_dataset_generation/sample_packager.py\n'}
[4.420440] (ml25d_dataset_generation) StdoutLine: {'line': b'-- Symlinking: /home/crh/\xe6\x96\x87\xe6\xa1\xa3/Machine_Learning_25D/ml25d_ws/install/ml25d_dataset_generation/lib/python3.12/site-packages/ml25d_dataset_generation/terrain_generator.py\n'}
[4.425752] (ml25d_dataset_generation) StdoutLine: {'line': b'-- Symlinking: /home/crh/\xe6\x96\x87\xe6\xa1\xa3/Machine_Learning_25D/ml25d_ws/install/ml25d_dataset_generation/lib/python3.12/site-packages/ml25d_dataset_generation/training_data.py\n'}
[4.431150] (ml25d_dataset_generation) StdoutLine: {'line': b'-- Symlinking: /home/crh/\xe6\x96\x87\xe6\xa1\xa3/Machine_Learning_25D/ml25d_ws/install/ml25d_dataset_generation/lib/ml25d_dataset_generation/sim_bridge_node\n'}
[4.439033] (ml25d_dataset_generation) StdoutLine: {'line': b'-- Symlinking: /home/crh/\xe6\x96\x87\xe6\xa1\xa3/Machine_Learning_25D/ml25d_ws/install/ml25d_dataset_generation/lib/ml25d_dataset_generation/generate_dataset.py\n'}
[4.446484] (ml25d_dataset_generation) StdoutLine: {'line': b'-- Symlinking: /home/crh/\xe6\x96\x87\xe6\xa1\xa3/Machine_Learning_25D/ml25d_ws/install/ml25d_dataset_generation/lib/ml25d_dataset_generation/train_risk_model.py\n'}
[4.451744] (ml25d_dataset_generation) StdoutLine: {'line': b'-- Symlinking: /home/crh/\xe6\x96\x87\xe6\xa1\xa3/Machine_Learning_25D/ml25d_ws/install/ml25d_dataset_generation/lib/ml25d_dataset_generation/calibrate_risk_model.py\n'}
[4.457116] (ml25d_dataset_generation) StdoutLine: {'line': b'-- Symlinking: /home/crh/\xe6\x96\x87\xe6\xa1\xa3/Machine_Learning_25D/ml25d_ws/install/ml25d_dataset_generation/lib/ml25d_dataset_generation/run_single_sample.py\n'}
[4.462413] (ml25d_dataset_generation) StdoutLine: {'line': b'-- Symlinking: /home/crh/\xe6\x96\x87\xe6\xa1\xa3/Machine_Learning_25D/ml25d_ws/install/ml25d_dataset_generation/lib/ml25d_dataset_generation/smoke_ros_gz.py\n'}
[4.468152] (ml25d_dataset_generation) StdoutLine: {'line': b'-- Symlinking: /home/crh/\xe6\x96\x87\xe6\xa1\xa3/Machine_Learning_25D/ml25d_ws/install/ml25d_dataset_generation/lib/ml25d_dataset_generation/analyze_failure_modes.py\n'}
[4.473672] (ml25d_dataset_generation) StdoutLine: {'line': b'-- Symlinking: /home/crh/\xe6\x96\x87\xe6\xa1\xa3/Machine_Learning_25D/ml25d_ws/install/ml25d_dataset_generation/lib/ml25d_dataset_generation/validate_samples.py\n'}
[4.478802] (ml25d_dataset_generation) StdoutLine: {'line': b'-- Symlinking: /home/crh/\xe6\x96\x87\xe6\xa1\xa3/Machine_Learning_25D/ml25d_ws/install/ml25d_dataset_generation/lib/ml25d_dataset_generation/stats_report.py\n'}
[4.484189] (ml25d_dataset_generation) StdoutLine: {'line': b'-- Symlinking: /home/crh/\xe6\x96\x87\xe6\xa1\xa3/Machine_Learning_25D/ml25d_ws/install/ml25d_dataset_generation/share/ml25d_dataset_generation/config/action_primitives.yaml\n'}
[4.489389] (ml25d_dataset_generation) StdoutLine: {'line': b'-- Symlinking: /home/crh/\xe6\x96\x87\xe6\xa1\xa3/Machine_Learning_25D/ml25d_ws/install/ml25d_dataset_generation/share/ml25d_dataset_generation/config/dataset_config.yaml\n'}
[4.494612] (ml25d_dataset_generation) StdoutLine: {'line': b'-- Symlinking: /home/crh/\xe6\x96\x87\xe6\xa1\xa3/Machine_Learning_25D/ml25d_ws/install/ml25d_dataset_generation/share/ml25d_dataset_generation/config/friction_table.yaml\n'}
[4.499674] (ml25d_dataset_generation) StdoutLine: {'line': b'-- Symlinking: /home/crh/\xe6\x96\x87\xe6\xa1\xa3/Machine_Learning_25D/ml25d_ws/install/ml25d_dataset_generation/share/ml25d_dataset_generation/config/label_thresholds.yaml\n'}
[4.505730] (ml25d_dataset_generation) StdoutLine: {'line': b'-- Symlinking: /home/crh/\xe6\x96\x87\xe6\xa1\xa3/Machine_Learning_25D/ml25d_ws/install/ml25d_dataset_generation/share/ml25d_dataset_generation/config/terrain_distribution.yaml\n'}
[4.508401] (-) TimerEvent: {}
[4.511296] (ml25d_dataset_generation) StdoutLine: {'line': b'-- Symlinking: /home/crh/\xe6\x96\x87\xe6\xa1\xa3/Machine_Learning_25D/ml25d_ws/install/ml25d_dataset_generation/share/ml25d_dataset_generation/config/vehicle_params.yaml\n'}
[4.517786] (ml25d_dataset_generation) StdoutLine: {'line': b'-- Symlinking: /home/crh/\xe6\x96\x87\xe6\xa1\xa3/Machine_Learning_25D/ml25d_ws/install/ml25d_dataset_generation/share/ml25d_dataset_generation/launch/__pycache__/dataset_gen_pipeline.launch.cpython-312.pyc\n'}
[4.523313] (ml25d_dataset_generation) StdoutLine: {'line': b'-- Symlinking: /home/crh/\xe6\x96\x87\xe6\xa1\xa3/Machine_Learning_25D/ml25d_ws/install/ml25d_dataset_generation/share/ml25d_dataset_generation/launch/__pycache__/gazebo_headless.launch.cpython-312.pyc\n'}
[4.528847] (ml25d_dataset_generation) StdoutLine: {'line': b'-- Symlinking: /home/crh/\xe6\x96\x87\xe6\xa1\xa3/Machine_Learning_25D/ml25d_ws/install/ml25d_dataset_generation/share/ml25d_dataset_generation/launch/dataset_gen_pipeline.launch.py\n'}
[4.533937] (ml25d_dataset_generation) StdoutLine: {'line': b'-- Symlinking: /home/crh/\xe6\x96\x87\xe6\xa1\xa3/Machine_Learning_25D/ml25d_ws/install/ml25d_dataset_generation/share/ml25d_dataset_generation/launch/gazebo_headless.launch.py\n'}
[4.539422] (ml25d_dataset_generation) StdoutLine: {'line': b'-- Symlinking: /home/crh/\xe6\x96\x87\xe6\xa1\xa3/Machine_Learning_25D/ml25d_ws/install/ml25d_dataset_generation/share/ml25d_dataset_generation/launch/ros_gz_vehicle_debug.launch.py\n'}
[4.546778] (ml25d_dataset_generation) StdoutLine: {'line': b'-- Symlinking: /home/crh/\xe6\x96\x87\xe6\xa1\xa3/Machine_Learning_25D/ml25d_ws/install/ml25d_dataset_generation/share/ml25d_dataset_generation/docs/dataset_schema.md\n'}
[4.552484] (ml25d_dataset_generation) StdoutLine: {'line': b'-- Symlinking: /home/crh/\xe6\x96\x87\xe6\xa1\xa3/Machine_Learning_25D/ml25d_ws/install/ml25d_dataset_generation/share/ml25d_dataset_generation/docs/ros_gz_dataset_generation.md\n'}
[4.561082] (ml25d_dataset_generation) StdoutLine: {'line': b'-- Symlinking: /home/crh/\xe6\x96\x87\xe6\xa1\xa3/Machine_Learning_25D/ml25d_ws/install/ml25d_dataset_generation/share/ml25d_dataset_generation/worlds/ml25d_empty.sdf\n'}
[4.568409] (ml25d_dataset_generation) StdoutLine: {'line': b'-- Symlinking: /home/crh/\xe6\x96\x87\xe6\xa1\xa3/Machine_Learning_25D/ml25d_ws/install/ml25d_dataset_generation/share/ml25d_dataset_generation/README.md\n'}
[4.575218] (ml25d_dataset_generation) StdoutLine: {'line': b'-- Symlinking: /home/crh/\xe6\x96\x87\xe6\xa1\xa3/Machine_Learning_25D/ml25d_ws/install/ml25d_dataset_generation/share/ament_index/resource_index/package_run_dependencies/ml25d_dataset_generation\n'}
[4.581250] (ml25d_dataset_generation) StdoutLine: {'line': b'-- Symlinking: /home/crh/\xe6\x96\x87\xe6\xa1\xa3/Machine_Learning_25D/ml25d_ws/install/ml25d_dataset_generation/share/ament_index/resource_index/parent_prefix_path/ml25d_dataset_generation\n'}
[4.587780] (ml25d_dataset_generation) StdoutLine: {'line': b'-- Symlinking: /home/crh/\xe6\x96\x87\xe6\xa1\xa3/Machine_Learning_25D/ml25d_ws/install/ml25d_dataset_generation/share/ml25d_dataset_generation/environment/ament_prefix_path.sh\n'}
[4.594198] (ml25d_dataset_generation) StdoutLine: {'line': b'-- Symlinking: /home/crh/\xe6\x96\x87\xe6\xa1\xa3/Machine_Learning_25D/ml25d_ws/install/ml25d_dataset_generation/share/ml25d_dataset_generation/environment/ament_prefix_path.dsv\n'}
[4.599875] (ml25d_dataset_generation) StdoutLine: {'line': b'-- Symlinking: /home/crh/\xe6\x96\x87\xe6\xa1\xa3/Machine_Learning_25D/ml25d_ws/install/ml25d_dataset_generation/share/ml25d_dataset_generation/environment/path.sh\n'}
[4.605892] (ml25d_dataset_generation) StdoutLine: {'line': b'-- Symlinking: /home/crh/\xe6\x96\x87\xe6\xa1\xa3/Machine_Learning_25D/ml25d_ws/install/ml25d_dataset_generation/share/ml25d_dataset_generation/environment/path.dsv\n'}
[4.608485] (-) TimerEvent: {}
[4.612264] (ml25d_dataset_generation) StdoutLine: {'line': b'-- Symlinking: /home/crh/\xe6\x96\x87\xe6\xa1\xa3/Machine_Learning_25D/ml25d_ws/install/ml25d_dataset_generation/share/ml25d_dataset_generation/local_setup.bash\n'}
[4.618192] (ml25d_dataset_generation) StdoutLine: {'line': b'-- Symlinking: /home/crh/\xe6\x96\x87\xe6\xa1\xa3/Machine_Learning_25D/ml25d_ws/install/ml25d_dataset_generation/share/ml25d_dataset_generation/local_setup.sh\n'}
[4.623727] (ml25d_dataset_generation) StdoutLine: {'line': b'-- Symlinking: /home/crh/\xe6\x96\x87\xe6\xa1\xa3/Machine_Learning_25D/ml25d_ws/install/ml25d_dataset_generation/share/ml25d_dataset_generation/local_setup.zsh\n'}
[4.629682] (ml25d_dataset_generation) StdoutLine: {'line': b'-- Symlinking: /home/crh/\xe6\x96\x87\xe6\xa1\xa3/Machine_Learning_25D/ml25d_ws/install/ml25d_dataset_generation/share/ml25d_dataset_generation/local_setup.dsv\n'}
[4.635911] (ml25d_dataset_generation) StdoutLine: {'line': b'-- Symlinking: /home/crh/\xe6\x96\x87\xe6\xa1\xa3/Machine_Learning_25D/ml25d_ws/install/ml25d_dataset_generation/share/ml25d_dataset_generation/package.dsv\n'}
[4.642534] (ml25d_dataset_generation) StdoutLine: {'line': b'-- Symlinking: /home/crh/\xe6\x96\x87\xe6\xa1\xa3/Machine_Learning_25D/ml25d_ws/install/ml25d_dataset_generation/share/ament_index/resource_index/packages/ml25d_dataset_generation\n'}
[4.648617] (ml25d_dataset_generation) StdoutLine: {'line': b'-- Symlinking: /home/crh/\xe6\x96\x87\xe6\xa1\xa3/Machine_Learning_25D/ml25d_ws/install/ml25d_dataset_generation/share/ml25d_dataset_generation/cmake/ml25d_dataset_generationConfig.cmake\n'}
[4.655407] (ml25d_dataset_generation) StdoutLine: {'line': b'-- Symlinking: /home/crh/\xe6\x96\x87\xe6\xa1\xa3/Machine_Learning_25D/ml25d_ws/install/ml25d_dataset_generation/share/ml25d_dataset_generation/cmake/ml25d_dataset_generationConfig-version.cmake\n'}
[4.661626] (ml25d_dataset_generation) StdoutLine: {'line': b'-- Symlinking: /home/crh/\xe6\x96\x87\xe6\xa1\xa3/Machine_Learning_25D/ml25d_ws/install/ml25d_dataset_generation/share/ml25d_dataset_generation/package.xml\n'}
[4.708581] (-) TimerEvent: {}
[4.713864] (ml25d_dataset_generation) StdoutLine: {'line': b"Listing '/home/crh/\xe6\x96\x87\xe6\xa1\xa3/Machine_Learning_25D/ml25d_ws/install/ml25d_dataset_generation/lib/python3.12/site-packages/ml25d_dataset_generation'...\n"}
[4.714062] (ml25d_dataset_generation) StdoutLine: {'line': b"Compiling '/home/crh/\xe6\x96\x87\xe6\xa1\xa3/Machine_Learning_25D/ml25d_ws/install/ml25d_dataset_generation/lib/python3.12/site-packages/ml25d_dataset_generation/__init__.py'...\n"}
[4.714197] (ml25d_dataset_generation) StdoutLine: {'line': b"Compiling '/home/crh/\xe6\x96\x87\xe6\xa1\xa3/Machine_Learning_25D/ml25d_ws/install/ml25d_dataset_generation/lib/python3.12/site-packages/ml25d_dataset_generation/common_types.py'...\n"}
[4.714261] (ml25d_dataset_generation) StdoutLine: {'line': b"Compiling '/home/crh/\xe6\x96\x87\xe6\xa1\xa3/Machine_Learning_25D/ml25d_ws/install/ml25d_dataset_generation/lib/python3.12/site-packages/ml25d_dataset_generation/config_loader.py'...\n"}
[4.714295] (ml25d_dataset_generation) StdoutLine: {'line': b"Compiling '/home/crh/\xe6\x96\x87\xe6\xa1\xa3/Machine_Learning_25D/ml25d_ws/install/ml25d_dataset_generation/lib/python3.12/site-packages/ml25d_dataset_generation/dataset_manager.py'...\n"}
[4.714327] (ml25d_dataset_generation) StdoutLine: {'line': b"Compiling '/home/crh/\xe6\x96\x87\xe6\xa1\xa3/Machine_Learning_25D/ml25d_ws/install/ml25d_dataset_generation/lib/python3.12/site-packages/ml25d_dataset_generation/feature_builder.py'...\n"}
[4.714358] (ml25d_dataset_generation) StdoutLine: {'line': b"Compiling '/home/crh/\xe6\x96\x87\xe6\xa1\xa3/Machine_Learning_25D/ml25d_ws/install/ml25d_dataset_generation/lib/python3.12/site-packages/ml25d_dataset_generation/gazebo_runner.py'...\n"}
[4.714388] (ml25d_dataset_generation) StdoutLine: {'line': b"Compiling '/home/crh/\xe6\x96\x87\xe6\xa1\xa3/Machine_Learning_25D/ml25d_ws/install/ml25d_dataset_generation/lib/python3.12/site-packages/ml25d_dataset_generation/label_extractor.py'...\n"}
[4.714418] (ml25d_dataset_generation) StdoutLine: {'line': b"Compiling '/home/crh/\xe6\x96\x87\xe6\xa1\xa3/Machine_Learning_25D/ml25d_ws/install/ml25d_dataset_generation/lib/python3.12/site-packages/ml25d_dataset_generation/pso_training.py'...\n"}
[4.714449] (ml25d_dataset_generation) StdoutLine: {'line': b"Compiling '/home/crh/\xe6\x96\x87\xe6\xa1\xa3/Machine_Learning_25D/ml25d_ws/install/ml25d_dataset_generation/lib/python3.12/site-packages/ml25d_dataset_generation/risk_model.py'...\n"}
[4.714483] (ml25d_dataset_generation) StdoutLine: {'line': b"Compiling '/home/crh/\xe6\x96\x87\xe6\xa1\xa3/Machine_Learning_25D/ml25d_ws/install/ml25d_dataset_generation/lib/python3.12/site-packages/ml25d_dataset_generation/risk_planner.py'...\n"}
[4.714511] (ml25d_dataset_generation) StdoutLine: {'line': b"Compiling '/home/crh/\xe6\x96\x87\xe6\xa1\xa3/Machine_Learning_25D/ml25d_ws/install/ml25d_dataset_generation/lib/python3.12/site-packages/ml25d_dataset_generation/sample_packager.py'...\n"}
[4.714540] (ml25d_dataset_generation) StdoutLine: {'line': b"Compiling '/home/crh/\xe6\x96\x87\xe6\xa1\xa3/Machine_Learning_25D/ml25d_ws/install/ml25d_dataset_generation/lib/python3.12/site-packages/ml25d_dataset_generation/terrain_generator.py'...\n"}
[4.714570] (ml25d_dataset_generation) StdoutLine: {'line': b"Compiling '/home/crh/\xe6\x96\x87\xe6\xa1\xa3/Machine_Learning_25D/ml25d_ws/install/ml25d_dataset_generation/lib/python3.12/site-packages/ml25d_dataset_generation/training_data.py'...\n"}
[4.719366] (ml25d_dataset_generation) CommandEnded: {'returncode': 0}
[4.729250] (ml25d_dataset_generation) JobEnded: {'identifier': 'ml25d_dataset_generation', 'rc': 0}
[4.729792] (-) EventReactorShutdown: {}
