
--- start ros_gz_bridge parameter_bridge ---
[INFO] [1777352700.387667768] [ros_gz_bridge]: Creating ROS->GZ Bridge: [/model/ml25d_vehicle_w2/cmd_vel (geometry_msgs/msg/Twist) -> /model/ml25d_vehicle_w2/cmd_vel (gz.msgs.Twist)] (Lazy 0)
[INFO] [1777352700.388954234] [ros_gz_bridge]: Creating GZ->ROS Bridge: [/model/ml25d_vehicle_w2/odometry (gz.msgs.Odometry) -> /model/ml25d_vehicle_w2/odometry (nav_msgs/msg/Odometry)] (Lazy 0)
[INFO] [1777352700.389913939] [ros_gz_bridge]: Creating ROS->GZ service bridge [/world/ml25d_pilot_w2/set_pose (ros_gz_interfaces/srv/SetEntityPose -> /)]
[INFO] [1777352700.390487566] [ros_gz_bridge]: Creating ROS->GZ service bridge [/world/ml25d_pilot_w2/create (ros_gz_interfaces/srv/SpawnEntity -> /)]
[INFO] [1777352700.390678977] [ros_gz_bridge]: Creating ROS->GZ service bridge [/world/ml25d_pilot_w2/remove (ros_gz_interfaces/srv/DeleteEntity -> /)]
[INFO] [1777352700.390891168] [ros_gz_bridge]: Creating ROS->GZ service bridge [/world/ml25d_pilot_w2/control (ros_gz_interfaces/srv/ControlWorld -> /)]
[INFO] [1777352700.391050696] [ros_gz_bridge]: Creating GZ->ROS Bridge: [/ml25d/ml25d_vehicle_w2/chassis_contacts (gz.msgs.Contacts) -> /ml25d/ml25d_vehicle_w2/chassis_contacts (ros_gz_interfaces/msg/Contacts)] (Lazy 0)
[INFO] [1777352700.391812105] [ros_gz_bridge]: Creating GZ->ROS Bridge: [/ml25d/ml25d_vehicle_w2/front_left_contacts (gz.msgs.Contacts) -> /ml25d/ml25d_vehicle_w2/front_left_contacts (ros_gz_interfaces/msg/Contacts)] (Lazy 0)
[INFO] [1777352700.392021458] [ros_gz_bridge]: Creating GZ->ROS Bridge: [/ml25d/ml25d_vehicle_w2/front_right_contacts (gz.msgs.Contacts) -> /ml25d/ml25d_vehicle_w2/front_right_contacts (ros_gz_interfaces/msg/Contacts)] (Lazy 0)
[INFO] [1777352700.392219964] [ros_gz_bridge]: Creating GZ->ROS Bridge: [/ml25d/ml25d_vehicle_w2/rear_left_contacts (gz.msgs.Contacts) -> /ml25d/ml25d_vehicle_w2/rear_left_contacts (ros_gz_interfaces/msg/Contacts)] (Lazy 0)
[INFO] [1777352700.392478161] [ros_gz_bridge]: Creating GZ->ROS Bridge: [/ml25d/ml25d_vehicle_w2/rear_right_contacts (gz.msgs.Contacts) -> /ml25d/ml25d_vehicle_w2/rear_right_contacts (ros_gz_interfaces/msg/Contacts)] (Lazy 0)
[INFO] [1777352704.079666132] [ros_gz_bridge]: Passing message from ROS geometry_msgs/msg/Twist to Gazebo gz.msgs.Twist (showing msg only once per type)
[INFO] [1777352886.997746795] [rclcpp]: signal_handler(SIGINT/SIGTERM)

--- start ros_gz_bridge parameter_bridge ---
[INFO] [1777352888.697563468] [ros_gz_bridge]: Creating ROS->GZ Bridge: [/model/ml25d_vehicle_w2/cmd_vel (geometry_msgs/msg/Twist) -> /model/ml25d_vehicle_w2/cmd_vel (gz.msgs.Twist)] (Lazy 0)
[INFO] [1777352888.698797489] [ros_gz_bridge]: Creating GZ->ROS Bridge: [/model/ml25d_vehicle_w2/odometry (gz.msgs.Odometry) -> /model/ml25d_vehicle_w2/odometry (nav_msgs/msg/Odometry)] (Lazy 0)
[INFO] [1777352888.699705858] [ros_gz_bridge]: Creating ROS->GZ service bridge [/world/ml25d_pilot_w2/set_pose (ros_gz_interfaces/srv/SetEntityPose -> /)]
[INFO] [1777352888.700217018] [ros_gz_bridge]: Creating ROS->GZ service bridge [/world/ml25d_pilot_w2/create (ros_gz_interfaces/srv/SpawnEntity -> /)]
[INFO] [1777352888.700399010] [ros_gz_bridge]: Creating ROS->GZ service bridge [/world/ml25d_pilot_w2/remove (ros_gz_interfaces/srv/DeleteEntity -> /)]
[INFO] [1777352888.700554182] [ros_gz_bridge]: Creating ROS->GZ service bridge [/world/ml25d_pilot_w2/control (ros_gz_interfaces/srv/ControlWorld -> /)]
[INFO] [1777352888.700708773] [ros_gz_bridge]: Creating GZ->ROS Bridge: [/ml25d/ml25d_vehicle_w2/chassis_contacts (gz.msgs.Contacts) -> /ml25d/ml25d_vehicle_w2/chassis_contacts (ros_gz_interfaces/msg/Contacts)] (Lazy 0)
[INFO] [1777352888.701470803] [ros_gz_bridge]: Creating GZ->ROS Bridge: [/ml25d/ml25d_vehicle_w2/front_left_contacts (gz.msgs.Contacts) -> /ml25d/ml25d_vehicle_w2/front_left_contacts (ros_gz_interfaces/msg/Contacts)] (Lazy 0)
[INFO] [1777352888.701649263] [ros_gz_bridge]: Creating GZ->ROS Bridge: [/ml25d/ml25d_vehicle_w2/front_right_contacts (gz.msgs.Contacts) -> /ml25d/ml25d_vehicle_w2/front_right_contacts (ros_gz_interfaces/msg/Contacts)] (Lazy 0)
[INFO] [1777352888.701810493] [ros_gz_bridge]: Creating GZ->ROS Bridge: [/ml25d/ml25d_vehicle_w2/rear_left_contacts (gz.msgs.Contacts) -> /ml25d/ml25d_vehicle_w2/rear_left_contacts (ros_gz_interfaces/msg/Contacts)] (Lazy 0)
[INFO] [1777352888.701950896] [ros_gz_bridge]: Creating GZ->ROS Bridge: [/ml25d/ml25d_vehicle_w2/rear_right_contacts (gz.msgs.Contacts) -> /ml25d/ml25d_vehicle_w2/rear_right_contacts (ros_gz_interfaces/msg/Contacts)] (Lazy 0)
[INFO] [1777352892.400425244] [ros_gz_bridge]: Passing message from ROS geometry_msgs/msg/Twist to Gazebo gz.msgs.Twist (showing msg only once per type)

--- start ros_gz_bridge parameter_bridge ---
[INFO] [1777352898.745646741] [ros_gz_bridge]: Creating ROS->GZ Bridge: [/model/ml25d_vehicle_w2/cmd_vel (geometry_msgs/msg/Twist) -> /model/ml25d_vehicle_w2/cmd_vel (gz.msgs.Twist)] (Lazy 0)
[INFO] [1777352898.746718847] [ros_gz_bridge]: Creating GZ->ROS Bridge: [/model/ml25d_vehicle_w2/odometry (gz.msgs.Odometry) -> /model/ml25d_vehicle_w2/odometry (nav_msgs/msg/Odometry)] (Lazy 0)
[INFO] [1777352898.747617351] [ros_gz_bridge]: Creating ROS->GZ service bridge [/world/ml25d_pilot_w2/set_pose (ros_gz_interfaces/srv/SetEntityPose -> /)]
[INFO] [1777352898.748159035] [ros_gz_bridge]: Creating ROS->GZ service bridge [/world/ml25d_pilot_w2/create (ros_gz_interfaces/srv/SpawnEntity -> /)]
[INFO] [1777352898.748379834] [ros_gz_bridge]: Creating ROS->GZ service bridge [/world/ml25d_pilot_w2/remove (ros_gz_interfaces/srv/DeleteEntity -> /)]
[INFO] [1777352898.748574060] [ros_gz_bridge]: Creating ROS->GZ service bridge [/world/ml25d_pilot_w2/control (ros_gz_interfaces/srv/ControlWorld -> /)]
[INFO] [1777352898.748771465] [ros_gz_bridge]: Creating GZ->ROS Bridge: [/ml25d/ml25d_vehicle_w2/chassis_contacts (gz.msgs.Contacts) -> /ml25d/ml25d_vehicle_w2/chassis_contacts (ros_gz_interfaces/msg/Contacts)] (Lazy 0)
[INFO] [1777352898.749562305] [ros_gz_bridge]: Creating GZ->ROS Bridge: [/ml25d/ml25d_vehicle_w2/front_left_contacts (gz.msgs.Contacts) -> /ml25d/ml25d_vehicle_w2/front_left_contacts (ros_gz_interfaces/msg/Contacts)] (Lazy 0)
[INFO] [1777352898.749757869] [ros_gz_bridge]: Creating GZ->ROS Bridge: [/ml25d/ml25d_vehicle_w2/front_right_contacts (gz.msgs.Contacts) -> /ml25d/ml25d_vehicle_w2/front_right_contacts (ros_gz_interfaces/msg/Contacts)] (Lazy 0)
[INFO] [1777352898.749929024] [ros_gz_bridge]: Creating GZ->ROS Bridge: [/ml25d/ml25d_vehicle_w2/rear_left_contacts (gz.msgs.Contacts) -> /ml25d/ml25d_vehicle_w2/rear_left_contacts (ros_gz_interfaces/msg/Contacts)] (Lazy 0)
[INFO] [1777352898.750097925] [ros_gz_bridge]: Creating GZ->ROS Bridge: [/ml25d/ml25d_vehicle_w2/rear_right_contacts (gz.msgs.Contacts) -> /ml25d/ml25d_vehicle_w2/rear_right_contacts (ros_gz_interfaces/msg/Contacts)] (Lazy 0)
[INFO] [1777352902.292194487] [ros_gz_bridge]: Passing message from ROS geometry_msgs/msg/Twist to Gazebo gz.msgs.Twist (showing msg only once per type)
[ros2run]: Killed

--- start ros_gz_bridge parameter_bridge ---
[INFO] [1777352908.619670660] [ros_gz_bridge]: Creating ROS->GZ Bridge: [/model/ml25d_vehicle_w2/cmd_vel (geometry_msgs/msg/Twist) -> /model/ml25d_vehicle_w2/cmd_vel (gz.msgs.Twist)] (Lazy 0)
[INFO] [1777352908.620851688] [ros_gz_bridge]: Creating GZ->ROS Bridge: [/model/ml25d_vehicle_w2/odometry (gz.msgs.Odometry) -> /model/ml25d_vehicle_w2/odometry (nav_msgs/msg/Odometry)] (Lazy 0)
[INFO] [1777352908.621749445] [ros_gz_bridge]: Creating ROS->GZ service bridge [/world/ml25d_pilot_w2/set_pose (ros_gz_interfaces/srv/SetEntityPose -> /)]
[INFO] [1777352908.622251689] [ros_gz_bridge]: Creating ROS->GZ service bridge [/world/ml25d_pilot_w2/create (ros_gz_interfaces/srv/SpawnEntity -> /)]
[INFO] [1777352908.622435294] [ros_gz_bridge]: Creating ROS->GZ service bridge [/world/ml25d_pilot_w2/remove (ros_gz_interfaces/srv/DeleteEntity -> /)]
[INFO] [1777352908.622589532] [ros_gz_bridge]: Creating ROS->GZ service bridge [/world/ml25d_pilot_w2/control (ros_gz_interfaces/srv/ControlWorld -> /)]
[INFO] [1777352908.622742895] [ros_gz_bridge]: Creating GZ->ROS Bridge: [/ml25d/ml25d_vehicle_w2/chassis_contacts (gz.msgs.Contacts) -> /ml25d/ml25d_vehicle_w2/chassis_contacts (ros_gz_interfaces/msg/Contacts)] (Lazy 0)
[INFO] [1777352908.623510744] [ros_gz_bridge]: Creating GZ->ROS Bridge: [/ml25d/ml25d_vehicle_w2/front_left_contacts (gz.msgs.Contacts) -> /ml25d/ml25d_vehicle_w2/front_left_contacts (ros_gz_interfaces/msg/Contacts)] (Lazy 0)
[INFO] [1777352908.623686635] [ros_gz_bridge]: Creating GZ->ROS Bridge: [/ml25d/ml25d_vehicle_w2/front_right_contacts (gz.msgs.Contacts) -> /ml25d/ml25d_vehicle_w2/front_right_contacts (ros_gz_interfaces/msg/Contacts)] (Lazy 0)
[INFO] [1777352908.623846759] [ros_gz_bridge]: Creating GZ->ROS Bridge: [/ml25d/ml25d_vehicle_w2/rear_left_contacts (gz.msgs.Contacts) -> /ml25d/ml25d_vehicle_w2/rear_left_contacts (ros_gz_interfaces/msg/Contacts)] (Lazy 0)
[INFO] [1777352908.623994397] [ros_gz_bridge]: Creating GZ->ROS Bridge: [/ml25d/ml25d_vehicle_w2/rear_right_contacts (gz.msgs.Contacts) -> /ml25d/ml25d_vehicle_w2/rear_right_contacts (ros_gz_interfaces/msg/Contacts)] (Lazy 0)
[INFO] [1777352912.223695516] [ros_gz_bridge]: Passing message from ROS geometry_msgs/msg/Twist to Gazebo gz.msgs.Twist (showing msg only once per type)
