
--- start ros_gz_bridge parameter_bridge ---
[INFO] [1777194390.328557852] [ros_gz_bridge]: Creating ROS->GZ Bridge: [/model/ml25d_vehicle_w5/cmd_vel (geometry_msgs/msg/Twist) -> /model/ml25d_vehicle_w5/cmd_vel (gz.msgs.Twist)] (Lazy 0)
[INFO] [1777194390.330118541] [ros_gz_bridge]: Creating GZ->ROS Bridge: [/model/ml25d_vehicle_w5/odometry (gz.msgs.Odometry) -> /model/ml25d_vehicle_w5/odometry (nav_msgs/msg/Odometry)] (Lazy 0)
[INFO] [1777194390.331625229] [ros_gz_bridge]: Creating ROS->GZ service bridge [/world/ml25d_pilot_w5/set_pose (ros_gz_interfaces/srv/SetEntityPose -> /)]
[INFO] [1777194390.332300253] [ros_gz_bridge]: Creating ROS->GZ service bridge [/world/ml25d_pilot_w5/create (ros_gz_interfaces/srv/SpawnEntity -> /)]
[INFO] [1777194390.332532301] [ros_gz_bridge]: Creating ROS->GZ service bridge [/world/ml25d_pilot_w5/remove (ros_gz_interfaces/srv/DeleteEntity -> /)]
[INFO] [1777194390.332703486] [ros_gz_bridge]: Creating ROS->GZ service bridge [/world/ml25d_pilot_w5/control (ros_gz_interfaces/srv/ControlWorld -> /)]
[INFO] [1777194390.332870001] [ros_gz_bridge]: Creating GZ->ROS Bridge: [/ml25d/ml25d_vehicle_w5/chassis_contacts (gz.msgs.Contacts) -> /ml25d/ml25d_vehicle_w5/chassis_contacts (ros_gz_interfaces/msg/Contacts)] (Lazy 0)
[INFO] [1777194390.333880984] [ros_gz_bridge]: Creating GZ->ROS Bridge: [/ml25d/ml25d_vehicle_w5/front_left_contacts (gz.msgs.Contacts) -> /ml25d/ml25d_vehicle_w5/front_left_contacts (ros_gz_interfaces/msg/Contacts)] (Lazy 0)
[INFO] [1777194390.334354108] [ros_gz_bridge]: Creating GZ->ROS Bridge: [/ml25d/ml25d_vehicle_w5/front_right_contacts (gz.msgs.Contacts) -> /ml25d/ml25d_vehicle_w5/front_right_contacts (ros_gz_interfaces/msg/Contacts)] (Lazy 0)
[INFO] [1777194390.334783662] [ros_gz_bridge]: Creating GZ->ROS Bridge: [/ml25d/ml25d_vehicle_w5/rear_left_contacts (gz.msgs.Contacts) -> /ml25d/ml25d_vehicle_w5/rear_left_contacts (ros_gz_interfaces/msg/Contacts)] (Lazy 0)
[INFO] [1777194390.335332220] [ros_gz_bridge]: Creating GZ->ROS Bridge: [/ml25d/ml25d_vehicle_w5/rear_right_contacts (gz.msgs.Contacts) -> /ml25d/ml25d_vehicle_w5/rear_right_contacts (ros_gz_interfaces/msg/Contacts)] (Lazy 0)
[INFO] [1777194394.312585385] [ros_gz_bridge]: Passing message from ROS geometry_msgs/msg/Twist to Gazebo gz.msgs.Twist (showing msg only once per type)

--- start ros_gz_bridge parameter_bridge ---
[INFO] [1777194433.363561019] [ros_gz_bridge]: Creating ROS->GZ Bridge: [/model/ml25d_vehicle_w5/cmd_vel (geometry_msgs/msg/Twist) -> /model/ml25d_vehicle_w5/cmd_vel (gz.msgs.Twist)] (Lazy 0)
[INFO] [1777194433.364845891] [ros_gz_bridge]: Creating GZ->ROS Bridge: [/model/ml25d_vehicle_w5/odometry (gz.msgs.Odometry) -> /model/ml25d_vehicle_w5/odometry (nav_msgs/msg/Odometry)] (Lazy 0)
[INFO] [1777194433.365767265] [ros_gz_bridge]: Creating ROS->GZ service bridge [/world/ml25d_pilot_w5/set_pose (ros_gz_interfaces/srv/SetEntityPose -> /)]
[INFO] [1777194433.366276771] [ros_gz_bridge]: Creating ROS->GZ service bridge [/world/ml25d_pilot_w5/create (ros_gz_interfaces/srv/SpawnEntity -> /)]
[INFO] [1777194433.366465756] [ros_gz_bridge]: Creating ROS->GZ service bridge [/world/ml25d_pilot_w5/remove (ros_gz_interfaces/srv/DeleteEntity -> /)]
[INFO] [1777194433.366619618] [ros_gz_bridge]: Creating ROS->GZ service bridge [/world/ml25d_pilot_w5/control (ros_gz_interfaces/srv/ControlWorld -> /)]
[INFO] [1777194433.366789429] [ros_gz_bridge]: Creating GZ->ROS Bridge: [/ml25d/ml25d_vehicle_w5/chassis_contacts (gz.msgs.Contacts) -> /ml25d/ml25d_vehicle_w5/chassis_contacts (ros_gz_interfaces/msg/Contacts)] (Lazy 0)
[INFO] [1777194433.367537893] [ros_gz_bridge]: Creating GZ->ROS Bridge: [/ml25d/ml25d_vehicle_w5/front_left_contacts (gz.msgs.Contacts) -> /ml25d/ml25d_vehicle_w5/front_left_contacts (ros_gz_interfaces/msg/Contacts)] (Lazy 0)
[INFO] [1777194433.367714489] [ros_gz_bridge]: Creating GZ->ROS Bridge: [/ml25d/ml25d_vehicle_w5/front_right_contacts (gz.msgs.Contacts) -> /ml25d/ml25d_vehicle_w5/front_right_contacts (ros_gz_interfaces/msg/Contacts)] (Lazy 0)
[INFO] [1777194433.367857864] [ros_gz_bridge]: Creating GZ->ROS Bridge: [/ml25d/ml25d_vehicle_w5/rear_left_contacts (gz.msgs.Contacts) -> /ml25d/ml25d_vehicle_w5/rear_left_contacts (ros_gz_interfaces/msg/Contacts)] (Lazy 0)
[INFO] [1777194433.368017336] [ros_gz_bridge]: Creating GZ->ROS Bridge: [/ml25d/ml25d_vehicle_w5/rear_right_contacts (gz.msgs.Contacts) -> /ml25d/ml25d_vehicle_w5/rear_right_contacts (ros_gz_interfaces/msg/Contacts)] (Lazy 0)
[INFO] [1777194436.749797656] [ros_gz_bridge]: Passing message from ROS geometry_msgs/msg/Twist to Gazebo gz.msgs.Twist (showing msg only once per type)

--- start ros_gz_bridge parameter_bridge ---
[INFO] [1777194439.073471194] [ros_gz_bridge]: Creating ROS->GZ Bridge: [/model/ml25d_vehicle_w5/cmd_vel (geometry_msgs/msg/Twist) -> /model/ml25d_vehicle_w5/cmd_vel (gz.msgs.Twist)] (Lazy 0)
[INFO] [1777194439.074615527] [ros_gz_bridge]: Creating GZ->ROS Bridge: [/model/ml25d_vehicle_w5/odometry (gz.msgs.Odometry) -> /model/ml25d_vehicle_w5/odometry (nav_msgs/msg/Odometry)] (Lazy 0)
[INFO] [1777194439.075462349] [ros_gz_bridge]: Creating ROS->GZ service bridge [/world/ml25d_pilot_w5/set_pose (ros_gz_interfaces/srv/SetEntityPose -> /)]
[INFO] [1777194439.075951074] [ros_gz_bridge]: Creating ROS->GZ service bridge [/world/ml25d_pilot_w5/create (ros_gz_interfaces/srv/SpawnEntity -> /)]
[INFO] [1777194439.076131983] [ros_gz_bridge]: Creating ROS->GZ service bridge [/world/ml25d_pilot_w5/remove (ros_gz_interfaces/srv/DeleteEntity -> /)]
[INFO] [1777194439.076279911] [ros_gz_bridge]: Creating ROS->GZ service bridge [/world/ml25d_pilot_w5/control (ros_gz_interfaces/srv/ControlWorld -> /)]
[INFO] [1777194439.076423673] [ros_gz_bridge]: Creating GZ->ROS Bridge: [/ml25d/ml25d_vehicle_w5/chassis_contacts (gz.msgs.Contacts) -> /ml25d/ml25d_vehicle_w5/chassis_contacts (ros_gz_interfaces/msg/Contacts)] (Lazy 0)
[INFO] [1777194439.077267061] [ros_gz_bridge]: Creating GZ->ROS Bridge: [/ml25d/ml25d_vehicle_w5/front_left_contacts (gz.msgs.Contacts) -> /ml25d/ml25d_vehicle_w5/front_left_contacts (ros_gz_interfaces/msg/Contacts)] (Lazy 0)
[INFO] [1777194439.077441899] [ros_gz_bridge]: Creating GZ->ROS Bridge: [/ml25d/ml25d_vehicle_w5/front_right_contacts (gz.msgs.Contacts) -> /ml25d/ml25d_vehicle_w5/front_right_contacts (ros_gz_interfaces/msg/Contacts)] (Lazy 0)
[INFO] [1777194439.077586499] [ros_gz_bridge]: Creating GZ->ROS Bridge: [/ml25d/ml25d_vehicle_w5/rear_left_contacts (gz.msgs.Contacts) -> /ml25d/ml25d_vehicle_w5/rear_left_contacts (ros_gz_interfaces/msg/Contacts)] (Lazy 0)
[INFO] [1777194439.077719426] [ros_gz_bridge]: Creating GZ->ROS Bridge: [/ml25d/ml25d_vehicle_w5/rear_right_contacts (gz.msgs.Contacts) -> /ml25d/ml25d_vehicle_w5/rear_right_contacts (ros_gz_interfaces/msg/Contacts)] (Lazy 0)
[INFO] [1777194442.695048251] [ros_gz_bridge]: Passing message from ROS geometry_msgs/msg/Twist to Gazebo gz.msgs.Twist (showing msg only once per type)
[ros2run]: Killed
