
--- start gzserver world=/home/crh/文档/Machine_Learning_25D/ml25d_ws/data/generated_pilot_v2_diag_n8_40/worker_5/ml25d_pilot_w5.sdf ---
[1;32m[Msg] [0m[1;32mGazebo Sim Server v[0m[1;32m8.11.0[0m[1;32m[0m
[1;32m[Msg] [0m[1;32mLoading SDF world file[[0m[1;32m/home/crh/文档/Machine_Learning_25D/ml25d_ws/data/generated_pilot_v2_diag_n8_40/worker_5/ml25d_pilot_w5.sdf[0m[1;32m].[0m
[1;32m[Msg] [0m[1;32mServing entity system service on [[0m[1;32m/[0m[1;32mentity/system/add[0m[1;32m][0m[1;32m[0m
[1;36m[Dbg] [Physics.cc:906] [0m[1;36mLoaded [[0m[1;36mgz::physics::bullet_featherstone::Plugin[0m[1;36m] from library [[0m[1;36m/opt/ros/jazzy/opt/gz_physics_vendor/lib/gz-physics-7/engine-plugins/libgz-physics-bullet-featherstone-plugin.so[0m[1;36m][0m[1;36m[0m
[1;36m[Dbg] [SystemManager.cc:80] [0m[1;36mLoaded system [[0m[1;36mgz::sim::systems::Physics[0m[1;36m] for entity [[0m[1;36m1[0m[1;36m][0m[1;36m[0m
[1;32m[Msg] [0m[1;32mCreate[0m[1;32m service on [[0m[1;32m/world/ml25d_pilot_w5/create_multiple[0m[1;32m] (async)[0m[1;32m[0m
[1;32m[Msg] [0m[1;32mCreate[0m[1;32m service on [[0m[1;32m/world/ml25d_pilot_w5/create_multiple/blocking[0m[1;32m] (blocking)[0m[1;32m[0m
[1;32m[Msg] [0m[1;32mRemove[0m[1;32m service on [[0m[1;32m/world/ml25d_pilot_w5/remove[0m[1;32m] (async)[0m[1;32m[0m
[1;32m[Msg] [0m[1;32mRemove[0m[1;32m service on [[0m[1;32m/world/ml25d_pilot_w5/remove/blocking[0m[1;32m] (blocking)[0m[1;32m[0m
[1;32m[Msg] [0m[1;32mPose[0m[1;32m service on [[0m[1;32m/world/ml25d_pilot_w5/set_pose[0m[1;32m] (async)[0m[1;32m[0m
[1;32m[Msg] [0m[1;32mPose[0m[1;32m service on [[0m[1;32m/world/ml25d_pilot_w5/set_pose/blocking[0m[1;32m] (blocking)[0m[1;32m[0m
[1;32m[Msg] [0m[1;32mPose[0m[1;32m service on [[0m[1;32m/world/ml25d_pilot_w5/set_pose_vector[0m[1;32m] (async)[0m[1;32m[0m
[1;32m[Msg] [0m[1;32mPose[0m[1;32m service on [[0m[1;32m/world/ml25d_pilot_w5/set_pose_vector/blocking[0m[1;32m] (blocking)[0m[1;32m[0m
[1;32m[Msg] [0m[1;32mLight configuration[0m[1;32m service on [[0m[1;32m/world/ml25d_pilot_w5/light_config[0m[1;32m] (async)[0m[1;32m[0m
[1;32m[Msg] [0m[1;32mLight configuration[0m[1;32m service on [[0m[1;32m/world/ml25d_pilot_w5/light_config/blocking[0m[1;32m] (blocking)[0m[1;32m[0m
[1;32m[Msg] [0m[1;32mPhysics[0m[1;32m service on [[0m[1;32m/world/ml25d_pilot_w5/set_physics[0m[1;32m] (async)[0m[1;32m[0m
[1;32m[Msg] [0m[1;32mPhysics[0m[1;32m service on [[0m[1;32m/world/ml25d_pilot_w5/set_physics/blocking[0m[1;32m] (blocking)[0m[1;32m[0m
[1;32m[Msg] [0m[1;32mSphericalCoordinates[0m[1;32m service on [[0m[1;32m/world/ml25d_pilot_w5/set_spherical_coordinates[0m[1;32m] (async)[0m[1;32m[0m
[1;32m[Msg] [0m[1;32mSphericalCoordinates[0m[1;32m service on [[0m[1;32m/world/ml25d_pilot_w5/set_spherical_coordinates/blocking[0m[1;32m] (blocking)[0m[1;32m[0m
[1;32m[Msg] [0m[1;32mEnable collision[0m[1;32m service on [[0m[1;32m/world/ml25d_pilot_w5/enable_collision[0m[1;32m] (async)[0m[1;32m[0m
[1;32m[Msg] [0m[1;32mEnable collision[0m[1;32m service on [[0m[1;32m/world/ml25d_pilot_w5/enable_collision/blocking[0m[1;32m] (blocking)[0m[1;32m[0m
[1;32m[Msg] [0m[1;32mDisable collision[0m[1;32m service on [[0m[1;32m/world/ml25d_pilot_w5/disable_collision[0m[1;32m] (async)[0m[1;32m[0m
[1;32m[Msg] [0m[1;32mDisable collision[0m[1;32m service on [[0m[1;32m/world/ml25d_pilot_w5/disable_collision/blocking[0m[1;32m] (blocking)[0m[1;32m[0m
[1;32m[Msg] [0m[1;32mMaterial[0m[1;32m service on [[0m[1;32m/world/ml25d_pilot_w5/visual_config[0m[1;32m] (async)[0m[1;32m[0m
[1;32m[Msg] [0m[1;32mMaterial[0m[1;32m service on [[0m[1;32m/world/ml25d_pilot_w5/visual_config/blocking[0m[1;32m] (blocking)[0m[1;32m[0m
[1;32m[Msg] [0m[1;32mMaterial[0m[1;32m service on [[0m[1;32m/world/ml25d_pilot_w5/wheel_slip[0m[1;32m] (async)[0m[1;32m[0m
[1;32m[Msg] [0m[1;32mMaterial[0m[1;32m service on [[0m[1;32m/world/ml25d_pilot_w5/wheel_slip/blocking[0m[1;32m] (blocking)[0m[1;32m[0m
[1;36m[Dbg] [SystemManager.cc:80] [[1;33m[Wrn] [SimulationRunner.cc:734] [0m[1;33mFound additional publishers on /stats,[0m[1;33m using namespaced stats topic only[0m[1;33m[0m
[1;33m[Wrn] [SimulationRunner.cc:768] [0m[1;33mFound additional publishers on /clock,[0m[1;33m using namespaced clock topic only[0m[1;33m[0m
[1;31m[Err] [UserCommands.cc:1120] [0m[1;31mEntity named [[0m[1;31mml25d_vehicle_w5[0m[1;31m] of type [[0m[1;31m2[0m[1;31m] not found, so not removed.[0m[1;31m[0m
[1;31m[Err] [UserCommands.cc:1120] [0m[1;31mEntity named [[0m[1;31mml25d_terrain_w5_a1[0m[1;31m] of type [[0m[1;31m2[0m[1;31m] not found, so not removed.[0m[1;31m[0m
0m[1;36mLoaded system [[0m[1;36mgz::sim::systems::UserCommands[0m[1;36m] for entity [[0m[1;36m1[0m[1;36m][0m[1;36m[0m
[1;36m[Dbg] [SystemManager.cc:80] [0m[1;36mLoaded system [[0m[1;36mgz::sim::systems::SceneBroadcaster[0m[1;36m] for entity [[0m[1;36m1[0m[1;36m][0m[1;36m[0m
[1;36m[Dbg] [SystemManager.cc:80] [0m[1;36mLoaded system [[0m[1;36mgz::sim::systems::Contact[0m[1;36m] for entity [[0m[1;36m1[0m[1;36m][0m[1;36m[0m
[1;32m[Msg] [0m[1;32mLoaded level [[0m[1;32mdefault[0m[1;32m][0m[1;32m[0m
[1;32m[Msg] [0m[1;32mServing world controls on [[0m[1;32m/world/ml25d_pilot_w5[0m[1;32m/control], [[0m[1;32m/world/ml25d_pilot_w5[0m[1;32m/control/state] and [[0m[1;32m/world/ml25d_pilot_w5[0m[1;32m/playback/control][0m[1;32m[0m
[1;32m[Msg] [0m[1;32mServing GUI information on [[0m[1;32m/world/ml25d_pilot_w5[0m[1;32m/[0m[1;32mgui/info[0m[1;32m][0m[1;32m[0m
[1;32m[Msg] [0m[1;32mWorld [[0m[1;32mml25d_pilot_w5[0m[1;32m] initialized with [[0m[1;32m1ms[0m[1;32m] physics profile.[0m[1;32m[0m
[1;32m[Msg] [0m[1;32mServing world SDF generation service on [[0m[1;32m/world/ml25d_pilot_w5[0m[1;32m/[0m[1;32mgenerate_world_sdf[0m[1;32m][0m[1;32m[0m
[1;32m[Msg] [0m[1;32mServing world names on [[0m[1;32m/gazebo/worlds[0m[1;32m][0m[1;32m[0m
[1;32m[Msg] [0m[1;32mResource path add service on [[0m[1;32m/gazebo/resource_paths/add[0m[1;32m].[0m[1;32m[0m
[1;32m[Msg] [0m[1;32mResource path get service on [[0m[1;32m/gazebo/resource_paths/get[0m[1;32m].[0m[1;32m[0m
[1;32m[Msg] [0m[1;32mResource path resolve service on [[0m[1;32m/gazebo/resource_paths/resolve[0m[1;32m].[0m[1;32m[0m
[1;32m[Msg] [0m[1;32mResource paths published on [[0m[1;32m/gazebo/resource_paths[0m[1;32m].[0m[1;32m[0m
[1;32m[Msg] [0m[1;32mServer control service on [[0m[1;32m/server_control[0m[1;32m].[0m[1;32m[0m
[1;36m[Dbg] [SimulationRunner.cc:736] [0m[1;36mPublishers [Address, Message Type]:[0m
[1;36m[Dbg] [SimulationRunner.cc:741] [0m[1;36m  [0m[1;36mtcp://172.29.83.84:34467[0m[1;36m, [0m[1;36mgz.msgs.WorldStatistics[0m[1;36m[0m
[1;36m[Dbg] [SimulationRunner.cc:770] [0m[1;36mPublishers [Address, Message Type]:[0m
[1;36m[Dbg] [SimulationRunner.cc:775] [0m[1;36m  [0m[1;36mtcp://172.29.83.84:34467[0m[1;36m, [0m[1;36mgz.msgs.Clock[0m[1;36m[0m
[1;36m[Dbg] [SimulationRunner.cc:551] [0m[1;36mCreating PostUpdate worker threads: [0m[1;36m3[0m[1;36m[0m
[1;36m[Dbg] [SimulationRunner.cc:562] [0m[1;36mCreating postupdate worker thread ([0m[1;36m0[0m[1;36m)[0m[1;36m[0m
[1;36m[Dbg] [SimulationRunner.cc:562] [0m[1;36mCreating postupdate worker thread ([0m[1;36m1[0m[1;36m)[0m[1;36m[0m
[1;36m[Dbg] [UserCommands.cc:1094] [0m[1;36mCreated entity [[0m[1;36m6[0m[1;36m] named [[0m[1;36mml25d_terrain_w5_a1[0m[1;36m][0m[1;36m[0m
[1;32m[Msg] [0m[1;32mDiffDrive subscribing to twist messages on [[0m[1;32m/model/ml25d_vehicle_w5/cmd_vel[0m[1;32m][0m[1;32m[0m
[1;36m[Dbg] [SystemManager.cc:80] [0m[1;36mLoaded system [[0m[1;36mgz::sim::systems::DiffDrive[0m[1;36m] for entity [[0m[1;36m10[0m[1;36m][0m[1;36m[0m
[1;32m[Msg] [0m[1;32mOdometryPublisher publishing odometry on [[0m[1;32m/model/ml25d_vehicle_w5/odometry[0m[1;32m][0m[1;32m[0m
[1;32m[Msg] [0m[1;32mOdometryPublisher publishing odometry with covariance on [[0m[1;32m/model/ml25d_vehicle_w5/odometry_with_covariance[0m[1;32m][0m[1;32m[0m
[1;32m[Msg] [0m[1;32mOdometryPublisher publishing Pose_V (TF) on [[0m[1;32m/model/ml25d_vehicle_w5/pose[0m[1;32m][0m[1;32m[0m
[1;36m[Dbg] [SystemManager.cc:80] [0m[1;36mLoaded system [[0m[1;36mgz::sim::systems::OdometryPublisher[0m[1;36m] for entity [[0m[1;36m10[0m[1;36m][0m[1;36m[0m
[1;36m[Dbg] [UserCommands.cc:1094] [0m[1;36mCreated entity [[0m[1;36m10[0m[1;36m] named [[0m[1;36mml25d_vehicle_w5[0m[1;36m][0m[1;36m[0m
[1;32m[Msg] [0m[1;32mContact system publishing on [0m[1;32m/ml25d/ml25d_vehicle_w5/chassis_conta[1;33m[Wrn] [OBJLoader.cc:202] [0m[1;33mMissing material for shape[[0m[1;33m] [0m[1;33min OBJ file[[0m[1;33m/tmp/ml25d_ros_gz_meshes/terrain_137855915361536_1.obj[0m[1;33m][0m[1;33m[0m
[1;31m[Err] [UserCommands.cc:1120] [0m[1;31mEntity named [[0m[1;31mml25d_terrain_w5_a2[0m[1;31m] of type [[0m[1;31m2[0m[1;31m] not found, so not removed.[0m[1;31m[0m
cts[0m[1;32m[0m
[1;32m[Msg] [0m[1;32mContact system publishing on [0m[1;32m/ml25d/ml25d_vehicle_w5/front_left_contacts[0m[1;32m[0m
[1;32m[Msg] [0m[1;32mContact system publishing on [0m[1;32m/ml25d/ml25d_vehicle_w5/front_right_contacts[0m[1;32m[0m
[1;32m[Msg] [0m[1;32mContact system publishing on [0m[1;32m/ml25d/ml25d_vehicle_w5/rear_left_contacts[0m[1;32m[0m
[1;32m[Msg] [0m[1;32mContact system publishing on [0m[1;32m/ml25d/ml25d_vehicle_w5/rear_right_contacts[0m[1;32m[0m
[1;36m[Dbg] [Physics.cc:1035] [0m[1;36mAttempting to set physics options, but the [0m[1;36mphyiscs engine doesn't support feature [0m[1;36m[CollisionDetectorFeature]. Options will be ignored.[0m[1;36m[0m
[1;36m[Dbg] [Physics.cc:1061] [0m[1;36mAttempting to set physics options, but the [0m[1;36mphyiscs engine doesn't support feature [0m[1;36m[SolverFeature]. Options will be ignored.[0m[1;36m[0m
[1;36m[Dbg] [Physics.cc:1086] [0m[1;36mAttempting to set physics options, but the [0m[1;36mphyiscs engine doesn't support feature [0m[1;36m[CollisionPairMaxContacts]. [0m[1;36mOptions will be ignored.[0m[1;36m[0m
[1;32m[Msg] [0m[1;32mServing scene information on [[0m[1;32m/world/ml25d_pilot_w5[0m[1;32m/[0m[1;32mscene/info[0m[1;32m][0m[1;32m[0m
[1;32m[Msg] [0m[1;32mServing graph information on [[0m[1;32m/world/ml25d_pilot_w5[0m[1;32m/[0m[1;32mscene/graph[0m[1;32m][0m[1;32m[0m
[1;32m[Msg] [0m[1;32mServing full state on [[0m[1;32m/world/ml25d_pilot_w5[0m[1;32m/[0m[1;32mstate[0m[1;32m][0m[1;32m[0m
[1;32m[Msg] [0m[1;32mServing full state (async) on [[0m[1;32m/world/ml25d_pilot_w5[0m[1;32m/[0m[1;32mstate_async[0m[1;32m][0m[1;32m[0m
[1;32m[Msg] [0m[1;32mPublishing scene information on [[0m[1;32m/world/ml25d_pilot_w5/scene/info[0m[1;32m][0m[1;32m[0m
[1;32m[Msg] [0m[1;32mPublishing entity deletions on [[0m[1;32m/world/ml25d_pilot_w5/scene/deletion[0m[1;32m][0m[1;32m[0m
[1;32m[Msg] [0m[1;32mPublishing state changes on [[0m[1;32m/world/ml25d_pilot_w5/state[0m[1;32m][0m[1;32m[0m
[1;32m[Msg] [0m[1;32mPublishing pose messages on [[0m[1;32m/world/ml25d_pilot_w5[0m[1;32m/[0m[1;32mpose/info[0m[1;32m][0m[1;32m[0m
[1;32m[Msg] [0m[1;32mPublishing dynamic pose messages on [[0m[1;32m/world/ml25d_pilot_w5[0m[1;32m/[0m[1;32mdynamic_pose/info[0m[1;32m][0m[1;32m[0m
[1;36m[Dbg] [SimulationRunner.cc:578] [0m[1;36mExiting postupdate worker thread ([0m[1;36m1[0m[1;36m)[0m[1;36mExiting postupdate worker thread ([0m[1;36m0[0m[1;36m)[0m[1;36m[0m
[1;36m0[0m[1;36m[Dbg] [SimulationRunner.cc:551] [0m[1;36mCreating PostUpdate worker threads: [0m[1;36m5[0m[1;36m[0m
[1;36m[Dbg] [SimulationRunner.cc:562] [0m[1;36mCreating postupdate worker thread ([0m[1;36m0[0m[1;36m)[0m[1;36m[0m
[1;36m[Dbg] [SimulationRunner.cc:562] [0m[1;36mCreating postupdate worker thread ([0m[1;36m1[0m[1;36m)[0m[1;36m[0m
[1;36m[Dbg] [SimulationRunner.cc:562] [0m[1;36mCreating postupdate worker thread ([0m[1;36m2[0m[1;36m)[0m[1;36m[0m
[1;36m[Dbg] [SimulationRunner.cc:562] [0m[1;36mCreating postupdate worker thread ([0m[1;36m3[0m[1;36m)[0m[1;36m[0m
[1;36m[Dbg] [UserCommands.cc:1144] [0m[1;36mRequesting removal of entity [[0m[1;36m10[0m[1;36m][0m[1;36m[0m
[1;36m[Dbg] [UserCommands.cc:1144] [0m[1;36mRequesting removal of entity [[0m[1;36m6[0m[1;36m][0m[1;36m[0m
[1;36m[Dbg] [SimulationRunner.cc:578] [Dbg] [SimulationRunner.cc:578] [0m[1;36m[Dbg] [SimulationRunner.cc:578] [0m[1;36mExiting postupdate worker thread ([0m[1;36mExiting postupdate worker thread ([0m[1;36m3[0m[1;36m)[0m[1;36mExiting postupdate worker thread ([0m[1;36m[0m
[1;36m
Exiting postupdate worker thread ([0m[1;36m
Exiting postupdate worker thread ([0m[1;36m2[0m[1;36m1[0m[1;36m)[0m[1;36m)[0m[1;36m[0m
[1;36m2[0m[1;36m0[0m[1;36m)[0m[1;36m)[0m[1;36m)[0m[1;36m[0m
[1;36m[0m
[1;36m[Dbg] [SimulationRunner.cc:551] [0m[1;36mCreating PostUpdate worker threads: [0m[1;36m3[0[1;33m[Wrn] [OBJLoader.cc:202] [0m[1;33mMissing material for shape[[0m[1;33m] [0m[1;33min OBJ file[[0m[1;33m/tmp/ml25d_ros_gz_meshes/terrain_137855915361536_2.obj[0m[1;33m][0m[1;33m[0m
m[1;36m[0m
[1;36m[Dbg] [SimulationRunner.cc:562] [0m[1;36mCreating postupdate worker thread ([0m[1;36m0[0m[1;36m)[0m[1;36m[0m
[1;36m[Dbg] [SimulationRunner.cc:562] [0m[1;36mCreating postupdate worker thread ([0m[1;36m1[0m[1;36m)[0m[1;36m[0m
[1;36m[Dbg] [UserCommands.cc:1094] [0m[1;36mCreated entity [[0m[1;36m35[0m[1;36m] named [[0m[1;36mml25d_terrain_w5_a2[0m[1;36m][0m[1;36m[0m
[1;32m[Msg] [0m[1;32mDiffDrive subscribing to twist messages on [[0m[1;32m/model/ml25d_vehicle_w5/cmd_vel[0m[1;32m][0m[1;32m[0m
[1;36m[Dbg] [SystemManager.cc:80] [0m[1;36mLoaded system [[0m[1;36mgz::sim::systems::DiffDrive[0m[1;36m] for entity [[0m[1;36m39[0m[1;36m][0m[1;36m[0m
[1;32m[Msg] [0m[1;32mOdometryPublisher publishing odometry on [[0m[1;32m/model/ml25d_vehicle_w5/odometry[0m[1;32m][0m[1;32m[0m
[1;32m[Msg] [0m[1;32mOdometryPublisher publishing odometry with covariance on [[0m[1;32m/model/ml25d_vehicle_w5/odometry_with_covariance[0m[1;32m][0m[1;32m[0m
[1;32m[Msg] [0m[1;32mOdometryPublisher publishing Pose_V (TF) on [[0m[1;32m/model/ml25d_vehicle_w5/pose[0m[1;32m][0m[1;32m[0m
[1;36m[Dbg] [SystemManager.cc:80] [0m[1;36mLoaded system [[0m[1;36mgz::sim::systems::OdometryPublisher[0m[1;36m] for entity [[0m[1;36m39[0m[1;36m][0m[1;36m[0m
[1;36m[Dbg] [UserCommands.cc:1094] [0m[1;36mCreated entity [[0m[1;36m39[0m[1;36m] named [[0m[1;36mml25d_vehicle_w5[0m[1;36m][0m[1;36m[0m
[1;32m[Msg] [0m[1;32mContact system publishing on [0m[1;32m/ml25d/ml25d_vehicle_w5/chassis_contacts[0m[1;32m[0m
[1;32m[Msg] [0m[1;32mContact system publishing on [0m[1;32m/ml25d/ml25d_vehicle_w5/front_left_contacts[0m[1;32m[0m
[1;32m[Msg] [0m[1;32mContact system publishing on [0m[1;32m/ml25d/ml25d_vehicle_w5/front_right_contacts[0m[1;32m[0m
[1;32m[Msg] [0m[1;32mContact system publishing on [0m[1;32m/ml25d/ml25d_vehicle_w5/rear_left_contacts[0m[1;32m[0m
[1;32m[Msg] [0m[1;32mContact system publishing on [0m[1;32m/ml25d/ml25d_vehicle_w5/rear_right_contacts[0m[1;32m[0m
[1;36m[Dbg] [SimulationRunner.cc:578] [0m[1;36mExiting postupdate worker thread ([0m[1;36m1[0m[1;36m)[0m[1;36mExiting postupdate worker thread ([0m[1;36m0[0m[1;36mExiting postupdate worker thread ([0m[1;36m)[0m[1;36m[0m
[1;36m[Dbg] [SimulationRunner.cc:551] [0m[1;36mCreating PostUpdate worker threads: [0m[1;36m5[0m[1;36m[0m
[1;36m[Dbg] [SimulationRunner.cc:562] [0m[1;36mCreating postupdate worker thread ([0m[1;36m0[0m[1;36m)[0m[1;36m[0m
[1;36m[Dbg] [SimulationRunner.cc:562] [0m[1;36mCreating postupdate worker thread ([0m[1;36m1[0m[1;36m)[0m[1;36m[0m
[1;36m[Dbg] [SimulationRunner.cc:562] [0m[1;36mCreating postupdate worker thread ([0m[1;36m2[0m[1;36m)[0m[1;36m[0m
[1;36m[Dbg] [SimulationRunner.cc:562] [0m[1;36mCreating postupdate worker thread ([0m[1;36m3[0m[1;36m)[0m[1;36m[0m
[1;36m[Dbg] [UserCommands.cc:1144] [0m[1;36mRequesting removal of entity [[0m[1;36m39[0m[1;36m][0m[1;36m[0m
[1;36m[Dbg] [UserCommands.cc:1144] [0m[1;36mRequesting removal of entity [[0m[1;36m35[0m[1;36m][0m[1;36m[0m
[1;36m[Dbg] [SimulationRunner.cc:578] [Dbg] [SimulationRunner.cc:578] [0m[1;36m[Dbg] [SimulationRunner.cc:578] [0m[1;36m[Dbg] [SimulationRunner.cc:578] [0m[1;36mExiting postupdate worker thread ([0m[1;36m[Dbg] [SimulationRunner.cc:578] [Dbg] [SimulationRunner.cc:578] [Dbg] [SimulationRunner.cc:578] [0m[1;36m1[0m[1;36mExiting postupdate worker thread ([0m[1;36m0[0m[1;36m)[0m[1;36m3Exiting postupdate worker thread ([0m
[1;36m3Exiting postupdate worker thread ([0m
[1;36m[0m
[1;36m3Exiting postupdate worker thread ([0m[1;36m)[0m[1;36m[0m
[1;36m[0m
[1;36m2[0m[1;36m)[0m[1;36m[0m
[1;36m[Dbg] [SimulationRunner.cc:551] [0m[1;36mCreating PostUpdate worker threads: [0m[1;36m3[0m[1;36m[0m
[1;36m[Dbg] [SimulationRunner.cc:562] [0m[1;36mCreating postupdate worker thread ([0m[1;36m0[0m[1;36m)[0m[1;36m[0m
[1;36m[Dbg] [SimulationRunner.cc:562] [0m[1;36mCre[1;31m[Err] [UserCommands.cc:1120] [0m[1;31mEntity named [[0m[1;31mml25d_terrain_w5_a3[0m[1;31m] of type [[0m[1;31m2[0m[1;31m] not found, so not removed.[0m[1;31m[0m
[1;33m[Wrn] [OBJLoader.cc:202] [0m[1;33mMissing material for shape[[0m[1;33m] [0m[1;33min OBJ file[[0m[1;33m/tmp/ml25d_ros_gz_meshes/terrain_137855915361536_3.obj[0m[1;33m][0m[1;33m[0m
[1;31m[Err] [UserCommands.cc:1120] [0m[1;31mEntity named [[0m[1;31mml25d_terrain_w5_a4[0m[1;31m] of type [[0m[1;31m2[0m[1;31m] not found, so not removed.[0m[1;31m[0m
[1;33m[Wrn] [OBJLoader.cc:202] [0m[1;33mMissing material for shape[[0m[1;33m] [0m[1;33min OBJ file[[0m[1;33m/tmp/ml25d_ros_gz_meshes/terrain_137855915361536_4.obj[0m[1;33m][0m[1;33m[0m
ating postupdate worker thread ([0m[1;36m1[0m[1;36m)[0m[1;36m[0m
[1;36m[Dbg] [UserCommands.cc:1094] [0m[1;36mCreated entity [[0m[1;36m64[0m[1;36m] named [[0m[1;36mml25d_terrain_w5_a3[0m[1;36m][0m[1;36m[0m
[1;32m[Msg] [0m[1;32mDiffDrive subscribing to twist messages on [[0m[1;32m/model/ml25d_vehicle_w5/cmd_vel[0m[1;32m][0m[1;32m[0m
[1;36m[Dbg] [SystemManager.cc:80] [0m[1;36mLoaded system [[0m[1;36mgz::sim::systems::DiffDrive[0m[1;36m] for entity [[0m[1;36m68[0m[1;36m][0m[1;36m[0m
[1;32m[Msg] [0m[1;32mOdometryPublisher publishing odometry on [[0m[1;32m/model/ml25d_vehicle_w5/odometry[0m[1;32m][0m[1;32m[0m
[1;32m[Msg] [0m[1;32mOdometryPublisher publishing odometry with covariance on [[0m[1;32m/model/ml25d_vehicle_w5/odometry_with_covariance[0m[1;32m][0m[1;32m[0m
[1;32m[Msg] [0m[1;32mOdometryPublisher publishing Pose_V (TF) on [[0m[1;32m/model/ml25d_vehicle_w5/pose[0m[1;32m][0m[1;32m[0m
[1;36m[Dbg] [SystemManager.cc:80] [0m[1;36mLoaded system [[0m[1;36mgz::sim::systems::OdometryPublisher[0m[1;36m] for entity [[0m[1;36m68[0m[1;36m][0m[1;36m[0m
[1;36m[Dbg] [UserCommands.cc:1094] [0m[1;36mCreated entity [[0m[1;36m68[0m[1;36m] named [[0m[1;36mml25d_vehicle_w5[0m[1;36m][0m[1;36m[0m
[1;32m[Msg] [0m[1;32mContact system publishing on [0m[1;32m/ml25d/ml25d_vehicle_w5/chassis_contacts[0m[1;32m[0m
[1;32m[Msg] [0m[1;32mContact system publishing on [0m[1;32m/ml25d/ml25d_vehicle_w5/front_left_contacts[0m[1;32m[0m
[1;32m[Msg] [0m[1;32mContact system publishing on [0m[1;32m/ml25d/ml25d_vehicle_w5/front_right_contacts[0m[1;32m[0m
[1;32m[Msg] [0m[1;32mContact system publishing on [0m[1;32m/ml25d/ml25d_vehicle_w5/rear_left_contacts[0m[1;32m[0m
[1;32m[Msg] [0m[1;32mContact system publishing on [0m[1;32m/ml25d/ml25d_vehicle_w5/rear_right_contacts[0m[1;32m[0m
[1;36m[Dbg] [SimulationRunner.cc:578] [0m[1;36mExiting postupdate worker thread ([0m[1;36m1[0m[1;36m)[0m[1;36m[0m
[1;36m[Dbg] [SimulationRunner.cc:578] [0m[1;36mExiting postupdate worker thread ([0m[1;36m0[0m[1;36m)[0m[1;36m[0m
[1;36m[Dbg] [SimulationRunner.cc:551] [0m[1;36mCreating PostUpdate worker threads: [0m[1;36m5[0m[1;36m[0m
[1;36m[Dbg] [SimulationRunner.cc:562] [0m[1;36mCreating postupdate worker thread ([0m[1;36m0[0m[1;36m)[0m[1;36m[0m
[1;36m[Dbg] [SimulationRunner.cc:562] [0m[1;36mCreating postupdate worker thread ([0m[1;36m1[0m[1;36m)[0m[1;36m[0m
[1;36m[Dbg] [SimulationRunner.cc:562] [0m[1;36mCreating postupdate worker thread ([0m[1;36m2[0m[1;36m)[0m[1;36m[0m
[1;36m[Dbg] [SimulationRunner.cc:562] [0m[1;36mCreating postupdate worker thread ([0m[1;36m3[0m[1;36m)[0m[1;36m[0m
[1;36m[Dbg] [UserCommands.cc:1144] [0m[1;36mRequesting removal of entity [[0m[1;36m68[0m[1;36m][0m[1;36m[0m
[1;36m[Dbg] [SimulationRunner.cc:578] [0m[1;36mExiting postupdate worker thread ([Dbg] [SimulationRunner.cc:578] [0m[1;36mExiting postupdate worker thread ([Dbg] [SimulationRunner.cc:578] [Dbg] [SimulationRunner.cc:578] [0m[1;36mExiting postupdate worker thread ([Dbg] [SimulationRunner.cc:578] [Dbg] [SimulationRunner.cc:578] [0m[1;36m13[0m[1;36m13[0m[1;36m0[0m[1;36m13Exiting postupdate worker thread ([0m[1;36m)[0m[1;36m13Exiting postupdate worker thread ([0m[1;36m2[0m[1;36m)[0m[1;36m[0m
[1;36m[0m
[1;36m[Dbg] [SimulationRunner.cc:551] [0m[1;36mCreating PostUpdate worker threads: [0m[1;36m3[0m[1;36m[0m
[1;36m[Dbg] [SimulationRunner.cc:562] [0m[1;36mCreating postupdate worker thread ([0m[1;36m0[0m[1;36m)[0m[1;36m[0m
[1;36m[Dbg] [SimulationRunner.cc:562] [0m[1;36mCreating postupdate worker thread ([0m[1;36m1[0m[1;36m)[0m[1;36m[0m
[1;36m[Dbg] [UserCommands.cc:1144] [0m[1;36mRequesting removal of entity [[0m[1;36m64[0m[1;36m][0m[1;36m[0m
[1;36m[Dbg] [UserCommands.cc:1094] [0m[1;36mCreated entity [[0m[1;36m93[0m[1;36m] named [[0m[1;36mml25d_terrain_w5_a4[0m[1;36m][0m[1;36m[0m
[1;32m[Msg] [0m[1;32mDiffDrive subscribi[1;31m[Err] [UserCommands.cc:1120] [0m[1;31mEntity named [[0m[1;31mml25d_terrain_w5_a5[0m[1;31m] of type [[0m[1;31m2[0m[1;31m] not found, so not removed.[0m[1;31m[0m
[1;33m[Wrn] [OBJLoader.cc:202] [0m[1;33mMissing material for shape[[0m[1;33m] [0m[1;33min OBJ file[[0m[1;33m/tmp/ml25d_ros_gz_meshes/terrain_137855915361536_5.obj[0m[1;33m][0m[1;33m[0m
ng to twist messages on [[0m[1;32m/model/ml25d_vehicle_w5/cmd_vel[0m[1;32m][0m[1;32m[0m
[1;36m[Dbg] [SystemManager.cc:80] [0m[1;36mLoaded system [[0m[1;36mgz::sim::systems::DiffDrive[0m[1;36m] for entity [[0m[1;36m97[0m[1;36m][0m[1;36m[0m
[1;32m[Msg] [0m[1;32mOdometryPublisher publishing odometry on [[0m[1;32m/model/ml25d_vehicle_w5/odometry[0m[1;32m][0m[1;32m[0m
[1;32m[Msg] [0m[1;32mOdometryPublisher publishing odometry with covariance on [[0m[1;32m/model/ml25d_vehicle_w5/odometry_with_covariance[0m[1;32m][0m[1;32m[0m
[1;32m[Msg] [0m[1;32mOdometryPublisher publishing Pose_V (TF) on [[0m[1;32m/model/ml25d_vehicle_w5/pose[0m[1;32m][0m[1;32m[0m
[1;36m[Dbg] [SystemManager.cc:80] [0m[1;36mLoaded system [[0m[1;36mgz::sim::systems::OdometryPublisher[0m[1;36m] for entity [[0m[1;36m97[0m[1;36m][0m[1;36m[0m
[1;36m[Dbg] [UserCommands.cc:1094] [0m[1;36mCreated entity [[0m[1;36m97[0m[1;36m] named [[0m[1;36mml25d_vehicle_w5[0m[1;36m][0m[1;36m[0m
[1;32m[Msg] [0m[1;32mContact system publishing on [0m[1;32m/ml25d/ml25d_vehicle_w5/chassis_contacts[0m[1;32m[0m
[1;32m[Msg] [0m[1;32mContact system publishing on [0m[1;32m/ml25d/ml25d_vehicle_w5/front_left_contacts[0m[1;32m[0m
[1;32m[Msg] [0m[1;32mContact system publishing on [0m[1;32m/ml25d/ml25d_vehicle_w5/front_right_contacts[0m[1;32m[0m
[1;32m[Msg] [0m[1;32mContact system publishing on [0m[1;32m/ml25d/ml25d_vehicle_w5/rear_left_contacts[0m[1;32m[0m
[1;32m[Msg] [0m[1;32mContact system publishing on [0m[1;32m/ml25d/ml25d_vehicle_w5/rear_right_contacts[0m[1;32m[0m
[1;36m[Dbg] [SimulationRunner.cc:578] [0m[1;36m[Dbg] [SimulationRunner.cc:578] Exiting postupdate worker thread ([0m[1;36m0[0m[1;36m)[0m[1;36m0[0m[1;36mExiting postupdate worker thread ([0m[1;36m1[0m[1;36m)[0m[1;36m[0m
[1;36m[0m
[1;36m[Dbg] [SimulationRunner.cc:551] [0m[1;36mCreating PostUpdate worker threads: [0m[1;36m5[0m[1;36m[0m
[1;36m[Dbg] [SimulationRunner.cc:562] [0m[1;36mCreating postupdate worker thread ([0m[1;36m0[0m[1;36m)[0m[1;36m[0m
[1;36m[Dbg] [SimulationRunner.cc:562] [0m[1;36mCreating postupdate worker thread ([0m[1;36m1[0m[1;36m)[0m[1;36m[0m
[1;36m[Dbg] [SimulationRunner.cc:562] [0m[1;36mCreating postupdate worker thread ([0m[1;36m2[0m[1;36m)[0m[1;36m[0m
[1;36m[Dbg] [SimulationRunner.cc:562] [0m[1;36mCreating postupdate worker thread ([0m[1;36m3[0m[1;36m)[0m[1;36m[0m
[1;36m[Dbg] [UserCommands.cc:1144] [0m[1;36mRequesting removal of entity [[0m[1;36m97[0m[1;36m][0m[1;36m[0m
[1;36m[Dbg] [SimulationRunner.cc:578] [Dbg] [SimulationRunner.cc:578] [Dbg] [SimulationRunner.cc:578] [0m[1;36mExiting postupdate worker thread ([0m[1;36m[Dbg] [SimulationRunner.cc:578] [Dbg] [SimulationRunner.cc:578] [0m[1;36m[Dbg] [SimulationRunner.cc:578] [Dbg] [SimulationRunner.cc:578] [0m[1;36mExiting postupdate worker thread (Exiting postupdate worker thread ([0m[1;36m2[0m[1;36mExiting postupdate worker thread (Exiting postupdate worker thread ([0m[1;36m)[0m[1;36m[0m
[1;36m0[0m[1;36m)[0m[1;36m)[0m[1;36m)[0m[1;36m[0m
[1;36m[0m
[1;36mExiting postupdate worker thread ([0m[1;36m1[0m[1;36m)[0m[1;36m[0m
[1;36m[Dbg] [SimulationRunner.cc:551] [0m[1;36mCreating PostUpdate worker threads: [0m[1;36m3[0m[1;36m[0m
[1;36m[Dbg] [SimulationRunner.cc:562] [0m[1;36mCreating postupdate worker thread ([0m[1;36m0[0m[1;36m)[0m[1;36m[0m
[1;36m[Dbg] [SimulationRunner.cc:562] [0m[1;36mCreating postupdate worker thread ([0m[1;36m1[0m[1;36m)[0m[1;36m[0m
[1;36m[Dbg] [UserCommands.cc:1144] [0m[1;36mRequesting removal of entity [[0m[1;36m93[0m[1;36m][0m[1;36m[0m
[1;36m[Dbg] [UserCommands.cc:1094] [0m[1;36mCreated entity [[0m[1;36m122[0m[1;36m] named [[0m[1;36mml25d_terrain_w5_a5[0m[1;36m][0m[1;36m[0m
[1;32m[Msg] [0m[1;32mDiffDrive subscribing to twist messages on [[0m[1;32m/model/ml25d_vehicle_w5/cmd_vel[0m[1;32m][0m[1;32m[0m
[1;36m[Dbg] [SystemManager.cc:80] [0m[1;36mLoaded [1;31m[Err] [UserCommands.cc:1120] [0m[1;31mEntity named [[0m[1;31mml25d_terrain_w5_a6[0m[1;31m] of type [[0m[1;31m2[0m[1;31m] not found, so not removed.[0m[1;31m[0m
[1;33m[Wrn] [OBJLoader.cc:202] [0m[1;33mMissing material for shape[[0m[1;33m] [0m[1;33min OBJ file[[0m[1;33m/tmp/ml25d_ros_gz_meshes/terrain_137855915361536_6.obj[0m[1;33m][0m[1;33m[0m
system [[0m[1;36mgz::sim::systems::DiffDrive[0m[1;36m] for entity [[0m[1;36m126[0m[1;36m][0m[1;36m[0m
[1;32m[Msg] [0m[1;32mOdometryPublisher publishing odometry on [[0m[1;32m/model/ml25d_vehicle_w5/odometry[0m[1;32m][0m[1;32m[0m
[1;32m[Msg] [0m[1;32mOdometryPublisher publishing odometry with covariance on [[0m[1;32m/model/ml25d_vehicle_w5/odometry_with_covariance[0m[1;32m][0m[1;32m[0m
[1;32m[Msg] [0m[1;32mOdometryPublisher publishing Pose_V (TF) on [[0m[1;32m/model/ml25d_vehicle_w5/pose[0m[1;32m][0m[1;32m[0m
[1;36m[Dbg] [SystemManager.cc:80] [0m[1;36mLoaded system [[0m[1;36mgz::sim::systems::OdometryPublisher[0m[1;36m] for entity [[0m[1;36m126[0m[1;36m][0m[1;36m[0m
[1;36m[Dbg] [UserCommands.cc:1094] [0m[1;36mCreated entity [[0m[1;36m126[0m[1;36m] named [[0m[1;36mml25d_vehicle_w5[0m[1;36m][0m[1;36m[0m
[1;32m[Msg] [0m[1;32mContact system publishing on [0m[1;32m/ml25d/ml25d_vehicle_w5/chassis_contacts[0m[1;32m[0m
[1;32m[Msg] [0m[1;32mContact system publishing on [0m[1;32m/ml25d/ml25d_vehicle_w5/front_left_contacts[0m[1;32m[0m
[1;32m[Msg] [0m[1;32mContact system publishing on [0m[1;32m/ml25d/ml25d_vehicle_w5/front_right_contacts[0m[1;32m[0m
[1;32m[Msg] [0m[1;32mContact system publishing on [0m[1;32m/ml25d/ml25d_vehicle_w5/rear_left_contacts[0m[1;32m[0m
[1;32m[Msg] [0m[1;32mContact system publishing on [0m[1;32m/ml25d/ml25d_vehicle_w5/rear_right_contacts[0m[1;32m[0m
[1;36m[Dbg] [SimulationRunner.cc:578] [0m[1;36mExiting postupdate worker thread ([0m[1;36mExiting postupdate worker thread ([Dbg] [SimulationRunner.cc:578] [0m[1;36mExiting postupdate worker thread ([0m[1;36m1[0m[1;36m10[0m[1;36m)[0m[1;36m[0m
[1;36m)[0m[1;36m[0m
[1;36m[Dbg] [SimulationRunner.cc:551] [0m[1;36mCreating PostUpdate worker threads: [0m[1;36m5[0m[1;36m[0m
[1;36m[Dbg] [SimulationRunner.cc:562] [0m[1;36mCreating postupdate worker thread ([0m[1;36m0[0m[1;36m)[0m[1;36m[0m
[1;36m[Dbg] [SimulationRunner.cc:562] [0m[1;36mCreating postupdate worker thread ([0m[1;36m1[0m[1;36m)[0m[1;36m[0m
[1;36m[Dbg] [SimulationRunner.cc:562] [0m[1;36mCreating postupdate worker thread ([0m[1;36m2[0m[1;36m)[0m[1;36m[0m
[1;36m[Dbg] [SimulationRunner.cc:562] [0m[1;36mCreating postupdate worker thread ([0m[1;36m3[0m[1;36m)[0m[1;36m[0m
[1;36m[Dbg] [UserCommands.cc:1144] [0m[1;36mRequesting removal of entity [[0m[1;36m126[0m[1;36m][0m[1;36m[0m
[1;36m[Dbg] [SimulationRunner.cc:578] [0m[1;36mExiting postupdate worker thread ([0m[1;36m2[0m[1;36m)[0m[1;36m[0m
[1;36m[Dbg] [SimulationRunner.cc:578] [0m[1;36mExiting postupdate worker thread ([0m[1;36m3[0m[1;36m)[0m[1;36m[0m
[1;36m[Dbg] [SimulationRunner.cc:578] [0m[1;36mExiting postupdate worker thread ([0m[1;36m0[0m[1;36m)[0m[1;36m[0m
[1;36m[Dbg] [SimulationRunner.cc:578] [0m[1;36mExiting postupdate worker thread ([0m[1;36m1[0m[1;36m)[0m[1;36m[0m
[1;36m[Dbg] [SimulationRunner.cc:551] [0m[1;36mCreating PostUpdate worker threads: [0m[1;36m3[0m[1;36m[0m
[1;36m[Dbg] [SimulationRunner.cc:562] [0m[1;36mCreating postupdate worker thread ([0m[1;36m0[0m[1;36m)[0m[1;36m[0m
[1;36m[Dbg] [SimulationRunner.cc:562] [0m[1;36mCreating postupdate worker thread ([0m[1;36m1[0m[1;36m)[0m[1;36m[0m
[1;36m[Dbg] [UserCommands.cc:1144] [0m[1;36mRequesting removal of entity [[0m[1;36m122[0m[1;36m][0m[1;36m[0m
[1;36m[Dbg] [UserCommands.cc:1094] [0m[1;36mCreated entity [[0m[1;36m151[0m[1;36m] named [[0m[1;36mml25d_terrain_w5_a6[0m[1;36m][0m[1;36m[0m
[1;32m[Msg] [0m[1;32mDiffDrive subscribing to twist messages on [[0m[1;32m/model/ml25d_vehicle_w5/cmd_vel[0m[1;32m][0m[1;32m[0m
[1;36m[Dbg] [SystemManager.cc:80] [0m[1;36mLoaded system [[0m[1;36mgz::sim::systems::DiffDrive[0m[1;36m] for entity [[0m[1;36m155[0m[1;36m][0m[1;36m[0m
[1;32m[Msg] [0m[1;32mOdometryPublisher publishing odometry on [[0m[1;32m/model/ml25d_vehicle_w5/odometry[0m[1;32m][0m[1;32m[0m
[1;32m[Msg][1;31m[Err] [UserCommands.cc:1120] [0m[1;31mEntity named [[0m[1;31mml25d_terrain_w5_a7[0m[1;31m] of type [[0m[1;31m2[0m[1;31m] not found, so not removed.[0m[1;31m[0m
[1;33m[Wrn] [OBJLoader.cc:202] [0m[1;33mMissing material for shape[[0m[1;33m] [0m[1;33min OBJ file[[0m[1;33m/tmp/ml25d_ros_gz_meshes/terrain_137855915361536_7.obj[0m[1;33m][0m[1;33m[0m
 [0m[1;32mOdometryPublisher publishing odometry with covariance on [[0m[1;32m/model/ml25d_vehicle_w5/odometry_with_covariance[0m[1;32m][0m[1;32m[0m
[1;32m[Msg] [0m[1;32mOdometryPublisher publishing Pose_V (TF) on [[0m[1;32m/model/ml25d_vehicle_w5/pose[0m[1;32m][0m[1;32m[0m
[1;36m[Dbg] [SystemManager.cc:80] [0m[1;36mLoaded system [[0m[1;36mgz::sim::systems::OdometryPublisher[0m[1;36m] for entity [[0m[1;36m155[0m[1;36m][0m[1;36m[0m
[1;36m[Dbg] [UserCommands.cc:1094] [0m[1;36mCreated entity [[0m[1;36m155[0m[1;36m] named [[0m[1;36mml25d_vehicle_w5[0m[1;36m][0m[1;36m[0m
[1;32m[Msg] [0m[1;32mContact system publishing on [0m[1;32m/ml25d/ml25d_vehicle_w5/chassis_contacts[0m[1;32m[0m
[1;32m[Msg] [0m[1;32mContact system publishing on [0m[1;32m/ml25d/ml25d_vehicle_w5/front_left_contacts[0m[1;32m[0m
[1;32m[Msg] [0m[1;32mContact system publishing on [0m[1;32m/ml25d/ml25d_vehicle_w5/front_right_contacts[0m[1;32m[0m
[1;32m[Msg] [0m[1;32mContact system publishing on [0m[1;32m/ml25d/ml25d_vehicle_w5/rear_left_contacts[0m[1;32m[0m
[1;32m[Msg] [0m[1;32mContact system publishing on [0m[1;32m/ml25d/ml25d_vehicle_w5/rear_right_contacts[0m[1;32m[0m
[1;36m[Dbg] [SimulationRunner.cc:578] [Dbg] [SimulationRunner.cc:578] [0m[1;36mExiting postupdate worker thread ([0m[1;36m[Dbg] [SimulationRunner.cc:578] [0m[1;36mExiting postupdate worker thread ([0m[1;36m0[0m[1;36m)[0m[1;36m
1[0m[1;36m)[0m[1;36m[0m
[1;36m
1[0m[1;36m[Dbg] [SimulationRunner.cc:551] [0m[1;36mCreating PostUpdate worker threads: [0m[1;36m5[0m[1;36m[0m
[1;36m[Dbg] [SimulationRunner.cc:562] [0m[1;36mCreating postupdate worker thread ([0m[1;36m0[0m[1;36m)[0m[1;36m[0m
[1;36m[Dbg] [SimulationRunner.cc:562] [0m[1;36mCreating postupdate worker thread ([0m[1;36m1[0m[1;36m)[0m[1;36m[0m
[1;36m[Dbg] [SimulationRunner.cc:562] [0m[1;36mCreating postupdate worker thread ([0m[1;36m2[0m[1;36m)[0m[1;36m[0m
[1;36m[Dbg] [SimulationRunner.cc:562] [0m[1;36mCreating postupdate worker thread ([0m[1;36m3[0m[1;36m)[0m[1;36m[0m
[1;36m[Dbg] [UserCommands.cc:1144] [0m[1;36mRequesting removal of entity [[0m[1;36m155[0m[1;36m][0m[1;36m[0m
[1;36m[Dbg] [UserCommands.cc:1144] [0m[1;36mRequesting removal of entity [[0m[1;36m151[0m[1;36m][0m[1;36m[0m
[1;36m[Dbg] [SimulationRunner.cc:578] [0m[1;36mExiting postupdate worker thread ([0m[1;36mExiting postupdate worker thread ([Dbg] [SimulationRunner.cc:578] [0m[1;36mExiting postupdate worker thread ([0m[1;36m2[0m[1;36m)[0m[1;36m[0m
[1;36m1[0m[1;36m)[0m[1;36m
[Dbg] [SimulationRunner.cc:578] [0m[1;36m[0m
[1;36mExiting postupdate worker thread ([0m[1;36m0[0m[1;36m)[0m[1;36m[0m
[1;36m[0m
[1;36m3[0m[1;36m)[0m[1;36m[0m
[1;36m[Dbg] [SimulationRunner.cc:551] [0m[1;36mCreating PostUpdate worker threads: [0m[1;36m3[0m[1;36m[0m
[1;36m[Dbg] [SimulationRunner.cc:562] [0m[1;36mCreating postupdate worker thread ([0m[1;36m0[0m[1;36m)[0m[1;36m[0m
[1;36m[Dbg] [SimulationRunner.cc:562] [0m[1;36mCreating postupdate worker thread ([0m[1;36m1[0m[1;36m)[0m[1;36m[0m
[1;36m[Dbg] [UserCommands.cc:1094] [0m[1;36mCreated entity [[0m[1;36m180[0m[1;36m] named [[0m[1;36mml25d_terrain_w5_a7[0m[1;36m][0m[1;36m[0m
[1;32m[Msg] [0m[1;32mDiffDrive subscribing to twist messages on [[0m[1;32m/model/ml25d_vehicle_w5/cmd_vel[0m[1;32m][0m[1;32m[0m
[1;36m[Dbg] [SystemManager.cc:80] [0m[1;36mLoaded system [[0m[1;36mgz::sim::systems::DiffDrive[0m[1;36m] for entity [[0m[1;36m184[0m[1;36m][0m[1;36m[0m
[1;32m[Msg] [0m[1;32mOdometryPublisher publishing odometry on [[0m[1;32m/model/ml25d_vehicle_w5/odometry[0m[1;32m][0m[1;32m[0m
[1;32m[Msg] [0m[1;32mOdometryPublisher publishing odometry with covariance on [[0m[1;32m/model/ml25d_vehicle_w5/odometry_with_covariance[0m[1;32m][0m[1;32m[0m
[1;32m[Msg] [0m[1;32mOdometryPublisher publishing Pose_V (TF) on [[0m[1;32m/model/ml25d_vehicle_w5/pose[0m[1;32m][0m[1;32m[0m
[1;36m[Dbg[1;31m[Err] [UserCommands.cc:1120] [0m[1;31mEntity named [[0m[1;31mml25d_terrain_w5_a8[0m[1;31m] of type [[0m[1;31m2[0m[1;31m] not found, so not removed.[0m[1;31m[0m
[1;33m[Wrn] [OBJLoader.cc:202] [0m[1;33mMissing material for shape[[0m[1;33m] [0m[1;33min OBJ file[[0m[1;33m/tmp/ml25d_ros_gz_meshes/terrain_137855915361536_8.obj[0m[1;33m][0m[1;33m[0m
] [SystemManager.cc:80] [0m[1;36mLoaded system [[0m[1;36mgz::sim::systems::OdometryPublisher[0m[1;36m] for entity [[0m[1;36m184[0m[1;36m][0m[1;36m[0m
[1;36m[Dbg] [UserCommands.cc:1094] [0m[1;36mCreated entity [[0m[1;36m184[0m[1;36m] named [[0m[1;36mml25d_vehicle_w5[0m[1;36m][0m[1;36m[0m
[1;32m[Msg] [0m[1;32mContact system publishing on [0m[1;32m/ml25d/ml25d_vehicle_w5/chassis_contacts[0m[1;32m[0m
[1;32m[Msg] [0m[1;32mContact system publishing on [0m[1;32m/ml25d/ml25d_vehicle_w5/front_left_contacts[0m[1;32m[0m
[1;32m[Msg] [0m[1;32mContact system publishing on [0m[1;32m/ml25d/ml25d_vehicle_w5/front_right_contacts[0m[1;32m[0m
[1;32m[Msg] [0m[1;32mContact system publishing on [0m[1;32m/ml25d/ml25d_vehicle_w5/rear_left_contacts[0m[1;32m[0m
[1;32m[Msg] [0m[1;32mContact system publishing on [0m[1;32m/ml25d/ml25d_vehicle_w5/rear_right_contacts[0m[1;32m[0m
[1;36m[Dbg] [SimulationRunner.cc:578] [Dbg] [SimulationRunner.cc:578] [0m[1;36m[Dbg] [SimulationRunner.cc:578] [Dbg] [SimulationRunner.cc:578] [0m[1;36mExiting postupdate worker thread ([0m[1;36m1[0m[1;36m)[0m[1;36m[0m
[1;36mExiting postupdate worker thread ([0m[1;36m0[0m[1;36m)[0m[1;36m[0m
[1;36m[Dbg] [SimulationRunner.cc:551] [0m[1;36mCreating PostUpdate worker threads: [0m[1;36m5[0m[1;36m[0m
[1;36m[Dbg] [SimulationRunner.cc:562] [0m[1;36mCreating postupdate worker thread ([0m[1;36m0[0m[1;36m)[0m[1;36m[0m
[1;36m[Dbg] [SimulationRunner.cc:562] [0m[1;36mCreating postupdate worker thread ([0m[1;36m1[0m[1;36m)[0m[1;36m[0m
[1;36m[Dbg] [SimulationRunner.cc:562] [0m[1;36mCreating postupdate worker thread ([0m[1;36m2[0m[1;36m)[0m[1;36m[0m
[1;36m[Dbg] [SimulationRunner.cc:562] [0m[1;36mCreating postupdate worker thread ([0m[1;36m3[0m[1;36m)[0m[1;36m[0m
[1;36m[Dbg] [UserCommands.cc:1144] [0m[1;36mRequesting removal of entity [[0m[1;36m184[0m[1;36m][0m[1;36m[0m
[1;36m[Dbg] [SimulationRunner.cc:578] [Dbg] [SimulationRunner.cc:578] [0m[1;36mExiting postupdate worker thread ([0m[1;36m0[0m[1;36m)[0m[1;36m[0m
[1;36m[Dbg] [SimulationRunner.cc:578] [0m[1;36mExiting postupdate worker thread ([0m[1;36m[Dbg] [SimulationRunner.cc:578] 2[0m[1;36mExiting postupdate worker thread ([0m[1;36m3[0m[1;36m)[0m[1;36m[Dbg] [SimulationRunner.cc:578] 2[0m[1;36m)[0m[1;36m[Dbg] [SimulationRunner.cc:578] [0m[1;36m)[0m[1;36m[0m
[1;36mExiting postupdate worker thread ([0m[1;36m1[0m[1;36m1[0m[1;36m)[0m[1;36m[0m
[1;36m[Dbg] [SimulationRunner.cc:551] [0m[1;36mCreating PostUpdate worker threads: [0m[1;36m3[0m[1;36m[0m
[1;36m[Dbg] [SimulationRunner.cc:562] [0m[1;36mCreating postupdate worker thread ([0m[1;36m0[0m[1;36m)[0m[1;36m[0m
[1;36m[Dbg] [SimulationRunner.cc:562] [0m[1;36mCreating postupdate worker thread ([0m[1;36m1[0m[1;36m)[0m[1;36m[0m
[1;36m[Dbg] [UserCommands.cc:1144] [0m[1;36mRequesting removal of entity [[0m[1;36m180[0m[1;36m][0m[1;36m[0m
[1;36m[Dbg] [UserCommands.cc:1094] [0m[1;36mCreated entity [[0m[1;36m209[0m[1;36m] named [[0m[1;36mml25d_terrain_w5_a8[0m[1;36m][0m[1;36m[0m
[1;32m[Msg] [0m[1;32mDiffDrive subscribing to twist messages on [[0m[1;32m/model/ml25d_vehicle_w5/cmd_vel[0m[1;32m][0m[1;32m[0m
[1;36m[Dbg] [SystemManager.cc:80] [0m[1;36mLoaded system [[0m[1;36mgz::sim::systems::DiffDrive[0m[1;36m] for entity [[0m[1;36m213[0m[1;36m][0m[1;36m[0m
[1;32m[Msg] [0m[1;32mOdometryPublisher publishing odometry on [[0m[1;32m/model/ml25d_vehicle_w5/odometry[0m[1;32m][0m[1;32m[0m
[1;32m[Msg] [0m[1;32mOdometryPublisher publishing odometry with covariance on [[0m[1;32m/model/ml25d_vehicle_w5/odometry_with_covariance[0m[1;32m][0m[1;32m[0m
[1;32m[Msg] [0m[1;32mOdometryPublisher publishing Pose_V (TF) on [[0m[1;32m/model/ml25d_vehicle_w5/pose[0m[1;32m][0m[1;32m[0m
[1;36m[Dbg] [SystemManager.cc:80] [0m[1;36mLoaded system [[0m[1;36mgz::sim::systems::OdometryPublisher[0m[1;36m] for entity [[0m[1;36m213[0m[1;36m][0m[1;3
--- start gzserver world=/home/crh/文档/Machine_Learning_25D/ml25d_ws/data/generated_pilot_v2_diag_n8_40/worker_5/ml25d_pilot_w5.sdf ---
[1;32m[Msg] [0m[1;32mGazebo Sim Server v[0m[1;32m8.11.0[0m[1;32m[0m
[1;32m[Msg] [0m[1;32mLoading SDF world file[[0m[1;32m/home/crh/文档/Machine_Learning_25D/ml25d_ws/data/generated_pilot_v2_diag_n8_40/worker_5/ml25d_pilot_w5.sdf[0m[1;32m].[0m
[1;32m[Msg] [0m[1;32mServing entity system service on [[0m[1;32m/[0m[1;32mentity/system/add[0m[1;32m][0m[1;32m[0m
[1;36m[Dbg] [Physics.cc:906] [0m[1;36mLoaded [[0m[1;36mgz::physics::bullet_featherstone::Plugin[0m[1;36m] from library [[0m[1;36m/opt/ros/jazzy/opt/gz_physics_vendor/lib/gz-physics-7/engine-plugins/libgz-physics-bullet-featherstone-plugin.so[0m[1;36m][0m[1;36m[0m
[1;36m[Dbg] [SystemManager.cc:80] [0m[1;36mLoaded system [[0m[1;36mgz::sim::systems::Physics[0m[1;36m] for entity [[0m[1;36m1[0m[1;36m][0m[1;36m[0m
[1;32m[Msg] [0m[1;32mCreate[0m[1;32m service on [[0m[1;32m/world/ml25d_pilot_w5/create_multiple[0m[1;32m] (async)[0m[1;32m[0m
[1;32m[Msg] [0m[1;32mCreate[0m[1;32m service on [[0m[1;32m/world/ml25d_pilot_w5/create_multiple/blocking[0m[1;32m] (blocking)[0m[1;32m[0m
[1;32m[Msg] [0m[1;32mRemove[0m[1;32m service on [[0m[1;32m/world/ml25d_pilot_w5/remove[0m[1;32m] (async)[0m[1;32m[0m
[1;32m[Msg] [0m[1;32mRemove[0m[1;32m service on [[0m[1;32m/world/ml25d_pilot_w5/remove/blocking[0m[1;32m] (blocking)[0m[1;32m[0m
[1;32m[Msg] [0m[1;32mPose[0m[1;32m service on [[0m[1;32m/world/ml25d_pilot_w5/set_pose[0m[1;32m] (async)[0m[1;32m[0m
[1;32m[Msg] [0m[1;32mPose[0m[1;32m service on [[0m[1;32m/world/ml25d_pilot_w5/set_pose/blocking[0m[1;32m] (blocking)[0m[1;32m[0m
[1;32m[Msg] [0m[1;32mPose[0m[1;32m service on [[0m[1;32m/world/ml25d_pilot_w5/set_pose_vector[0m[1;32m] (async)[0m[1;32m[0m
[1;32m[Msg] [0m[1;32mPose[0m[1;32m service on [[0m[1;32m/world/ml25d_pilot_w5/set_pose_vector/blocking[0m[1;32m] (blocking)[0m[1;32m[0m
[1;32m[Msg] [0m[1;32mLight configuration[0m[1;32m service on [[0m[1;32m/world/ml25d_pilot_w5/light_config[0m[1;32m] (async)[0m[1;32m[0m
[1;32m[Msg] [0m[1;32mLight configuration[0m[1;32m service on [[0m[1;32m/world/ml25d_pilot_w5/light_config/blocking[0m[1;32m] (blocking)[0m[1;32m[0m
[1;32m[Msg] [0m[1;32mPhysics[0m[1;32m service on [[0m[1;32m/world/ml25d_pilot_w5/set_physics[0m[1;32m] (async)[0m[1;32m[0m
[1;32m[Msg] [0m[1;32mPhysics[0m[1;32m service on [[0m[1;32m/world/ml25d_pilot_w5/set_physics/blocking[0m[1;32m] (blocking)[0m[1;32m[0m
[1;32m[Msg] [0m[1;32mSphericalCoordinates[0m[1;32m service on [[0m[1;32m/world/ml25d_pilot_w5/set_spherical_coordinates[0m[1;32m] (async)[0m[1;32m[0m
[1;32m[Msg] [0m[1;32mSphericalCoordinates[0m[1;32m service on [[0m[1;32m/world/ml25d_pilot_w5/set_spherical_coordinates/blocking[0m[1;32m] (blocking)[0m[1;32m[0m
[1;32m[Msg] [0m[1;32mEnable collision[0m[1;32m service on [[0m[1;32m/world/ml25d_pilot_w5/enable_collision[0m[1;32m] (async)[0m[1;32m[0m
[1;32m[Msg] [0m[1;32mEnable collision[0m[1;32m service on [[0m[1;32m/world/ml25d_pilot_w5/enable_collision/blocking[0m[1;32m] (blocking)[0m[1;32m[0m
[1;32m[Msg] [0m[1;32mDisable collision[0m[1;32m service on [[0m[1;32m/world/ml25d_pilot_w5/disable_collision[0m[1;32m] (async)[0m[1;32m[0m
[1;32m[Msg] [0m[1;32mDisable collision[0m[1;32m service on [[0m[1;32m/world/ml25d_pilot_w5/disable_collision/blocking[0m[1;32m] (blocking)[0m[1;32m[0m
[1;32m[Msg] [0m[1;32mMaterial[0m[1;32m service on [[0m[1;32m/world/ml25d_pilot_w5/visual_config[0m[1;32m] (async)[0m[1;32m[0m
[1;32m[Msg] [0m[1;32mMaterial[0m[1;32m service on [[0m[1;32m/world/ml25d_pilot_w5/visual_config/blocking[0m[1;32m] (blocking)[0m[1;32m[0m
[1;32m[Msg] [0m[1;32mMaterial[0m[1;32m service on [[0m[1;32m/world/ml25d_pilot_w5/wheel_slip[0m[1;32m] (async)[0m[1;32m[0m
[1;32m[Msg] [0m[1;32mMaterial[0m[1;32m service on [[0m[1;32m/world/ml25d_pilot_w5/wheel_slip/blocking[0m[1;32m] (blocking)[0m[1;32m[0m
[1;36m[Dbg] [SystemManager.cc:80] [[1;31m[Err] [UserCommands.cc:1120] [0m[1;31mEntity named [[0m[1;31mml25d_vehicle_w5[0m[1;31m] of type [[0m[1;31m2[0m[1;31m] not found, so not removed.[0m[1;31m[0m
[1;31m[Err] [UserCommands.cc:1120] [0m[1;31mEntity named [[0m[1;31mml25d_terrain_w5_a8[0m[1;31m] of type [[0m[1;31m2[0m[1;31m] not found, so not removed.[0m[1;31m[0m
[1;31m[Err] [UserCommands.cc:1120] [0m[1;31mEntity named [[0m[1;31mml25d_terrain_w5_a10[0m[1;31m] of type [[0m[1;31m2[0m[1;31m] not found, so not removed.[0m[1;31m[0m
0m[1;36mLoaded system [[0m[1;36mgz::sim::systems::UserCommands[0m[1;36m] for entity [[0m[1;36m1[0m[1;36m][0m[1;36m[0m
[1;36m[Dbg] [SystemManager.cc:80] [0m[1;36mLoaded system [[0m[1;36mgz::sim::systems::SceneBroadcaster[0m[1;36m] for entity [[0m[1;36m1[0m[1;36m][0m[1;36m[0m
[1;36m[Dbg] [SystemManager.cc:80] [0m[1;36mLoaded system [[0m[1;36mgz::sim::systems::Contact[0m[1;36m] for entity [[0m[1;36m1[0m[1;36m][0m[1;36m[0m
[1;32m[Msg] [0m[1;32mLoaded level [[0m[1;32mdefault[0m[1;32m][0m[1;32m[0m
[1;32m[Msg] [0m[1;32mServing world controls on [[0m[1;32m/world/ml25d_pilot_w5[0m[1;32m/control], [[0m[1;32m/world/ml25d_pilot_w5[0m[1;32m/control/state] and [[0m[1;32m/world/ml25d_pilot_w5[0m[1;32m/playback/control][0m[1;32m[0m
[1;32m[Msg] [0m[1;32mServing GUI information on [[0m[1;32m/world/ml25d_pilot_w5[0m[1;32m/[0m[1;32mgui/info[0m[1;32m][0m[1;32m[0m
[1;32m[Msg] [0m[1;32mWorld [[0m[1;32mml25d_pilot_w5[0m[1;32m] initialized with [[0m[1;32m1ms[0m[1;32m] physics profile.[0m[1;32m[0m
[1;32m[Msg] [0m[1;32mServing world SDF generation service on [[0m[1;32m/world/ml25d_pilot_w5[0m[1;32m/[0m[1;32mgenerate_world_sdf[0m[1;32m][0m[1;32m[0m
[1;32m[Msg] [0m[1;32mServing world names on [[0m[1;32m/gazebo/worlds[0m[1;32m][0m[1;32m[0m
[1;32m[Msg] [0m[1;32mResource path add service on [[0m[1;32m/gazebo/resource_paths/add[0m[1;32m].[0m[1;32m[0m
[1;32m[Msg] [0m[1;32mResource path get service on [[0m[1;32m/gazebo/resource_paths/get[0m[1;32m].[0m[1;32m[0m
[1;32m[Msg] [0m[1;32mResource path resolve service on [[0m[1;32m/gazebo/resource_paths/resolve[0m[1;32m].[0m[1;32m[0m
[1;32m[Msg] [0m[1;32mResource paths published on [[0m[1;32m/gazebo/resource_paths[0m[1;32m].[0m[1;32m[0m
[1;32m[Msg] [0m[1;32mServer control service on [[0m[1;32m/server_control[0m[1;32m].[0m[1;32m[0m
[1;32m[Msg] [0m[1;32mFound no publishers on /stats, adding root stats topic[0m[1;32m[0m
[1;32m[Msg] [0m[1;32mFound no publishers on /clock, adding root clock topic[0m[1;32m[0m
[1;36m[Dbg] [SimulationRunner.cc:551] [0m[1;36mCreating PostUpdate worker threads: [0m[1;36m3[0m[1;36m[0m
[1;36m[Dbg] [SimulationRunner.cc:562] [0m[1;36mCreating postupdate worker thread ([0m[1;36m0[0m[1;36m)[0m[1;36m[0m
[1;36m[Dbg] [SimulationRunner.cc:562] [0m[1;36mCreating postupdate worker thread ([0m[1;36m1[0m[1;36m)[0m[1;36m[0m
[1;36m[Dbg] [UserCommands.cc:1094] [0m[1;36mCreated entity [[0m[1;36m6[0m[1;36m] named [[0m[1;36mml25d_terrain_w5_a10[0m[1;36m][0m[1;36m[0m
[1;32m[Msg] [0m[1;32mDiffDrive subscribing to twist messages on [[0m[1;32m/model/ml25d_vehicle_w5/cmd_vel[0m[1;32m][0m[1;32m[0m
[1;36m[Dbg] [SystemManager.cc:80] [0m[1;36mLoaded system [[0m[1;36mgz::sim::systems::DiffDrive[0m[1;36m] for entity [[0m[1;36m10[0m[1;36m][0m[1;36m[0m
[1;32m[Msg] [0m[1;32mOdometryPublisher publishing odometry on [[0m[1;32m/model/ml25d_vehicle_w5/odometry[0m[1;32m][0m[1;32m[0m
[1;32m[Msg] [0m[1;32mOdometryPublisher publishing odometry with covariance on [[0m[1;32m/model/ml25d_vehicle_w5/odometry_with_covariance[0m[1;32m][0m[1;32m[0m
[1;32m[Msg] [0m[1;32mOdometryPublisher publishing Pose_V (TF) on [[0m[1;32m/model/ml25d_vehicle_w5/pose[0m[1;32m][0m[1;32m[0m
[1;36m[Dbg] [SystemManager.cc:80] [0m[1;36mLoaded system [[0m[1;36mgz::sim::systems::OdometryPublisher[0m[1;36m] for entity [[0m[1;36m10[0m[1;36m][0m[1;36m[0m
[1;36m[Dbg] [UserCommands.cc:1094] [0m[1;36mCreated entity [[0m[1;36m10[0m[1;36m] named [[0m[1;36mml25d_vehicle_w5[0m[1;36m][0m[1;36m[0m
[1;32m[Msg] [0m[1;32mContact system publishing on [0m[1;32m/ml25d/ml25d_vehicle_w5/chassis_contacts[0m[1;32m[0m
[1;32m[Msg] [0m[1;32mContact system publishing on [0m[1;32m/ml25d/ml25d_vehicle_w5/front_left_contacts[0m[1;32m[0m
[1;32m[Msg] [0m[1;32mContact system publishing on [0m[1;32m/ml25d/ml25d_vehicle_w5/front_right_contacts[0m[1;32m[0m
[1;32m[Msg] [[1;33m[Wrn] [OBJLoader.cc:202] [0m[1;33mMissing material for shape[[0m[1;33m] [0m[1;33min OBJ file[[0m[1;33m/tmp/ml25d_ros_gz_meshes/terrain_137855915361536_9.obj[0m[1;33m][0m[1;33m[0m

--- start gzserver world=/home/crh/文档/Machine_Learning_25D/ml25d_ws/data/generated_pilot_v2_diag_n8_40/worker_5/ml25d_pilot_w5.sdf ---
[1;32m[Msg] [0m[1;32mGazebo Sim Server v[0m[1;32m8.11.0[0m[1;32m[0m
[1;32m[Msg] [0m[1;32mLoading SDF world file[[0m[1;32m/home/crh/文档/Machine_Learning_25D/ml25d_ws/data/generated_pilot_v2_diag_n8_40/worker_5/ml25d_pilot_w5.sdf[0m[1;32m].[0m
[1;32m[Msg] [0m[1;32mServing entity system service on [[0m[1;32m/[0m[1;32mentity/system/add[0m[1;32m][0m[1;32m[0m
[1;36m[Dbg] [Physics.cc:906] [0m[1;36mLoaded [[0m[1;36mgz::physics::bullet_featherstone::Plugin[0m[1;36m] from library [[0m[1;36m/opt/ros/jazzy/opt/gz_physics_vendor/lib/gz-physics-7/engine-plugins/libgz-physics-bullet-featherstone-plugin.so[0m[1;36m][0m[1;36m[0m
[1;36m[Dbg] [SystemManager.cc:80] [0m[1;36mLoaded system [[0m[1;36mgz::sim::systems::Physics[0m[1;36m] for entity [[0m[1;36m1[0m[1;36m][0m[1;36m[0m
[1;32m[Msg] [0m[1;32mCreate[0m[1;32m service on [[0m[1;32m/world/ml25d_pilot_w5/create_multiple[0m[1;32m] (async)[0m[1;32m[0m
[1;32m[Msg] [0m[1;32mCreate[0m[1;32m service on [[0m[1;32m/world/ml25d_pilot_w5/create_multiple/blocking[0m[1;32m] (blocking)[0m[1;32m[0m
[1;32m[Msg] [0m[1;32mRemove[0m[1;32m service on [[0m[1;32m/world/ml25d_pilot_w5/remove[0m[1;32m] (async)[0m[1;32m[0m
[1;32m[Msg] [0m[1;32mRemove[0m[1;32m service on [[0m[1;32m/world/ml25d_pilot_w5/remove/blocking[0m[1;32m] (blocking)[0m[1;32m[0m
[1;32m[Msg] [0m[1;32mPose[0m[1;32m service on [[0m[1;32m/world/ml25d_pilot_w5/set_pose[0m[1;32m] (async)[0m[1;32m[0m
[1;32m[Msg] [0m[1;32mPose[0m[1;32m service on [[0m[1;32m/world/ml25d_pilot_w5/set_pose/blocking[0m[1;32m] (blocking)[0m[1;32m[0m
[1;32m[Msg] [0m[1;32mPose[0m[1;32m service on [[0m[1;32m/world/ml25d_pilot_w5/set_pose_vector[0m[1;32m] (async)[0m[1;32m[0m
[1;32m[Msg] [0m[1;32mPose[0m[1;32m service on [[0m[1;32m/world/ml25d_pilot_w5/set_pose_vector/blocking[0m[1;32m] (blocking)[0m[1;32m[0m
[1;32m[Msg] [0m[1;32mLight configuration[0m[1;32m service on [[0m[1;32m/world/ml25d_pilot_w5/light_config[0m[1;32m] (async)[0m[1;32m[0m
[1;32m[Msg] [0m[1;32mLight configuration[0m[1;32m service on [[0m[1;32m/world/ml25d_pilot_w5/light_config/blocking[0m[1;32m] (blocking)[0m[1;32m[0m
[1;32m[Msg] [0m[1;32mPhysics[0m[1;32m service on [[0m[1;32m/world/ml25d_pilot_w5/set_physics[0m[1;32m] (async)[0m[1;32m[0m
[1;32m[Msg] [0m[1;32mPhysics[0m[1;32m service on [[0m[1;32m/world/ml25d_pilot_w5/set_physics/blocking[0m[1;32m] (blocking)[0m[1;32m[0m
[1;32m[Msg] [0m[1;32mSphericalCoordinates[0m[1;32m service on [[0m[1;32m/world/ml25d_pilot_w5/set_spherical_coordinates[0m[1;32m] (async)[0m[1;32m[0m
[1;32m[Msg] [0m[1;32mSphericalCoordinates[0m[1;32m service on [[0m[1;32m/world/ml25d_pilot_w5/set_spherical_coordinates/blocking[0m[1;32m] (blocking)[0m[1;32m[0m
[1;32m[Msg] [0m[1;32mEnable collision[0m[1;32m service on [[0m[1;32m/world/ml25d_pilot_w5/enable_collision[0m[1;32m] (async)[0m[1;32m[0m
[1;32m[Msg] [0m[1;32mEnable collision[0m[1;32m service on [[0m[1;32m/world/ml25d_pilot_w5/enable_collision/blocking[0m[1;32m] (blocking)[0m[1;32m[0m
[1;32m[Msg] [0m[1;32mDisable collision[0m[1;32m service on [[0m[1;32m/world/ml25d_pilot_w5/disable_collision[0m[1;32m] (async)[0m[1;32m[0m
[1;32m[Msg] [0m[1;32mDisable collision[0m[1;32m service on [[0m[1;32m/world/ml25d_pilot_w5/disable_collision/blocking[0m[1;32m] (blocking)[0m[1;32m[0m
[1;32m[Msg] [0m[1;32mMaterial[0m[1;32m service on [[0m[1;32m/world/ml25d_pilot_w5/visual_config[0m[1;32m] (async)[0m[1;32m[0m
[1;32m[Msg] [0m[1;32mMaterial[0m[1;32m service on [[0m[1;32m/world/ml25d_pilot_w5/visual_config/blocking[0m[1;32m] (blocking)[0m[1;32m[0m
[1;32m[Msg] [0m[1;32mMaterial[0m[1;32m service on [[0m[1;32m/world/ml25d_pilot_w5/wheel_slip[0m[1;32m] (async)[0m[1;32m[0m
[1;32m[Msg] [0m[1;32mMaterial[0m[1;32m service on [[0m[1;32m/world/ml25d_pilot_w5/wheel_slip/blocking[0m[1;32m] (blocking)[0m[1;32m[0m
[1;36m[Dbg] [SystemManager.cc:80] [[1;31m[Err] [UserCommands.cc:1120] [0m[1;31mEntity named [[0m[1;31mml25d_vehicle_w5[0m[1;31m] of type [[0m[1;31m2[0m[1;31m] not found, so not removed.[0m[1;31m[0m
[1;31m[Err] [UserCommands.cc:1120] [0m[1;31mEntity named [[0m[1;31mml25d_terrain_w5_a10[0m[1;31m] of type [[0m[1;31m2[0m[1;31m] not found, so not removed.[0m[1;31m[0m
[1;31m[Err] [UserCommands.cc:1120] [0m[1;31mEntity named [[0m[1;31mml25d_terrain_w5_a12[0m[1;31m] of type [[0m[1;31m2[0m[1;31m] not found, so not removed.[0m[1;31m[0m
0m[1;36mLoaded system [[0m[1;36mgz::sim::systems::UserCommands[0m[1;36m] for entity [[0m[1;36m1[0m[1;36m][0m[1;36m[0m
[1;36m[Dbg] [SystemManager.cc:80] [0m[1;36mLoaded system [[0m[1;36mgz::sim::systems::SceneBroadcaster[0m[1;36m] for entity [[0m[1;36m1[0m[1;36m][0m[1;36m[0m
[1;36m[Dbg] [SystemManager.cc:80] [0m[1;36mLoaded system [[0m[1;36mgz::sim::systems::Contact[0m[1;36m] for entity [[0m[1;36m1[0m[1;36m][0m[1;36m[0m
[1;32m[Msg] [0m[1;32mLoaded level [[0m[1;32mdefault[0m[1;32m][0m[1;32m[0m
[1;32m[Msg] [0m[1;32mServing world controls on [[0m[1;32m/world/ml25d_pilot_w5[0m[1;32m/control], [[0m[1;32m/world/ml25d_pilot_w5[0m[1;32m/control/state] and [[0m[1;32m/world/ml25d_pilot_w5[0m[1;32m/playback/control][0m[1;32m[0m
[1;32m[Msg] [0m[1;32mServing GUI information on [[0m[1;32m/world/ml25d_pilot_w5[0m[1;32m/[0m[1;32mgui/info[0m[1;32m][0m[1;32m[0m
[1;32m[Msg] [0m[1;32mWorld [[0m[1;32mml25d_pilot_w5[0m[1;32m] initialized with [[0m[1;32m1ms[0m[1;32m] physics profile.[0m[1;32m[0m
[1;32m[Msg] [0m[1;32mServing world SDF generation service on [[0m[1;32m/world/ml25d_pilot_w5[0m[1;32m/[0m[1;32mgenerate_world_sdf[0m[1;32m][0m[1;32m[0m
[1;32m[Msg] [0m[1;32mServing world names on [[0m[1;32m/gazebo/worlds[0m[1;32m][0m[1;32m[0m
[1;32m[Msg] [0m[1;32mResource path add service on [[0m[1;32m/gazebo/resource_paths/add[0m[1;32m].[0m[1;32m[0m
[1;32m[Msg] [0m[1;32mResource path get service on [[0m[1;32m/gazebo/resource_paths/get[0m[1;32m].[0m[1;32m[0m
[1;32m[Msg] [0m[1;32mResource path resolve service on [[0m[1;32m/gazebo/resource_paths/resolve[0m[1;32m].[0m[1;32m[0m
[1;32m[Msg] [0m[1;32mResource paths published on [[0m[1;32m/gazebo/resource_paths[0m[1;32m].[0m[1;32m[0m
[1;32m[Msg] [0m[1;32mServer control service on [[0m[1;32m/server_control[0m[1;32m].[0m[1;32m[0m
[1;32m[Msg] [0m[1;32mFound no publishers on /stats, adding root stats topic[0m[1;32m[0m
[1;32m[Msg] [0m[1;32mFound no publishers on /clock, adding root clock topic[0m[1;32m[0m
[1;36m[Dbg] [SimulationRunner.cc:551] [0m[1;36mCreating PostUpdate worker threads: [0m[1;36m3[0m[1;36m[0m
[1;36m[Dbg] [SimulationRunner.cc:562] [0m[1;36mCreating postupdate worker thread ([0m[1;36m0[0m[1;36m)[0m[1;36m[0m
[1;36m[Dbg] [SimulationRunner.cc:562] [0m[1;36mCreating postupdate worker thread ([0m[1;36m1[0m[1;36m)[0m[1;36m[0m
[1;36m[Dbg] [UserCommands.cc:1094] [0m[1;36mCreated entity [[0m[1;36m6[0m[1;36m] named [[0m[1;36mml25d_terrain_w5_a12[0m[1;36m][0m[1;36m[0m
[1;32m[Msg] [0m[1;32mDiffDrive subscribing to twist messages on [[0m[1;32m/model/ml25d_vehicle_w5/cmd_vel[0m[1;32m][0m[1;32m[0m
[1;36m[Dbg] [SystemManager.cc:80] [0m[1;36mLoaded system [[0m[1;36mgz::sim::systems::DiffDrive[0m[1;36m] for entity [[0m[1;36m10[0m[1;36m][0m[1;36m[0m
[1;32m[Msg] [0m[1;32mOdometryPublisher publishing odometry on [[0m[1;32m/model/ml25d_vehicle_w5/odometry[0m[1;32m][0m[1;32m[0m
[1;32m[Msg] [0m[1;32mOdometryPublisher publishing odometry with covariance on [[0m[1;32m/model/ml25d_vehicle_w5/odometry_with_covariance[0m[1;32m][0m[1;32m[0m
[1;32m[Msg] [0m[1;32mOdometryPublisher publishing Pose_V (TF) on [[0m[1;32m/model/ml25d_vehicle_w5/pose[0m[1;32m][0m[1;32m[0m
[1;36m[Dbg] [SystemManager.cc:80] [0m[1;36mLoaded system [[0m[1;36mgz::sim::systems::OdometryPublisher[0m[1;36m] for entity [[0m[1;36m10[0m[1;36m][0m[1;36m[0m
[1;36m[Dbg] [UserCommands.cc:1094] [0m[1;36mCreated entity [[0m[1;36m10[0m[1;36m] named [[0m[1;36mml25d_vehicle_w5[0m[1;36m][0m[1;36m[0m
[1;32m[Msg] [0m[1;32mContact system publishing on [0m[1;32m/ml25d/ml25d_vehicle_w5/chassis_contacts[0m[1;32m[0m
[1;32m[Msg] [0m[1;32mContact system publishing on [0m[1;32m/ml25d/ml25d_vehicle_w5/front_left_contacts[0m[1;32m[0m
[1;32m[Msg] [0m[1;32mContact system publishing on [0m[1;32m/ml25d/ml25d_vehicle_w5/front_right_contacts[0m[1;32m[0m
[1;32m[Msg] [[1;33m[Wrn] [OBJLoader.cc:202] [0m[1;33mMissing material for shape[[0m[1;33m] [0m[1;33min OBJ file[[0m[1;33m/tmp/ml25d_ros_gz_meshes/terrain_137855915361536_10.obj[0m[1;33m][0m[1;33m[0m
[1;31m[Err] [UserCommands.cc:1120] [0m[1;31mEntity named [[0m[1;31mml25d_terrain_w5_a13[0m[1;31m] of type [[0m[1;31m2[0m[1;31m] not found, so not removed.[0m[1;31m[0m
0m[1;32mContact system publishing on [0m[1;32m/ml25d/ml25d_vehicle_w5/rear_left_contacts[0m[1;32m[0m
[1;32m[Msg] [0m[1;32mContact system publishing on [0m[1;32m/ml25d/ml25d_vehicle_w5/rear_right_contacts[0m[1;32m[0m
[1;36m[Dbg] [Physics.cc:1035] [0m[1;36mAttempting to set physics options, but the [0m[1;36mphyiscs engine doesn't support feature [0m[1;36m[CollisionDetectorFeature]. Options will be ignored.[0m[1;36m[0m
[1;36m[Dbg] [Physics.cc:1061] [0m[1;36mAttempting to set physics options, but the [0m[1;36mphyiscs engine doesn't support feature [0m[1;36m[SolverFeature]. Options will be ignored.[0m[1;36m[0m
[1;36m[Dbg] [Physics.cc:1086] [0m[1;36mAttempting to set physics options, but the [0m[1;36mphyiscs engine doesn't support feature [0m[1;36m[CollisionPairMaxContacts]. [0m[1;36mOptions will be ignored.[0m[1;36m[0m
[1;32m[Msg] [0m[1;32mServing scene information on [[0m[1;32m/world/ml25d_pilot_w5[0m[1;32m/[0m[1;32mscene/info[0m[1;32m][0m[1;32m[0m
[1;32m[Msg] [0m[1;32mServing graph information on [[0m[1;32m/world/ml25d_pilot_w5[0m[1;32m/[0m[1;32mscene/graph[0m[1;32m][0m[1;32m[0m
[1;32m[Msg] [0m[1;32mServing full state on [[0m[1;32m/world/ml25d_pilot_w5[0m[1;32m/[0m[1;32mstate[0m[1;32m][0m[1;32m[0m
[1;32m[Msg] [0m[1;32mServing full state (async) on [[0m[1;32m/world/ml25d_pilot_w5[0m[1;32m/[0m[1;32mstate_async[0m[1;32m][0m[1;32m[0m
[1;32m[Msg] [0m[1;32mPublishing scene information on [[0m[1;32m/world/ml25d_pilot_w5/scene/info[0m[1;32m][0m[1;32m[0m
[1;32m[Msg] [0m[1;32mPublishing entity deletions on [[0m[1;32m/world/ml25d_pilot_w5/scene/deletion[0m[1;32m][0m[1;32m[0m
[1;32m[Msg] [0m[1;32mPublishing state changes on [[0m[1;32m/world/ml25d_pilot_w5/state[0m[1;32m][0m[1;32m[0m
[1;32m[Msg] [0m[1;32mPublishing pose messages on [[0m[1;32m/world/ml25d_pilot_w5[0m[1;32m/[0m[1;32mpose/info[0m[1;32m][0m[1;32m[0m
[1;32m[Msg] [0m[1;32mPublishing dynamic pose messages on [[0m[1;32m/world/ml25d_pilot_w5[0m[1;32m/[0m[1;32mdynamic_pose/info[0m[1;32m][0m[1;32m[0m
[1;36m[Dbg] [SimulationRunner.cc:578] [0m[1;36mExiting postupdate worker thread ([0m[1;36m1[0m[1;36m)[0m[1;36m[0m
[1;36m[Dbg] [SimulationRunner.cc:578] [0m[1;36mExiting postupdate worker thread ([0m[1;36m0[0m[1;36m)[0m[1;36m[0m
[1;36m[Dbg] [SimulationRunner.cc:551] [0m[1;36mCreating PostUpdate worker threads: [0m[1;36m5[0m[1;36m[0m
[1;36m[Dbg] [SimulationRunner.cc:562] [0m[1;36mCreating postupdate worker thread ([0m[1;36m0[0m[1;36m)[0m[1;36m[0m
[1;36m[Dbg] [SimulationRunner.cc:562] [0m[1;36mCreating postupdate worker thread ([0m[1;36m1[0m[1;36m)[0m[1;36m[0m
[1;36m[Dbg] [SimulationRunner.cc:562] [0m[1;36mCreating postupdate worker thread ([0m[1;36m2[0m[1;36m)[0m[1;36m[0m
[1;36m[Dbg] [SimulationRunner.cc:562] [0m[1;36mCreating postupdate worker thread ([0m[1;36m3[0m[1;36m)[0m[1;36m[0m
[1;36m[Dbg] [UserCommands.cc:1144] [0m[1;36mRequesting removal of entity [[0m[1;36m10[0m[1;36m][0m[1;36m[0m
[1;36m[Dbg] [UserCommands.cc:1144] [0m[1;36mRequesting removal of entity [[0m[1;36m6[0m[1;36m][0m[1;36m[0m
[1;36m[Dbg] [SimulationRunner.cc:578] [0m[1;36mExiting postupdate worker thread ([0m[1;36m0[0m[1;36m)[0m[1;36m[0m
[1;36m[Dbg] [SimulationRunner.cc:578] [0m[1;36mExiting postupdate worker thread ([0m[1;36m3[0m[1;36m)[0m[1;36m[0m
[1;36m[Dbg] [SimulationRunner.cc:578] [0m[1;36mExiting postupdate worker thread ([0m[1;36m1[0m[1;36m)[0m[1;36m[Dbg] [SimulationRunner.cc:578] [Dbg] [SimulationRunner.cc:578] [0m[1;36m[0m
[1;36m2[0m[1;36m)[0m[1;36m[0m
[1;36m[Dbg] [SimulationRunner.cc:551] [0m[1;36mCreating PostUpdate worker threads: [0m[1;36m3[0m[1;36m[0m
[1;36m[Dbg] [SimulationRunner.cc:562] [0m[1;36mCreating postupdate worker thread ([0m[1;36m0[0m[1;36m)[0m[1;36m[0m
[1;36m[Dbg] [SimulationRunner.cc:562] [0m[1;36mCreating postupdate worker thread ([0m[1;36m1[0m[1;36m)[0m[1;36m[0m
[1;36m[Dbg] [Use[1;33m[Wrn] [OBJLoader.cc:202] [0m[1;33mMissing material for shape[[0m[1;33m] [0m[1;33min OBJ file[[0m[1;33m/tmp/ml25d_ros_gz_meshes/terrain_137855915361536_11.obj[0m[1;33m][0m[1;33m[0m
[1;31m[Err] [UserCommands.cc:1120] [0m[1;31mEntity named [[0m[1;31mml25d_terrain_w5_a14[0m[1;31m] of type [[0m[1;31m2[0m[1;31m] not found, so not removed.[0m[1;31m[0m
rCommands.cc:1094] [0m[1;36mCreated entity [[0m[1;36m35[0m[1;36m] named [[0m[1;36mml25d_terrain_w5_a13[0m[1;36m][0m[1;36m[0m
[1;32m[Msg] [0m[1;32mDiffDrive subscribing to twist messages on [[0m[1;32m/model/ml25d_vehicle_w5/cmd_vel[0m[1;32m][0m[1;32m[0m
[1;36m[Dbg] [SystemManager.cc:80] [0m[1;36mLoaded system [[0m[1;36mgz::sim::systems::DiffDrive[0m[1;36m] for entity [[0m[1;36m39[0m[1;36m][0m[1;36m[0m
[1;32m[Msg] [0m[1;32mOdometryPublisher publishing odometry on [[0m[1;32m/model/ml25d_vehicle_w5/odometry[0m[1;32m][0m[1;32m[0m
[1;32m[Msg] [0m[1;32mOdometryPublisher publishing odometry with covariance on [[0m[1;32m/model/ml25d_vehicle_w5/odometry_with_covariance[0m[1;32m][0m[1;32m[0m
[1;32m[Msg] [0m[1;32mOdometryPublisher publishing Pose_V (TF) on [[0m[1;32m/model/ml25d_vehicle_w5/pose[0m[1;32m][0m[1;32m[0m
[1;36m[Dbg] [SystemManager.cc:80] [0m[1;36mLoaded system [[0m[1;36mgz::sim::systems::OdometryPublisher[0m[1;36m] for entity [[0m[1;36m39[0m[1;36m][0m[1;36m[0m
[1;36m[Dbg] [UserCommands.cc:1094] [0m[1;36mCreated entity [[0m[1;36m39[0m[1;36m] named [[0m[1;36mml25d_vehicle_w5[0m[1;36m][0m[1;36m[0m
[1;32m[Msg] [0m[1;32mContact system publishing on [0m[1;32m/ml25d/ml25d_vehicle_w5/chassis_contacts[0m[1;32m[0m
[1;32m[Msg] [0m[1;32mContact system publishing on [0m[1;32m/ml25d/ml25d_vehicle_w5/front_left_contacts[0m[1;32m[0m
[1;32m[Msg] [0m[1;32mContact system publishing on [0m[1;32m/ml25d/ml25d_vehicle_w5/front_right_contacts[0m[1;32m[0m
[1;32m[Msg] [0m[1;32mContact system publishing on [0m[1;32m/ml25d/ml25d_vehicle_w5/rear_left_contacts[0m[1;32m[0m
[1;32m[Msg] [0m[1;32mContact system publishing on [0m[1;32m/ml25d/ml25d_vehicle_w5/rear_right_contacts[0m[1;32m[0m
[1;36m[Dbg] [SimulationRunner.cc:578] [0m[1;36mExiting postupdate worker thread ([0m[1;36m1[0m[1;36m)[0m[1;36m[0m
[1;36m[Dbg] [SimulationRunner.cc:578] [0m[1;36mExiting postupdate worker thread ([0m[1;36m0[0m[1;36m)[0m[1;36m[0m
[1;36m[Dbg] [SimulationRunner.cc:551] [0m[1;36mCreating PostUpdate worker threads: [0m[1;36m5[0m[1;36m[0m
[1;36m[Dbg] [SimulationRunner.cc:562] [0m[1;36mCreating postupdate worker thread ([0m[1;36m0[0m[1;36m)[0m[1;36m[0m
[1;36m[Dbg] [SimulationRunner.cc:562] [0m[1;36mCreating postupdate worker thread ([0m[1;36m1[0m[1;36m)[0m[1;36m[0m
[1;36m[Dbg] [SimulationRunner.cc:562] [0m[1;36mCreating postupdate worker thread ([0m[1;36m2[0m[1;36m)[0m[1;36m[0m
[1;36m[Dbg] [SimulationRunner.cc:562] [0m[1;36mCreating postupdate worker thread ([0m[1;36m3[0m[1;36m)[0m[1;36m[0m
[1;36m[Dbg] [UserCommands.cc:1144] [0m[1;36mRequesting removal of entity [[0m[1;36m39[0m[1;36m][0m[1;36m[0m
[1;36m[Dbg] [UserCommands.cc:1144] [0m[1;36mRequesting removal of entity [[0m[1;36m35[0m[1;36m][0m[1;36m[0m
[1;36m[Dbg] [SimulationRunner.cc:578] [0m[1;36m[Dbg] [SimulationRunner.cc:578] [Dbg] [SimulationRunner.cc:578] [0m[1;36mExiting postupdate worker thread ([0m[1;36m3[0m[1;36m3[0m[1;36m)[Dbg] [SimulationRunner.cc:578] [0m[1;36m)[0m[1;36m[0m
[1;36m0[0m[1;36m)[0m[1;36mExiting postupdate worker thread ([0m[1;36m)[0m[1;36m[0m
[1;36m[0m
[1;36m1[0m[1;36m)[0m[1;36m[0m
[1;36m[Dbg] [SimulationRunner.cc:551] [0m[1;36mCreating PostUpdate worker threads: [0m[1;36m3[0m[1;36m[0m
[1;36m[Dbg] [SimulationRunner.cc:562] [0m[1;36mCreating postupdate worker thread ([0m[1;36m0[0m[1;36m)[0m[1;36m[0m
[1;36m[Dbg] [SimulationRunner.cc:562] [0m[1;36mCreating postupdate worker thread ([0m[1;36m1[0m[1;36m)[0m[1;36m[0m
[1;36m[Dbg] [UserCommands.cc:1094] [0m[1;36mCreated entity [[0m[1;36m64[0m[1;36m] named [[0m[1;36mml25d_terrain_w5_a14[0m[1;36m][0m[1;36m[0m
[1;32m[Msg] [0m[1;32mDiffDrive subscribing to twist messages on [[0m[1;32m/model/ml25d_vehicle_w5/cmd_vel[0m[1;32m][0m[1;32m[0m
[1;36m[Dbg] [SystemManager.cc:80] [0m[1;36mLoaded system [[0m[1;36mgz::sim::systems::DiffDrive[0m[1;36m] for entity [[[1;33m[Wrn] [OBJLoader.cc:202] [0m[1;33mMissing material for shape[[0m[1;33m] [0m[1;33min OBJ file[[0m[1;33m/tmp/ml25d_ros_gz_meshes/terrain_137855915361536_12.obj[0m[1;33m][0m[1;33m[0m
