
--- start ros_gz_bridge parameter_bridge ---
[INFO] [1777191841.612593877] [ros_gz_bridge]: Creating ROS->GZ Bridge: [/model/ml25d_vehicle_w1/cmd_vel (geometry_msgs/msg/Twist) -> /model/ml25d_vehicle_w1/cmd_vel (gz.msgs.Twist)] (Lazy 0)
[INFO] [1777191841.613778941] [ros_gz_bridge]: Creating GZ->ROS Bridge: [/model/ml25d_vehicle_w1/odometry (gz.msgs.Odometry) -> /model/ml25d_vehicle_w1/odometry (nav_msgs/msg/Odometry)] (Lazy 0)
[INFO] [1777191841.614641408] [ros_gz_bridge]: Creating ROS->GZ service bridge [/world/ml25d_flat_audit_w1/set_pose (ros_gz_interfaces/srv/SetEntityPose -> /)]
[INFO] [1777191841.615139792] [ros_gz_bridge]: Creating ROS->GZ service bridge [/world/ml25d_flat_audit_w1/create (ros_gz_interfaces/srv/SpawnEntity -> /)]
[INFO] [1777191841.615323456] [ros_gz_bridge]: Creating ROS->GZ service bridge [/world/ml25d_flat_audit_w1/remove (ros_gz_interfaces/srv/DeleteEntity -> /)]
[INFO] [1777191841.615475482] [ros_gz_bridge]: Creating ROS->GZ service bridge [/world/ml25d_flat_audit_w1/control (ros_gz_interfaces/srv/ControlWorld -> /)]
[INFO] [1777191841.615624953] [ros_gz_bridge]: Creating GZ->ROS Bridge: [/ml25d/ml25d_vehicle_w1/chassis_contacts (gz.msgs.Contacts) -> /ml25d/ml25d_vehicle_w1/chassis_contacts (ros_gz_interfaces/msg/Contacts)] (Lazy 0)
[INFO] [1777191841.616376584] [ros_gz_bridge]: Creating GZ->ROS Bridge: [/ml25d/ml25d_vehicle_w1/front_left_contacts (gz.msgs.Contacts) -> /ml25d/ml25d_vehicle_w1/front_left_contacts (ros_gz_interfaces/msg/Contacts)] (Lazy 0)
[INFO] [1777191841.616542070] [ros_gz_bridge]: Creating GZ->ROS Bridge: [/ml25d/ml25d_vehicle_w1/front_right_contacts (gz.msgs.Contacts) -> /ml25d/ml25d_vehicle_w1/front_right_contacts (ros_gz_interfaces/msg/Contacts)] (Lazy 0)
[INFO] [1777191841.616677034] [ros_gz_bridge]: Creating GZ->ROS Bridge: [/ml25d/ml25d_vehicle_w1/rear_left_contacts (gz.msgs.Contacts) -> /ml25d/ml25d_vehicle_w1/rear_left_contacts (ros_gz_interfaces/msg/Contacts)] (Lazy 0)
[INFO] [1777191841.616804238] [ros_gz_bridge]: Creating GZ->ROS Bridge: [/ml25d/ml25d_vehicle_w1/rear_right_contacts (gz.msgs.Contacts) -> /ml25d/ml25d_vehicle_w1/rear_right_contacts (ros_gz_interfaces/msg/Contacts)] (Lazy 0)
[INFO] [1777191845.680652451] [ros_gz_bridge]: Passing message from ROS geometry_msgs/msg/Twist to Gazebo gz.msgs.Twist (showing msg only once per type)

--- start ros_gz_bridge parameter_bridge ---
[INFO] [1777192660.194468135] [ros_gz_bridge]: Creating ROS->GZ Bridge: [/model/ml25d_vehicle_w1/cmd_vel (geometry_msgs/msg/Twist) -> /model/ml25d_vehicle_w1/cmd_vel (gz.msgs.Twist)] (Lazy 0)
[INFO] [1777192660.195632419] [ros_gz_bridge]: Creating GZ->ROS Bridge: [/model/ml25d_vehicle_w1/odometry (gz.msgs.Odometry) -> /model/ml25d_vehicle_w1/odometry (nav_msgs/msg/Odometry)] (Lazy 0)
[INFO] [1777192660.196497203] [ros_gz_bridge]: Creating ROS->GZ service bridge [/world/ml25d_flat_audit_w1/set_pose (ros_gz_interfaces/srv/SetEntityPose -> /)]
[INFO] [1777192660.196994116] [ros_gz_bridge]: Creating ROS->GZ service bridge [/world/ml25d_flat_audit_w1/create (ros_gz_interfaces/srv/SpawnEntity -> /)]
[INFO] [1777192660.197180837] [ros_gz_bridge]: Creating ROS->GZ service bridge [/world/ml25d_flat_audit_w1/remove (ros_gz_interfaces/srv/DeleteEntity -> /)]
[INFO] [1777192660.197337044] [ros_gz_bridge]: Creating ROS->GZ service bridge [/world/ml25d_flat_audit_w1/control (ros_gz_interfaces/srv/ControlWorld -> /)]
[INFO] [1777192660.197505132] [ros_gz_bridge]: Creating GZ->ROS Bridge: [/ml25d/ml25d_vehicle_w1/chassis_contacts (gz.msgs.Contacts) -> /ml25d/ml25d_vehicle_w1/chassis_contacts (ros_gz_interfaces/msg/Contacts)] (Lazy 0)
[INFO] [1777192660.198210194] [ros_gz_bridge]: Creating GZ->ROS Bridge: [/ml25d/ml25d_vehicle_w1/front_left_contacts (gz.msgs.Contacts) -> /ml25d/ml25d_vehicle_w1/front_left_contacts (ros_gz_interfaces/msg/Contacts)] (Lazy 0)
[INFO] [1777192660.198379166] [ros_gz_bridge]: Creating GZ->ROS Bridge: [/ml25d/ml25d_vehicle_w1/front_right_contacts (gz.msgs.Contacts) -> /ml25d/ml25d_vehicle_w1/front_right_contacts (ros_gz_interfaces/msg/Contacts)] (Lazy 0)
[INFO] [1777192660.198519108] [ros_gz_bridge]: Creating GZ->ROS Bridge: [/ml25d/ml25d_vehicle_w1/rear_left_contacts (gz.msgs.Contacts) -> /ml25d/ml25d_vehicle_w1/rear_left_contacts (ros_gz_interfaces/msg/Contacts)] (Lazy 0)
[INFO] [1777192660.198660887] [ros_gz_bridge]: Creating GZ->ROS Bridge: [/ml25d/ml25d_vehicle_w1/rear_right_contacts (gz.msgs.Contacts) -> /ml25d/ml25d_vehicle_w1/rear_right_contacts (ros_gz_interfaces/msg/Contacts)] (Lazy 0)
[INFO] [1777192664.307284287] [ros_gz_bridge]: Passing message from ROS geometry_msgs/msg/Twist to Gazebo gz.msgs.Twist (showing msg only once per type)
