
--- start ros_gz_bridge parameter_bridge ---
[INFO] [1777194391.271749912] [ros_gz_bridge]: Creating ROS->GZ Bridge: [/model/ml25d_vehicle_w6/cmd_vel (geometry_msgs/msg/Twist) -> /model/ml25d_vehicle_w6/cmd_vel (gz.msgs.Twist)] (Lazy 0)
[INFO] [1777194391.274034738] [ros_gz_bridge]: Creating GZ->ROS Bridge: [/model/ml25d_vehicle_w6/odometry (gz.msgs.Odometry) -> /model/ml25d_vehicle_w6/odometry (nav_msgs/msg/Odometry)] (Lazy 0)
[INFO] [1777194391.275410882] [ros_gz_bridge]: Creating ROS->GZ service bridge [/world/ml25d_pilot_w6/set_pose (ros_gz_interfaces/srv/SetEntityPose -> /)]
[INFO] [1777194391.276371566] [ros_gz_bridge]: Creating ROS->GZ service bridge [/world/ml25d_pilot_w6/create (ros_gz_interfaces/srv/SpawnEntity -> /)]
[INFO] [1777194391.276735046] [ros_gz_bridge]: Creating ROS->GZ service bridge [/world/ml25d_pilot_w6/remove (ros_gz_interfaces/srv/DeleteEntity -> /)]
[INFO] [1777194391.277089651] [ros_gz_bridge]: Creating ROS->GZ service bridge [/world/ml25d_pilot_w6/control (ros_gz_interfaces/srv/ControlWorld -> /)]
[INFO] [1777194391.277440136] [ros_gz_bridge]: Creating GZ->ROS Bridge: [/ml25d/ml25d_vehicle_w6/chassis_contacts (gz.msgs.Contacts) -> /ml25d/ml25d_vehicle_w6/chassis_contacts (ros_gz_interfaces/msg/Contacts)] (Lazy 0)
[INFO] [1777194391.279287630] [ros_gz_bridge]: Creating GZ->ROS Bridge: [/ml25d/ml25d_vehicle_w6/front_left_contacts (gz.msgs.Contacts) -> /ml25d/ml25d_vehicle_w6/front_left_contacts (ros_gz_interfaces/msg/Contacts)] (Lazy 0)
[INFO] [1777194391.279845125] [ros_gz_bridge]: Creating GZ->ROS Bridge: [/ml25d/ml25d_vehicle_w6/front_right_contacts (gz.msgs.Contacts) -> /ml25d/ml25d_vehicle_w6/front_right_contacts (ros_gz_interfaces/msg/Contacts)] (Lazy 0)
[INFO] [1777194391.280460769] [ros_gz_bridge]: Creating GZ->ROS Bridge: [/ml25d/ml25d_vehicle_w6/rear_left_contacts (gz.msgs.Contacts) -> /ml25d/ml25d_vehicle_w6/rear_left_contacts (ros_gz_interfaces/msg/Contacts)] (Lazy 0)
[INFO] [1777194391.281012968] [ros_gz_bridge]: Creating GZ->ROS Bridge: [/ml25d/ml25d_vehicle_w6/rear_right_contacts (gz.msgs.Contacts) -> /ml25d/ml25d_vehicle_w6/rear_right_contacts (ros_gz_interfaces/msg/Contacts)] (Lazy 0)
[INFO] [1777194395.415712685] [ros_gz_bridge]: Passing message from ROS geometry_msgs/msg/Twist to Gazebo gz.msgs.Twist (showing msg only once per type)

--- start ros_gz_bridge parameter_bridge ---
[INFO] [1777194447.100488359] [ros_gz_bridge]: Creating ROS->GZ Bridge: [/model/ml25d_vehicle_w6/cmd_vel (geometry_msgs/msg/Twist) -> /model/ml25d_vehicle_w6/cmd_vel (gz.msgs.Twist)] (Lazy 0)
[INFO] [1777194447.102482337] [ros_gz_bridge]: Creating GZ->ROS Bridge: [/model/ml25d_vehicle_w6/odometry (gz.msgs.Odometry) -> /model/ml25d_vehicle_w6/odometry (nav_msgs/msg/Odometry)] (Lazy 0)
[INFO] [1777194447.103676894] [ros_gz_bridge]: Creating ROS->GZ service bridge [/world/ml25d_pilot_w6/set_pose (ros_gz_interfaces/srv/SetEntityPose -> /)]
[INFO] [1777194447.104202934] [ros_gz_bridge]: Creating ROS->GZ service bridge [/world/ml25d_pilot_w6/create (ros_gz_interfaces/srv/SpawnEntity -> /)]
[INFO] [1777194447.104384909] [ros_gz_bridge]: Creating ROS->GZ service bridge [/world/ml25d_pilot_w6/remove (ros_gz_interfaces/srv/DeleteEntity -> /)]
[INFO] [1777194447.104539717] [ros_gz_bridge]: Creating ROS->GZ service bridge [/world/ml25d_pilot_w6/control (ros_gz_interfaces/srv/ControlWorld -> /)]
[INFO] [1777194447.104696118] [ros_gz_bridge]: Creating GZ->ROS Bridge: [/ml25d/ml25d_vehicle_w6/chassis_contacts (gz.msgs.Contacts) -> /ml25d/ml25d_vehicle_w6/chassis_contacts (ros_gz_interfaces/msg/Contacts)] (Lazy 0)
[INFO] [1777194447.105468747] [ros_gz_bridge]: Creating GZ->ROS Bridge: [/ml25d/ml25d_vehicle_w6/front_left_contacts (gz.msgs.Contacts) -> /ml25d/ml25d_vehicle_w6/front_left_contacts (ros_gz_interfaces/msg/Contacts)] (Lazy 0)
[INFO] [1777194447.105670075] [ros_gz_bridge]: Creating GZ->ROS Bridge: [/ml25d/ml25d_vehicle_w6/front_right_contacts (gz.msgs.Contacts) -> /ml25d/ml25d_vehicle_w6/front_right_contacts (ros_gz_interfaces/msg/Contacts)] (Lazy 0)
[INFO] [1777194447.105844797] [ros_gz_bridge]: Creating GZ->ROS Bridge: [/ml25d/ml25d_vehicle_w6/rear_left_contacts (gz.msgs.Contacts) -> /ml25d/ml25d_vehicle_w6/rear_left_contacts (ros_gz_interfaces/msg/Contacts)] (Lazy 0)
[INFO] [1777194447.106034532] [ros_gz_bridge]: Creating GZ->ROS Bridge: [/ml25d/ml25d_vehicle_w6/rear_right_contacts (gz.msgs.Contacts) -> /ml25d/ml25d_vehicle_w6/rear_right_contacts (ros_gz_interfaces/msg/Contacts)] (Lazy 0)
[INFO] [1777194450.625228285] [ros_gz_bridge]: Passing message from ROS geometry_msgs/msg/Twist to Gazebo gz.msgs.Twist (showing msg only once per type)
[ros2run]: Killed
