
--- start ros_gz_bridge parameter_bridge ---
[INFO] [1777366813.330763314] [ros_gz_bridge]: Creating ROS->GZ Bridge: [/model/ml25d_vehicle_datasetv1_s0010_w2/cmd_vel (geometry_msgs/msg/Twist) -> /model/ml25d_vehicle_datasetv1_s0010_w2/cmd_vel (gz.msgs.Twist)] (Lazy 0)
[INFO] [1777366813.333642013] [ros_gz_bridge]: Creating GZ->ROS Bridge: [/model/ml25d_vehicle_datasetv1_s0010_w2/odometry (gz.msgs.Odometry) -> /model/ml25d_vehicle_datasetv1_s0010_w2/odometry (nav_msgs/msg/Odometry)] (Lazy 0)
[INFO] [1777366813.335391854] [ros_gz_bridge]: Creating ROS->GZ service bridge [/world/ml25d_pilot_datasetv1_s0010_w2/set_pose (ros_gz_interfaces/srv/SetEntityPose -> /)]
[INFO] [1777366813.336700342] [ros_gz_bridge]: Creating ROS->GZ service bridge [/world/ml25d_pilot_datasetv1_s0010_w2/create (ros_gz_interfaces/srv/SpawnEntity -> /)]
[INFO] [1777366813.337241296] [ros_gz_bridge]: Creating ROS->GZ service bridge [/world/ml25d_pilot_datasetv1_s0010_w2/remove (ros_gz_interfaces/srv/DeleteEntity -> /)]
[INFO] [1777366813.337737616] [ros_gz_bridge]: Creating ROS->GZ service bridge [/world/ml25d_pilot_datasetv1_s0010_w2/control (ros_gz_interfaces/srv/ControlWorld -> /)]
[INFO] [1777366813.338285639] [ros_gz_bridge]: Creating GZ->ROS Bridge: [/ml25d/ml25d_vehicle_datasetv1_s0010_w2/chassis_contacts (gz.msgs.Contacts) -> /ml25d/ml25d_vehicle_datasetv1_s0010_w2/chassis_contacts (ros_gz_interfaces/msg/Contacts)] (Lazy 0)
[INFO] [1777366813.340566360] [ros_gz_bridge]: Creating GZ->ROS Bridge: [/ml25d/ml25d_vehicle_datasetv1_s0010_w2/front_left_contacts (gz.msgs.Contacts) -> /ml25d/ml25d_vehicle_datasetv1_s0010_w2/front_left_contacts (ros_gz_interfaces/msg/Contacts)] (Lazy 0)
[INFO] [1777366813.341447924] [ros_gz_bridge]: Creating GZ->ROS Bridge: [/ml25d/ml25d_vehicle_datasetv1_s0010_w2/front_right_contacts (gz.msgs.Contacts) -> /ml25d/ml25d_vehicle_datasetv1_s0010_w2/front_right_contacts (ros_gz_interfaces/msg/Contacts)] (Lazy 0)
[INFO] [1777366813.342074325] [ros_gz_bridge]: Creating GZ->ROS Bridge: [/ml25d/ml25d_vehicle_datasetv1_s0010_w2/rear_left_contacts (gz.msgs.Contacts) -> /ml25d/ml25d_vehicle_datasetv1_s0010_w2/rear_left_contacts (ros_gz_interfaces/msg/Contacts)] (Lazy 0)
[INFO] [1777366813.342786838] [ros_gz_bridge]: Creating GZ->ROS Bridge: [/ml25d/ml25d_vehicle_datasetv1_s0010_w2/rear_right_contacts (gz.msgs.Contacts) -> /ml25d/ml25d_vehicle_datasetv1_s0010_w2/rear_right_contacts (ros_gz_interfaces/msg/Contacts)] (Lazy 0)
[WARN] [1777366813.694143838] [ros_gz_bridge.rclcpp]: failed to send response to /world/ml25d_pilot_datasetv1_s0010_w2/control (timeout): client will not receive response, at ./src/rmw_response.cpp:153, at ./src/rcl/service.c:400
[INFO] [1777366828.671598838] [ros_gz_bridge]: Passing message from ROS geometry_msgs/msg/Twist to Gazebo gz.msgs.Twist (showing msg only once per type)
[INFO] [1777367556.773355045] [rclcpp]: signal_handler(SIGINT/SIGTERM)

--- start ros_gz_bridge parameter_bridge ---
[INFO] [1777368184.154628915] [ros_gz_bridge]: Creating ROS->GZ Bridge: [/model/ml25d_vehicle_datasetv1_s0010_w2/cmd_vel (geometry_msgs/msg/Twist) -> /model/ml25d_vehicle_datasetv1_s0010_w2/cmd_vel (gz.msgs.Twist)] (Lazy 0)
[INFO] [1777368184.155789103] [ros_gz_bridge]: Creating GZ->ROS Bridge: [/model/ml25d_vehicle_datasetv1_s0010_w2/odometry (gz.msgs.Odometry) -> /model/ml25d_vehicle_datasetv1_s0010_w2/odometry (nav_msgs/msg/Odometry)] (Lazy 0)
[INFO] [1777368184.156682652] [ros_gz_bridge]: Creating ROS->GZ service bridge [/world/ml25d_pilot_datasetv1_s0010_w2/set_pose (ros_gz_interfaces/srv/SetEntityPose -> /)]
[INFO] [1777368184.157187908] [ros_gz_bridge]: Creating ROS->GZ service bridge [/world/ml25d_pilot_datasetv1_s0010_w2/create (ros_gz_interfaces/srv/SpawnEntity -> /)]
[INFO] [1777368184.157366391] [ros_gz_bridge]: Creating ROS->GZ service bridge [/world/ml25d_pilot_datasetv1_s0010_w2/remove (ros_gz_interfaces/srv/DeleteEntity -> /)]
[INFO] [1777368184.157512691] [ros_gz_bridge]: Creating ROS->GZ service bridge [/world/ml25d_pilot_datasetv1_s0010_w2/control (ros_gz_interfaces/srv/ControlWorld -> /)]
[INFO] [1777368184.157684448] [ros_gz_bridge]: Creating GZ->ROS Bridge: [/ml25d/ml25d_vehicle_datasetv1_s0010_w2/chassis_contacts (gz.msgs.Contacts) -> /ml25d/ml25d_vehicle_datasetv1_s0010_w2/chassis_contacts (ros_gz_interfaces/msg/Contacts)] (Lazy 0)
[INFO] [1777368184.158430588] [ros_gz_bridge]: Creating GZ->ROS Bridge: [/ml25d/ml25d_vehicle_datasetv1_s0010_w2/front_left_contacts (gz.msgs.Contacts) -> /ml25d/ml25d_vehicle_datasetv1_s0010_w2/front_left_contacts (ros_gz_interfaces/msg/Contacts)] (Lazy 0)
[INFO] [1777368184.158610315] [ros_gz_bridge]: Creating GZ->ROS Bridge: [/ml25d/ml25d_vehicle_datasetv1_s0010_w2/front_right_contacts (gz.msgs.Contacts) -> /ml25d/ml25d_vehicle_datasetv1_s0010_w2/front_right_contacts (ros_gz_interfaces/msg/Contacts)] (Lazy 0)
[INFO] [1777368184.158752130] [ros_gz_bridge]: Creating GZ->ROS Bridge: [/ml25d/ml25d_vehicle_datasetv1_s0010_w2/rear_left_contacts (gz.msgs.Contacts) -> /ml25d/ml25d_vehicle_datasetv1_s0010_w2/rear_left_contacts (ros_gz_interfaces/msg/Contacts)] (Lazy 0)
[INFO] [1777368184.158890346] [ros_gz_bridge]: Creating GZ->ROS Bridge: [/ml25d/ml25d_vehicle_datasetv1_s0010_w2/rear_right_contacts (gz.msgs.Contacts) -> /ml25d/ml25d_vehicle_datasetv1_s0010_w2/rear_right_contacts (ros_gz_interfaces/msg/Contacts)] (Lazy 0)
[INFO] [1777368187.901635056] [ros_gz_bridge]: Passing message from ROS geometry_msgs/msg/Twist to Gazebo gz.msgs.Twist (showing msg only once per type)
[INFO] [1777368902.991665853] [rclcpp]: signal_handler(SIGINT/SIGTERM)
