
--- start ros_gz_bridge parameter_bridge ---
[INFO] [1777193746.717666700] [ros_gz_bridge]: Creating ROS->GZ Bridge: [/model/ml25d_vehicle_w0/cmd_vel (geometry_msgs/msg/Twist) -> /model/ml25d_vehicle_w0/cmd_vel (gz.msgs.Twist)] (Lazy 0)
[INFO] [1777193746.718814620] [ros_gz_bridge]: Creating GZ->ROS Bridge: [/model/ml25d_vehicle_w0/odometry (gz.msgs.Odometry) -> /model/ml25d_vehicle_w0/odometry (nav_msgs/msg/Odometry)] (Lazy 0)
[INFO] [1777193746.719748050] [ros_gz_bridge]: Creating ROS->GZ service bridge [/world/ml25d_pilot_w0/set_pose (ros_gz_interfaces/srv/SetEntityPose -> /)]
[INFO] [1777193746.720289054] [ros_gz_bridge]: Creating ROS->GZ service bridge [/world/ml25d_pilot_w0/create (ros_gz_interfaces/srv/SpawnEntity -> /)]
[INFO] [1777193746.720532112] [ros_gz_bridge]: Creating ROS->GZ service bridge [/world/ml25d_pilot_w0/remove (ros_gz_interfaces/srv/DeleteEntity -> /)]
[INFO] [1777193746.720745112] [ros_gz_bridge]: Creating ROS->GZ service bridge [/world/ml25d_pilot_w0/control (ros_gz_interfaces/srv/ControlWorld -> /)]
[INFO] [1777193746.720971084] [ros_gz_bridge]: Creating GZ->ROS Bridge: [/ml25d/ml25d_vehicle_w0/chassis_contacts (gz.msgs.Contacts) -> /ml25d/ml25d_vehicle_w0/chassis_contacts (ros_gz_interfaces/msg/Contacts)] (Lazy 0)
[INFO] [1777193746.721750629] [ros_gz_bridge]: Creating GZ->ROS Bridge: [/ml25d/ml25d_vehicle_w0/front_left_contacts (gz.msgs.Contacts) -> /ml25d/ml25d_vehicle_w0/front_left_contacts (ros_gz_interfaces/msg/Contacts)] (Lazy 0)
[INFO] [1777193746.721961030] [ros_gz_bridge]: Creating GZ->ROS Bridge: [/ml25d/ml25d_vehicle_w0/front_right_contacts (gz.msgs.Contacts) -> /ml25d/ml25d_vehicle_w0/front_right_contacts (ros_gz_interfaces/msg/Contacts)] (Lazy 0)
[INFO] [1777193746.722151645] [ros_gz_bridge]: Creating GZ->ROS Bridge: [/ml25d/ml25d_vehicle_w0/rear_left_contacts (gz.msgs.Contacts) -> /ml25d/ml25d_vehicle_w0/rear_left_contacts (ros_gz_interfaces/msg/Contacts)] (Lazy 0)
[INFO] [1777193746.722333623] [ros_gz_bridge]: Creating GZ->ROS Bridge: [/ml25d/ml25d_vehicle_w0/rear_right_contacts (gz.msgs.Contacts) -> /ml25d/ml25d_vehicle_w0/rear_right_contacts (ros_gz_interfaces/msg/Contacts)] (Lazy 0)
[INFO] [1777193750.824426701] [ros_gz_bridge]: Passing message from ROS geometry_msgs/msg/Twist to Gazebo gz.msgs.Twist (showing msg only once per type)

--- start ros_gz_bridge parameter_bridge ---
[INFO] [1777194075.291445851] [ros_gz_bridge]: Creating ROS->GZ Bridge: [/model/ml25d_vehicle_w0/cmd_vel (geometry_msgs/msg/Twist) -> /model/ml25d_vehicle_w0/cmd_vel (gz.msgs.Twist)] (Lazy 0)
[INFO] [1777194075.292458801] [ros_gz_bridge]: Creating GZ->ROS Bridge: [/model/ml25d_vehicle_w0/odometry (gz.msgs.Odometry) -> /model/ml25d_vehicle_w0/odometry (nav_msgs/msg/Odometry)] (Lazy 0)
[INFO] [1777194075.293272930] [ros_gz_bridge]: Creating ROS->GZ service bridge [/world/ml25d_pilot_w0/set_pose (ros_gz_interfaces/srv/SetEntityPose -> /)]
[INFO] [1777194075.293743960] [ros_gz_bridge]: Creating ROS->GZ service bridge [/world/ml25d_pilot_w0/create (ros_gz_interfaces/srv/SpawnEntity -> /)]
[INFO] [1777194075.293931821] [ros_gz_bridge]: Creating ROS->GZ service bridge [/world/ml25d_pilot_w0/remove (ros_gz_interfaces/srv/DeleteEntity -> /)]
[INFO] [1777194075.294116788] [ros_gz_bridge]: Creating ROS->GZ service bridge [/world/ml25d_pilot_w0/control (ros_gz_interfaces/srv/ControlWorld -> /)]
[INFO] [1777194075.294281606] [ros_gz_bridge]: Creating GZ->ROS Bridge: [/ml25d/ml25d_vehicle_w0/chassis_contacts (gz.msgs.Contacts) -> /ml25d/ml25d_vehicle_w0/chassis_contacts (ros_gz_interfaces/msg/Contacts)] (Lazy 0)
[INFO] [1777194075.295007993] [ros_gz_bridge]: Creating GZ->ROS Bridge: [/ml25d/ml25d_vehicle_w0/front_left_contacts (gz.msgs.Contacts) -> /ml25d/ml25d_vehicle_w0/front_left_contacts (ros_gz_interfaces/msg/Contacts)] (Lazy 0)
[INFO] [1777194075.295182744] [ros_gz_bridge]: Creating GZ->ROS Bridge: [/ml25d/ml25d_vehicle_w0/front_right_contacts (gz.msgs.Contacts) -> /ml25d/ml25d_vehicle_w0/front_right_contacts (ros_gz_interfaces/msg/Contacts)] (Lazy 0)
[INFO] [1777194075.295338637] [ros_gz_bridge]: Creating GZ->ROS Bridge: [/ml25d/ml25d_vehicle_w0/rear_left_contacts (gz.msgs.Contacts) -> /ml25d/ml25d_vehicle_w0/rear_left_contacts (ros_gz_interfaces/msg/Contacts)] (Lazy 0)
[INFO] [1777194075.295491552] [ros_gz_bridge]: Creating GZ->ROS Bridge: [/ml25d/ml25d_vehicle_w0/rear_right_contacts (gz.msgs.Contacts) -> /ml25d/ml25d_vehicle_w0/rear_right_contacts (ros_gz_interfaces/msg/Contacts)] (Lazy 0)
[INFO] [1777194079.411254632] [ros_gz_bridge]: Passing message from ROS geometry_msgs/msg/Twist to Gazebo gz.msgs.Twist (showing msg only once per type)
