
--- start ros_gz_bridge parameter_bridge ---
[INFO] [1777352699.578747643] [ros_gz_bridge]: Creating ROS->GZ Bridge: [/model/ml25d_vehicle_w1/cmd_vel (geometry_msgs/msg/Twist) -> /model/ml25d_vehicle_w1/cmd_vel (gz.msgs.Twist)] (Lazy 0)
[INFO] [1777352699.580102492] [ros_gz_bridge]: Creating GZ->ROS Bridge: [/model/ml25d_vehicle_w1/odometry (gz.msgs.Odometry) -> /model/ml25d_vehicle_w1/odometry (nav_msgs/msg/Odometry)] (Lazy 0)
[INFO] [1777352699.581042945] [ros_gz_bridge]: Creating ROS->GZ service bridge [/world/ml25d_pilot_w1/set_pose (ros_gz_interfaces/srv/SetEntityPose -> /)]
[INFO] [1777352699.581577932] [ros_gz_bridge]: Creating ROS->GZ service bridge [/world/ml25d_pilot_w1/create (ros_gz_interfaces/srv/SpawnEntity -> /)]
[INFO] [1777352699.581778877] [ros_gz_bridge]: Creating ROS->GZ service bridge [/world/ml25d_pilot_w1/remove (ros_gz_interfaces/srv/DeleteEntity -> /)]
[INFO] [1777352699.581944294] [ros_gz_bridge]: Creating ROS->GZ service bridge [/world/ml25d_pilot_w1/control (ros_gz_interfaces/srv/ControlWorld -> /)]
[INFO] [1777352699.582147622] [ros_gz_bridge]: Creating GZ->ROS Bridge: [/ml25d/ml25d_vehicle_w1/chassis_contacts (gz.msgs.Contacts) -> /ml25d/ml25d_vehicle_w1/chassis_contacts (ros_gz_interfaces/msg/Contacts)] (Lazy 0)
[INFO] [1777352699.582921719] [ros_gz_bridge]: Creating GZ->ROS Bridge: [/ml25d/ml25d_vehicle_w1/front_left_contacts (gz.msgs.Contacts) -> /ml25d/ml25d_vehicle_w1/front_left_contacts (ros_gz_interfaces/msg/Contacts)] (Lazy 0)
[INFO] [1777352699.583183338] [ros_gz_bridge]: Creating GZ->ROS Bridge: [/ml25d/ml25d_vehicle_w1/front_right_contacts (gz.msgs.Contacts) -> /ml25d/ml25d_vehicle_w1/front_right_contacts (ros_gz_interfaces/msg/Contacts)] (Lazy 0)
[INFO] [1777352699.583647729] [ros_gz_bridge]: Creating GZ->ROS Bridge: [/ml25d/ml25d_vehicle_w1/rear_left_contacts (gz.msgs.Contacts) -> /ml25d/ml25d_vehicle_w1/rear_left_contacts (ros_gz_interfaces/msg/Contacts)] (Lazy 0)
[INFO] [1777352699.583938025] [ros_gz_bridge]: Creating GZ->ROS Bridge: [/ml25d/ml25d_vehicle_w1/rear_right_contacts (gz.msgs.Contacts) -> /ml25d/ml25d_vehicle_w1/rear_right_contacts (ros_gz_interfaces/msg/Contacts)] (Lazy 0)
[INFO] [1777352703.238542100] [ros_gz_bridge]: Passing message from ROS geometry_msgs/msg/Twist to Gazebo gz.msgs.Twist (showing msg only once per type)
[INFO] [1777352886.997685718] [rclcpp]: signal_handler(SIGINT/SIGTERM)

--- start ros_gz_bridge parameter_bridge ---
[INFO] [1777352888.515721240] [ros_gz_bridge]: Creating ROS->GZ Bridge: [/model/ml25d_vehicle_w1/cmd_vel (geometry_msgs/msg/Twist) -> /model/ml25d_vehicle_w1/cmd_vel (gz.msgs.Twist)] (Lazy 0)
[INFO] [1777352888.516967619] [ros_gz_bridge]: Creating GZ->ROS Bridge: [/model/ml25d_vehicle_w1/odometry (gz.msgs.Odometry) -> /model/ml25d_vehicle_w1/odometry (nav_msgs/msg/Odometry)] (Lazy 0)
[INFO] [1777352888.517871862] [ros_gz_bridge]: Creating ROS->GZ service bridge [/world/ml25d_pilot_w1/set_pose (ros_gz_interfaces/srv/SetEntityPose -> /)]
[INFO] [1777352888.518370785] [ros_gz_bridge]: Creating ROS->GZ service bridge [/world/ml25d_pilot_w1/create (ros_gz_interfaces/srv/SpawnEntity -> /)]
[INFO] [1777352888.518563858] [ros_gz_bridge]: Creating ROS->GZ service bridge [/world/ml25d_pilot_w1/remove (ros_gz_interfaces/srv/DeleteEntity -> /)]
[INFO] [1777352888.518714635] [ros_gz_bridge]: Creating ROS->GZ service bridge [/world/ml25d_pilot_w1/control (ros_gz_interfaces/srv/ControlWorld -> /)]
[INFO] [1777352888.518867689] [ros_gz_bridge]: Creating GZ->ROS Bridge: [/ml25d/ml25d_vehicle_w1/chassis_contacts (gz.msgs.Contacts) -> /ml25d/ml25d_vehicle_w1/chassis_contacts (ros_gz_interfaces/msg/Contacts)] (Lazy 0)
[INFO] [1777352888.519624614] [ros_gz_bridge]: Creating GZ->ROS Bridge: [/ml25d/ml25d_vehicle_w1/front_left_contacts (gz.msgs.Contacts) -> /ml25d/ml25d_vehicle_w1/front_left_contacts (ros_gz_interfaces/msg/Contacts)] (Lazy 0)
[INFO] [1777352888.519807672] [ros_gz_bridge]: Creating GZ->ROS Bridge: [/ml25d/ml25d_vehicle_w1/front_right_contacts (gz.msgs.Contacts) -> /ml25d/ml25d_vehicle_w1/front_right_contacts (ros_gz_interfaces/msg/Contacts)] (Lazy 0)
[INFO] [1777352888.519986223] [ros_gz_bridge]: Creating GZ->ROS Bridge: [/ml25d/ml25d_vehicle_w1/rear_left_contacts (gz.msgs.Contacts) -> /ml25d/ml25d_vehicle_w1/rear_left_contacts (ros_gz_interfaces/msg/Contacts)] (Lazy 0)
[INFO] [1777352888.520150185] [ros_gz_bridge]: Creating GZ->ROS Bridge: [/ml25d/ml25d_vehicle_w1/rear_right_contacts (gz.msgs.Contacts) -> /ml25d/ml25d_vehicle_w1/rear_right_contacts (ros_gz_interfaces/msg/Contacts)] (Lazy 0)
[INFO] [1777352892.266771060] [ros_gz_bridge]: Passing message from ROS geometry_msgs/msg/Twist to Gazebo gz.msgs.Twist (showing msg only once per type)
