[ml25d][ros_gz] accepted 1/80 band=critical attempts=1 failed=0 elapsed=6.4s band_counts={'safe': 0, 'fail': 0, 'critical': 1}
[ml25d][ros_gz] accepted 2/80 band=fail attempts=2 failed=0 elapsed=5.4s band_counts={'safe': 0, 'fail': 1, 'critical': 1}
[ml25d][ros_gz] runtime failure: start stability gate failed: angular_speed=0.0000, bottom_flag=0.0000, chassis_min_clearance=0.1921, contact_fallback_geom=0.0000, contact_fresh=1.0000, contact_fresh_nonzero_wheels=3.0000, contact_fresh_wheels=3.0000, contact_geom_ready=0.0000, contact_msg_time_floor=10.7920, lift_before_action=1.0000, linear_speed=0.0006, odom_msg_fresh=1.0000, odom_msg_time=10.7920, odom_planar_fallback=0.0000, odom_recv_time=15644.0070, pitch_abs_deg=12.3677, pitch_actual_deg=-12.3677, pitch_dev_deg=8.9365, pitch_error_gate_deg=8.9365, pitch_error_world_deg=8.9365, pitch_expected_deg=-3.4312, pitch_gate_deg=-12.3677, quat_w=0.6376, quat_x=0.2110, quat_y=0.0759, quat_z=0.7370, roll_abs_deg=22.9519, roll_actual_deg=22.9519, roll_dev_deg=13.1670, roll_error_gate_deg=13.1670, roll_error_world_deg=13.1670, roll_expected_deg=9.7849, roll_gate_deg=22.9519, wheel_clearance_max=0.1312, wheel_clearance_min=0.0195
[ml25d][ros_gz] failed attempt=3 accepted=2 failed=1 error=start stability gate failed: angular_speed=0.0000, bottom_flag=0.0000, chassis_min_clearance=0.1797, contact_fallback_geom=0.0000, contact_fresh=1.0000, contact_fresh_nonzero_wheels=2.0000, contact_fresh_wheels=2.0000, contact_geom_ready=0.
[ml25d][ros_gz] accepted 3/80 band=critical attempts=4 failed=1 elapsed=5.4s band_counts={'safe': 0, 'fail': 1, 'critical': 2}
[ml25d][ros_gz] accepted 4/80 band=critical attempts=5 failed=1 elapsed=5.4s band_counts={'safe': 0, 'fail': 1, 'critical': 3}
[ml25d][ros_gz] accepted 5/80 band=critical attempts=6 failed=1 elapsed=5.4s band_counts={'safe': 0, 'fail': 1, 'critical': 4}
[ml25d][ros_gz] accepted 6/80 band=fail attempts=7 failed=1 elapsed=14.8s band_counts={'safe': 0, 'fail': 2, 'critical': 4}
[ml25d][ros_gz] accepted 7/80 band=critical attempts=8 failed=1 elapsed=5.4s band_counts={'safe': 0, 'fail': 2, 'critical': 5}
[ml25d][ros_gz] accepted 8/80 band=fail attempts=9 failed=1 elapsed=24.2s band_counts={'safe': 0, 'fail': 3, 'critical': 5}
[ml25d][ros_gz] accepted 9/80 band=safe attempts=10 failed=1 elapsed=5.4s band_counts={'safe': 1, 'fail': 3, 'critical': 5}
[ml25d][ros_gz] accepted 10/80 band=critical attempts=11 failed=1 elapsed=5.4s band_counts={'safe': 1, 'fail': 3, 'critical': 6}
[ml25d][ros_gz] accepted 11/80 band=safe attempts=12 failed=1 elapsed=5.4s band_counts={'safe': 2, 'fail': 3, 'critical': 6}
[ml25d][ros_gz] accepted 12/80 band=safe attempts=13 failed=1 elapsed=5.4s band_counts={'safe': 3, 'fail': 3, 'critical': 6}
[ml25d][ros_gz] accepted 13/80 band=safe attempts=14 failed=1 elapsed=5.4s band_counts={'safe': 4, 'fail': 3, 'critical': 6}
[ml25d][ros_gz] accepted 14/80 band=safe attempts=15 failed=1 elapsed=5.4s band_counts={'safe': 5, 'fail': 3, 'critical': 6}
[ml25d][ros_gz] accepted 15/80 band=safe attempts=16 failed=1 elapsed=5.4s band_counts={'safe': 6, 'fail': 3, 'critical': 6}
[ml25d][ros_gz] failed attempt=17 accepted=15 failed=2 error=start stability gate failed: angular_speed=0.0003, bottom_flag=0.0000, chassis_min_clearance=0.0447, contact_fallback_geom=0.0000, contact_fresh=1.0000, contact_fresh_nonzero_wheels=4.0000, contact_fresh_wheels=4.0000, contact_geom_ready=0.
[ml25d][ros_gz] failed attempt=18 accepted=15 failed=3 error=start stability gate failed: angular_speed=0.0015, bottom_flag=1.0000, chassis_min_clearance=-0.0012, contact_fallback_geom=0.0000, contact_fresh=1.0000, contact_fresh_nonzero_wheels=3.0000, contact_fresh_wheels=3.0000, contact_geom_ready=0
[ml25d][ros_gz] accepted 16/80 band=safe attempts=19 failed=3 elapsed=5.4s band_counts={'safe': 7, 'fail': 3, 'critical': 6}
[ml25d][ros_gz] accepted 17/80 band=critical attempts=20 failed=3 elapsed=5.6s band_counts={'safe': 7, 'fail': 3, 'critical': 7}
[ml25d][ros_gz] accepted 18/80 band=safe attempts=21 failed=3 elapsed=5.4s band_counts={'safe': 8, 'fail': 3, 'critical': 7}
[ml25d][ros_gz] accepted 19/80 band=fail attempts=22 failed=3 elapsed=5.6s band_counts={'safe': 8, 'fail': 4, 'critical': 7}
[ml25d][ros_gz] accepted 20/80 band=critical attempts=23 failed=3 elapsed=5.4s band_counts={'safe': 8, 'fail': 4, 'critical': 8}
[ml25d][ros_gz] failed attempt=27 accepted=23 failed=4 error=start stability gate failed: angular_speed=0.0000, bottom_flag=0.0000, chassis_min_clearance=0.0459, contact_fallback_geom=0.0000, contact_fresh=1.0000, contact_fresh_nonzero_wheels=3.0000, contact_fresh_wheels=3.0000, contact_geom_ready=0.
[ml25d][ros_gz] failed attempt=32 accepted=27 failed=5 error=start stability gate failed: angular_speed=0.0000, bottom_flag=0.0000, chassis_min_clearance=0.1704, contact_fallback_geom=0.0000, contact_fresh=1.0000, contact_fresh_nonzero_wheels=4.0000, contact_fresh_wheels=4.0000, contact_geom_ready=0.
[ml25d][ros_gz] failed attempt=33 accepted=27 failed=6 error=start stability gate failed: angular_speed=0.0006, bottom_flag=0.0000, chassis_min_clearance=0.0683, contact_fallback_geom=0.0000, contact_fresh=1.0000, contact_fresh_nonzero_wheels=3.0000, contact_fresh_wheels=3.0000, contact_geom_ready=0.
[ml25d][ros_gz] failed attempt=35 accepted=28 failed=7 error=start stability gate failed: angular_speed=0.0000, bottom_flag=0.0000, chassis_min_clearance=0.0802, contact_fallback_geom=0.0000, contact_fresh=1.0000, contact_fresh_nonzero_wheels=3.0000, contact_fresh_wheels=3.0000, contact_geom_ready=0.
[ml25d][ros_gz] failed attempt=36 accepted=28 failed=8 error=start stability gate failed: angular_speed=0.0000, bottom_flag=0.0000, chassis_min_clearance=0.1790, contact_fallback_geom=0.0000, contact_fresh=1.0000, contact_fresh_nonzero_wheels=4.0000, contact_fresh_wheels=4.0000, contact_geom_ready=1.
[ml25d][ros_gz] accepted 30/80 band=fail attempts=38 failed=8 elapsed=5.4s band_counts={'safe': 12, 'fail': 7, 'critical': 11}
[ml25d][ros_gz] failed attempt=42 accepted=33 failed=9 error=start stability gate failed: angular_speed=0.0000, bottom_flag=0.0000, chassis_min_clearance=0.1314, contact_fallback_geom=0.0000, contact_fresh=1.0000, contact_fresh_nonzero_wheels=3.0000, contact_fresh_wheels=3.0000, contact_geom_ready=0.
[ml25d][ros_gz] accepted 40/80 band=safe attempts=49 failed=9 elapsed=5.4s band_counts={'safe': 16, 'fail': 11, 'critical': 13}
[ml25d][ros_gz] failed attempt=55 accepted=45 failed=10 error=start stability gate failed: angular_speed=0.0005, bottom_flag=1.0000, chassis_min_clearance=-0.0222, contact_fallback_geom=0.0000, contact_fresh=1.0000, contact_fresh_nonzero_wheels=2.0000, contact_fresh_wheels=2.0000, contact_geom_ready=0
[ml25d][ros_gz] accepted 50/80 band=fail attempts=60 failed=10 elapsed=14.9s band_counts={'safe': 19, 'fail': 17, 'critical': 14}
[ml25d][ros_gz] accepted 60/80 band=critical attempts=71 failed=11 elapsed=5.4s band_counts={'safe': 23, 'fail': 20, 'critical': 17}
[ml25d][ros_gz] accepted 70/80 band=fail attempts=81 failed=11 elapsed=5.8s band_counts={'safe': 29, 'fail': 24, 'critical': 17}
[ml25d][ros_gz] accepted 80/80 band=fail attempts=91 failed=11 elapsed=14.9s band_counts={'safe': 33, 'fail': 28, 'critical': 19}
{
  "manifest_path": "/home/crh/\u6587\u6863/Machine_Learning_25D/ml25d_ws/src/ml25d_dataset_generation/data/generated_srcfix_diag_v8/dataset_manifest.json",
  "manifest": {
    "dataset": {
      "name": "ml25d_dataset",
      "version": "0.3.0",
      "created_at_utc": "2026-04-27T05:21:37.628589+00:00",
      "num_samples": 80,
      "attempts": 91,
      "failed_attempts": 11,
      "backend": "ros_gz",
      "seed": 20260433
    },
    "targets": {
      "safe": 24,
      "fail": 24,
      "critical": 32
    },
    "counts": {
      "band": {
        "safe": 33,
        "fail": 28,
        "critical": 19
      },
      "terrain": {
        "waves": 11,
        "lateral_slope": 11,
        "uniform_slope": 15,
        "slope_bumps": 7,
        "lateral_pits": 7,
        "bumps": 7,
        "steps": 9,
        "flat": 6,
        "pits": 5,
        "mixed_random": 2
      },
      "vehicle": {
        "mountain_large": 28,
        "urban_small": 23,
        "standard_offroad": 29
      },
      "friction": {
        "wet_muddy": 23,
        "dry_hard": 23,
        "grass_soft": 27,
        "mixed": 7
      },
      "motion_model": {
        "ackermann": 41,
        "skid": 39
      },
      "action": {
        "a0": 27,
        "a2": 26,
        "a1": 27
      }
    },
    "batches": [
      "samples_batch_0001.h5"
    ],
    "config_snapshot": {
      "map": {
        "resolution_m_per_cell": 0.1,
        "patch_size": 31,
        "channels": 6
      },
      "simulation": {
        "settle_time_sec": 0.5,
        "action_duration_sec": 2.0,
        "sample_rate_hz": 50,
        "retries_per_sample": 2,
        "ros_gz": {
          "world_sdf_file": "worlds/ml25d_empty.sdf",
          "world_name": "ml25d",
          "model_name": "ml25d_vehicle",
          "startup_timeout_sec": 20.0,
          "service_timeout_sec": 5.0,
          "auto_start_processes": true,
          "fallback_to_mock_on_error": false
        }
      },
      "quality": {
        "target_ratio": {
          "safe": 0.3,
          "fail": 0.3,
          "critical": 0.4
        },
        "tolerance": 0.05,
        "nan_policy": "drop"
      },
      "serialization": {
        "format": "hdf5",
        "compression": "gzip",
        "compression_level": 4,
        "manifest_name": "dataset_manifest.json"
      }
    }
  }
}
