
--- start ros_gz_bridge parameter_bridge ---
[INFO] [1777369455.206677406] [ros_gz_bridge]: Creating ROS->GZ Bridge: [/model/ml25d_vehicle_datasetv1_s0012_w13/cmd_vel (geometry_msgs/msg/Twist) -> /model/ml25d_vehicle_datasetv1_s0012_w13/cmd_vel (gz.msgs.Twist)] (Lazy 0)
[INFO] [1777369455.208833914] [ros_gz_bridge]: Creating GZ->ROS Bridge: [/model/ml25d_vehicle_datasetv1_s0012_w13/odometry (gz.msgs.Odometry) -> /model/ml25d_vehicle_datasetv1_s0012_w13/odometry (nav_msgs/msg/Odometry)] (Lazy 0)
[INFO] [1777369455.308099232] [ros_gz_bridge]: Creating ROS->GZ service bridge [/world/ml25d_pilot_datasetv1_s0012_w13/set_pose (ros_gz_interfaces/srv/SetEntityPose -> /)]
[INFO] [1777369455.309024188] [ros_gz_bridge]: Creating ROS->GZ service bridge [/world/ml25d_pilot_datasetv1_s0012_w13/create (ros_gz_interfaces/srv/SpawnEntity -> /)]
[INFO] [1777369455.309307942] [ros_gz_bridge]: Creating ROS->GZ service bridge [/world/ml25d_pilot_datasetv1_s0012_w13/remove (ros_gz_interfaces/srv/DeleteEntity -> /)]
[INFO] [1777369455.309529096] [ros_gz_bridge]: Creating ROS->GZ service bridge [/world/ml25d_pilot_datasetv1_s0012_w13/control (ros_gz_interfaces/srv/ControlWorld -> /)]
[INFO] [1777369455.309756343] [ros_gz_bridge]: Creating GZ->ROS Bridge: [/ml25d/ml25d_vehicle_datasetv1_s0012_w13/chassis_contacts (gz.msgs.Contacts) -> /ml25d/ml25d_vehicle_datasetv1_s0012_w13/chassis_contacts (ros_gz_interfaces/msg/Contacts)] (Lazy 0)
[INFO] [1777369455.510872438] [ros_gz_bridge]: Creating GZ->ROS Bridge: [/ml25d/ml25d_vehicle_datasetv1_s0012_w13/front_left_contacts (gz.msgs.Contacts) -> /ml25d/ml25d_vehicle_datasetv1_s0012_w13/front_left_contacts (ros_gz_interfaces/msg/Contacts)] (Lazy 0)
[INFO] [1777369455.611954938] [ros_gz_bridge]: Creating GZ->ROS Bridge: [/ml25d/ml25d_vehicle_datasetv1_s0012_w13/front_right_contacts (gz.msgs.Contacts) -> /ml25d/ml25d_vehicle_datasetv1_s0012_w13/front_right_contacts (ros_gz_interfaces/msg/Contacts)] (Lazy 0)
[INFO] [1777369455.712526921] [ros_gz_bridge]: Creating GZ->ROS Bridge: [/ml25d/ml25d_vehicle_datasetv1_s0012_w13/rear_left_contacts (gz.msgs.Contacts) -> /ml25d/ml25d_vehicle_datasetv1_s0012_w13/rear_left_contacts (ros_gz_interfaces/msg/Contacts)] (Lazy 0)
[INFO] [1777369455.913638763] [ros_gz_bridge]: Creating GZ->ROS Bridge: [/ml25d/ml25d_vehicle_datasetv1_s0012_w13/rear_right_contacts (gz.msgs.Contacts) -> /ml25d/ml25d_vehicle_datasetv1_s0012_w13/rear_right_contacts (ros_gz_interfaces/msg/Contacts)] (Lazy 0)
[INFO] [1777369458.045003527] [rclcpp]: signal_handler(SIGINT/SIGTERM)

--- start ros_gz_bridge parameter_bridge ---
[INFO] [1777369477.845032965] [ros_gz_bridge]: Creating ROS->GZ Bridge: [/model/ml25d_vehicle_datasetv1_s0012_w13/cmd_vel (geometry_msgs/msg/Twist) -> /model/ml25d_vehicle_datasetv1_s0012_w13/cmd_vel (gz.msgs.Twist)] (Lazy 0)
[INFO] [1777369477.846553563] [ros_gz_bridge]: Creating GZ->ROS Bridge: [/model/ml25d_vehicle_datasetv1_s0012_w13/odometry (gz.msgs.Odometry) -> /model/ml25d_vehicle_datasetv1_s0012_w13/odometry (nav_msgs/msg/Odometry)] (Lazy 0)
[INFO] [1777369477.847642760] [ros_gz_bridge]: Creating ROS->GZ service bridge [/world/ml25d_pilot_datasetv1_s0012_w13/set_pose (ros_gz_interfaces/srv/SetEntityPose -> /)]
[INFO] [1777369477.848256293] [ros_gz_bridge]: Creating ROS->GZ service bridge [/world/ml25d_pilot_datasetv1_s0012_w13/create (ros_gz_interfaces/srv/SpawnEntity -> /)]
[INFO] [1777369477.848494460] [ros_gz_bridge]: Creating ROS->GZ service bridge [/world/ml25d_pilot_datasetv1_s0012_w13/remove (ros_gz_interfaces/srv/DeleteEntity -> /)]
[INFO] [1777369477.848705356] [ros_gz_bridge]: Creating ROS->GZ service bridge [/world/ml25d_pilot_datasetv1_s0012_w13/control (ros_gz_interfaces/srv/ControlWorld -> /)]
[INFO] [1777369477.848934893] [ros_gz_bridge]: Creating GZ->ROS Bridge: [/ml25d/ml25d_vehicle_datasetv1_s0012_w13/chassis_contacts (gz.msgs.Contacts) -> /ml25d/ml25d_vehicle_datasetv1_s0012_w13/chassis_contacts (ros_gz_interfaces/msg/Contacts)] (Lazy 0)
[INFO] [1777369477.849918200] [ros_gz_bridge]: Creating GZ->ROS Bridge: [/ml25d/ml25d_vehicle_datasetv1_s0012_w13/front_left_contacts (gz.msgs.Contacts) -> /ml25d/ml25d_vehicle_datasetv1_s0012_w13/front_left_contacts (ros_gz_interfaces/msg/Contacts)] (Lazy 0)
[INFO] [1777369477.850454283] [ros_gz_bridge]: Creating GZ->ROS Bridge: [/ml25d/ml25d_vehicle_datasetv1_s0012_w13/front_right_contacts (gz.msgs.Contacts) -> /ml25d/ml25d_vehicle_datasetv1_s0012_w13/front_right_contacts (ros_gz_interfaces/msg/Contacts)] (Lazy 0)
[INFO] [1777369477.850763801] [ros_gz_bridge]: Creating GZ->ROS Bridge: [/ml25d/ml25d_vehicle_datasetv1_s0012_w13/rear_left_contacts (gz.msgs.Contacts) -> /ml25d/ml25d_vehicle_datasetv1_s0012_w13/rear_left_contacts (ros_gz_interfaces/msg/Contacts)] (Lazy 0)
[INFO] [1777369477.851070380] [ros_gz_bridge]: Creating GZ->ROS Bridge: [/ml25d/ml25d_vehicle_datasetv1_s0012_w13/rear_right_contacts (gz.msgs.Contacts) -> /ml25d/ml25d_vehicle_datasetv1_s0012_w13/rear_right_contacts (ros_gz_interfaces/msg/Contacts)] (Lazy 0)
[INFO] [1777369482.707613847] [ros_gz_bridge]: Passing message from ROS geometry_msgs/msg/Twist to Gazebo gz.msgs.Twist (showing msg only once per type)
