
--- start ros_gz_bridge parameter_bridge ---
[INFO] [1777194171.036514459] [ros_gz_bridge]: Creating ROS->GZ Bridge: [/model/ml25d_vehicle_w1/cmd_vel (geometry_msgs/msg/Twist) -> /model/ml25d_vehicle_w1/cmd_vel (gz.msgs.Twist)] (Lazy 0)
[INFO] [1777194171.037828357] [ros_gz_bridge]: Creating GZ->ROS Bridge: [/model/ml25d_vehicle_w1/odometry (gz.msgs.Odometry) -> /model/ml25d_vehicle_w1/odometry (nav_msgs/msg/Odometry)] (Lazy 0)
[INFO] [1777194171.038728536] [ros_gz_bridge]: Creating ROS->GZ service bridge [/world/ml25d_pilot_w1/set_pose (ros_gz_interfaces/srv/SetEntityPose -> /)]
[INFO] [1777194171.039255153] [ros_gz_bridge]: Creating ROS->GZ service bridge [/world/ml25d_pilot_w1/create (ros_gz_interfaces/srv/SpawnEntity -> /)]
[INFO] [1777194171.039460931] [ros_gz_bridge]: Creating ROS->GZ service bridge [/world/ml25d_pilot_w1/remove (ros_gz_interfaces/srv/DeleteEntity -> /)]
[INFO] [1777194171.039612383] [ros_gz_bridge]: Creating ROS->GZ service bridge [/world/ml25d_pilot_w1/control (ros_gz_interfaces/srv/ControlWorld -> /)]
[INFO] [1777194171.039767943] [ros_gz_bridge]: Creating GZ->ROS Bridge: [/ml25d/ml25d_vehicle_w1/chassis_contacts (gz.msgs.Contacts) -> /ml25d/ml25d_vehicle_w1/chassis_contacts (ros_gz_interfaces/msg/Contacts)] (Lazy 0)
[INFO] [1777194171.040501312] [ros_gz_bridge]: Creating GZ->ROS Bridge: [/ml25d/ml25d_vehicle_w1/front_left_contacts (gz.msgs.Contacts) -> /ml25d/ml25d_vehicle_w1/front_left_contacts (ros_gz_interfaces/msg/Contacts)] (Lazy 0)
[INFO] [1777194171.040664844] [ros_gz_bridge]: Creating GZ->ROS Bridge: [/ml25d/ml25d_vehicle_w1/front_right_contacts (gz.msgs.Contacts) -> /ml25d/ml25d_vehicle_w1/front_right_contacts (ros_gz_interfaces/msg/Contacts)] (Lazy 0)
[INFO] [1777194171.040814539] [ros_gz_bridge]: Creating GZ->ROS Bridge: [/ml25d/ml25d_vehicle_w1/rear_left_contacts (gz.msgs.Contacts) -> /ml25d/ml25d_vehicle_w1/rear_left_contacts (ros_gz_interfaces/msg/Contacts)] (Lazy 0)
[INFO] [1777194171.040961528] [ros_gz_bridge]: Creating GZ->ROS Bridge: [/ml25d/ml25d_vehicle_w1/rear_right_contacts (gz.msgs.Contacts) -> /ml25d/ml25d_vehicle_w1/rear_right_contacts (ros_gz_interfaces/msg/Contacts)] (Lazy 0)
[INFO] [1777194174.423204214] [ros_gz_bridge]: Passing message from ROS geometry_msgs/msg/Twist to Gazebo gz.msgs.Twist (showing msg only once per type)

--- start ros_gz_bridge parameter_bridge ---
[INFO] [1777194362.083601627] [ros_gz_bridge]: Creating ROS->GZ Bridge: [/model/ml25d_vehicle_w1/cmd_vel (geometry_msgs/msg/Twist) -> /model/ml25d_vehicle_w1/cmd_vel (gz.msgs.Twist)] (Lazy 0)
[INFO] [1777194362.084884199] [ros_gz_bridge]: Creating GZ->ROS Bridge: [/model/ml25d_vehicle_w1/odometry (gz.msgs.Odometry) -> /model/ml25d_vehicle_w1/odometry (nav_msgs/msg/Odometry)] (Lazy 0)
[INFO] [1777194362.085804582] [ros_gz_bridge]: Creating ROS->GZ service bridge [/world/ml25d_pilot_w1/set_pose (ros_gz_interfaces/srv/SetEntityPose -> /)]
[INFO] [1777194362.086319238] [ros_gz_bridge]: Creating ROS->GZ service bridge [/world/ml25d_pilot_w1/create (ros_gz_interfaces/srv/SpawnEntity -> /)]
[INFO] [1777194362.086501387] [ros_gz_bridge]: Creating ROS->GZ service bridge [/world/ml25d_pilot_w1/remove (ros_gz_interfaces/srv/DeleteEntity -> /)]
[INFO] [1777194362.086654889] [ros_gz_bridge]: Creating ROS->GZ service bridge [/world/ml25d_pilot_w1/control (ros_gz_interfaces/srv/ControlWorld -> /)]
[INFO] [1777194362.086815289] [ros_gz_bridge]: Creating GZ->ROS Bridge: [/ml25d/ml25d_vehicle_w1/chassis_contacts (gz.msgs.Contacts) -> /ml25d/ml25d_vehicle_w1/chassis_contacts (ros_gz_interfaces/msg/Contacts)] (Lazy 0)
[INFO] [1777194362.087572043] [ros_gz_bridge]: Creating GZ->ROS Bridge: [/ml25d/ml25d_vehicle_w1/front_left_contacts (gz.msgs.Contacts) -> /ml25d/ml25d_vehicle_w1/front_left_contacts (ros_gz_interfaces/msg/Contacts)] (Lazy 0)
[INFO] [1777194362.087764022] [ros_gz_bridge]: Creating GZ->ROS Bridge: [/ml25d/ml25d_vehicle_w1/front_right_contacts (gz.msgs.Contacts) -> /ml25d/ml25d_vehicle_w1/front_right_contacts (ros_gz_interfaces/msg/Contacts)] (Lazy 0)
[INFO] [1777194362.087968519] [ros_gz_bridge]: Creating GZ->ROS Bridge: [/ml25d/ml25d_vehicle_w1/rear_left_contacts (gz.msgs.Contacts) -> /ml25d/ml25d_vehicle_w1/rear_left_contacts (ros_gz_interfaces/msg/Contacts)] (Lazy 0)
[INFO] [1777194362.088142193] [ros_gz_bridge]: Creating GZ->ROS Bridge: [/ml25d/ml25d_vehicle_w1/rear_right_contacts (gz.msgs.Contacts) -> /ml25d/ml25d_vehicle_w1/rear_right_contacts (ros_gz_interfaces/msg/Contacts)] (Lazy 0)
[INFO] [1777194365.917783548] [ros_gz_bridge]: Passing message from ROS geometry_msgs/msg/Twist to Gazebo gz.msgs.Twist (showing msg only once per type)
