
--- start gzserver world=/home/crh/文档/Machine_Learning_25D/ml25d_ws/src/ml25d_dataset_generation/data/diagnostics/mini_batch_repro_check_tmp_20260427_srcfix/stage1_n1/worker_0/ml25d_repro_stage1_n1_w0.sdf ---
[1;32m[Msg] [0m[1;32mGazebo Sim Server v[0m[1;32m8.11.0[0m[1;32m[0m
[1;32m[Msg] [0m[1;32mLoading SDF world file[[0m[1;32m/home/crh/文档/Machine_Learning_25D/ml25d_ws/src/ml25d_dataset_generation/data/diagnostics/mini_batch_repro_check_tmp_20260427_srcfix/stage1_n1/worker_0/ml25d_repro_stage1_n1_w0.sdf[0m[1;32m].[0m
[1;32m[Msg] [0m[1;32mServing entity system service on [[0m[1;32m/[0m[1;32mentity/system/add[0m[1;32m][0m[1;32m[0m
[1;36m[Dbg] [Physics.cc:906] [0m[1;36mLoaded [[0m[1;36mgz::physics::bullet_featherstone::Plugin[0m[1;36m] from library [[0m[1;36m/opt/ros/jazzy/opt/gz_physics_vendor/lib/gz-physics-7/engine-plugins/libgz-physics-bullet-featherstone-plugin.so[0m[1;36m][0m[1;36m[0m
[1;36m[Dbg] [SystemManager.cc:80] [0m[1;36mLoaded system [[0m[1;36mgz::sim::systems::Physics[0m[1;36m] for entity [[0m[1;36m1[0m[1;36m][0m[1;36m[0m
[1;32m[Msg] [0m[1;32mCreate[0m[1;32m service on [[0m[1;32m/world/ml25d_repro_stage1_n1_w0/create_multiple[0m[1;32m] (async)[0m[1;32m[0m
[1;32m[Msg] [0m[1;32mCreate[0m[1;32m service on [[0m[1;32m/world/ml25d_repro_stage1_n1_w0/create_multiple/blocking[0m[1;32m] (blocking)[0m[1;32m[0m
[1;32m[Msg] [0m[1;32mRemove[0m[1;32m service on [[0m[1;32m/world/ml25d_repro_stage1_n1_w0/remove[0m[1;32m] (async)[0m[1;32m[0m
[1;32m[Msg] [0m[1;32mRemove[0m[1;32m service on [[0m[1;32m/world/ml25d_repro_stage1_n1_w0/remove/blocking[0m[1;32m] (blocking)[0m[1;32m[0m
[1;32m[Msg] [0m[1;32mPose[0m[1;32m service on [[0m[1;32m/world/ml25d_repro_stage1_n1_w0/set_pose[0m[1;32m] (async)[0m[1;32m[0m
[1;32m[Msg] [0m[1;32mPose[0m[1;32m service on [[0m[1;32m/world/ml25d_repro_stage1_n1_w0/set_pose/blocking[0m[1;32m] (blocking)[0m[1;32m[0m
[1;32m[Msg] [0m[1;32mPose[0m[1;32m service on [[0m[1;32m/world/ml25d_repro_stage1_n1_w0/set_pose_vector[0m[1;32m] (async)[0m[1;32m[0m
[1;32m[Msg] [0m[1;32mPose[0m[1;32m service on [[0m[1;32m/world/ml25d_repro_stage1_n1_w0/set_pose_vector/blocking[0m[1;32m] (blocking)[0m[1;32m[0m
[1;32m[Msg] [0m[1;32mLight configuration[0m[1;32m service on [[0m[1;32m/world/ml25d_repro_stage1_n1_w0/light_config[0m[1;32m] (async)[0m[1;32m[0m
[1;32m[Msg] [0m[1;32mLight configuration[0m[1;32m service on [[0m[1;32m/world/ml25d_repro_stage1_n1_w0/light_config/blocking[0m[1;32m] (blocking)[0m[1;32m[0m
[1;32m[Msg] [0m[1;32mPhysics[0m[1;32m service on [[0m[1;32m/world/ml25d_repro_stage1_n1_w0/set_physics[0m[1;32m] (async)[0m[1;32m[0m
[1;32m[Msg] [0m[1;32mPhysics[0m[1;32m service on [[0m[1;32m/world/ml25d_repro_stage1_n1_w0/set_physics/blocking[0m[1;32m] (blocking)[0m[1;32m[0m
[1;32m[Msg] [0m[1;32mSphericalCoordinates[0m[1;32m service on [[0m[1;32m/world/ml25d_repro_stage1_n1_w0/set_spherical_coordinates[0m[1;32m] (async)[0m[1;32m[0m
[1;32m[Msg] [0m[1;32mSphericalCoordinates[0m[1;32m service on [[0m[1;32m/world/ml25d_repro_stage1_n1_w0/set_spherical_coordinates/blocking[0m[1;32m] (blocking)[0m[1;32m[0m
[1;32m[Msg] [0m[1;32mEnable collision[0m[1;32m service on [[0m[1;32m/world/ml25d_repro_stage1_n1_w0/enable_collision[0m[1;32m] (async)[0m[1;32m[0m
[1;32m[Msg] [0m[1;32mEnable collision[0m[1;32m service on [[0m[1;32m/world/ml25d_repro_stage1_n1_w0/enable_collision/blocking[0m[1;32m] (blocking)[0m[1;32m[0m
[1;32m[Msg] [0m[1;32mDisable collision[0m[1;32m service on [[0m[1;32m/world/ml25d_repro_stage1_n1_w0/disable_collision[0m[1;32m] (async)[0m[1;32m[0m
[1;32m[Msg] [0m[1;32mDisable collision[0m[1;32m service on [[0m[1;32m/world/ml25d_repro_stage1_n1_w0/disable_collision/blocking[0m[1;32m] (blocking)[0m[1;32m[0m
[1;32m[Msg] [0m[1;32mMaterial[0m[1;32m service on [[0m[1;32m/world/ml25d_repro_stage1_n1_w0/visual_config[0m[1;32m] (async)[0m[1;32m[0m
[1;32m[Msg] [0m[1;32mMaterial[0m[1;32m service on [[0m[1;32m/world/ml25d_repro_stage1_n1_w0/visual_config/blocking[0m[1;32m] (blocking)[0m[1;32m[0m
[1;32m[Msg] [0m[1;32mMaterial[0m[1;32m s[1;31m[Err] [UserCommands.cc:1120] [0m[1;31mEntity named [[0m[1;31mml25d_repro_vehicle_stage1_n1_w0[0m[1;31m] of type [[0m[1;31m2[0m[1;31m] not found, so not removed.[0m[1;31m[0m
[1;31m[Err] [UserCommands.cc:1120] [0m[1;31mEntity named [[0m[1;31mml25d_terrain_stage1_n1_w0_s0[0m[1;31m] of type [[0m[1;31m2[0m[1;31m] not found, so not removed.[0m[1;31m[0m
[1;31m[Err] [UserCommands.cc:1319] [0m[1;31mUnable to update the pose for entity id:[[0m[1;31m0[0m[1;31m], name[[0m[1;31mml25d_repro_vehicle_stage1_n1_w0[0m[1;31m][0m[1;31m[0m
[1;33m[Wrn] [OBJLoader.cc:202] [0m[1;33mMissing material for shape[[0m[1;33m] [0m[1;33min OBJ file[[0m[1;33m/tmp/ml25d_ros_gz_meshes/terrain_127922859224448_1.obj[0m[1;33m][0m[1;33m[0m
ervice on [[0m[1;32m/world/ml25d_repro_stage1_n1_w0/wheel_slip[0m[1;32m] (async)[0m[1;32m[0m
[1;32m[Msg] [0m[1;32mMaterial[0m[1;32m service on [[0m[1;32m/world/ml25d_repro_stage1_n1_w0/wheel_slip/blocking[0m[1;32m] (blocking)[0m[1;32m[0m
[1;36m[Dbg] [SystemManager.cc:80] [0m[1;36mLoaded system [[0m[1;36mgz::sim::systems::UserCommands[0m[1;36m] for entity [[0m[1;36m1[0m[1;36m][0m[1;36m[0m
[1;36m[Dbg] [SystemManager.cc:80] [0m[1;36mLoaded system [[0m[1;36mgz::sim::systems::SceneBroadcaster[0m[1;36m] for entity [[0m[1;36m1[0m[1;36m][0m[1;36m[0m
[1;36m[Dbg] [SystemManager.cc:80] [0m[1;36mLoaded system [[0m[1;36mgz::sim::systems::Contact[0m[1;36m] for entity [[0m[1;36m1[0m[1;36m][0m[1;36m[0m
[1;32m[Msg] [0m[1;32mLoaded level [[0m[1;32mdefault[0m[1;32m][0m[1;32m[0m
[1;32m[Msg] [0m[1;32mServing world controls on [[0m[1;32m/world/ml25d_repro_stage1_n1_w0[0m[1;32m/control], [[0m[1;32m/world/ml25d_repro_stage1_n1_w0[0m[1;32m/control/state] and [[0m[1;32m/world/ml25d_repro_stage1_n1_w0[0m[1;32m/playback/control][0m[1;32m[0m
[1;32m[Msg] [0m[1;32mServing GUI information on [[0m[1;32m/world/ml25d_repro_stage1_n1_w0[0m[1;32m/[0m[1;32mgui/info[0m[1;32m][0m[1;32m[0m
[1;32m[Msg] [0m[1;32mWorld [[0m[1;32mml25d_repro_stage1_n1_w0[0m[1;32m] initialized with [[0m[1;32m1ms[0m[1;32m] physics profile.[0m[1;32m[0m
[1;32m[Msg] [0m[1;32mServing world SDF generation service on [[0m[1;32m/world/ml25d_repro_stage1_n1_w0[0m[1;32m/[0m[1;32mgenerate_world_sdf[0m[1;32m][0m[1;32m[0m
[1;32m[Msg] [0m[1;32mServing world names on [[0m[1;32m/gazebo/worlds[0m[1;32m][0m[1;32m[0m
[1;32m[Msg] [0m[1;32mResource path add service on [[0m[1;32m/gazebo/resource_paths/add[0m[1;32m].[0m[1;32m[0m
[1;32m[Msg] [0m[1;32mResource path get service on [[0m[1;32m/gazebo/resource_paths/get[0m[1;32m].[0m[1;32m[0m
[1;32m[Msg] [0m[1;32mResource path resolve service on [[0m[1;32m/gazebo/resource_paths/resolve[0m[1;32m].[0m[1;32m[0m
[1;32m[Msg] [0m[1;32mResource paths published on [[0m[1;32m/gazebo/resource_paths[0m[1;32m].[0m[1;32m[0m
[1;32m[Msg] [0m[1;32mServer control service on [[0m[1;32m/server_control[0m[1;32m].[0m[1;32m[0m
[1;32m[Msg] [0m[1;32mFound no publishers on /stats, adding root stats topic[0m[1;32m[0m
[1;32m[Msg] [0m[1;32mFound no publishers on /clock, adding root clock topic[0m[1;32m[0m
[1;36m[Dbg] [SimulationRunner.cc:551] [0m[1;36mCreating PostUpdate worker threads: [0m[1;36m3[0m[1;36m[0m
[1;36m[Dbg] [SimulationRunner.cc:562] [0m[1;36mCreating postupdate worker thread ([0m[1;36m0[0m[1;36m)[0m[1;36m[0m
[1;36m[Dbg] [SimulationRunner.cc:562] [0m[1;36mCreating postupdate worker thread ([0m[1;36m1[0m[1;36m)[0m[1;36m[0m
[1;36m[Dbg] [UserCommands.cc:1094] [0m[1;36mCreated entity [[0m[1;36m6[0m[1;36m] named [[0m[1;36mml25d_terrain_stage1_n1_w0_s0[0m[1;36m][0m[1;36m[0m
[1;36m[Dbg] [Physics.cc:1035] [0m[1;36mAttempting to set physics options, but the [0m[1;36mphyiscs engine doesn't support feature [0m[1;36m[CollisionDetectorFeature]. Options will be ignored.[0m[1;36m[0m
[1;36m[Dbg] [Physics.cc:1061] [0m[1;36mAttempting to set physics options, but the [0m[1;36mphyiscs engine doesn't support feature [0m[1;36m[SolverFeature]. Options will be ignored.[0m[1;36m[0m
[1;36m[Dbg] [Physics.cc:1086] [0m[1;36mAttempting to set physics options, but the [0m[1;36mphyiscs engine doesn't support feature [0m[1;36m[CollisionPairMaxContacts]. [0m[1;36mOptions will be ignored.[0m[1;36m[0m
[1;32m[Msg] [0m[1;32mServing scene information on [[0m[1;32m/world/ml25d_repro_stage1_n1_w0[0m[1;32m/[0m[1;32mscene/info[0m[1;32m][0m[1;32m[0m
[1;32m[Msg] [0m[1;32mServing graph information on [[0m[1;32m/world/ml25d_repro_stage1_n1_w0[0m[1;32m/[0m[1;32mscene/graph[0m[1;32m][0m[1;32m[0m
[1;32m[Msg] [0m[1;32mServing full state on [[0m[1;32m/world/ml25d_repro_stage1_n1_w0[0m[1;32m/[0m[1;32mstate[0m[1;32m][[1;31m[Err] [UserCommands.cc:1120] [0m[1;31mEntity named [[0m[1;31mml25d_repro_vehicle_stage1_n1_w0[0m[1;31m] of type [[0m[1;31m2[0m[1;31m] not found, so not removed.[0m[1;31m[0m
[1;33m[Wrn] [OBJLoader.cc:202] [0m[1;33mMissing material for shape[[0m[1;33m] [0m[1;33min OBJ file[[0m[1;33m/tmp/ml25d_ros_gz_meshes/terrain_127922859224448_2.obj[0m[1;33m][0m[1;33m[0m
[1;31m[Err] [UserCommands.cc:1319] [0m[1;31mUnable to update the pose for entity id:[[0m[1;31m0[0m[1;31m], name[[0m[1;31mml25d_repro_vehicle_stage1_n1_w0[0m[1;31m][0m[1;31m[0m
[1;31m[Err] [UserCommands.cc:1120] [0m[1;31mEntity named [[0m[1;31mml25d_repro_vehicle_stage1_n1_w0[0m[1;31m] of type [[0m[1;31m2[0m[1;31m] not found, so not removed.[0m[1;31m[0m
[1;31m[Err] [UserCommands.cc:1120] [0m[1;31mEntity named [[0m[1;31mml25d_terrain_stage1_n1_w0_s1[0m[1;31m] of type [[0m[1;31m2[0m[1;31m] not found, so not removed.[0m[1;31m[0m
[1;33m[Wrn] [OBJLoader.cc:202] [0m[1;33mMissing material for shape[[0m[1;33m] [0m[1;33min OBJ file[[0m[1;33m/tmp/ml25d_ros_gz_meshes/terrain_127922859224448_3.obj[0m[1;33m][0m[1;33m[0m
[1;31m[Err] [UserCommands.cc:1319] [0m[1;31mUnable to update the pose for entity id:[[0m[1;31m0[0m[1;31m], name[[0m[1;31mml25d_repro_vehicle_stage1_n1_w0[0m[1;31m][0m[1;31m[0m
[1;31m[Err] [UserCommands.cc:1120] [0m[1;31mEntity named [[0m[1;31mml25d_repro_vehicle_stage1_n1_w0[0m[1;31m] of type [[0m[1;31m2[0m[1;31m] not found, so not removed.[0m[1;31m[0m
[1;33m[Wrn] [OBJLoader.cc:202] [0m[1;33mMissing material for shape[[0m[1;33m] [0m[1;33min OBJ file[[0m[1;33m/tmp/ml25d_ros_gz_meshes/terrain_127922859224448_4.obj[0m[1;33m][0m[1;33m[0m
[1;31m[Err] [UserCommands.cc:1319] [0m[1;31mUnable to update the pose for entity id:[[0m[1;31m0[0m[1;31m], name[[0m[1;31mml25d_repro_vehicle_stage1_n1_w0[0m[1;31m][0m[1;31m[0m
[1;31m[Err] [UserCommands.cc:1120] [0m[1;31mEntity named [[0m[1;31mml25d_repro_vehicle_stage1_n1_w0[0m[1;31m] of type [[0m[1;31m2[0m[1;31m] not found, so not removed.[0m[1;31m[0m
[1;31m[Err] [UserCommands.cc:1120] [0m[1;31mEntity named [[0m[1;31mml25d_terrain_stage1_n1_w0_s2[0m[1;31m] of type [[0m[1;31m2[0m[1;31m] not found, so not removed.[0m[1;31m[0m
[1;33m[Wrn] [OBJLoader.cc:202] [0m[1;33mMissing material for shape[[0m[1;33m] [0m[1;33min OBJ file[[0m[1;33m/tmp/ml25d_ros_gz_meshes/terrain_127922859224448_5.obj[0m[1;33m][0m[1;33m[0m
[1;31m[Err] [UserCommands.cc:1319] [0m[1;31mUnable to update the pose for entity id:[[0m[1;31m0[0m[1;31m], name[[0m[1;31mml25d_repro_vehicle_stage1_n1_w0[0m[1;31m][0m[1;31m[0m
[1;31m[Err] [UserCommands.cc:1120] [0m[1;31mEntity named [[0m[1;31mml25d_repro_vehicle_stage1_n1_w0[0m[1;31m] of type [[0m[1;31m2[0m[1;31m] not found, so not removed.[0m[1;31m[0m
[1;33m[Wrn] [OBJLoader.cc:202] [0m[1;33mMissing material for shape[[0m[1;33m] [0m[1;33min OBJ file[[0m[1;33m/tmp/ml25d_ros_gz_meshes/terrain_127922859224448_6.obj[0m[1;33m][0m[1;33m[0m
[1;31m[Err] [UserCommands.cc:1319] [0m[1;31mUnable to update the pose for entity id:[[0m[1;31m0[0m[1;31m], name[[0m[1;31mml25d_repro_vehicle_stage1_n1_w0[0m[1;31m][0m[1;31m[0m
[1;31m[Err] [UserCommands.cc:1120] [0m[1;31mEntity named [[0m[1;31mml25d_repro_vehicle_stage1_n1_w0[0m[1;31m] of type [[0m[1;31m2[0m[1;31m] not found, so not removed.[0m[1;31m[0m
[1;31m[Err] [UserCommands.cc:1120] [0m[1;31mEntity named [[0m[1;31mml25d_terrain_stage1_n1_w0_s3[0m[1;31m] of type [[0m[1;31m2[0m[1;31m] not found, so not removed.[0m[1;31m[0m
[1;33m[Wrn] [OBJLoader.cc:202] [0m[1;33mMissing material for shape[[0m[1;33m] [0m[1;33min OBJ file[[0m[1;33m/tmp/ml25d_ros_gz_meshes/terrain_127922859224448_7.obj[0m[1;33m][0m[1;33m[0m
[1;31m[Err] [UserCommands.cc:1319] [0m[1;31mUnable to update the pose for entity id:[[0m[1;31m0[0m[1;31m], name[[0m[1;31mml25d_repro_vehicle_stage1_n1_w0[0m[1;31m][0m[1;31m[0m
[1;31m[Err] [UserCommands.cc:1120] [0m[1;31mEntity named [[0m[1;31mml25d_repro_vehicle_stage1_n1_w0[0m[1;31m] of type [[0m[1;31m2[0m[1;31m] not found, so not removed.[0m[1;31m[0m
[1;33m[Wrn] [OBJLoader.cc:202] [0m[1;33mMissing material for shape[[0m[1;33m] [0m[1;33min OBJ file[[0m[1;33m/tmp/ml25d_ros_gz_meshes/terrain_127922859224448_8.obj[0m[1;33m][0m[1;33m[0m
[1;31m[Err] [UserCommands.cc:1319] [0m[1;31mUnable to update the pose for entity id:[[0m[1;31m0[0m[1;31m], name[[0m[1;31mml25d_repro_vehicle_stage1_n1_w0[0m[1;31m][0m[1;31m[0m
[1;31m[Err] [UserCommands.cc:1120] [0m[1;31mEntity named [[0m[1;31mml25d_repro_vehicle_stage1_n1_w0[0m[1;31m] of type [[0m[1;31m2[0m[1;31m] not found, so not removed.[0m[1;31m[0m
[1;31m[Err] [UserCommands.cc:1120] [0m[1;31mEntity named [[0m[1;31mml25d_terrain_stage1_n1_w0_s4[0m[1;31m] of type [[0m[1;31m2[0m[1;31m] not found, so not removed.[0m[1;31m[0m
[1;33m[Wrn] [OBJLoader.cc:202] [0m[1;33mMissing material for shape[[0m[1;33m] [0m[1;33min OBJ file[[0m[1;33m/tmp/ml25d_ros_gz_meshes/terrain_127922859224448_9.obj[0m[1;33m][0m[1;33m[0m
[1;31m[Err] [UserCommands.cc:1319] [0m[1;31mUnable to update the pose for entity id:[[0m[1;31m0[0m[1;31m], name[[0m[1;31mml25d_repro_vehicle_stage1_n1_w0[0m[1;31m][0m[1;31m[0m
[1;31m[Err] [UserCommands.cc:1120] [0m[1;31mEntity named [[0m[1;31mml25d_repro_vehicle_stage1_n1_w0[0m[1;31m] of type [[0m[1;31m2[0m[1;31m] not found, so not removed.[0m[1;31m[0m
[1;33m[Wrn] [OBJLoader.cc:202] [0m[1;33mMissing material for shape[[0m[1;33m] [0m[1;33min OBJ file[[0m[1;33m/tmp/ml25d_ros_gz_meshes/terrain_127922859224448_10.obj[0m[1;33m][0m[1;33m[0m
[1;31m[Err] [UserCommands.cc:1319] [0m[1;31mUnable to update the pose for entity id:[[0m[1;31m0[0m[1;31m], name[[0m[1;31mml25d_repro_vehicle_stage1_n1_w0[0m[1;31m][0m[1;31m[0m
[1;31m[Err] [UserCommands.cc:1120] [0m[1;31mEntity named [[0m[1;31mml25d_repro_vehicle_stage1_n1_w0[0m[1;31m] of type [[0m[1;31m2[0m[1;31m] not found, so not removed.[0m[1;31m[0m
[1;31m[Err] [UserCommands.cc:1120] [0m[1;31mEntity named [[0m[1;31mml25d_terrain_stage1_n1_w0_s5[0m[1;31m] of type [[0m[1;31m2[0m[1;31m] not found, so not removed.[0m[1;31m[0m
[1;33m[Wrn] [OBJLoader.cc:202] [0m[1;33mMissing material for shape[[0m[1;33m] [0m[1;33min OBJ file[[0m[1;33m/tmp/ml25d_ros_gz_meshes/terrain_127922859224448_11.obj[0m[1;33m][0m[1;33m[0m
[1;31m[Err] [UserCommands.cc:1319] [0m[1;31mUnable to update the pose for entity id:[[0m[1;31m0[0m[1;31m], name[[0m[1;31mml25d_repro_vehicle_stage1_n1_w0[0m[1;31m][0m[1;31m[0m
[1;31m[Err] [UserCommands.cc:1120] [0m[1;31mEntity named [[0m[1;31mml25d_repro_vehicle_stage1_n1_w0[0m[1;31m] of type [[0m[1;31m2[0m[1;31m] not found, so not removed.[0m[1;31m[0m
[1;33m[Wrn] [OBJLoader.cc:202] [0m[1;33mMissing material for shape[[0m[1;33m] [0m[1;33min OBJ file[[0m[1;33m/tmp/ml25d_ros_gz_meshes/terrain_127922859224448_12.obj[0m[1;33m][0m[1;33m[0m
[1;31m[Err] [UserCommands.cc:1319] [0m[1;31mUnable to update the pose for entity id:[[0m[1;31m0[0m[1;31m], name[[0m[1;31mml25d_repro_vehicle_stage1_n1_w0[0m[1;31m][0m[1;31m[0m
[1;31m[Err] [UserCommands.cc:1120] [0m[1;31mEntity named [[0m[1;31mml25d_repro_vehicle_stage1_n1_w0[0m[1;31m] of type [[0m[1;31m2[0m[1;31m] not found, so not removed.[0m[1;31m[0m
0m[1;32m[0m
[1;32m[Msg] [0m[1;32mServing full state (async) on [[0m[1;32m/world/ml25d_repro_stage1_n1_w0[0m[1;32m/[0m[1;32mstate_async[0m[1;32m][0m[1;32m[0m
[1;32m[Msg] [0m[1;32mPublishing scene information on [[0m[1;32m/world/ml25d_repro_stage1_n1_w0/scene/info[0m[1;32m][0m[1;32m[0m
[1;32m[Msg] [0m[1;32mPublishing entity deletions on [[0m[1;32m/world/ml25d_repro_stage1_n1_w0/scene/deletion[0m[1;32m][0m[1;32m[0m
[1;32m[Msg] [0m[1;32mPublishing state changes on [[0m[1;32m/world/ml25d_repro_stage1_n1_w0/state[0m[1;32m][0m[1;32m[0m
[1;32m[Msg] [0m[1;32mPublishing pose messages on [[0m[1;32m/world/ml25d_repro_stage1_n1_w0[0m[1;32m/[0m[1;32mpose/info[0m[1;32m][0m[1;32m[0m
[1;32m[Msg] [0m[1;32mPublishing dynamic pose messages on [[0m[1;32m/world/ml25d_repro_stage1_n1_w0[0m[1;32m/[0m[1;32mdynamic_pose/info[0m[1;32m][0m[1;32m[0m
[1;36m[Dbg] [UserCommands.cc:1144] [0m[1;36mRequesting removal of entity [[0m[1;36m6[0m[1;36m][0m[1;36m[0m
[1;36m[Dbg] [UserCommands.cc:1094] [0m[1;36mCreated entity [[0m[1;36m10[0m[1;36m] named [[0m[1;36mml25d_terrain_stage1_n1_w0_s0[0m[1;36m][0m[1;36m[0m
[1;36m[Dbg] [UserCommands.cc:1144] [0m[1;36mRequesting removal of entity [[0m[1;36m10[0m[1;36m][0m[1;36m[0m
[1;36m[Dbg] [UserCommands.cc:1094] [0m[1;36mCreated entity [[0m[1;36m14[0m[1;36m] named [[0m[1;36mml25d_terrain_stage1_n1_w0_s1[0m[1;36m][0m[1;36m[0m
[1;36m[Dbg] [UserCommands.cc:1144] [0m[1;36mRequesting removal of entity [[0m[1;36m14[0m[1;36m][0m[1;36m[0m
[1;36m[Dbg] [UserCommands.cc:1094] [0m[1;36mCreated entity [[0m[1;36m18[0m[1;36m] named [[0m[1;36mml25d_terrain_stage1_n1_w0_s1[0m[1;36m][0m[1;36m[0m
[1;36m[Dbg] [UserCommands.cc:1144] [0m[1;36mRequesting removal of entity [[0m[1;36m18[0m[1;36m][0m[1;36m[0m
[1;36m[Dbg] [UserCommands.cc:1094] [0m[1;36mCreated entity [[0m[1;36m22[0m[1;36m] named [[0m[1;36mml25d_terrain_stage1_n1_w0_s2[0m[1;36m][0m[1;36m[0m
[1;36m[Dbg] [UserCommands.cc:1144] [0m[1;36mRequesting removal of entity [[0m[1;36m22[0m[1;36m][0m[1;36m[0m
[1;36m[Dbg] [UserCommands.cc:1094] [0m[1;36mCreated entity [[0m[1;36m26[0m[1;36m] named [[0m[1;36mml25d_terrain_stage1_n1_w0_s2[0m[1;36m][0m[1;36m[0m
[1;36m[Dbg] [UserCommands.cc:1144] [0m[1;36mRequesting removal of entity [[0m[1;36m26[0m[1;36m][0m[1;36m[0m
[1;36m[Dbg] [UserCommands.cc:1094] [0m[1;36mCreated entity [[0m[1;36m30[0m[1;36m] named [[0m[1;36mml25d_terrain_stage1_n1_w0_s3[0m[1;36m][0m[1;36m[0m
[1;36m[Dbg] [UserCommands.cc:1144] [0m[1;36mRequesting removal of entity [[0m[1;36m30[0m[1;36m][0m[1;36m[0m
[1;36m[Dbg] [UserCommands.cc:1094] [0m[1;36mCreated entity [[0m[1;36m34[0m[1;36m] named [[0m[1;36mml25d_terrain_stage1_n1_w0_s3[0m[1;36m][0m[1;36m[0m
[1;36m[Dbg] [UserCommands.cc:1144] [0m[1;36mRequesting removal of entity [[0m[1;36m34[0m[1;36m][0m[1;36m[0m
[1;36m[Dbg] [UserCommands.cc:1094] [0m[1;36mCreated entity [[0m[1;36m38[0m[1;36m] named [[0m[1;36mml25d_terrain_stage1_n1_w0_s4[0m[1;36m][0m[1;36m[0m
[1;36m[Dbg] [UserCommands.cc:1144] [0m[1;36mRequesting removal of entity [[0m[1;36m38[0m[1;36m][0m[1;36m[0m
[1;36m[Dbg] [UserCommands.cc:1094] [0m[1;36mCreated entity [[0m[1;36m42[0m[1;36m] named [[0m[1;36mml25d_terrain_stage1_n1_w0_s4[0m[1;36m][0m[1;36m[0m
[1;36m[Dbg] [UserCommands.cc:1144] [0m[1;36mRequesting removal of entity [[0m[1;36m42[0m[1;36m][0m[1;36m[0m
[1;36m[Dbg] [UserCommands.cc:1094] [0m[1;36mCreated entity [[0m[1;36m46[0m[1;36m] named [[0m[1;36mml25d_terrain_stage1_n1_w0_s5[0m[1;36m][0m[1;36m[0m
[1;36m[Dbg] [UserCommands.cc:1144] [0m[1;36mRequesting removal of entity [[0m[1;36m46[0m[1;36m][0m[1;36m[0m
[1;36m[Dbg] [UserCommands.cc:1094] [0m[1;36mCreated entity [[0m[1;36m50[0m[1;36m] named [[0m[1;36mml25d_terrain_stage1_n1_w0_s5[0m[1;36m][0m[1;36m[0m
[1;36m[Dbg] [UserCommands.cc:1144] [0m[1;36mRequesting removal of entity [[0m[1;36m[1;31m[Err] [UserCommands.cc:1120] [0m[1;31mEntity named [[0m[1;31mml25d_terrain_stage1_n1_w0_s6[0m[1;31m] of type [[0m[1;31m2[0m[1;31m] not found, so not removed.[0m[1;31m[0m
[1;33m[Wrn] [OBJLoader.cc:202] [0m[1;33mMissing material for shape[[0m[1;33m] [0m[1;33min OBJ file[[0m[1;33m/tmp/ml25d_ros_gz_meshes/terrain_127922859224448_13.obj[0m[1;33m][0m[1;33m[0m
[1;31m[Err] [UserCommands.cc:1319] [0m[1;31mUnable to update the pose for entity id:[[0m[1;31m0[0m[1;31m], name[[0m[1;31mml25d_repro_vehicle_stage1_n1_w0[0m[1;31m][0m[1;31m[0m
[1;31m[Err] [UserCommands.cc:1120] [0m[1;31mEntity named [[0m[1;31mml25d_repro_vehicle_stage1_n1_w0[0m[1;31m] of type [[0m[1;31m2[0m[1;31m] not found, so not removed.[0m[1;31m[0m
[1;33m[Wrn] [OBJLoader.cc:202] [0m[1;33mMissing material for shape[[0m[1;33m] [0m[1;33min OBJ file[[0m[1;33m/tmp/ml25d_ros_gz_meshes/terrain_127922859224448_14.obj[0m[1;33m][0m[1;33m[0m
[1;31m[Err] [UserCommands.cc:1319] [0m[1;31mUnable to update the pose for entity id:[[0m[1;31m0[0m[1;31m], name[[0m[1;31mml25d_repro_vehicle_stage1_n1_w0[0m[1;31m][0m[1;31m[0m
[1;31m[Err] [UserCommands.cc:1120] [0m[1;31mEntity named [[0m[1;31mml25d_repro_vehicle_stage1_n1_w0[0m[1;31m] of type [[0m[1;31m2[0m[1;31m] not found, so not removed.[0m[1;31m[0m
[1;31m[Err] [UserCommands.cc:1120] [0m[1;31mEntity named [[0m[1;31mml25d_terrain_stage1_n1_w0_s7[0m[1;31m] of type [[0m[1;31m2[0m[1;31m] not found, so not removed.[0m[1;31m[0m
[1;33m[Wrn] [OBJLoader.cc:202] [0m[1;33mMissing material for shape[[0m[1;33m] [0m[1;33min OBJ file[[0m[1;33m/tmp/ml25d_ros_gz_meshes/terrain_127922859224448_15.obj[0m[1;33m][0m[1;33m[0m
[1;31m[Err] [UserCommands.cc:1319] [0m[1;31mUnable to update the pose for entity id:[[0m[1;31m0[0m[1;31m], name[[0m[1;31mml25d_repro_vehicle_stage1_n1_w0[0m[1;31m][0m[1;31m[0m
[1;31m[Err] [UserCommands.cc:1120] [0m[1;31mEntity named [[0m[1;31mml25d_repro_vehicle_stage1_n1_w0[0m[1;31m] of type [[0m[1;31m2[0m[1;31m] not found, so not removed.[0m[1;31m[0m
[1;33m[Wrn] [OBJLoader.cc:202] [0m[1;33mMissing material for shape[[0m[1;33m] [0m[1;33min OBJ file[[0m[1;33m/tmp/ml25d_ros_gz_meshes/terrain_127922859224448_16.obj[0m[1;33m][0m[1;33m[0m
[1;31m[Err] [UserCommands.cc:1319] [0m[1;31mUnable to update the pose for entity id:[[0m[1;31m0[0m[1;31m], name[[0m[1;31mml25d_repro_vehicle_stage1_n1_w0[0m[1;31m][0m[1;31m[0m
[1;31m[Err] [UserCommands.cc:1120] [0m[1;31mEntity named [[0m[1;31mml25d_repro_vehicle_stage1_n1_w0[0m[1;31m] of type [[0m[1;31m2[0m[1;31m] not found, so not removed.[0m[1;31m[0m
[1;31m[Err] [UserCommands.cc:1120] [0m[1;31mEntity named [[0m[1;31mml25d_terrain_stage1_n1_w0_s8[0m[1;31m] of type [[0m[1;31m2[0m[1;31m] not found, so not removed.[0m[1;31m[0m
[1;33m[Wrn] [OBJLoader.cc:202] [0m[1;33mMissing material for shape[[0m[1;33m] [0m[1;33min OBJ file[[0m[1;33m/tmp/ml25d_ros_gz_meshes/terrain_127922859224448_17.obj[0m[1;33m][0m[1;33m[0m
[1;31m[Err] [UserCommands.cc:1319] [0m[1;31mUnable to update the pose for entity id:[[0m[1;31m0[0m[1;31m], name[[0m[1;31mml25d_repro_vehicle_stage1_n1_w0[0m[1;31m][0m[1;31m[0m
[1;31m[Err] [UserCommands.cc:1120] [0m[1;31mEntity named [[0m[1;31mml25d_repro_vehicle_stage1_n1_w0[0m[1;31m] of type [[0m[1;31m2[0m[1;31m] not found, so not removed.[0m[1;31m[0m
[1;33m[Wrn] [OBJLoader.cc:202] [0m[1;33mMissing material for shape[[0m[1;33m] [0m[1;33min OBJ file[[0m[1;33m/tmp/ml25d_ros_gz_meshes/terrain_127922859224448_18.obj[0m[1;33m][0m[1;33m[0m
[1;31m[Err] [UserCommands.cc:1319] [0m[1;31mUnable to update the pose for entity id:[[0m[1;31m0[0m[1;31m], name[[0m[1;31mml25d_repro_vehicle_stage1_n1_w0[0m[1;31m][0m[1;31m[0m
[1;31m[Err] [UserCommands.cc:1120] [0m[1;31mEntity named [[0m[1;31mml25d_repro_vehicle_stage1_n1_w0[0m[1;31m] of type [[0m[1;31m2[0m[1;31m] not found, so not removed.[0m[1;31m[0m
[1;31m[Err] [UserCommands.cc:1120] [0m[1;31mEntity named [[0m[1;31mml25d_terrain_stage1_n1_w0_s9[0m[1;31m] of type [[0m[1;31m2[0m[1;31m] not found, so not removed.[0m[1;31m[0m
[1;33m[Wrn] [OBJLoader.cc:202] [0m[1;33mMissing material for shape[[0m[1;33m] [0m[1;33min OBJ file[[0m[1;33m/tmp/ml25d_ros_gz_meshes/terrain_127922859224448_19.obj[0m[1;33m][0m[1;33m[0m
[1;31m[Err] [UserCommands.cc:1319] [0m[1;31mUnable to update the pose for entity id:[[0m[1;31m0[0m[1;31m], name[[0m[1;31mml25d_repro_vehicle_stage1_n1_w0[0m[1;31m][0m[1;31m[0m
[1;31m[Err] [UserCommands.cc:1120] [0m[1;31mEntity named [[0m[1;31mml25d_repro_vehicle_stage1_n1_w0[0m[1;31m] of type [[0m[1;31m2[0m[1;31m] not found, so not removed.[0m[1;31m[0m
[1;33m[Wrn] [OBJLoader.cc:202] [0m[1;33mMissing material for shape[[0m[1;33m] [0m[1;33min OBJ file[[0m[1;33m/tmp/ml25d_ros_gz_meshes/terrain_127922859224448_20.obj[0m[1;33m][0m[1;33m[0m
[1;31m[Err] [UserCommands.cc:1319] [0m[1;31mUnable to update the pose for entity id:[[0m[1;31m0[0m[1;31m], name[[0m[1;31mml25d_repro_vehicle_stage1_n1_w0[0m[1;31m][0m[1;31m[0m
[1;31m[Err] [UserCommands.cc:1120] [0m[1;31mEntity named [[0m[1;31mml25d_repro_vehicle_stage1_n1_w0[0m[1;31m] of type [[0m[1;31m2[0m[1;31m] not found, so not removed.[0m[1;31m[0m
[1;31m[Err] [UserCommands.cc:1120] [0m[1;31mEntity named [[0m[1;31mml25d_terrain_stage1_n1_w0_s10[0m[1;31m] of type [[0m[1;31m2[0m[1;31m] not found, so not removed.[0m[1;31m[0m
[1;31m[Err] [UserCommands.cc:1319] [0m[1;31mUnable to update the pose for entity id:[[0m[1;31m0[0m[1;31m], name[[0m[1;31mml25d_repro_vehicle_stage1_n1_w0[0m[1;31m][0m[1;31m[0m
[1;33m[Wrn] [OBJLoader.cc:202] [0m[1;33mMissing material for shape[[0m[1;33m] [0m[1;33min OBJ file[[0m[1;33m/tmp/ml25d_ros_gz_meshes/terrain_127922859224448_21.obj[0m[1;33m][0m[1;33m[0m
[1;31m[Err] [UserCommands.cc:1120] [0m[1;31mEntity named [[0m[1;31mml25d_repro_vehicle_stage1_n1_w0[0m[1;31m] of type [[0m[1;31m2[0m[1;31m] not found, so not removed.[0m[1;31m[0m
[1;33m[Wrn] [OBJLoader.cc:202] [0m[1;33mMissing material for shape[[0m[1;33m] [0m[1;33min OBJ file[[0m[1;33m/tmp/ml25d_ros_gz_meshes/terrain_127922859224448_22.obj[0m[1;33m][0m[1;33m[0m
[1;31m[Err] [UserCommands.cc:1319] [0m[1;31mUnable to update the pose for entity id:[[0m[1;31m0[0m[1;31m], name[[0m[1;31mml25d_repro_vehicle_stage1_n1_w0[0m[1;31m][0m[1;31m[0m
[1;31m[Err] [UserCommands.cc:1120] [0m[1;31mEntity named [[0m[1;31mml25d_repro_vehicle_stage1_n1_w0[0m[1;31m] of type [[0m[1;31m2[0m[1;31m] not found, so not removed.[0m[1;31m[0m
[1;31m[Err] [UserCommands.cc:1120] [0m[1;31mEntity named [[0m[1;31mml25d_terrain_stage1_n1_w0_s11[0m[1;31m] of type [[0m[1;31m2[0m[1;31m] not found, so not removed.[0m[1;31m[0m
[1;33m[Wrn] [OBJLoader.cc:202] [0m[1;33mMissing material for shape[[0m[1;33m] [0m[1;33min OBJ file[[0m[1;33m/tmp/ml25d_ros_gz_meshes/terrain_127922859224448_23.obj[0m[1;33m][0m[1;33m[0m
[1;31m[Err] [UserCommands.cc:1319] [0m[1;31mUnable to update the pose for entity id:[[0m[1;31m0[0m[1;31m], name[[0m[1;31mml25d_repro_vehicle_stage1_n1_w0[0m[1;31m][0m[1;31m[0m
[1;31m[Err] [UserCommands.cc:1120] [0m[1;31mEntity named [[0m[1;31mml25d_repro_vehicle_stage1_n1_w0[0m[1;31m] of type [[0m[1;31m2[0m[1;31m] not found, so not removed.[0m[1;31m[0m
[1;31m[Err] [UserCommands.cc:1319] [0m[1;31mUnable to update the pose for entity id:[[0m[1;31m0[0m[1;31m], name[[0m[1;31mml25d_repro_vehicle_stage1_n1_w0[0m[1;31m][0m[1;31m[0m
[1;33m[Wrn] [OBJLoader.cc:202] [0m[1;33mMissing material for shape[[0m[1;33m] [0m[1;33min OBJ file[[0m[1;33m/tmp/ml25d_ros_gz_meshes/terrain_127922859224448_24.obj[0m[1;33m][0m[1;33m[0m
50[0m[1;36m][0m[1;36m[0m
[1;36m[Dbg] [UserCommands.cc:1094] [0m[1;36mCreated entity [[0m[1;36m54[0m[1;36m] named [[0m[1;36mml25d_terrain_stage1_n1_w0_s6[0m[1;36m][0m[1;36m[0m
[1;36m[Dbg] [UserCommands.cc:1144] [0m[1;36mRequesting removal of entity [[0m[1;36m54[0m[1;36m][0m[1;36m[0m
[1;36m[Dbg] [UserCommands.cc:1094] [0m[1;36mCreated entity [[0m[1;36m58[0m[1;36m] named [[0m[1;36mml25d_terrain_stage1_n1_w0_s6[0m[1;36m][0m[1;36m[0m
[1;36m[Dbg] [UserCommands.cc:1144] [0m[1;36mRequesting removal of entity [[0m[1;36m58[0m[1;36m][0m[1;36m[0m
[1;36m[Dbg] [UserCommands.cc:1094] [0m[1;36mCreated entity [[0m[1;36m62[0m[1;36m] named [[0m[1;36mml25d_terrain_stage1_n1_w0_s7[0m[1;36m][0m[1;36m[0m
[1;36m[Dbg] [UserCommands.cc:1144] [0m[1;36mRequesting removal of entity [[0m[1;36m62[0m[1;36m][0m[1;36m[0m
[1;36m[Dbg] [UserCommands.cc:1094] [0m[1;36mCreated entity [[0m[1;36m66[0m[1;36m] named [[0m[1;36mml25d_terrain_stage1_n1_w0_s7[0m[1;36m][0m[1;36m[0m
[1;36m[Dbg] [UserCommands.cc:1144] [0m[1;36mRequesting removal of entity [[0m[1;36m66[0m[1;36m][0m[1;36m[0m
[1;36m[Dbg] [UserCommands.cc:1094] [0m[1;36mCreated entity [[0m[1;36m70[0m[1;36m] named [[0m[1;36mml25d_terrain_stage1_n1_w0_s8[0m[1;36m][0m[1;36m[0m
[1;36m[Dbg] [UserCommands.cc:1144] [0m[1;36mRequesting removal of entity [[0m[1;36m70[0m[1;36m][0m[1;36m[0m
[1;36m[Dbg] [UserCommands.cc:1094] [0m[1;36mCreated entity [[0m[1;36m74[0m[1;36m] named [[0m[1;36mml25d_terrain_stage1_n1_w0_s8[0m[1;36m][0m[1;36m[0m
[1;36m[Dbg] [UserCommands.cc:1144] [0m[1;36mRequesting removal of entity [[0m[1;36m74[0m[1;36m][0m[1;36m[0m
[1;36m[Dbg] [UserCommands.cc:1094] [0m[1;36mCreated entity [[0m[1;36m78[0m[1;36m] named [[0m[1;36mml25d_terrain_stage1_n1_w0_s9[0m[1;36m][0m[1;36m[0m
[1;36m[Dbg] [UserCommands.cc:1144] [0m[1;36mRequesting removal of entity [[0m[1;36m78[0m[1;36m][0m[1;36m[0m
[1;36m[Dbg] [UserCommands.cc:1094] [0m[1;36mCreated entity [[0m[1;36m82[0m[1;36m] named [[0m[1;36mml25d_terrain_stage1_n1_w0_s9[0m[1;36m][0m[1;36m[0m
[1;36m[Dbg] [UserCommands.cc:1144] [0m[1;36mRequesting removal of entity [[0m[1;36m82[0m[1;36m][0m[1;36m[0m
[1;36m[Dbg] [UserCommands.cc:1094] [0m[1;36mCreated entity [[0m[1;36m86[0m[1;36m] named [[0m[1;36mml25d_terrain_stage1_n1_w0_s10[0m[1;36m][0m[1;36m[0m
[1;36m[Dbg] [UserCommands.cc:1144] [0m[1;36mRequesting removal of entity [[0m[1;36m86[0m[1;36m][0m[1;36m[0m
[1;36m[Dbg] [UserCommands.cc:1094] [0m[1;36mCreated entity [[0m[1;36m90[0m[1;36m] named [[0m[1;36mml25d_terrain_stage1_n1_w0_s10[0m[1;36m][0m[1;36m[0m
[1;36m[Dbg] [UserCommands.cc:1144] [0m[1;36mRequesting removal of entity [[0m[1;36m90[0m[1;36m][0m[1;36m[0m
[1;36m[Dbg] [UserCommands.cc:1094] [0m[1;36mCreated entity [[0m[1;36m94[0m[1;36m] named [[0m[1;36mml25d_terrain_stage1_n1_w0_s11[0m[1;36m][0m[1;36m[0m
[1;36m[Dbg] [UserCommands.cc:1144] [0m[1;36mRequesting removal of entity [[0m[1;36m94[0m[1;36m][0m[1;36m[0m
[1;36m[Dbg] [UserCommands.cc:1094] [0m[1;36mCreated entity [[0m[1;36m98[0m[1;36m] named [[0m[1;36mml25d_terrain_stage1_n1_w0_s11[0m[1;36m][0m[1;36m[0m
[1;36m[Dbg] [SignalHandler.cc:142] [0m[1;36mReceived signal[[0m[1;36m15[0m[1;36m].[0m
[1;36m[Dbg] [ServerPrivate.cc:122] [0m[1;36mServer received signal[[0m[1;36m15[0m[1;36m][0m
[1;36m[Dbg] [gz.cc:434] [0m[1;36mShutting down gz-sim-server[0m[1;36m[0m
[1;36m[Dbg] [SimulationRunner.cc:578] [0m[1;36mExiting postupdate worker thread ([0m[1;36m0[0m[1;36m)[0m[1;36m[0m
[1;36m[Dbg] [SimulationRunner.cc:578] [0m[1;36mExiting postupdate worker thread ([0m[1;36m1[0m[1;36m)[0m[1;36m[0m
