
--- start ros_gz_bridge parameter_bridge ---
[INFO] [1777194170.099512275] [ros_gz_bridge]: Creating ROS->GZ Bridge: [/model/ml25d_vehicle_w0/cmd_vel (geometry_msgs/msg/Twist) -> /model/ml25d_vehicle_w0/cmd_vel (gz.msgs.Twist)] (Lazy 0)
[INFO] [1777194170.100634825] [ros_gz_bridge]: Creating GZ->ROS Bridge: [/model/ml25d_vehicle_w0/odometry (gz.msgs.Odometry) -> /model/ml25d_vehicle_w0/odometry (nav_msgs/msg/Odometry)] (Lazy 0)
[INFO] [1777194170.101489470] [ros_gz_bridge]: Creating ROS->GZ service bridge [/world/ml25d_pilot_w0/set_pose (ros_gz_interfaces/srv/SetEntityPose -> /)]
[INFO] [1777194170.101985769] [ros_gz_bridge]: Creating ROS->GZ service bridge [/world/ml25d_pilot_w0/create (ros_gz_interfaces/srv/SpawnEntity -> /)]
[INFO] [1777194170.102165081] [ros_gz_bridge]: Creating ROS->GZ service bridge [/world/ml25d_pilot_w0/remove (ros_gz_interfaces/srv/DeleteEntity -> /)]
[INFO] [1777194170.102317338] [ros_gz_bridge]: Creating ROS->GZ service bridge [/world/ml25d_pilot_w0/control (ros_gz_interfaces/srv/ControlWorld -> /)]
[INFO] [1777194170.102468230] [ros_gz_bridge]: Creating GZ->ROS Bridge: [/ml25d/ml25d_vehicle_w0/chassis_contacts (gz.msgs.Contacts) -> /ml25d/ml25d_vehicle_w0/chassis_contacts (ros_gz_interfaces/msg/Contacts)] (Lazy 0)
[INFO] [1777194170.103190375] [ros_gz_bridge]: Creating GZ->ROS Bridge: [/ml25d/ml25d_vehicle_w0/front_left_contacts (gz.msgs.Contacts) -> /ml25d/ml25d_vehicle_w0/front_left_contacts (ros_gz_interfaces/msg/Contacts)] (Lazy 0)
[INFO] [1777194170.103346480] [ros_gz_bridge]: Creating GZ->ROS Bridge: [/ml25d/ml25d_vehicle_w0/front_right_contacts (gz.msgs.Contacts) -> /ml25d/ml25d_vehicle_w0/front_right_contacts (ros_gz_interfaces/msg/Contacts)] (Lazy 0)
[INFO] [1777194170.103498624] [ros_gz_bridge]: Creating GZ->ROS Bridge: [/ml25d/ml25d_vehicle_w0/rear_left_contacts (gz.msgs.Contacts) -> /ml25d/ml25d_vehicle_w0/rear_left_contacts (ros_gz_interfaces/msg/Contacts)] (Lazy 0)
[INFO] [1777194170.103638835] [ros_gz_bridge]: Creating GZ->ROS Bridge: [/ml25d/ml25d_vehicle_w0/rear_right_contacts (gz.msgs.Contacts) -> /ml25d/ml25d_vehicle_w0/rear_right_contacts (ros_gz_interfaces/msg/Contacts)] (Lazy 0)
[INFO] [1777194173.491187765] [ros_gz_bridge]: Passing message from ROS geometry_msgs/msg/Twist to Gazebo gz.msgs.Twist (showing msg only once per type)

--- start ros_gz_bridge parameter_bridge ---
[INFO] [1777194361.274589638] [ros_gz_bridge]: Creating ROS->GZ Bridge: [/model/ml25d_vehicle_w0/cmd_vel (geometry_msgs/msg/Twist) -> /model/ml25d_vehicle_w0/cmd_vel (gz.msgs.Twist)] (Lazy 0)
[INFO] [1777194361.275942839] [ros_gz_bridge]: Creating GZ->ROS Bridge: [/model/ml25d_vehicle_w0/odometry (gz.msgs.Odometry) -> /model/ml25d_vehicle_w0/odometry (nav_msgs/msg/Odometry)] (Lazy 0)
[INFO] [1777194361.276858290] [ros_gz_bridge]: Creating ROS->GZ service bridge [/world/ml25d_pilot_w0/set_pose (ros_gz_interfaces/srv/SetEntityPose -> /)]
[INFO] [1777194361.277385188] [ros_gz_bridge]: Creating ROS->GZ service bridge [/world/ml25d_pilot_w0/create (ros_gz_interfaces/srv/SpawnEntity -> /)]
[INFO] [1777194361.277568211] [ros_gz_bridge]: Creating ROS->GZ service bridge [/world/ml25d_pilot_w0/remove (ros_gz_interfaces/srv/DeleteEntity -> /)]
[INFO] [1777194361.277718107] [ros_gz_bridge]: Creating ROS->GZ service bridge [/world/ml25d_pilot_w0/control (ros_gz_interfaces/srv/ControlWorld -> /)]
[INFO] [1777194361.277873192] [ros_gz_bridge]: Creating GZ->ROS Bridge: [/ml25d/ml25d_vehicle_w0/chassis_contacts (gz.msgs.Contacts) -> /ml25d/ml25d_vehicle_w0/chassis_contacts (ros_gz_interfaces/msg/Contacts)] (Lazy 0)
[INFO] [1777194361.278625330] [ros_gz_bridge]: Creating GZ->ROS Bridge: [/ml25d/ml25d_vehicle_w0/front_left_contacts (gz.msgs.Contacts) -> /ml25d/ml25d_vehicle_w0/front_left_contacts (ros_gz_interfaces/msg/Contacts)] (Lazy 0)
[INFO] [1777194361.278794914] [ros_gz_bridge]: Creating GZ->ROS Bridge: [/ml25d/ml25d_vehicle_w0/front_right_contacts (gz.msgs.Contacts) -> /ml25d/ml25d_vehicle_w0/front_right_contacts (ros_gz_interfaces/msg/Contacts)] (Lazy 0)
[INFO] [1777194361.278943480] [ros_gz_bridge]: Creating GZ->ROS Bridge: [/ml25d/ml25d_vehicle_w0/rear_left_contacts (gz.msgs.Contacts) -> /ml25d/ml25d_vehicle_w0/rear_left_contacts (ros_gz_interfaces/msg/Contacts)] (Lazy 0)
[INFO] [1777194361.279101951] [ros_gz_bridge]: Creating GZ->ROS Bridge: [/ml25d/ml25d_vehicle_w0/rear_right_contacts (gz.msgs.Contacts) -> /ml25d/ml25d_vehicle_w0/rear_right_contacts (ros_gz_interfaces/msg/Contacts)] (Lazy 0)
[INFO] [1777194364.715673770] [ros_gz_bridge]: Passing message from ROS geometry_msgs/msg/Twist to Gazebo gz.msgs.Twist (showing msg only once per type)
