
--- start ros_gz_bridge parameter_bridge ---
[INFO] [1777369455.623715193] [ros_gz_bridge]: Creating ROS->GZ Bridge: [/model/ml25d_vehicle_datasetv1_s0012_w14/cmd_vel (geometry_msgs/msg/Twist) -> /model/ml25d_vehicle_datasetv1_s0012_w14/cmd_vel (gz.msgs.Twist)] (Lazy 0)
[INFO] [1777369455.625426427] [ros_gz_bridge]: Creating GZ->ROS Bridge: [/model/ml25d_vehicle_datasetv1_s0012_w14/odometry (gz.msgs.Odometry) -> /model/ml25d_vehicle_datasetv1_s0012_w14/odometry (nav_msgs/msg/Odometry)] (Lazy 0)
[INFO] [1777369455.626643392] [ros_gz_bridge]: Creating ROS->GZ service bridge [/world/ml25d_pilot_datasetv1_s0012_w14/set_pose (ros_gz_interfaces/srv/SetEntityPose -> /)]
[INFO] [1777369455.627622472] [ros_gz_bridge]: Creating ROS->GZ service bridge [/world/ml25d_pilot_datasetv1_s0012_w14/create (ros_gz_interfaces/srv/SpawnEntity -> /)]
[INFO] [1777369455.628030792] [ros_gz_bridge]: Creating ROS->GZ service bridge [/world/ml25d_pilot_datasetv1_s0012_w14/remove (ros_gz_interfaces/srv/DeleteEntity -> /)]
[INFO] [1777369455.628416951] [ros_gz_bridge]: Creating ROS->GZ service bridge [/world/ml25d_pilot_datasetv1_s0012_w14/control (ros_gz_interfaces/srv/ControlWorld -> /)]
[INFO] [1777369455.628803038] [ros_gz_bridge]: Creating GZ->ROS Bridge: [/ml25d/ml25d_vehicle_datasetv1_s0012_w14/chassis_contacts (gz.msgs.Contacts) -> /ml25d/ml25d_vehicle_datasetv1_s0012_w14/chassis_contacts (ros_gz_interfaces/msg/Contacts)] (Lazy 0)
[INFO] [1777369455.630586529] [ros_gz_bridge]: Creating GZ->ROS Bridge: [/ml25d/ml25d_vehicle_datasetv1_s0012_w14/front_left_contacts (gz.msgs.Contacts) -> /ml25d/ml25d_vehicle_datasetv1_s0012_w14/front_left_contacts (ros_gz_interfaces/msg/Contacts)] (Lazy 0)
[INFO] [1777369455.631154733] [ros_gz_bridge]: Creating GZ->ROS Bridge: [/ml25d/ml25d_vehicle_datasetv1_s0012_w14/front_right_contacts (gz.msgs.Contacts) -> /ml25d/ml25d_vehicle_datasetv1_s0012_w14/front_right_contacts (ros_gz_interfaces/msg/Contacts)] (Lazy 0)
[INFO] [1777369455.631653206] [ros_gz_bridge]: Creating GZ->ROS Bridge: [/ml25d/ml25d_vehicle_datasetv1_s0012_w14/rear_left_contacts (gz.msgs.Contacts) -> /ml25d/ml25d_vehicle_datasetv1_s0012_w14/rear_left_contacts (ros_gz_interfaces/msg/Contacts)] (Lazy 0)
[INFO] [1777369455.632274129] [ros_gz_bridge]: Creating GZ->ROS Bridge: [/ml25d/ml25d_vehicle_datasetv1_s0012_w14/rear_right_contacts (gz.msgs.Contacts) -> /ml25d/ml25d_vehicle_datasetv1_s0012_w14/rear_right_contacts (ros_gz_interfaces/msg/Contacts)] (Lazy 0)
[INFO] [1777369458.044946651] [rclcpp]: signal_handler(SIGINT/SIGTERM)

--- start ros_gz_bridge parameter_bridge ---
[INFO] [1777369478.235035491] [ros_gz_bridge]: Creating ROS->GZ Bridge: [/model/ml25d_vehicle_datasetv1_s0012_w14/cmd_vel (geometry_msgs/msg/Twist) -> /model/ml25d_vehicle_datasetv1_s0012_w14/cmd_vel (gz.msgs.Twist)] (Lazy 0)
[INFO] [1777369478.336791779] [ros_gz_bridge]: Creating GZ->ROS Bridge: [/model/ml25d_vehicle_datasetv1_s0012_w14/odometry (gz.msgs.Odometry) -> /model/ml25d_vehicle_datasetv1_s0012_w14/odometry (nav_msgs/msg/Odometry)] (Lazy 0)
[INFO] [1777369478.535985801] [ros_gz_bridge]: Creating ROS->GZ service bridge [/world/ml25d_pilot_datasetv1_s0012_w14/set_pose (ros_gz_interfaces/srv/SetEntityPose -> /)]
[INFO] [1777369478.537228514] [ros_gz_bridge]: Creating ROS->GZ service bridge [/world/ml25d_pilot_datasetv1_s0012_w14/create (ros_gz_interfaces/srv/SpawnEntity -> /)]
[INFO] [1777369478.537678459] [ros_gz_bridge]: Creating ROS->GZ service bridge [/world/ml25d_pilot_datasetv1_s0012_w14/remove (ros_gz_interfaces/srv/DeleteEntity -> /)]
[INFO] [1777369478.538082645] [ros_gz_bridge]: Creating ROS->GZ service bridge [/world/ml25d_pilot_datasetv1_s0012_w14/control (ros_gz_interfaces/srv/ControlWorld -> /)]
[INFO] [1777369478.538510717] [ros_gz_bridge]: Creating GZ->ROS Bridge: [/ml25d/ml25d_vehicle_datasetv1_s0012_w14/chassis_contacts (gz.msgs.Contacts) -> /ml25d/ml25d_vehicle_datasetv1_s0012_w14/chassis_contacts (ros_gz_interfaces/msg/Contacts)] (Lazy 0)
[INFO] [1777369478.637035986] [ros_gz_bridge]: Creating GZ->ROS Bridge: [/ml25d/ml25d_vehicle_datasetv1_s0012_w14/front_left_contacts (gz.msgs.Contacts) -> /ml25d/ml25d_vehicle_datasetv1_s0012_w14/front_left_contacts (ros_gz_interfaces/msg/Contacts)] (Lazy 0)
[INFO] [1777369478.737965379] [ros_gz_bridge]: Creating GZ->ROS Bridge: [/ml25d/ml25d_vehicle_datasetv1_s0012_w14/front_right_contacts (gz.msgs.Contacts) -> /ml25d/ml25d_vehicle_datasetv1_s0012_w14/front_right_contacts (ros_gz_interfaces/msg/Contacts)] (Lazy 0)
[INFO] [1777369478.739269354] [ros_gz_bridge]: Creating GZ->ROS Bridge: [/ml25d/ml25d_vehicle_datasetv1_s0012_w14/rear_left_contacts (gz.msgs.Contacts) -> /ml25d/ml25d_vehicle_datasetv1_s0012_w14/rear_left_contacts (ros_gz_interfaces/msg/Contacts)] (Lazy 0)
[INFO] [1777369478.741418467] [ros_gz_bridge]: Creating GZ->ROS Bridge: [/ml25d/ml25d_vehicle_datasetv1_s0012_w14/rear_right_contacts (gz.msgs.Contacts) -> /ml25d/ml25d_vehicle_datasetv1_s0012_w14/rear_right_contacts (ros_gz_interfaces/msg/Contacts)] (Lazy 0)
[INFO] [1777369483.926089251] [ros_gz_bridge]: Passing message from ROS geometry_msgs/msg/Twist to Gazebo gz.msgs.Twist (showing msg only once per type)
