[0.007s] Invoking command in '/home/crh/文档/Machine_Learning_25D/ml25d_ws/build/ml25d_dataset_generation': CMAKE_PREFIX_PATH=${CMAKE_PREFIX_PATH}:/opt/ros/jazzy DEBUGINFOD_URLS=https://debuginfod.ubuntu.com /usr/bin/cmake --build /home/crh/文档/Machine_Learning_25D/ml25d_ws/build/ml25d_dataset_generation -- -j20 -l20
[0.054s] [100%] Built target sim_bridge_node
[0.059s] [100%] Built target ament_cmake_python_copy_ml25d_dataset_generation
[0.182s] running egg_info
[0.191s] writing ml25d_dataset_generation.egg-info/PKG-INFO
[0.192s] writing dependency_links to ml25d_dataset_generation.egg-info/dependency_links.txt
[0.192s] writing top-level names to ml25d_dataset_generation.egg-info/top_level.txt
[0.220s] reading manifest file 'ml25d_dataset_generation.egg-info/SOURCES.txt'
[0.220s] writing manifest file 'ml25d_dataset_generation.egg-info/SOURCES.txt'
[0.245s] [100%] Built target ament_cmake_python_build_ml25d_dataset_generation_egg
[0.253s] Invoked command in '/home/crh/文档/Machine_Learning_25D/ml25d_ws/build/ml25d_dataset_generation' returned '0': CMAKE_PREFIX_PATH=${CMAKE_PREFIX_PATH}:/opt/ros/jazzy DEBUGINFOD_URLS=https://debuginfod.ubuntu.com /usr/bin/cmake --build /home/crh/文档/Machine_Learning_25D/ml25d_ws/build/ml25d_dataset_generation -- -j20 -l20
[0.261s] Invoking command in '/home/crh/文档/Machine_Learning_25D/ml25d_ws/build/ml25d_dataset_generation': CMAKE_PREFIX_PATH=${CMAKE_PREFIX_PATH}:/opt/ros/jazzy DEBUGINFOD_URLS=https://debuginfod.ubuntu.com /usr/bin/cmake --install /home/crh/文档/Machine_Learning_25D/ml25d_ws/build/ml25d_dataset_generation
[0.267s] -- Install configuration: ""
[0.267s] -- Up-to-date: /home/crh/文档/Machine_Learning_25D/ml25d_ws/install/ml25d_dataset_generation/share/ml25d_dataset_generation/environment/pythonpath.sh
[0.268s] -- Up-to-date: /home/crh/文档/Machine_Learning_25D/ml25d_ws/install/ml25d_dataset_generation/share/ml25d_dataset_generation/environment/pythonpath.dsv
[0.268s] -- Up-to-date: /home/crh/文档/Machine_Learning_25D/ml25d_ws/install/ml25d_dataset_generation/lib/python3.12/site-packages/ml25d_dataset_generation-0.1.0-py3.12.egg-info
[0.268s] -- Installing: /home/crh/文档/Machine_Learning_25D/ml25d_ws/install/ml25d_dataset_generation/lib/python3.12/site-packages/ml25d_dataset_generation-0.1.0-py3.12.egg-info/dependency_links.txt
[0.268s] -- Installing: /home/crh/文档/Machine_Learning_25D/ml25d_ws/install/ml25d_dataset_generation/lib/python3.12/site-packages/ml25d_dataset_generation-0.1.0-py3.12.egg-info/top_level.txt
[0.268s] -- Installing: /home/crh/文档/Machine_Learning_25D/ml25d_ws/install/ml25d_dataset_generation/lib/python3.12/site-packages/ml25d_dataset_generation-0.1.0-py3.12.egg-info/PKG-INFO
[0.268s] -- Installing: /home/crh/文档/Machine_Learning_25D/ml25d_ws/install/ml25d_dataset_generation/lib/python3.12/site-packages/ml25d_dataset_generation-0.1.0-py3.12.egg-info/SOURCES.txt
[0.269s] -- Up-to-date: /home/crh/文档/Machine_Learning_25D/ml25d_ws/install/ml25d_dataset_generation/lib/python3.12/site-packages/ml25d_dataset_generation
[0.269s] -- Up-to-date: /home/crh/文档/Machine_Learning_25D/ml25d_ws/install/ml25d_dataset_generation/lib/python3.12/site-packages/ml25d_dataset_generation/sample_packager.py
[0.269s] -- Up-to-date: /home/crh/文档/Machine_Learning_25D/ml25d_ws/install/ml25d_dataset_generation/lib/python3.12/site-packages/ml25d_dataset_generation/gazebo_runner.py
[0.269s] -- Up-to-date: /home/crh/文档/Machine_Learning_25D/ml25d_ws/install/ml25d_dataset_generation/lib/python3.12/site-packages/ml25d_dataset_generation/config_loader.py
[0.269s] -- Installing: /home/crh/文档/Machine_Learning_25D/ml25d_ws/install/ml25d_dataset_generation/lib/python3.12/site-packages/ml25d_dataset_generation/dataset_manager.py
[0.269s] -- Up-to-date: /home/crh/文档/Machine_Learning_25D/ml25d_ws/install/ml25d_dataset_generation/lib/python3.12/site-packages/ml25d_dataset_generation/label_extractor.py
[0.269s] -- Up-to-date: /home/crh/文档/Machine_Learning_25D/ml25d_ws/install/ml25d_dataset_generation/lib/python3.12/site-packages/ml25d_dataset_generation/feature_builder.py
[0.269s] -- Up-to-date: /home/crh/文档/Machine_Learning_25D/ml25d_ws/install/ml25d_dataset_generation/lib/python3.12/site-packages/ml25d_dataset_generation/terrain_generator.py
[0.269s] -- Up-to-date: /home/crh/文档/Machine_Learning_25D/ml25d_ws/install/ml25d_dataset_generation/lib/python3.12/site-packages/ml25d_dataset_generation/__init__.py
[0.269s] -- Up-to-date: /home/crh/文档/Machine_Learning_25D/ml25d_ws/install/ml25d_dataset_generation/lib/python3.12/site-packages/ml25d_dataset_generation/common_types.py
[0.296s] Listing '/home/crh/文档/Machine_Learning_25D/ml25d_ws/install/ml25d_dataset_generation/lib/python3.12/site-packages/ml25d_dataset_generation'...
[0.297s] Compiling '/home/crh/文档/Machine_Learning_25D/ml25d_ws/install/ml25d_dataset_generation/lib/python3.12/site-packages/ml25d_dataset_generation/dataset_manager.py'...
[0.301s] -- Up-to-date: /home/crh/文档/Machine_Learning_25D/ml25d_ws/install/ml25d_dataset_generation/lib/ml25d_dataset_generation/sim_bridge_node
[0.301s] -- Up-to-date: /home/crh/文档/Machine_Learning_25D/ml25d_ws/install/ml25d_dataset_generation/lib/ml25d_dataset_generation/generate_dataset.py
[0.301s] -- Installing: /home/crh/文档/Machine_Learning_25D/ml25d_ws/install/ml25d_dataset_generation/lib/ml25d_dataset_generation/run_single_sample.py
[0.301s] -- Up-to-date: /home/crh/文档/Machine_Learning_25D/ml25d_ws/install/ml25d_dataset_generation/lib/ml25d_dataset_generation/validate_samples.py
[0.301s] -- Up-to-date: /home/crh/文档/Machine_Learning_25D/ml25d_ws/install/ml25d_dataset_generation/lib/ml25d_dataset_generation/stats_report.py
[0.301s] -- Up-to-date: /home/crh/文档/Machine_Learning_25D/ml25d_ws/install/ml25d_dataset_generation/share/ml25d_dataset_generation/config
[0.301s] -- Up-to-date: /home/crh/文档/Machine_Learning_25D/ml25d_ws/install/ml25d_dataset_generation/share/ml25d_dataset_generation/config/terrain_distribution.yaml
[0.301s] -- Up-to-date: /home/crh/文档/Machine_Learning_25D/ml25d_ws/install/ml25d_dataset_generation/share/ml25d_dataset_generation/config/label_thresholds.yaml
[0.301s] -- Up-to-date: /home/crh/文档/Machine_Learning_25D/ml25d_ws/install/ml25d_dataset_generation/share/ml25d_dataset_generation/config/dataset_config.yaml
[0.301s] -- Up-to-date: /home/crh/文档/Machine_Learning_25D/ml25d_ws/install/ml25d_dataset_generation/share/ml25d_dataset_generation/config/action_primitives.yaml
[0.301s] -- Up-to-date: /home/crh/文档/Machine_Learning_25D/ml25d_ws/install/ml25d_dataset_generation/share/ml25d_dataset_generation/config/vehicle_params.yaml
[0.302s] -- Up-to-date: /home/crh/文档/Machine_Learning_25D/ml25d_ws/install/ml25d_dataset_generation/share/ml25d_dataset_generation/config/friction_table.yaml
[0.302s] -- Up-to-date: /home/crh/文档/Machine_Learning_25D/ml25d_ws/install/ml25d_dataset_generation/share/ml25d_dataset_generation/launch
[0.302s] -- Up-to-date: /home/crh/文档/Machine_Learning_25D/ml25d_ws/install/ml25d_dataset_generation/share/ml25d_dataset_generation/launch/gazebo_headless.launch.py
[0.302s] -- Installing: /home/crh/文档/Machine_Learning_25D/ml25d_ws/install/ml25d_dataset_generation/share/ml25d_dataset_generation/launch/dataset_gen_pipeline.launch.py
[0.302s] -- Up-to-date: /home/crh/文档/Machine_Learning_25D/ml25d_ws/install/ml25d_dataset_generation/share/ament_index/resource_index/package_run_dependencies/ml25d_dataset_generation
[0.303s] -- Up-to-date: /home/crh/文档/Machine_Learning_25D/ml25d_ws/install/ml25d_dataset_generation/share/ament_index/resource_index/parent_prefix_path/ml25d_dataset_generation
[0.303s] -- Up-to-date: /home/crh/文档/Machine_Learning_25D/ml25d_ws/install/ml25d_dataset_generation/share/ml25d_dataset_generation/environment/ament_prefix_path.sh
[0.303s] -- Up-to-date: /home/crh/文档/Machine_Learning_25D/ml25d_ws/install/ml25d_dataset_generation/share/ml25d_dataset_generation/environment/ament_prefix_path.dsv
[0.303s] -- Up-to-date: /home/crh/文档/Machine_Learning_25D/ml25d_ws/install/ml25d_dataset_generation/share/ml25d_dataset_generation/environment/path.sh
[0.303s] -- Up-to-date: /home/crh/文档/Machine_Learning_25D/ml25d_ws/install/ml25d_dataset_generation/share/ml25d_dataset_generation/environment/path.dsv
[0.303s] -- Up-to-date: /home/crh/文档/Machine_Learning_25D/ml25d_ws/install/ml25d_dataset_generation/share/ml25d_dataset_generation/local_setup.bash
[0.303s] -- Up-to-date: /home/crh/文档/Machine_Learning_25D/ml25d_ws/install/ml25d_dataset_generation/share/ml25d_dataset_generation/local_setup.sh
[0.303s] -- Up-to-date: /home/crh/文档/Machine_Learning_25D/ml25d_ws/install/ml25d_dataset_generation/share/ml25d_dataset_generation/local_setup.zsh
[0.303s] -- Up-to-date: /home/crh/文档/Machine_Learning_25D/ml25d_ws/install/ml25d_dataset_generation/share/ml25d_dataset_generation/local_setup.dsv
[0.304s] -- Installing: /home/crh/文档/Machine_Learning_25D/ml25d_ws/install/ml25d_dataset_generation/share/ml25d_dataset_generation/package.dsv
[0.304s] -- Up-to-date: /home/crh/文档/Machine_Learning_25D/ml25d_ws/install/ml25d_dataset_generation/share/ament_index/resource_index/packages/ml25d_dataset_generation
[0.304s] -- Up-to-date: /home/crh/文档/Machine_Learning_25D/ml25d_ws/install/ml25d_dataset_generation/share/ml25d_dataset_generation/cmake/ml25d_dataset_generationConfig.cmake
[0.304s] -- Up-to-date: /home/crh/文档/Machine_Learning_25D/ml25d_ws/install/ml25d_dataset_generation/share/ml25d_dataset_generation/cmake/ml25d_dataset_generationConfig-version.cmake
[0.304s] -- Up-to-date: /home/crh/文档/Machine_Learning_25D/ml25d_ws/install/ml25d_dataset_generation/share/ml25d_dataset_generation/package.xml
[0.304s] Invoked command in '/home/crh/文档/Machine_Learning_25D/ml25d_ws/build/ml25d_dataset_generation' returned '0': CMAKE_PREFIX_PATH=${CMAKE_PREFIX_PATH}:/opt/ros/jazzy DEBUGINFOD_URLS=https://debuginfod.ubuntu.com /usr/bin/cmake --install /home/crh/文档/Machine_Learning_25D/ml25d_ws/build/ml25d_dataset_generation
