
--- start ros_gz_bridge parameter_bridge ---
[INFO] [1777185247.566535929] [ros_gz_bridge]: Creating ROS->GZ Bridge: [/model/ml25d_vehicle_w2/cmd_vel (geometry_msgs/msg/Twist) -> /model/ml25d_vehicle_w2/cmd_vel (gz.msgs.Twist)] (Lazy 0)
[INFO] [1777185247.567821553] [ros_gz_bridge]: Creating GZ->ROS Bridge: [/model/ml25d_vehicle_w2/odometry (gz.msgs.Odometry) -> /model/ml25d_vehicle_w2/odometry (nav_msgs/msg/Odometry)] (Lazy 0)
[INFO] [1777185247.568693548] [ros_gz_bridge]: Creating ROS->GZ service bridge [/world/ml25d_flat_audit_w2/set_pose (ros_gz_interfaces/srv/SetEntityPose -> /)]
[INFO] [1777185247.569206013] [ros_gz_bridge]: Creating ROS->GZ service bridge [/world/ml25d_flat_audit_w2/create (ros_gz_interfaces/srv/SpawnEntity -> /)]
[INFO] [1777185247.569385860] [ros_gz_bridge]: Creating ROS->GZ service bridge [/world/ml25d_flat_audit_w2/remove (ros_gz_interfaces/srv/DeleteEntity -> /)]
[INFO] [1777185247.569574886] [ros_gz_bridge]: Creating GZ->ROS Bridge: [/ml25d/ml25d_vehicle_w2/chassis_contacts (gz.msgs.Contacts) -> /ml25d/ml25d_vehicle_w2/chassis_contacts (ros_gz_interfaces/msg/Contacts)] (Lazy 0)
[INFO] [1777185247.570335698] [ros_gz_bridge]: Creating GZ->ROS Bridge: [/ml25d/ml25d_vehicle_w2/front_left_contacts (gz.msgs.Contacts) -> /ml25d/ml25d_vehicle_w2/front_left_contacts (ros_gz_interfaces/msg/Contacts)] (Lazy 0)
[INFO] [1777185247.570523461] [ros_gz_bridge]: Creating GZ->ROS Bridge: [/ml25d/ml25d_vehicle_w2/front_right_contacts (gz.msgs.Contacts) -> /ml25d/ml25d_vehicle_w2/front_right_contacts (ros_gz_interfaces/msg/Contacts)] (Lazy 0)
[INFO] [1777185247.570675031] [ros_gz_bridge]: Creating GZ->ROS Bridge: [/ml25d/ml25d_vehicle_w2/rear_left_contacts (gz.msgs.Contacts) -> /ml25d/ml25d_vehicle_w2/rear_left_contacts (ros_gz_interfaces/msg/Contacts)] (Lazy 0)
[INFO] [1777185247.570912294] [ros_gz_bridge]: Creating GZ->ROS Bridge: [/ml25d/ml25d_vehicle_w2/rear_right_contacts (gz.msgs.Contacts) -> /ml25d/ml25d_vehicle_w2/rear_right_contacts (ros_gz_interfaces/msg/Contacts)] (Lazy 0)
[INFO] [1777185251.198801422] [ros_gz_bridge]: Passing message from ROS geometry_msgs/msg/Twist to Gazebo gz.msgs.Twist (showing msg only once per type)

--- start ros_gz_bridge parameter_bridge ---
[INFO] [1777185407.844659870] [ros_gz_bridge]: Creating ROS->GZ Bridge: [/model/ml25d_vehicle_w2/cmd_vel (geometry_msgs/msg/Twist) -> /model/ml25d_vehicle_w2/cmd_vel (gz.msgs.Twist)] (Lazy 0)
[INFO] [1777185407.845973372] [ros_gz_bridge]: Creating GZ->ROS Bridge: [/model/ml25d_vehicle_w2/odometry (gz.msgs.Odometry) -> /model/ml25d_vehicle_w2/odometry (nav_msgs/msg/Odometry)] (Lazy 0)
[INFO] [1777185407.846879626] [ros_gz_bridge]: Creating ROS->GZ service bridge [/world/ml25d_flat_audit_w2/set_pose (ros_gz_interfaces/srv/SetEntityPose -> /)]
[INFO] [1777185407.847436684] [ros_gz_bridge]: Creating ROS->GZ service bridge [/world/ml25d_flat_audit_w2/create (ros_gz_interfaces/srv/SpawnEntity -> /)]
[INFO] [1777185407.847660448] [ros_gz_bridge]: Creating ROS->GZ service bridge [/world/ml25d_flat_audit_w2/remove (ros_gz_interfaces/srv/DeleteEntity -> /)]
[INFO] [1777185407.847836801] [ros_gz_bridge]: Creating GZ->ROS Bridge: [/ml25d/ml25d_vehicle_w2/chassis_contacts (gz.msgs.Contacts) -> /ml25d/ml25d_vehicle_w2/chassis_contacts (ros_gz_interfaces/msg/Contacts)] (Lazy 0)
[INFO] [1777185407.848655059] [ros_gz_bridge]: Creating GZ->ROS Bridge: [/ml25d/ml25d_vehicle_w2/front_left_contacts (gz.msgs.Contacts) -> /ml25d/ml25d_vehicle_w2/front_left_contacts (ros_gz_interfaces/msg/Contacts)] (Lazy 0)
[INFO] [1777185407.848889895] [ros_gz_bridge]: Creating GZ->ROS Bridge: [/ml25d/ml25d_vehicle_w2/front_right_contacts (gz.msgs.Contacts) -> /ml25d/ml25d_vehicle_w2/front_right_contacts (ros_gz_interfaces/msg/Contacts)] (Lazy 0)
[INFO] [1777185407.849211547] [ros_gz_bridge]: Creating GZ->ROS Bridge: [/ml25d/ml25d_vehicle_w2/rear_left_contacts (gz.msgs.Contacts) -> /ml25d/ml25d_vehicle_w2/rear_left_contacts (ros_gz_interfaces/msg/Contacts)] (Lazy 0)
[INFO] [1777185407.849463834] [ros_gz_bridge]: Creating GZ->ROS Bridge: [/ml25d/ml25d_vehicle_w2/rear_right_contacts (gz.msgs.Contacts) -> /ml25d/ml25d_vehicle_w2/rear_right_contacts (ros_gz_interfaces/msg/Contacts)] (Lazy 0)
[INFO] [1777185411.369272461] [ros_gz_bridge]: Passing message from ROS geometry_msgs/msg/Twist to Gazebo gz.msgs.Twist (showing msg only once per type)
[INFO] [1777185488.760956669] [rclcpp]: signal_handler(SIGINT/SIGTERM)

--- start ros_gz_bridge parameter_bridge ---
[INFO] [1777185499.113745928] [ros_gz_bridge]: Creating ROS->GZ Bridge: [/model/ml25d_vehicle_w2/cmd_vel (geometry_msgs/msg/Twist) -> /model/ml25d_vehicle_w2/cmd_vel (gz.msgs.Twist)] (Lazy 0)
[INFO] [1777185499.115236537] [ros_gz_bridge]: Creating GZ->ROS Bridge: [/model/ml25d_vehicle_w2/odometry (gz.msgs.Odometry) -> /model/ml25d_vehicle_w2/odometry (nav_msgs/msg/Odometry)] (Lazy 0)
[INFO] [1777185499.214305202] [ros_gz_bridge]: Creating ROS->GZ service bridge [/world/ml25d_flat_audit_w2/set_pose (ros_gz_interfaces/srv/SetEntityPose -> /)]
[INFO] [1777185499.215707958] [ros_gz_bridge]: Creating ROS->GZ service bridge [/world/ml25d_flat_audit_w2/create (ros_gz_interfaces/srv/SpawnEntity -> /)]
[INFO] [1777185499.216139793] [ros_gz_bridge]: Creating ROS->GZ service bridge [/world/ml25d_flat_audit_w2/remove (ros_gz_interfaces/srv/DeleteEntity -> /)]
[INFO] [1777185499.216455771] [ros_gz_bridge]: Creating GZ->ROS Bridge: [/ml25d/ml25d_vehicle_w2/chassis_contacts (gz.msgs.Contacts) -> /ml25d/ml25d_vehicle_w2/chassis_contacts (ros_gz_interfaces/msg/Contacts)] (Lazy 0)
[INFO] [1777185499.314620042] [ros_gz_bridge]: Creating GZ->ROS Bridge: [/ml25d/ml25d_vehicle_w2/front_left_contacts (gz.msgs.Contacts) -> /ml25d/ml25d_vehicle_w2/front_left_contacts (ros_gz_interfaces/msg/Contacts)] (Lazy 0)
[INFO] [1777185499.414982620] [ros_gz_bridge]: Creating GZ->ROS Bridge: [/ml25d/ml25d_vehicle_w2/front_right_contacts (gz.msgs.Contacts) -> /ml25d/ml25d_vehicle_w2/front_right_contacts (ros_gz_interfaces/msg/Contacts)] (Lazy 0)
[INFO] [1777185499.515523832] [ros_gz_bridge]: Creating GZ->ROS Bridge: [/ml25d/ml25d_vehicle_w2/rear_left_contacts (gz.msgs.Contacts) -> /ml25d/ml25d_vehicle_w2/rear_left_contacts (ros_gz_interfaces/msg/Contacts)] (Lazy 0)
[INFO] [1777185499.516571744] [ros_gz_bridge]: Creating GZ->ROS Bridge: [/ml25d/ml25d_vehicle_w2/rear_right_contacts (gz.msgs.Contacts) -> /ml25d/ml25d_vehicle_w2/rear_right_contacts (ros_gz_interfaces/msg/Contacts)] (Lazy 0)
[INFO] [1777185502.620233569] [ros_gz_bridge]: Passing message from ROS geometry_msgs/msg/Twist to Gazebo gz.msgs.Twist (showing msg only once per type)
[INFO] [1777189394.815114111] [rclcpp]: signal_handler(SIGINT/SIGTERM)
