
--- start ros_gz_bridge parameter_bridge ---
[INFO] [1777194656.545485075] [ros_gz_bridge]: Creating ROS->GZ Bridge: [/model/ml25d_vehicle_w4/cmd_vel (geometry_msgs/msg/Twist) -> /model/ml25d_vehicle_w4/cmd_vel (gz.msgs.Twist)] (Lazy 0)
[INFO] [1777194656.546632217] [ros_gz_bridge]: Creating GZ->ROS Bridge: [/model/ml25d_vehicle_w4/odometry (gz.msgs.Odometry) -> /model/ml25d_vehicle_w4/odometry (nav_msgs/msg/Odometry)] (Lazy 0)
[INFO] [1777194656.547514027] [ros_gz_bridge]: Creating ROS->GZ service bridge [/world/ml25d_pilot_w4/set_pose (ros_gz_interfaces/srv/SetEntityPose -> /)]
[INFO] [1777194656.548020890] [ros_gz_bridge]: Creating ROS->GZ service bridge [/world/ml25d_pilot_w4/create (ros_gz_interfaces/srv/SpawnEntity -> /)]
[INFO] [1777194656.548207743] [ros_gz_bridge]: Creating ROS->GZ service bridge [/world/ml25d_pilot_w4/remove (ros_gz_interfaces/srv/DeleteEntity -> /)]
[INFO] [1777194656.548354165] [ros_gz_bridge]: Creating ROS->GZ service bridge [/world/ml25d_pilot_w4/control (ros_gz_interfaces/srv/ControlWorld -> /)]
[INFO] [1777194656.548500097] [ros_gz_bridge]: Creating GZ->ROS Bridge: [/ml25d/ml25d_vehicle_w4/chassis_contacts (gz.msgs.Contacts) -> /ml25d/ml25d_vehicle_w4/chassis_contacts (ros_gz_interfaces/msg/Contacts)] (Lazy 0)
[INFO] [1777194656.549243915] [ros_gz_bridge]: Creating GZ->ROS Bridge: [/ml25d/ml25d_vehicle_w4/front_left_contacts (gz.msgs.Contacts) -> /ml25d/ml25d_vehicle_w4/front_left_contacts (ros_gz_interfaces/msg/Contacts)] (Lazy 0)
[INFO] [1777194656.549421452] [ros_gz_bridge]: Creating GZ->ROS Bridge: [/ml25d/ml25d_vehicle_w4/front_right_contacts (gz.msgs.Contacts) -> /ml25d/ml25d_vehicle_w4/front_right_contacts (ros_gz_interfaces/msg/Contacts)] (Lazy 0)
[INFO] [1777194656.549564470] [ros_gz_bridge]: Creating GZ->ROS Bridge: [/ml25d/ml25d_vehicle_w4/rear_left_contacts (gz.msgs.Contacts) -> /ml25d/ml25d_vehicle_w4/rear_left_contacts (ros_gz_interfaces/msg/Contacts)] (Lazy 0)
[INFO] [1777194656.549701733] [ros_gz_bridge]: Creating GZ->ROS Bridge: [/ml25d/ml25d_vehicle_w4/rear_right_contacts (gz.msgs.Contacts) -> /ml25d/ml25d_vehicle_w4/rear_right_contacts (ros_gz_interfaces/msg/Contacts)] (Lazy 0)
[INFO] [1777194660.005774042] [ros_gz_bridge]: Passing message from ROS geometry_msgs/msg/Twist to Gazebo gz.msgs.Twist (showing msg only once per type)
[INFO] [1777194991.620258651] [rclcpp]: signal_handler(SIGINT/SIGTERM)

--- start ros_gz_bridge parameter_bridge ---
[INFO] [1777195009.457538337] [ros_gz_bridge]: Creating ROS->GZ Bridge: [/model/ml25d_vehicle_w4/cmd_vel (geometry_msgs/msg/Twist) -> /model/ml25d_vehicle_w4/cmd_vel (gz.msgs.Twist)] (Lazy 0)
[INFO] [1777195009.459657689] [ros_gz_bridge]: Creating GZ->ROS Bridge: [/model/ml25d_vehicle_w4/odometry (gz.msgs.Odometry) -> /model/ml25d_vehicle_w4/odometry (nav_msgs/msg/Odometry)] (Lazy 0)
[INFO] [1777195009.460778361] [ros_gz_bridge]: Creating ROS->GZ service bridge [/world/ml25d_pilot_w4/set_pose (ros_gz_interfaces/srv/SetEntityPose -> /)]
[INFO] [1777195009.461286402] [ros_gz_bridge]: Creating ROS->GZ service bridge [/world/ml25d_pilot_w4/create (ros_gz_interfaces/srv/SpawnEntity -> /)]
[INFO] [1777195009.461462862] [ros_gz_bridge]: Creating ROS->GZ service bridge [/world/ml25d_pilot_w4/remove (ros_gz_interfaces/srv/DeleteEntity -> /)]
[INFO] [1777195009.461610240] [ros_gz_bridge]: Creating ROS->GZ service bridge [/world/ml25d_pilot_w4/control (ros_gz_interfaces/srv/ControlWorld -> /)]
[INFO] [1777195009.461760422] [ros_gz_bridge]: Creating GZ->ROS Bridge: [/ml25d/ml25d_vehicle_w4/chassis_contacts (gz.msgs.Contacts) -> /ml25d/ml25d_vehicle_w4/chassis_contacts (ros_gz_interfaces/msg/Contacts)] (Lazy 0)
[INFO] [1777195009.462515848] [ros_gz_bridge]: Creating GZ->ROS Bridge: [/ml25d/ml25d_vehicle_w4/front_left_contacts (gz.msgs.Contacts) -> /ml25d/ml25d_vehicle_w4/front_left_contacts (ros_gz_interfaces/msg/Contacts)] (Lazy 0)
[INFO] [1777195009.462723142] [ros_gz_bridge]: Creating GZ->ROS Bridge: [/ml25d/ml25d_vehicle_w4/front_right_contacts (gz.msgs.Contacts) -> /ml25d/ml25d_vehicle_w4/front_right_contacts (ros_gz_interfaces/msg/Contacts)] (Lazy 0)
[INFO] [1777195009.462914824] [ros_gz_bridge]: Creating GZ->ROS Bridge: [/ml25d/ml25d_vehicle_w4/rear_left_contacts (gz.msgs.Contacts) -> /ml25d/ml25d_vehicle_w4/rear_left_contacts (ros_gz_interfaces/msg/Contacts)] (Lazy 0)
[INFO] [1777195009.463124751] [ros_gz_bridge]: Creating GZ->ROS Bridge: [/ml25d/ml25d_vehicle_w4/rear_right_contacts (gz.msgs.Contacts) -> /ml25d/ml25d_vehicle_w4/rear_right_contacts (ros_gz_interfaces/msg/Contacts)] (Lazy 0)
[INFO] [1777195012.833617813] [ros_gz_bridge]: Passing message from ROS geometry_msgs/msg/Twist to Gazebo gz.msgs.Twist (showing msg only once per type)
