
--- start ros_gz_bridge parameter_bridge ---
[INFO] [1777352701.981634030] [ros_gz_bridge]: Creating ROS->GZ Bridge: [/model/ml25d_vehicle_w4/cmd_vel (geometry_msgs/msg/Twist) -> /model/ml25d_vehicle_w4/cmd_vel (gz.msgs.Twist)] (Lazy 0)
[INFO] [1777352701.983054272] [ros_gz_bridge]: Creating GZ->ROS Bridge: [/model/ml25d_vehicle_w4/odometry (gz.msgs.Odometry) -> /model/ml25d_vehicle_w4/odometry (nav_msgs/msg/Odometry)] (Lazy 0)
[INFO] [1777352701.983992198] [ros_gz_bridge]: Creating ROS->GZ service bridge [/world/ml25d_pilot_w4/set_pose (ros_gz_interfaces/srv/SetEntityPose -> /)]
[INFO] [1777352701.984527433] [ros_gz_bridge]: Creating ROS->GZ service bridge [/world/ml25d_pilot_w4/create (ros_gz_interfaces/srv/SpawnEntity -> /)]
[INFO] [1777352701.984720325] [ros_gz_bridge]: Creating ROS->GZ service bridge [/world/ml25d_pilot_w4/remove (ros_gz_interfaces/srv/DeleteEntity -> /)]
[INFO] [1777352701.984879350] [ros_gz_bridge]: Creating ROS->GZ service bridge [/world/ml25d_pilot_w4/control (ros_gz_interfaces/srv/ControlWorld -> /)]
[INFO] [1777352701.985032762] [ros_gz_bridge]: Creating GZ->ROS Bridge: [/ml25d/ml25d_vehicle_w4/chassis_contacts (gz.msgs.Contacts) -> /ml25d/ml25d_vehicle_w4/chassis_contacts (ros_gz_interfaces/msg/Contacts)] (Lazy 0)
[INFO] [1777352701.985814720] [ros_gz_bridge]: Creating GZ->ROS Bridge: [/ml25d/ml25d_vehicle_w4/front_left_contacts (gz.msgs.Contacts) -> /ml25d/ml25d_vehicle_w4/front_left_contacts (ros_gz_interfaces/msg/Contacts)] (Lazy 0)
[INFO] [1777352701.986051739] [ros_gz_bridge]: Creating GZ->ROS Bridge: [/ml25d/ml25d_vehicle_w4/front_right_contacts (gz.msgs.Contacts) -> /ml25d/ml25d_vehicle_w4/front_right_contacts (ros_gz_interfaces/msg/Contacts)] (Lazy 0)
[INFO] [1777352701.986280252] [ros_gz_bridge]: Creating GZ->ROS Bridge: [/ml25d/ml25d_vehicle_w4/rear_left_contacts (gz.msgs.Contacts) -> /ml25d/ml25d_vehicle_w4/rear_left_contacts (ros_gz_interfaces/msg/Contacts)] (Lazy 0)
[INFO] [1777352701.986488991] [ros_gz_bridge]: Creating GZ->ROS Bridge: [/ml25d/ml25d_vehicle_w4/rear_right_contacts (gz.msgs.Contacts) -> /ml25d/ml25d_vehicle_w4/rear_right_contacts (ros_gz_interfaces/msg/Contacts)] (Lazy 0)
[INFO] [1777352705.730134643] [ros_gz_bridge]: Passing message from ROS geometry_msgs/msg/Twist to Gazebo gz.msgs.Twist (showing msg only once per type)
[INFO] [1777352886.997938490] [rclcpp]: signal_handler(SIGINT/SIGTERM)
pure virtual method called
terminate called without an active exception

--- start ros_gz_bridge parameter_bridge ---
[INFO] [1777352887.382678225] [ros_gz_bridge]: Creating ROS->GZ Bridge: [/model/ml25d_vehicle_w4/cmd_vel (geometry_msgs/msg/Twist) -> /model/ml25d_vehicle_w4/cmd_vel (gz.msgs.Twist)] (Lazy 0)
[INFO] [1777352887.383880643] [ros_gz_bridge]: Creating GZ->ROS Bridge: [/model/ml25d_vehicle_w4/odometry (gz.msgs.Odometry) -> /model/ml25d_vehicle_w4/odometry (nav_msgs/msg/Odometry)] (Lazy 0)
[INFO] [1777352887.384772872] [ros_gz_bridge]: Creating ROS->GZ service bridge [/world/ml25d_pilot_w4/set_pose (ros_gz_interfaces/srv/SetEntityPose -> /)]
[INFO] [1777352887.385275568] [ros_gz_bridge]: Creating ROS->GZ service bridge [/world/ml25d_pilot_w4/create (ros_gz_interfaces/srv/SpawnEntity -> /)]
[INFO] [1777352887.385458537] [ros_gz_bridge]: Creating ROS->GZ service bridge [/world/ml25d_pilot_w4/remove (ros_gz_interfaces/srv/DeleteEntity -> /)]
[INFO] [1777352887.385615148] [ros_gz_bridge]: Creating ROS->GZ service bridge [/world/ml25d_pilot_w4/control (ros_gz_interfaces/srv/ControlWorld -> /)]
[INFO] [1777352887.385786869] [ros_gz_bridge]: Creating GZ->ROS Bridge: [/ml25d/ml25d_vehicle_w4/chassis_contacts (gz.msgs.Contacts) -> /ml25d/ml25d_vehicle_w4/chassis_contacts (ros_gz_interfaces/msg/Contacts)] (Lazy 0)
[INFO] [1777352887.386535811] [ros_gz_bridge]: Creating GZ->ROS Bridge: [/ml25d/ml25d_vehicle_w4/front_left_contacts (gz.msgs.Contacts) -> /ml25d/ml25d_vehicle_w4/front_left_contacts (ros_gz_interfaces/msg/Contacts)] (Lazy 0)
[INFO] [1777352887.386699559] [ros_gz_bridge]: Creating GZ->ROS Bridge: [/ml25d/ml25d_vehicle_w4/front_right_contacts (gz.msgs.Contacts) -> /ml25d/ml25d_vehicle_w4/front_right_contacts (ros_gz_interfaces/msg/Contacts)] (Lazy 0)
[INFO] [1777352887.386851854] [ros_gz_bridge]: Creating GZ->ROS Bridge: [/ml25d/ml25d_vehicle_w4/rear_left_contacts (gz.msgs.Contacts) -> /ml25d/ml25d_vehicle_w4/rear_left_contacts (ros_gz_interfaces/msg/Contacts)] (Lazy 0)
[INFO] [1777352887.386989020] [ros_gz_bridge]: Creating GZ->ROS Bridge: [/ml25d/ml25d_vehicle_w4/rear_right_contacts (gz.msgs.Contacts) -> /ml25d/ml25d_vehicle_w4/rear_right_contacts (ros_gz_interfaces/msg/Contacts)] (Lazy 0)
[INFO] [1777352891.031725127] [ros_gz_bridge]: Passing message from ROS geometry_msgs/msg/Twist to Gazebo gz.msgs.Twist (showing msg only once per type)

--- start ros_gz_bridge parameter_bridge ---
[INFO] [1777352912.670674340] [ros_gz_bridge]: Creating ROS->GZ Bridge: [/model/ml25d_vehicle_w4/cmd_vel (geometry_msgs/msg/Twist) -> /model/ml25d_vehicle_w4/cmd_vel (gz.msgs.Twist)] (Lazy 0)
[INFO] [1777352912.671897015] [ros_gz_bridge]: Creating GZ->ROS Bridge: [/model/ml25d_vehicle_w4/odometry (gz.msgs.Odometry) -> /model/ml25d_vehicle_w4/odometry (nav_msgs/msg/Odometry)] (Lazy 0)
[INFO] [1777352912.672791723] [ros_gz_bridge]: Creating ROS->GZ service bridge [/world/ml25d_pilot_w4/set_pose (ros_gz_interfaces/srv/SetEntityPose -> /)]
[INFO] [1777352912.673294510] [ros_gz_bridge]: Creating ROS->GZ service bridge [/world/ml25d_pilot_w4/create (ros_gz_interfaces/srv/SpawnEntity -> /)]
[INFO] [1777352912.673486740] [ros_gz_bridge]: Creating ROS->GZ service bridge [/world/ml25d_pilot_w4/remove (ros_gz_interfaces/srv/DeleteEntity -> /)]
[INFO] [1777352912.673646883] [ros_gz_bridge]: Creating ROS->GZ service bridge [/world/ml25d_pilot_w4/control (ros_gz_interfaces/srv/ControlWorld -> /)]
[INFO] [1777352912.673811236] [ros_gz_bridge]: Creating GZ->ROS Bridge: [/ml25d/ml25d_vehicle_w4/chassis_contacts (gz.msgs.Contacts) -> /ml25d/ml25d_vehicle_w4/chassis_contacts (ros_gz_interfaces/msg/Contacts)] (Lazy 0)
[INFO] [1777352912.674582323] [ros_gz_bridge]: Creating GZ->ROS Bridge: [/ml25d/ml25d_vehicle_w4/front_left_contacts (gz.msgs.Contacts) -> /ml25d/ml25d_vehicle_w4/front_left_contacts (ros_gz_interfaces/msg/Contacts)] (Lazy 0)
[INFO] [1777352912.674786987] [ros_gz_bridge]: Creating GZ->ROS Bridge: [/ml25d/ml25d_vehicle_w4/front_right_contacts (gz.msgs.Contacts) -> /ml25d/ml25d_vehicle_w4/front_right_contacts (ros_gz_interfaces/msg/Contacts)] (Lazy 0)
[INFO] [1777352912.674944929] [ros_gz_bridge]: Creating GZ->ROS Bridge: [/ml25d/ml25d_vehicle_w4/rear_left_contacts (gz.msgs.Contacts) -> /ml25d/ml25d_vehicle_w4/rear_left_contacts (ros_gz_interfaces/msg/Contacts)] (Lazy 0)
[INFO] [1777352912.675110978] [ros_gz_bridge]: Creating GZ->ROS Bridge: [/ml25d/ml25d_vehicle_w4/rear_right_contacts (gz.msgs.Contacts) -> /ml25d/ml25d_vehicle_w4/rear_right_contacts (ros_gz_interfaces/msg/Contacts)] (Lazy 0)
[INFO] [1777352916.300863482] [ros_gz_bridge]: Passing message from ROS geometry_msgs/msg/Twist to Gazebo gz.msgs.Twist (showing msg only once per type)
