
--- start ros_gz_bridge parameter_bridge ---
[INFO] [1777194177.052542972] [ros_gz_bridge]: Creating ROS->GZ Bridge: [/model/ml25d_vehicle_w7/cmd_vel (geometry_msgs/msg/Twist) -> /model/ml25d_vehicle_w7/cmd_vel (gz.msgs.Twist)] (Lazy 0)
[INFO] [1777194177.053980385] [ros_gz_bridge]: Creating GZ->ROS Bridge: [/model/ml25d_vehicle_w7/odometry (gz.msgs.Odometry) -> /model/ml25d_vehicle_w7/odometry (nav_msgs/msg/Odometry)] (Lazy 0)
[INFO] [1777194177.054974074] [ros_gz_bridge]: Creating ROS->GZ service bridge [/world/ml25d_pilot_w7/set_pose (ros_gz_interfaces/srv/SetEntityPose -> /)]
[INFO] [1777194177.055495145] [ros_gz_bridge]: Creating ROS->GZ service bridge [/world/ml25d_pilot_w7/create (ros_gz_interfaces/srv/SpawnEntity -> /)]
[INFO] [1777194177.055692008] [ros_gz_bridge]: Creating ROS->GZ service bridge [/world/ml25d_pilot_w7/remove (ros_gz_interfaces/srv/DeleteEntity -> /)]
[INFO] [1777194177.055863454] [ros_gz_bridge]: Creating ROS->GZ service bridge [/world/ml25d_pilot_w7/control (ros_gz_interfaces/srv/ControlWorld -> /)]
[INFO] [1777194177.056045397] [ros_gz_bridge]: Creating GZ->ROS Bridge: [/ml25d/ml25d_vehicle_w7/chassis_contacts (gz.msgs.Contacts) -> /ml25d/ml25d_vehicle_w7/chassis_contacts (ros_gz_interfaces/msg/Contacts)] (Lazy 0)
[INFO] [1777194177.056857719] [ros_gz_bridge]: Creating GZ->ROS Bridge: [/ml25d/ml25d_vehicle_w7/front_left_contacts (gz.msgs.Contacts) -> /ml25d/ml25d_vehicle_w7/front_left_contacts (ros_gz_interfaces/msg/Contacts)] (Lazy 0)
[INFO] [1777194177.057078504] [ros_gz_bridge]: Creating GZ->ROS Bridge: [/ml25d/ml25d_vehicle_w7/front_right_contacts (gz.msgs.Contacts) -> /ml25d/ml25d_vehicle_w7/front_right_contacts (ros_gz_interfaces/msg/Contacts)] (Lazy 0)
[INFO] [1777194177.057291901] [ros_gz_bridge]: Creating GZ->ROS Bridge: [/ml25d/ml25d_vehicle_w7/rear_left_contacts (gz.msgs.Contacts) -> /ml25d/ml25d_vehicle_w7/rear_left_contacts (ros_gz_interfaces/msg/Contacts)] (Lazy 0)
[INFO] [1777194177.057503245] [ros_gz_bridge]: Creating GZ->ROS Bridge: [/ml25d/ml25d_vehicle_w7/rear_right_contacts (gz.msgs.Contacts) -> /ml25d/ml25d_vehicle_w7/rear_right_contacts (ros_gz_interfaces/msg/Contacts)] (Lazy 0)
[INFO] [1777194180.809401644] [ros_gz_bridge]: Passing message from ROS geometry_msgs/msg/Twist to Gazebo gz.msgs.Twist (showing msg only once per type)

--- start ros_gz_bridge parameter_bridge ---
[INFO] [1777194344.749485881] [ros_gz_bridge]: Creating ROS->GZ Bridge: [/model/ml25d_vehicle_w7/cmd_vel (geometry_msgs/msg/Twist) -> /model/ml25d_vehicle_w7/cmd_vel (gz.msgs.Twist)] (Lazy 0)
[INFO] [1777194344.750622727] [ros_gz_bridge]: Creating GZ->ROS Bridge: [/model/ml25d_vehicle_w7/odometry (gz.msgs.Odometry) -> /model/ml25d_vehicle_w7/odometry (nav_msgs/msg/Odometry)] (Lazy 0)
[INFO] [1777194344.751484563] [ros_gz_bridge]: Creating ROS->GZ service bridge [/world/ml25d_pilot_w7/set_pose (ros_gz_interfaces/srv/SetEntityPose -> /)]
[INFO] [1777194344.751971622] [ros_gz_bridge]: Creating ROS->GZ service bridge [/world/ml25d_pilot_w7/create (ros_gz_interfaces/srv/SpawnEntity -> /)]
[INFO] [1777194344.752161365] [ros_gz_bridge]: Creating ROS->GZ service bridge [/world/ml25d_pilot_w7/remove (ros_gz_interfaces/srv/DeleteEntity -> /)]
[INFO] [1777194344.752339411] [ros_gz_bridge]: Creating ROS->GZ service bridge [/world/ml25d_pilot_w7/control (ros_gz_interfaces/srv/ControlWorld -> /)]
[INFO] [1777194344.752494721] [ros_gz_bridge]: Creating GZ->ROS Bridge: [/ml25d/ml25d_vehicle_w7/chassis_contacts (gz.msgs.Contacts) -> /ml25d/ml25d_vehicle_w7/chassis_contacts (ros_gz_interfaces/msg/Contacts)] (Lazy 0)
[INFO] [1777194344.753194096] [ros_gz_bridge]: Creating GZ->ROS Bridge: [/ml25d/ml25d_vehicle_w7/front_left_contacts (gz.msgs.Contacts) -> /ml25d/ml25d_vehicle_w7/front_left_contacts (ros_gz_interfaces/msg/Contacts)] (Lazy 0)
[INFO] [1777194344.753377210] [ros_gz_bridge]: Creating GZ->ROS Bridge: [/ml25d/ml25d_vehicle_w7/front_right_contacts (gz.msgs.Contacts) -> /ml25d/ml25d_vehicle_w7/front_right_contacts (ros_gz_interfaces/msg/Contacts)] (Lazy 0)
[INFO] [1777194344.753524373] [ros_gz_bridge]: Creating GZ->ROS Bridge: [/ml25d/ml25d_vehicle_w7/rear_left_contacts (gz.msgs.Contacts) -> /ml25d/ml25d_vehicle_w7/rear_left_contacts (ros_gz_interfaces/msg/Contacts)] (Lazy 0)
[INFO] [1777194344.753668769] [ros_gz_bridge]: Creating GZ->ROS Bridge: [/ml25d/ml25d_vehicle_w7/rear_right_contacts (gz.msgs.Contacts) -> /ml25d/ml25d_vehicle_w7/rear_right_contacts (ros_gz_interfaces/msg/Contacts)] (Lazy 0)
[INFO] [1777194348.384182337] [ros_gz_bridge]: Passing message from ROS geometry_msgs/msg/Twist to Gazebo gz.msgs.Twist (showing msg only once per type)

--- start ros_gz_bridge parameter_bridge ---
[INFO] [1777194369.088525475] [ros_gz_bridge]: Creating ROS->GZ Bridge: [/model/ml25d_vehicle_w7/cmd_vel (geometry_msgs/msg/Twist) -> /model/ml25d_vehicle_w7/cmd_vel (gz.msgs.Twist)] (Lazy 0)
[INFO] [1777194369.089910174] [ros_gz_bridge]: Creating GZ->ROS Bridge: [/model/ml25d_vehicle_w7/odometry (gz.msgs.Odometry) -> /model/ml25d_vehicle_w7/odometry (nav_msgs/msg/Odometry)] (Lazy 0)
[INFO] [1777194369.090939075] [ros_gz_bridge]: Creating ROS->GZ service bridge [/world/ml25d_pilot_w7/set_pose (ros_gz_interfaces/srv/SetEntityPose -> /)]
[INFO] [1777194369.091790202] [ros_gz_bridge]: Creating ROS->GZ service bridge [/world/ml25d_pilot_w7/create (ros_gz_interfaces/srv/SpawnEntity -> /)]
[INFO] [1777194369.092000084] [ros_gz_bridge]: Creating ROS->GZ service bridge [/world/ml25d_pilot_w7/remove (ros_gz_interfaces/srv/DeleteEntity -> /)]
[INFO] [1777194369.092170739] [ros_gz_bridge]: Creating ROS->GZ service bridge [/world/ml25d_pilot_w7/control (ros_gz_interfaces/srv/ControlWorld -> /)]
[INFO] [1777194369.092322187] [ros_gz_bridge]: Creating GZ->ROS Bridge: [/ml25d/ml25d_vehicle_w7/chassis_contacts (gz.msgs.Contacts) -> /ml25d/ml25d_vehicle_w7/chassis_contacts (ros_gz_interfaces/msg/Contacts)] (Lazy 0)
[INFO] [1777194369.093104417] [ros_gz_bridge]: Creating GZ->ROS Bridge: [/ml25d/ml25d_vehicle_w7/front_left_contacts (gz.msgs.Contacts) -> /ml25d/ml25d_vehicle_w7/front_left_contacts (ros_gz_interfaces/msg/Contacts)] (Lazy 0)
[INFO] [1777194369.093299520] [ros_gz_bridge]: Creating GZ->ROS Bridge: [/ml25d/ml25d_vehicle_w7/front_right_contacts (gz.msgs.Contacts) -> /ml25d/ml25d_vehicle_w7/front_right_contacts (ros_gz_interfaces/msg/Contacts)] (Lazy 0)
[INFO] [1777194369.093466161] [ros_gz_bridge]: Creating GZ->ROS Bridge: [/ml25d/ml25d_vehicle_w7/rear_left_contacts (gz.msgs.Contacts) -> /ml25d/ml25d_vehicle_w7/rear_left_contacts (ros_gz_interfaces/msg/Contacts)] (Lazy 0)
[INFO] [1777194369.093638850] [ros_gz_bridge]: Creating GZ->ROS Bridge: [/ml25d/ml25d_vehicle_w7/rear_right_contacts (gz.msgs.Contacts) -> /ml25d/ml25d_vehicle_w7/rear_right_contacts (ros_gz_interfaces/msg/Contacts)] (Lazy 0)
[INFO] [1777194372.736066766] [ros_gz_bridge]: Passing message from ROS geometry_msgs/msg/Twist to Gazebo gz.msgs.Twist (showing msg only once per type)
