
--- start ros_gz_bridge parameter_bridge ---
[INFO] [1777194387.330706916] [ros_gz_bridge]: Creating ROS->GZ Bridge: [/model/ml25d_vehicle_w2/cmd_vel (geometry_msgs/msg/Twist) -> /model/ml25d_vehicle_w2/cmd_vel (gz.msgs.Twist)] (Lazy 0)
[INFO] [1777194387.332215091] [ros_gz_bridge]: Creating GZ->ROS Bridge: [/model/ml25d_vehicle_w2/odometry (gz.msgs.Odometry) -> /model/ml25d_vehicle_w2/odometry (nav_msgs/msg/Odometry)] (Lazy 0)
[INFO] [1777194387.333491490] [ros_gz_bridge]: Creating ROS->GZ service bridge [/world/ml25d_pilot_w2/set_pose (ros_gz_interfaces/srv/SetEntityPose -> /)]
[INFO] [1777194387.334222890] [ros_gz_bridge]: Creating ROS->GZ service bridge [/world/ml25d_pilot_w2/create (ros_gz_interfaces/srv/SpawnEntity -> /)]
[INFO] [1777194387.334500039] [ros_gz_bridge]: Creating ROS->GZ service bridge [/world/ml25d_pilot_w2/remove (ros_gz_interfaces/srv/DeleteEntity -> /)]
[INFO] [1777194387.334687873] [ros_gz_bridge]: Creating ROS->GZ service bridge [/world/ml25d_pilot_w2/control (ros_gz_interfaces/srv/ControlWorld -> /)]
[INFO] [1777194387.334841696] [ros_gz_bridge]: Creating GZ->ROS Bridge: [/ml25d/ml25d_vehicle_w2/chassis_contacts (gz.msgs.Contacts) -> /ml25d/ml25d_vehicle_w2/chassis_contacts (ros_gz_interfaces/msg/Contacts)] (Lazy 0)
[INFO] [1777194387.336006827] [ros_gz_bridge]: Creating GZ->ROS Bridge: [/ml25d/ml25d_vehicle_w2/front_left_contacts (gz.msgs.Contacts) -> /ml25d/ml25d_vehicle_w2/front_left_contacts (ros_gz_interfaces/msg/Contacts)] (Lazy 0)
[INFO] [1777194387.336432736] [ros_gz_bridge]: Creating GZ->ROS Bridge: [/ml25d/ml25d_vehicle_w2/front_right_contacts (gz.msgs.Contacts) -> /ml25d/ml25d_vehicle_w2/front_right_contacts (ros_gz_interfaces/msg/Contacts)] (Lazy 0)
[INFO] [1777194387.336854806] [ros_gz_bridge]: Creating GZ->ROS Bridge: [/ml25d/ml25d_vehicle_w2/rear_left_contacts (gz.msgs.Contacts) -> /ml25d/ml25d_vehicle_w2/rear_left_contacts (ros_gz_interfaces/msg/Contacts)] (Lazy 0)
[INFO] [1777194387.337349248] [ros_gz_bridge]: Creating GZ->ROS Bridge: [/ml25d/ml25d_vehicle_w2/rear_right_contacts (gz.msgs.Contacts) -> /ml25d/ml25d_vehicle_w2/rear_right_contacts (ros_gz_interfaces/msg/Contacts)] (Lazy 0)
[INFO] [1777194390.980411425] [ros_gz_bridge]: Passing message from ROS geometry_msgs/msg/Twist to Gazebo gz.msgs.Twist (showing msg only once per type)

--- start ros_gz_bridge parameter_bridge ---
[INFO] [1777194433.920684770] [ros_gz_bridge]: Creating ROS->GZ Bridge: [/model/ml25d_vehicle_w2/cmd_vel (geometry_msgs/msg/Twist) -> /model/ml25d_vehicle_w2/cmd_vel (gz.msgs.Twist)] (Lazy 0)
[INFO] [1777194433.922635876] [ros_gz_bridge]: Creating GZ->ROS Bridge: [/model/ml25d_vehicle_w2/odometry (gz.msgs.Odometry) -> /model/ml25d_vehicle_w2/odometry (nav_msgs/msg/Odometry)] (Lazy 0)
[INFO] [1777194433.923612372] [ros_gz_bridge]: Creating ROS->GZ service bridge [/world/ml25d_pilot_w2/set_pose (ros_gz_interfaces/srv/SetEntityPose -> /)]
[INFO] [1777194433.924152988] [ros_gz_bridge]: Creating ROS->GZ service bridge [/world/ml25d_pilot_w2/create (ros_gz_interfaces/srv/SpawnEntity -> /)]
[INFO] [1777194433.924342489] [ros_gz_bridge]: Creating ROS->GZ service bridge [/world/ml25d_pilot_w2/remove (ros_gz_interfaces/srv/DeleteEntity -> /)]
[INFO] [1777194433.924498446] [ros_gz_bridge]: Creating ROS->GZ service bridge [/world/ml25d_pilot_w2/control (ros_gz_interfaces/srv/ControlWorld -> /)]
[INFO] [1777194433.924654862] [ros_gz_bridge]: Creating GZ->ROS Bridge: [/ml25d/ml25d_vehicle_w2/chassis_contacts (gz.msgs.Contacts) -> /ml25d/ml25d_vehicle_w2/chassis_contacts (ros_gz_interfaces/msg/Contacts)] (Lazy 0)
[INFO] [1777194433.925726778] [ros_gz_bridge]: Creating GZ->ROS Bridge: [/ml25d/ml25d_vehicle_w2/front_left_contacts (gz.msgs.Contacts) -> /ml25d/ml25d_vehicle_w2/front_left_contacts (ros_gz_interfaces/msg/Contacts)] (Lazy 0)
[INFO] [1777194433.925972743] [ros_gz_bridge]: Creating GZ->ROS Bridge: [/ml25d/ml25d_vehicle_w2/front_right_contacts (gz.msgs.Contacts) -> /ml25d/ml25d_vehicle_w2/front_right_contacts (ros_gz_interfaces/msg/Contacts)] (Lazy 0)
[INFO] [1777194433.926152571] [ros_gz_bridge]: Creating GZ->ROS Bridge: [/ml25d/ml25d_vehicle_w2/rear_left_contacts (gz.msgs.Contacts) -> /ml25d/ml25d_vehicle_w2/rear_left_contacts (ros_gz_interfaces/msg/Contacts)] (Lazy 0)
[INFO] [1777194433.926329037] [ros_gz_bridge]: Creating GZ->ROS Bridge: [/ml25d/ml25d_vehicle_w2/rear_right_contacts (gz.msgs.Contacts) -> /ml25d/ml25d_vehicle_w2/rear_right_contacts (ros_gz_interfaces/msg/Contacts)] (Lazy 0)

--- start ros_gz_bridge parameter_bridge ---
[INFO] [1777194452.771537265] [ros_gz_bridge]: Creating ROS->GZ Bridge: [/model/ml25d_vehicle_w2/cmd_vel (geometry_msgs/msg/Twist) -> /model/ml25d_vehicle_w2/cmd_vel (gz.msgs.Twist)] (Lazy 0)
[INFO] [1777194452.773691783] [ros_gz_bridge]: Creating GZ->ROS Bridge: [/model/ml25d_vehicle_w2/odometry (gz.msgs.Odometry) -> /model/ml25d_vehicle_w2/odometry (nav_msgs/msg/Odometry)] (Lazy 0)
[INFO] [1777194452.775492123] [ros_gz_bridge]: Creating ROS->GZ service bridge [/world/ml25d_pilot_w2/set_pose (ros_gz_interfaces/srv/SetEntityPose -> /)]
[INFO] [1777194452.776228629] [ros_gz_bridge]: Creating ROS->GZ service bridge [/world/ml25d_pilot_w2/create (ros_gz_interfaces/srv/SpawnEntity -> /)]
[INFO] [1777194452.776440713] [ros_gz_bridge]: Creating ROS->GZ service bridge [/world/ml25d_pilot_w2/remove (ros_gz_interfaces/srv/DeleteEntity -> /)]
[INFO] [1777194452.776599191] [ros_gz_bridge]: Creating ROS->GZ service bridge [/world/ml25d_pilot_w2/control (ros_gz_interfaces/srv/ControlWorld -> /)]
[INFO] [1777194452.776778763] [ros_gz_bridge]: Creating GZ->ROS Bridge: [/ml25d/ml25d_vehicle_w2/chassis_contacts (gz.msgs.Contacts) -> /ml25d/ml25d_vehicle_w2/chassis_contacts (ros_gz_interfaces/msg/Contacts)] (Lazy 0)
[INFO] [1777194452.777712210] [ros_gz_bridge]: Creating GZ->ROS Bridge: [/ml25d/ml25d_vehicle_w2/front_left_contacts (gz.msgs.Contacts) -> /ml25d/ml25d_vehicle_w2/front_left_contacts (ros_gz_interfaces/msg/Contacts)] (Lazy 0)
[INFO] [1777194452.778200779] [ros_gz_bridge]: Creating GZ->ROS Bridge: [/ml25d/ml25d_vehicle_w2/front_right_contacts (gz.msgs.Contacts) -> /ml25d/ml25d_vehicle_w2/front_right_contacts (ros_gz_interfaces/msg/Contacts)] (Lazy 0)
[INFO] [1777194452.778497656] [ros_gz_bridge]: Creating GZ->ROS Bridge: [/ml25d/ml25d_vehicle_w2/rear_left_contacts (gz.msgs.Contacts) -> /ml25d/ml25d_vehicle_w2/rear_left_contacts (ros_gz_interfaces/msg/Contacts)] (Lazy 0)
[INFO] [1777194452.778722271] [ros_gz_bridge]: Creating GZ->ROS Bridge: [/ml25d/ml25d_vehicle_w2/rear_right_contacts (gz.msgs.Contacts) -> /ml25d/ml25d_vehicle_w2/rear_right_contacts (ros_gz_interfaces/msg/Contacts)] (Lazy 0)
[INFO] [1777194456.701268963] [ros_gz_bridge]: Passing message from ROS geometry_msgs/msg/Twist to Gazebo gz.msgs.Twist (showing msg only once per type)
