
--- start ros_gz_bridge parameter_bridge ---
[INFO] [1777194172.050619297] [ros_gz_bridge]: Creating ROS->GZ Bridge: [/model/ml25d_vehicle_w2/cmd_vel (geometry_msgs/msg/Twist) -> /model/ml25d_vehicle_w2/cmd_vel (gz.msgs.Twist)] (Lazy 0)
[INFO] [1777194172.051982628] [ros_gz_bridge]: Creating GZ->ROS Bridge: [/model/ml25d_vehicle_w2/odometry (gz.msgs.Odometry) -> /model/ml25d_vehicle_w2/odometry (nav_msgs/msg/Odometry)] (Lazy 0)
[INFO] [1777194172.052926176] [ros_gz_bridge]: Creating ROS->GZ service bridge [/world/ml25d_pilot_w2/set_pose (ros_gz_interfaces/srv/SetEntityPose -> /)]
[INFO] [1777194172.053433534] [ros_gz_bridge]: Creating ROS->GZ service bridge [/world/ml25d_pilot_w2/create (ros_gz_interfaces/srv/SpawnEntity -> /)]
[INFO] [1777194172.053624087] [ros_gz_bridge]: Creating ROS->GZ service bridge [/world/ml25d_pilot_w2/remove (ros_gz_interfaces/srv/DeleteEntity -> /)]
[INFO] [1777194172.053779781] [ros_gz_bridge]: Creating ROS->GZ service bridge [/world/ml25d_pilot_w2/control (ros_gz_interfaces/srv/ControlWorld -> /)]
[INFO] [1777194172.053945505] [ros_gz_bridge]: Creating GZ->ROS Bridge: [/ml25d/ml25d_vehicle_w2/chassis_contacts (gz.msgs.Contacts) -> /ml25d/ml25d_vehicle_w2/chassis_contacts (ros_gz_interfaces/msg/Contacts)] (Lazy 0)
[INFO] [1777194172.054680185] [ros_gz_bridge]: Creating GZ->ROS Bridge: [/ml25d/ml25d_vehicle_w2/front_left_contacts (gz.msgs.Contacts) -> /ml25d/ml25d_vehicle_w2/front_left_contacts (ros_gz_interfaces/msg/Contacts)] (Lazy 0)
[INFO] [1777194172.054848023] [ros_gz_bridge]: Creating GZ->ROS Bridge: [/ml25d/ml25d_vehicle_w2/front_right_contacts (gz.msgs.Contacts) -> /ml25d/ml25d_vehicle_w2/front_right_contacts (ros_gz_interfaces/msg/Contacts)] (Lazy 0)
[INFO] [1777194172.054994708] [ros_gz_bridge]: Creating GZ->ROS Bridge: [/ml25d/ml25d_vehicle_w2/rear_left_contacts (gz.msgs.Contacts) -> /ml25d/ml25d_vehicle_w2/rear_left_contacts (ros_gz_interfaces/msg/Contacts)] (Lazy 0)
[INFO] [1777194172.055136705] [ros_gz_bridge]: Creating GZ->ROS Bridge: [/ml25d/ml25d_vehicle_w2/rear_right_contacts (gz.msgs.Contacts) -> /ml25d/ml25d_vehicle_w2/rear_right_contacts (ros_gz_interfaces/msg/Contacts)] (Lazy 0)
[INFO] [1777194175.473474232] [ros_gz_bridge]: Passing message from ROS geometry_msgs/msg/Twist to Gazebo gz.msgs.Twist (showing msg only once per type)

--- start ros_gz_bridge parameter_bridge ---
[INFO] [1777194345.796542196] [ros_gz_bridge]: Creating ROS->GZ Bridge: [/model/ml25d_vehicle_w2/cmd_vel (geometry_msgs/msg/Twist) -> /model/ml25d_vehicle_w2/cmd_vel (gz.msgs.Twist)] (Lazy 0)
[INFO] [1777194345.797893318] [ros_gz_bridge]: Creating GZ->ROS Bridge: [/model/ml25d_vehicle_w2/odometry (gz.msgs.Odometry) -> /model/ml25d_vehicle_w2/odometry (nav_msgs/msg/Odometry)] (Lazy 0)
[INFO] [1777194345.798861612] [ros_gz_bridge]: Creating ROS->GZ service bridge [/world/ml25d_pilot_w2/set_pose (ros_gz_interfaces/srv/SetEntityPose -> /)]
[INFO] [1777194345.799424769] [ros_gz_bridge]: Creating ROS->GZ service bridge [/world/ml25d_pilot_w2/create (ros_gz_interfaces/srv/SpawnEntity -> /)]
[INFO] [1777194345.799669853] [ros_gz_bridge]: Creating ROS->GZ service bridge [/world/ml25d_pilot_w2/remove (ros_gz_interfaces/srv/DeleteEntity -> /)]
[INFO] [1777194345.799868672] [ros_gz_bridge]: Creating ROS->GZ service bridge [/world/ml25d_pilot_w2/control (ros_gz_interfaces/srv/ControlWorld -> /)]
[INFO] [1777194345.800072484] [ros_gz_bridge]: Creating GZ->ROS Bridge: [/ml25d/ml25d_vehicle_w2/chassis_contacts (gz.msgs.Contacts) -> /ml25d/ml25d_vehicle_w2/chassis_contacts (ros_gz_interfaces/msg/Contacts)] (Lazy 0)
[INFO] [1777194345.800843176] [ros_gz_bridge]: Creating GZ->ROS Bridge: [/ml25d/ml25d_vehicle_w2/front_left_contacts (gz.msgs.Contacts) -> /ml25d/ml25d_vehicle_w2/front_left_contacts (ros_gz_interfaces/msg/Contacts)] (Lazy 0)
[INFO] [1777194345.801105490] [ros_gz_bridge]: Creating GZ->ROS Bridge: [/ml25d/ml25d_vehicle_w2/front_right_contacts (gz.msgs.Contacts) -> /ml25d/ml25d_vehicle_w2/front_right_contacts (ros_gz_interfaces/msg/Contacts)] (Lazy 0)
[INFO] [1777194345.801295354] [ros_gz_bridge]: Creating GZ->ROS Bridge: [/ml25d/ml25d_vehicle_w2/rear_left_contacts (gz.msgs.Contacts) -> /ml25d/ml25d_vehicle_w2/rear_left_contacts (ros_gz_interfaces/msg/Contacts)] (Lazy 0)
[INFO] [1777194345.801502860] [ros_gz_bridge]: Creating GZ->ROS Bridge: [/ml25d/ml25d_vehicle_w2/rear_right_contacts (gz.msgs.Contacts) -> /ml25d/ml25d_vehicle_w2/rear_right_contacts (ros_gz_interfaces/msg/Contacts)] (Lazy 0)
[INFO] [1777194349.399757416] [ros_gz_bridge]: Passing message from ROS geometry_msgs/msg/Twist to Gazebo gz.msgs.Twist (showing msg only once per type)

--- start ros_gz_bridge parameter_bridge ---
[INFO] [1777194369.859521218] [ros_gz_bridge]: Creating ROS->GZ Bridge: [/model/ml25d_vehicle_w2/cmd_vel (geometry_msgs/msg/Twist) -> /model/ml25d_vehicle_w2/cmd_vel (gz.msgs.Twist)] (Lazy 0)
[INFO] [1777194369.860796520] [ros_gz_bridge]: Creating GZ->ROS Bridge: [/model/ml25d_vehicle_w2/odometry (gz.msgs.Odometry) -> /model/ml25d_vehicle_w2/odometry (nav_msgs/msg/Odometry)] (Lazy 0)
[INFO] [1777194369.861745840] [ros_gz_bridge]: Creating ROS->GZ service bridge [/world/ml25d_pilot_w2/set_pose (ros_gz_interfaces/srv/SetEntityPose -> /)]
[INFO] [1777194369.862257491] [ros_gz_bridge]: Creating ROS->GZ service bridge [/world/ml25d_pilot_w2/create (ros_gz_interfaces/srv/SpawnEntity -> /)]
[INFO] [1777194369.862450997] [ros_gz_bridge]: Creating ROS->GZ service bridge [/world/ml25d_pilot_w2/remove (ros_gz_interfaces/srv/DeleteEntity -> /)]
[INFO] [1777194369.862616629] [ros_gz_bridge]: Creating ROS->GZ service bridge [/world/ml25d_pilot_w2/control (ros_gz_interfaces/srv/ControlWorld -> /)]
[INFO] [1777194369.862790430] [ros_gz_bridge]: Creating GZ->ROS Bridge: [/ml25d/ml25d_vehicle_w2/chassis_contacts (gz.msgs.Contacts) -> /ml25d/ml25d_vehicle_w2/chassis_contacts (ros_gz_interfaces/msg/Contacts)] (Lazy 0)
[INFO] [1777194369.863642434] [ros_gz_bridge]: Creating GZ->ROS Bridge: [/ml25d/ml25d_vehicle_w2/front_left_contacts (gz.msgs.Contacts) -> /ml25d/ml25d_vehicle_w2/front_left_contacts (ros_gz_interfaces/msg/Contacts)] (Lazy 0)
[INFO] [1777194369.863832608] [ros_gz_bridge]: Creating GZ->ROS Bridge: [/ml25d/ml25d_vehicle_w2/front_right_contacts (gz.msgs.Contacts) -> /ml25d/ml25d_vehicle_w2/front_right_contacts (ros_gz_interfaces/msg/Contacts)] (Lazy 0)
[INFO] [1777194369.864003753] [ros_gz_bridge]: Creating GZ->ROS Bridge: [/ml25d/ml25d_vehicle_w2/rear_left_contacts (gz.msgs.Contacts) -> /ml25d/ml25d_vehicle_w2/rear_left_contacts (ros_gz_interfaces/msg/Contacts)] (Lazy 0)
[INFO] [1777194369.864166719] [ros_gz_bridge]: Creating GZ->ROS Bridge: [/ml25d/ml25d_vehicle_w2/rear_right_contacts (gz.msgs.Contacts) -> /ml25d/ml25d_vehicle_w2/rear_right_contacts (ros_gz_interfaces/msg/Contacts)] (Lazy 0)
[INFO] [1777194373.625706421] [ros_gz_bridge]: Passing message from ROS geometry_msgs/msg/Twist to Gazebo gz.msgs.Twist (showing msg only once per type)
