[0.006s] Invoking command in '/home/crh/文档/Machine_Learning_25D/ml25d_ws/build/ml25d_dataset_generation': CMAKE_PREFIX_PATH=${CMAKE_PREFIX_PATH}:/opt/ros/jazzy DEBUGINFOD_URLS=https://debuginfod.ubuntu.com /usr/bin/cmake --build /home/crh/文档/Machine_Learning_25D/ml25d_ws/build/ml25d_dataset_generation -- -j20 -l20
[0.026s] -- Found ament_cmake: 2.5.6 (/opt/ros/jazzy/share/ament_cmake/cmake)
[0.165s] -- Found rclcpp: 28.1.18 (/opt/ros/jazzy/share/rclcpp/cmake)
[0.183s] -- Found rosidl_generator_c: 4.6.7 (/opt/ros/jazzy/share/rosidl_generator_c/cmake)
[0.188s] -- Found rosidl_generator_cpp: 4.6.7 (/opt/ros/jazzy/share/rosidl_generator_cpp/cmake)
[0.195s] -- Using all available rosidl_typesupport_c: rosidl_typesupport_fastrtps_c;rosidl_typesupport_introspection_c
[0.202s] -- Using all available rosidl_typesupport_cpp: rosidl_typesupport_fastrtps_cpp;rosidl_typesupport_introspection_cpp
[0.238s] -- Found rmw_implementation_cmake: 7.3.3 (/opt/ros/jazzy/share/rmw_implementation_cmake/cmake)
[0.239s] -- Found rmw_fastrtps_cpp: 8.4.3 (/opt/ros/jazzy/share/rmw_fastrtps_cpp/cmake)
[0.288s] -- Using RMW implementation 'rmw_fastrtps_cpp' as default
[0.328s] -- Found std_msgs: 5.3.7 (/opt/ros/jazzy/share/std_msgs/cmake)
[0.391s] -- Found ament_cmake_pytest: 2.5.6 (/opt/ros/jazzy/share/ament_cmake_pytest/cmake)
[1.029s] -- Configuring done (1.0s)
[1.037s] -- Generating done (0.0s)
[1.039s] -- Build files have been written to: /home/crh/文档/Machine_Learning_25D/ml25d_ws/build/ml25d_dataset_generation
[1.071s] [100%] Built target sim_bridge_node
[1.072s] [100%] Built target ament_cmake_python_copy_ml25d_dataset_generation
[1.191s] running egg_info
[1.200s] writing ml25d_dataset_generation.egg-info/PKG-INFO
[1.201s] writing dependency_links to ml25d_dataset_generation.egg-info/dependency_links.txt
[1.201s] writing top-level names to ml25d_dataset_generation.egg-info/top_level.txt
[1.228s] reading manifest file 'ml25d_dataset_generation.egg-info/SOURCES.txt'
[1.228s] writing manifest file 'ml25d_dataset_generation.egg-info/SOURCES.txt'
[1.250s] [100%] Built target ament_cmake_python_build_ml25d_dataset_generation_egg
[1.259s] Invoked command in '/home/crh/文档/Machine_Learning_25D/ml25d_ws/build/ml25d_dataset_generation' returned '0': CMAKE_PREFIX_PATH=${CMAKE_PREFIX_PATH}:/opt/ros/jazzy DEBUGINFOD_URLS=https://debuginfod.ubuntu.com /usr/bin/cmake --build /home/crh/文档/Machine_Learning_25D/ml25d_ws/build/ml25d_dataset_generation -- -j20 -l20
[1.268s] Invoking command in '/home/crh/文档/Machine_Learning_25D/ml25d_ws/build/ml25d_dataset_generation': CMAKE_PREFIX_PATH=${CMAKE_PREFIX_PATH}:/opt/ros/jazzy DEBUGINFOD_URLS=https://debuginfod.ubuntu.com /usr/bin/cmake --install /home/crh/文档/Machine_Learning_25D/ml25d_ws/build/ml25d_dataset_generation
[1.277s] -- Install configuration: ""
[1.277s] -- Up-to-date: /home/crh/文档/Machine_Learning_25D/ml25d_ws/install/ml25d_dataset_generation/share/ml25d_dataset_generation/environment/pythonpath.sh
[1.277s] -- Up-to-date: /home/crh/文档/Machine_Learning_25D/ml25d_ws/install/ml25d_dataset_generation/share/ml25d_dataset_generation/environment/pythonpath.dsv
[1.278s] -- Up-to-date: /home/crh/文档/Machine_Learning_25D/ml25d_ws/install/ml25d_dataset_generation/lib/python3.12/site-packages/ml25d_dataset_generation-0.2.0-py3.12.egg-info
[1.278s] -- Installing: /home/crh/文档/Machine_Learning_25D/ml25d_ws/install/ml25d_dataset_generation/lib/python3.12/site-packages/ml25d_dataset_generation-0.2.0-py3.12.egg-info/dependency_links.txt
[1.278s] -- Installing: /home/crh/文档/Machine_Learning_25D/ml25d_ws/install/ml25d_dataset_generation/lib/python3.12/site-packages/ml25d_dataset_generation-0.2.0-py3.12.egg-info/top_level.txt
[1.278s] -- Installing: /home/crh/文档/Machine_Learning_25D/ml25d_ws/install/ml25d_dataset_generation/lib/python3.12/site-packages/ml25d_dataset_generation-0.2.0-py3.12.egg-info/PKG-INFO
[1.278s] -- Installing: /home/crh/文档/Machine_Learning_25D/ml25d_ws/install/ml25d_dataset_generation/lib/python3.12/site-packages/ml25d_dataset_generation-0.2.0-py3.12.egg-info/SOURCES.txt
[1.278s] -- Up-to-date: /home/crh/文档/Machine_Learning_25D/ml25d_ws/install/ml25d_dataset_generation/lib/python3.12/site-packages/ml25d_dataset_generation
[1.278s] -- Up-to-date: /home/crh/文档/Machine_Learning_25D/ml25d_ws/install/ml25d_dataset_generation/lib/python3.12/site-packages/ml25d_dataset_generation/sample_packager.py
[1.278s] -- Up-to-date: /home/crh/文档/Machine_Learning_25D/ml25d_ws/install/ml25d_dataset_generation/lib/python3.12/site-packages/ml25d_dataset_generation/gazebo_runner.py
[1.279s] -- Up-to-date: /home/crh/文档/Machine_Learning_25D/ml25d_ws/install/ml25d_dataset_generation/lib/python3.12/site-packages/ml25d_dataset_generation/config_loader.py
[1.279s] -- Installing: /home/crh/文档/Machine_Learning_25D/ml25d_ws/install/ml25d_dataset_generation/lib/python3.12/site-packages/ml25d_dataset_generation/training_data.py
[1.279s] -- Installing: /home/crh/文档/Machine_Learning_25D/ml25d_ws/install/ml25d_dataset_generation/lib/python3.12/site-packages/ml25d_dataset_generation/pso_training.py
[1.279s] -- Up-to-date: /home/crh/文档/Machine_Learning_25D/ml25d_ws/install/ml25d_dataset_generation/lib/python3.12/site-packages/ml25d_dataset_generation/dataset_manager.py
[1.279s] -- Up-to-date: /home/crh/文档/Machine_Learning_25D/ml25d_ws/install/ml25d_dataset_generation/lib/python3.12/site-packages/ml25d_dataset_generation/label_extractor.py
[1.279s] -- Up-to-date: /home/crh/文档/Machine_Learning_25D/ml25d_ws/install/ml25d_dataset_generation/lib/python3.12/site-packages/ml25d_dataset_generation/feature_builder.py
[1.279s] -- Installing: /home/crh/文档/Machine_Learning_25D/ml25d_ws/install/ml25d_dataset_generation/lib/python3.12/site-packages/ml25d_dataset_generation/risk_model.py
[1.279s] -- Up-to-date: /home/crh/文档/Machine_Learning_25D/ml25d_ws/install/ml25d_dataset_generation/lib/python3.12/site-packages/ml25d_dataset_generation/terrain_generator.py
[1.279s] -- Installing: /home/crh/文档/Machine_Learning_25D/ml25d_ws/install/ml25d_dataset_generation/lib/python3.12/site-packages/ml25d_dataset_generation/risk_planner.py
[1.279s] -- Up-to-date: /home/crh/文档/Machine_Learning_25D/ml25d_ws/install/ml25d_dataset_generation/lib/python3.12/site-packages/ml25d_dataset_generation/__init__.py
[1.279s] -- Up-to-date: /home/crh/文档/Machine_Learning_25D/ml25d_ws/install/ml25d_dataset_generation/lib/python3.12/site-packages/ml25d_dataset_generation/common_types.py
[1.305s] Listing '/home/crh/文档/Machine_Learning_25D/ml25d_ws/install/ml25d_dataset_generation/lib/python3.12/site-packages/ml25d_dataset_generation'...
[1.305s] Compiling '/home/crh/文档/Machine_Learning_25D/ml25d_ws/install/ml25d_dataset_generation/lib/python3.12/site-packages/ml25d_dataset_generation/pso_training.py'...
[1.305s] Compiling '/home/crh/文档/Machine_Learning_25D/ml25d_ws/install/ml25d_dataset_generation/lib/python3.12/site-packages/ml25d_dataset_generation/risk_model.py'...
[1.305s] Compiling '/home/crh/文档/Machine_Learning_25D/ml25d_ws/install/ml25d_dataset_generation/lib/python3.12/site-packages/ml25d_dataset_generation/risk_planner.py'...
[1.305s] Compiling '/home/crh/文档/Machine_Learning_25D/ml25d_ws/install/ml25d_dataset_generation/lib/python3.12/site-packages/ml25d_dataset_generation/training_data.py'...
[1.308s] -- Up-to-date: /home/crh/文档/Machine_Learning_25D/ml25d_ws/install/ml25d_dataset_generation/lib/ml25d_dataset_generation/sim_bridge_node
[1.308s] -- Up-to-date: /home/crh/文档/Machine_Learning_25D/ml25d_ws/install/ml25d_dataset_generation/lib/ml25d_dataset_generation/generate_dataset.py
[1.309s] -- Installing: /home/crh/文档/Machine_Learning_25D/ml25d_ws/install/ml25d_dataset_generation/lib/ml25d_dataset_generation/train_risk_model.py
[1.309s] -- Up-to-date: /home/crh/文档/Machine_Learning_25D/ml25d_ws/install/ml25d_dataset_generation/lib/ml25d_dataset_generation/run_single_sample.py
[1.309s] -- Up-to-date: /home/crh/文档/Machine_Learning_25D/ml25d_ws/install/ml25d_dataset_generation/lib/ml25d_dataset_generation/smoke_ros_gz.py
[1.309s] -- Up-to-date: /home/crh/文档/Machine_Learning_25D/ml25d_ws/install/ml25d_dataset_generation/lib/ml25d_dataset_generation/analyze_failure_modes.py
[1.309s] -- Up-to-date: /home/crh/文档/Machine_Learning_25D/ml25d_ws/install/ml25d_dataset_generation/lib/ml25d_dataset_generation/validate_samples.py
[1.309s] -- Up-to-date: /home/crh/文档/Machine_Learning_25D/ml25d_ws/install/ml25d_dataset_generation/lib/ml25d_dataset_generation/stats_report.py
[1.309s] -- Up-to-date: /home/crh/文档/Machine_Learning_25D/ml25d_ws/install/ml25d_dataset_generation/share/ml25d_dataset_generation/config
[1.309s] -- Up-to-date: /home/crh/文档/Machine_Learning_25D/ml25d_ws/install/ml25d_dataset_generation/share/ml25d_dataset_generation/config/terrain_distribution.yaml
[1.309s] -- Up-to-date: /home/crh/文档/Machine_Learning_25D/ml25d_ws/install/ml25d_dataset_generation/share/ml25d_dataset_generation/config/label_thresholds.yaml
[1.309s] -- Up-to-date: /home/crh/文档/Machine_Learning_25D/ml25d_ws/install/ml25d_dataset_generation/share/ml25d_dataset_generation/config/dataset_config.yaml
[1.309s] -- Up-to-date: /home/crh/文档/Machine_Learning_25D/ml25d_ws/install/ml25d_dataset_generation/share/ml25d_dataset_generation/config/action_primitives.yaml
[1.309s] -- Up-to-date: /home/crh/文档/Machine_Learning_25D/ml25d_ws/install/ml25d_dataset_generation/share/ml25d_dataset_generation/config/vehicle_params.yaml
[1.309s] -- Up-to-date: /home/crh/文档/Machine_Learning_25D/ml25d_ws/install/ml25d_dataset_generation/share/ml25d_dataset_generation/config/friction_table.yaml
[1.309s] -- Up-to-date: /home/crh/文档/Machine_Learning_25D/ml25d_ws/install/ml25d_dataset_generation/share/ml25d_dataset_generation/launch
[1.309s] -- Up-to-date: /home/crh/文档/Machine_Learning_25D/ml25d_ws/install/ml25d_dataset_generation/share/ml25d_dataset_generation/launch/gazebo_headless.launch.py
[1.310s] -- Up-to-date: /home/crh/文档/Machine_Learning_25D/ml25d_ws/install/ml25d_dataset_generation/share/ml25d_dataset_generation/launch/dataset_gen_pipeline.launch.py
[1.310s] -- Up-to-date: /home/crh/文档/Machine_Learning_25D/ml25d_ws/install/ml25d_dataset_generation/share/ml25d_dataset_generation/launch/ros_gz_vehicle_debug.launch.py
[1.310s] -- Up-to-date: /home/crh/文档/Machine_Learning_25D/ml25d_ws/install/ml25d_dataset_generation/share/ml25d_dataset_generation/docs
[1.310s] -- Up-to-date: /home/crh/文档/Machine_Learning_25D/ml25d_ws/install/ml25d_dataset_generation/share/ml25d_dataset_generation/docs/dataset_schema.md
[1.310s] -- Installing: /home/crh/文档/Machine_Learning_25D/ml25d_ws/install/ml25d_dataset_generation/share/ml25d_dataset_generation/README.md
[1.310s] -- Up-to-date: /home/crh/文档/Machine_Learning_25D/ml25d_ws/install/ml25d_dataset_generation/share/ament_index/resource_index/package_run_dependencies/ml25d_dataset_generation
[1.310s] -- Up-to-date: /home/crh/文档/Machine_Learning_25D/ml25d_ws/install/ml25d_dataset_generation/share/ament_index/resource_index/parent_prefix_path/ml25d_dataset_generation
[1.310s] -- Up-to-date: /home/crh/文档/Machine_Learning_25D/ml25d_ws/install/ml25d_dataset_generation/share/ml25d_dataset_generation/environment/ament_prefix_path.sh
[1.310s] -- Up-to-date: /home/crh/文档/Machine_Learning_25D/ml25d_ws/install/ml25d_dataset_generation/share/ml25d_dataset_generation/environment/ament_prefix_path.dsv
[1.310s] -- Up-to-date: /home/crh/文档/Machine_Learning_25D/ml25d_ws/install/ml25d_dataset_generation/share/ml25d_dataset_generation/environment/path.sh
[1.310s] -- Up-to-date: /home/crh/文档/Machine_Learning_25D/ml25d_ws/install/ml25d_dataset_generation/share/ml25d_dataset_generation/environment/path.dsv
[1.310s] -- Up-to-date: /home/crh/文档/Machine_Learning_25D/ml25d_ws/install/ml25d_dataset_generation/share/ml25d_dataset_generation/local_setup.bash
[1.310s] -- Up-to-date: /home/crh/文档/Machine_Learning_25D/ml25d_ws/install/ml25d_dataset_generation/share/ml25d_dataset_generation/local_setup.sh
[1.310s] -- Up-to-date: /home/crh/文档/Machine_Learning_25D/ml25d_ws/install/ml25d_dataset_generation/share/ml25d_dataset_generation/local_setup.zsh
[1.310s] -- Up-to-date: /home/crh/文档/Machine_Learning_25D/ml25d_ws/install/ml25d_dataset_generation/share/ml25d_dataset_generation/local_setup.dsv
[1.310s] -- Installing: /home/crh/文档/Machine_Learning_25D/ml25d_ws/install/ml25d_dataset_generation/share/ml25d_dataset_generation/package.dsv
[1.310s] -- Up-to-date: /home/crh/文档/Machine_Learning_25D/ml25d_ws/install/ml25d_dataset_generation/share/ament_index/resource_index/packages/ml25d_dataset_generation
[1.310s] -- Up-to-date: /home/crh/文档/Machine_Learning_25D/ml25d_ws/install/ml25d_dataset_generation/share/ml25d_dataset_generation/cmake/ml25d_dataset_generationConfig.cmake
[1.310s] -- Up-to-date: /home/crh/文档/Machine_Learning_25D/ml25d_ws/install/ml25d_dataset_generation/share/ml25d_dataset_generation/cmake/ml25d_dataset_generationConfig-version.cmake
[1.310s] -- Up-to-date: /home/crh/文档/Machine_Learning_25D/ml25d_ws/install/ml25d_dataset_generation/share/ml25d_dataset_generation/package.xml
[1.311s] Invoked command in '/home/crh/文档/Machine_Learning_25D/ml25d_ws/build/ml25d_dataset_generation' returned '0': CMAKE_PREFIX_PATH=${CMAKE_PREFIX_PATH}:/opt/ros/jazzy DEBUGINFOD_URLS=https://debuginfod.ubuntu.com /usr/bin/cmake --install /home/crh/文档/Machine_Learning_25D/ml25d_ws/build/ml25d_dataset_generation
