
--- start ros_gz_bridge parameter_bridge ---
[INFO] [1777194175.065528851] [ros_gz_bridge]: Creating ROS->GZ Bridge: [/model/ml25d_vehicle_w5/cmd_vel (geometry_msgs/msg/Twist) -> /model/ml25d_vehicle_w5/cmd_vel (gz.msgs.Twist)] (Lazy 0)
[INFO] [1777194175.066813847] [ros_gz_bridge]: Creating GZ->ROS Bridge: [/model/ml25d_vehicle_w5/odometry (gz.msgs.Odometry) -> /model/ml25d_vehicle_w5/odometry (nav_msgs/msg/Odometry)] (Lazy 0)
[INFO] [1777194175.067772950] [ros_gz_bridge]: Creating ROS->GZ service bridge [/world/ml25d_pilot_w5/set_pose (ros_gz_interfaces/srv/SetEntityPose -> /)]
[INFO] [1777194175.068288371] [ros_gz_bridge]: Creating ROS->GZ service bridge [/world/ml25d_pilot_w5/create (ros_gz_interfaces/srv/SpawnEntity -> /)]
[INFO] [1777194175.068486667] [ros_gz_bridge]: Creating ROS->GZ service bridge [/world/ml25d_pilot_w5/remove (ros_gz_interfaces/srv/DeleteEntity -> /)]
[INFO] [1777194175.068653710] [ros_gz_bridge]: Creating ROS->GZ service bridge [/world/ml25d_pilot_w5/control (ros_gz_interfaces/srv/ControlWorld -> /)]
[INFO] [1777194175.068829392] [ros_gz_bridge]: Creating GZ->ROS Bridge: [/ml25d/ml25d_vehicle_w5/chassis_contacts (gz.msgs.Contacts) -> /ml25d/ml25d_vehicle_w5/chassis_contacts (ros_gz_interfaces/msg/Contacts)] (Lazy 0)
[INFO] [1777194175.069623598] [ros_gz_bridge]: Creating GZ->ROS Bridge: [/ml25d/ml25d_vehicle_w5/front_left_contacts (gz.msgs.Contacts) -> /ml25d/ml25d_vehicle_w5/front_left_contacts (ros_gz_interfaces/msg/Contacts)] (Lazy 0)
[INFO] [1777194175.069831642] [ros_gz_bridge]: Creating GZ->ROS Bridge: [/ml25d/ml25d_vehicle_w5/front_right_contacts (gz.msgs.Contacts) -> /ml25d/ml25d_vehicle_w5/front_right_contacts (ros_gz_interfaces/msg/Contacts)] (Lazy 0)
[INFO] [1777194175.070026660] [ros_gz_bridge]: Creating GZ->ROS Bridge: [/ml25d/ml25d_vehicle_w5/rear_left_contacts (gz.msgs.Contacts) -> /ml25d/ml25d_vehicle_w5/rear_left_contacts (ros_gz_interfaces/msg/Contacts)] (Lazy 0)
[INFO] [1777194175.070208346] [ros_gz_bridge]: Creating GZ->ROS Bridge: [/ml25d/ml25d_vehicle_w5/rear_right_contacts (gz.msgs.Contacts) -> /ml25d/ml25d_vehicle_w5/rear_right_contacts (ros_gz_interfaces/msg/Contacts)] (Lazy 0)
[INFO] [1777194178.701972209] [ros_gz_bridge]: Passing message from ROS geometry_msgs/msg/Twist to Gazebo gz.msgs.Twist (showing msg only once per type)

--- start ros_gz_bridge parameter_bridge ---
[INFO] [1777194361.661472928] [ros_gz_bridge]: Creating ROS->GZ Bridge: [/model/ml25d_vehicle_w5/cmd_vel (geometry_msgs/msg/Twist) -> /model/ml25d_vehicle_w5/cmd_vel (gz.msgs.Twist)] (Lazy 0)
[INFO] [1777194361.662687581] [ros_gz_bridge]: Creating GZ->ROS Bridge: [/model/ml25d_vehicle_w5/odometry (gz.msgs.Odometry) -> /model/ml25d_vehicle_w5/odometry (nav_msgs/msg/Odometry)] (Lazy 0)
[INFO] [1777194361.663595425] [ros_gz_bridge]: Creating ROS->GZ service bridge [/world/ml25d_pilot_w5/set_pose (ros_gz_interfaces/srv/SetEntityPose -> /)]
[INFO] [1777194361.664123764] [ros_gz_bridge]: Creating ROS->GZ service bridge [/world/ml25d_pilot_w5/create (ros_gz_interfaces/srv/SpawnEntity -> /)]
[INFO] [1777194361.664311300] [ros_gz_bridge]: Creating ROS->GZ service bridge [/world/ml25d_pilot_w5/remove (ros_gz_interfaces/srv/DeleteEntity -> /)]
[INFO] [1777194361.664480435] [ros_gz_bridge]: Creating ROS->GZ service bridge [/world/ml25d_pilot_w5/control (ros_gz_interfaces/srv/ControlWorld -> /)]
[INFO] [1777194361.664641173] [ros_gz_bridge]: Creating GZ->ROS Bridge: [/ml25d/ml25d_vehicle_w5/chassis_contacts (gz.msgs.Contacts) -> /ml25d/ml25d_vehicle_w5/chassis_contacts (ros_gz_interfaces/msg/Contacts)] (Lazy 0)
[INFO] [1777194361.665395974] [ros_gz_bridge]: Creating GZ->ROS Bridge: [/ml25d/ml25d_vehicle_w5/front_left_contacts (gz.msgs.Contacts) -> /ml25d/ml25d_vehicle_w5/front_left_contacts (ros_gz_interfaces/msg/Contacts)] (Lazy 0)
[INFO] [1777194361.665572848] [ros_gz_bridge]: Creating GZ->ROS Bridge: [/ml25d/ml25d_vehicle_w5/front_right_contacts (gz.msgs.Contacts) -> /ml25d/ml25d_vehicle_w5/front_right_contacts (ros_gz_interfaces/msg/Contacts)] (Lazy 0)
[INFO] [1777194361.665733206] [ros_gz_bridge]: Creating GZ->ROS Bridge: [/ml25d/ml25d_vehicle_w5/rear_left_contacts (gz.msgs.Contacts) -> /ml25d/ml25d_vehicle_w5/rear_left_contacts (ros_gz_interfaces/msg/Contacts)] (Lazy 0)
[INFO] [1777194361.665883711] [ros_gz_bridge]: Creating GZ->ROS Bridge: [/ml25d/ml25d_vehicle_w5/rear_right_contacts (gz.msgs.Contacts) -> /ml25d/ml25d_vehicle_w5/rear_right_contacts (ros_gz_interfaces/msg/Contacts)] (Lazy 0)
[INFO] [1777194365.054937783] [ros_gz_bridge]: Passing message from ROS geometry_msgs/msg/Twist to Gazebo gz.msgs.Twist (showing msg only once per type)
