
--- start ros_gz_bridge parameter_bridge ---
[INFO] [1777194653.347552485] [ros_gz_bridge]: Creating ROS->GZ Bridge: [/model/ml25d_vehicle_w0/cmd_vel (geometry_msgs/msg/Twist) -> /model/ml25d_vehicle_w0/cmd_vel (gz.msgs.Twist)] (Lazy 0)
[INFO] [1777194653.348554716] [ros_gz_bridge]: Creating GZ->ROS Bridge: [/model/ml25d_vehicle_w0/odometry (gz.msgs.Odometry) -> /model/ml25d_vehicle_w0/odometry (nav_msgs/msg/Odometry)] (Lazy 0)
[INFO] [1777194653.349491643] [ros_gz_bridge]: Creating ROS->GZ service bridge [/world/ml25d_pilot_w0/set_pose (ros_gz_interfaces/srv/SetEntityPose -> /)]
[INFO] [1777194653.349956048] [ros_gz_bridge]: Creating ROS->GZ service bridge [/world/ml25d_pilot_w0/create (ros_gz_interfaces/srv/SpawnEntity -> /)]
[INFO] [1777194653.350142333] [ros_gz_bridge]: Creating ROS->GZ service bridge [/world/ml25d_pilot_w0/remove (ros_gz_interfaces/srv/DeleteEntity -> /)]
[INFO] [1777194653.350286922] [ros_gz_bridge]: Creating ROS->GZ service bridge [/world/ml25d_pilot_w0/control (ros_gz_interfaces/srv/ControlWorld -> /)]
[INFO] [1777194653.350428511] [ros_gz_bridge]: Creating GZ->ROS Bridge: [/ml25d/ml25d_vehicle_w0/chassis_contacts (gz.msgs.Contacts) -> /ml25d/ml25d_vehicle_w0/chassis_contacts (ros_gz_interfaces/msg/Contacts)] (Lazy 0)
[INFO] [1777194653.351136161] [ros_gz_bridge]: Creating GZ->ROS Bridge: [/ml25d/ml25d_vehicle_w0/front_left_contacts (gz.msgs.Contacts) -> /ml25d/ml25d_vehicle_w0/front_left_contacts (ros_gz_interfaces/msg/Contacts)] (Lazy 0)
[INFO] [1777194653.351294419] [ros_gz_bridge]: Creating GZ->ROS Bridge: [/ml25d/ml25d_vehicle_w0/front_right_contacts (gz.msgs.Contacts) -> /ml25d/ml25d_vehicle_w0/front_right_contacts (ros_gz_interfaces/msg/Contacts)] (Lazy 0)
[INFO] [1777194653.351421130] [ros_gz_bridge]: Creating GZ->ROS Bridge: [/ml25d/ml25d_vehicle_w0/rear_left_contacts (gz.msgs.Contacts) -> /ml25d/ml25d_vehicle_w0/rear_left_contacts (ros_gz_interfaces/msg/Contacts)] (Lazy 0)
[INFO] [1777194653.351552387] [ros_gz_bridge]: Creating GZ->ROS Bridge: [/ml25d/ml25d_vehicle_w0/rear_right_contacts (gz.msgs.Contacts) -> /ml25d/ml25d_vehicle_w0/rear_right_contacts (ros_gz_interfaces/msg/Contacts)] (Lazy 0)
[INFO] [1777194656.735858448] [ros_gz_bridge]: Passing message from ROS geometry_msgs/msg/Twist to Gazebo gz.msgs.Twist (showing msg only once per type)
[INFO] [1777194991.619789014] [rclcpp]: signal_handler(SIGINT/SIGTERM)

--- start ros_gz_bridge parameter_bridge ---
[INFO] [1777194993.238470033] [ros_gz_bridge]: Creating ROS->GZ Bridge: [/model/ml25d_vehicle_w0/cmd_vel (geometry_msgs/msg/Twist) -> /model/ml25d_vehicle_w0/cmd_vel (gz.msgs.Twist)] (Lazy 0)
[INFO] [1777194993.239654775] [ros_gz_bridge]: Creating GZ->ROS Bridge: [/model/ml25d_vehicle_w0/odometry (gz.msgs.Odometry) -> /model/ml25d_vehicle_w0/odometry (nav_msgs/msg/Odometry)] (Lazy 0)
[INFO] [1777194993.240574792] [ros_gz_bridge]: Creating ROS->GZ service bridge [/world/ml25d_pilot_w0/set_pose (ros_gz_interfaces/srv/SetEntityPose -> /)]
[INFO] [1777194993.241083929] [ros_gz_bridge]: Creating ROS->GZ service bridge [/world/ml25d_pilot_w0/create (ros_gz_interfaces/srv/SpawnEntity -> /)]
[INFO] [1777194993.241295010] [ros_gz_bridge]: Creating ROS->GZ service bridge [/world/ml25d_pilot_w0/remove (ros_gz_interfaces/srv/DeleteEntity -> /)]
[INFO] [1777194993.241496893] [ros_gz_bridge]: Creating ROS->GZ service bridge [/world/ml25d_pilot_w0/control (ros_gz_interfaces/srv/ControlWorld -> /)]
[INFO] [1777194993.241673705] [ros_gz_bridge]: Creating GZ->ROS Bridge: [/ml25d/ml25d_vehicle_w0/chassis_contacts (gz.msgs.Contacts) -> /ml25d/ml25d_vehicle_w0/chassis_contacts (ros_gz_interfaces/msg/Contacts)] (Lazy 0)
[INFO] [1777194993.242447939] [ros_gz_bridge]: Creating GZ->ROS Bridge: [/ml25d/ml25d_vehicle_w0/front_left_contacts (gz.msgs.Contacts) -> /ml25d/ml25d_vehicle_w0/front_left_contacts (ros_gz_interfaces/msg/Contacts)] (Lazy 0)
[INFO] [1777194993.242631592] [ros_gz_bridge]: Creating GZ->ROS Bridge: [/ml25d/ml25d_vehicle_w0/front_right_contacts (gz.msgs.Contacts) -> /ml25d/ml25d_vehicle_w0/front_right_contacts (ros_gz_interfaces/msg/Contacts)] (Lazy 0)
[INFO] [1777194993.242796125] [ros_gz_bridge]: Creating GZ->ROS Bridge: [/ml25d/ml25d_vehicle_w0/rear_left_contacts (gz.msgs.Contacts) -> /ml25d/ml25d_vehicle_w0/rear_left_contacts (ros_gz_interfaces/msg/Contacts)] (Lazy 0)
[INFO] [1777194993.242950219] [ros_gz_bridge]: Creating GZ->ROS Bridge: [/ml25d/ml25d_vehicle_w0/rear_right_contacts (gz.msgs.Contacts) -> /ml25d/ml25d_vehicle_w0/rear_right_contacts (ros_gz_interfaces/msg/Contacts)] (Lazy 0)
[INFO] [1777195015.929660444] [ros_gz_bridge]: Passing message from ROS geometry_msgs/msg/Twist to Gazebo gz.msgs.Twist (showing msg only once per type)
