
--- start gzserver world=/home/crh/文档/Machine_Learning_25D/ml25d_ws/data/generated_pilot_v2_sanity_n4_v5/worker_3/ml25d_pilot_w3.sdf ---
[1;32m[Msg] [0m[1;32mGazebo Sim Server v[0m[1;32m8.11.0[0m[1;32m[0m
[1;32m[Msg] [0m[1;32mLoading SDF world file[[0m[1;32m/home/crh/文档/Machine_Learning_25D/ml25d_ws/data/generated_pilot_v2_sanity_n4_v5/worker_3/ml25d_pilot_w3.sdf[0m[1;32m].[0m
[1;32m[Msg] [0m[1;32mServing entity system service on [[0m[1;32m/[0m[1;32mentity/system/add[0m[1;32m][0m[1;32m[0m
[1;36m[Dbg] [Physics.cc:906] [0m[1;36mLoaded [[0m[1;36mgz::physics::bullet_featherstone::Plugin[0m[1;36m] from library [[0m[1;36m/opt/ros/jazzy/opt/gz_physics_vendor/lib/gz-physics-7/engine-plugins/libgz-physics-bullet-featherstone-plugin.so[0m[1;36m][0m[1;36m[0m
[1;36m[Dbg] [SystemManager.cc:80] [0m[1;36mLoaded system [[0m[1;36mgz::sim::systems::Physics[0m[1;36m] for entity [[0m[1;36m1[0m[1;36m][0m[1;36m[0m
[1;32m[Msg] [0m[1;32mCreate[0m[1;32m service on [[0m[1;32m/world/ml25d_pilot_w3/create_multiple[0m[1;32m] (async)[0m[1;32m[0m
[1;32m[Msg] [0m[1;32mCreate[0m[1;32m service on [[0m[1;32m/world/ml25d_pilot_w3/create_multiple/blocking[0m[1;32m] (blocking)[0m[1;32m[0m
[1;32m[Msg] [0m[1;32mRemove[0m[1;32m service on [[0m[1;32m/world/ml25d_pilot_w3/remove[0m[1;32m] (async)[0m[1;32m[0m
[1;32m[Msg] [0m[1;32mRemove[0m[1;32m service on [[0m[1;32m/world/ml25d_pilot_w3/remove/blocking[0m[1;32m] (blocking)[0m[1;32m[0m
[1;32m[Msg] [0m[1;32mPose[0m[1;32m service on [[0m[1;32m/world/ml25d_pilot_w3/set_pose[0m[1;32m] (async)[0m[1;32m[0m
[1;32m[Msg] [0m[1;32mPose[0m[1;32m service on [[0m[1;32m/world/ml25d_pilot_w3/set_pose/blocking[0m[1;32m] (blocking)[0m[1;32m[0m
[1;32m[Msg] [0m[1;32mPose[0m[1;32m service on [[0m[1;32m/world/ml25d_pilot_w3/set_pose_vector[0m[1;32m] (async)[0m[1;32m[0m
[1;32m[Msg] [0m[1;32mPose[0m[1;32m service on [[0m[1;32m/world/ml25d_pilot_w3/set_pose_vector/blocking[0m[1;32m] (blocking)[0m[1;32m[0m
[1;32m[Msg] [0m[1;32mLight configuration[0m[1;32m service on [[0m[1;32m/world/ml25d_pilot_w3/light_config[0m[1;32m] (async)[0m[1;32m[0m
[1;32m[Msg] [0m[1;32mLight configuration[0m[1;32m service on [[0m[1;32m/world/ml25d_pilot_w3/light_config/blocking[0m[1;32m] (blocking)[0m[1;32m[0m
[1;32m[Msg] [0m[1;32mPhysics[0m[1;32m service on [[0m[1;32m/world/ml25d_pilot_w3/set_physics[0m[1;32m] (async)[0m[1;32m[0m
[1;32m[Msg] [0m[1;32mPhysics[0m[1;32m service on [[0m[1;32m/world/ml25d_pilot_w3/set_physics/blocking[0m[1;32m] (blocking)[0m[1;32m[0m
[1;32m[Msg] [0m[1;32mSphericalCoordinates[0m[1;32m service on [[0m[1;32m/world/ml25d_pilot_w3/set_spherical_coordinates[0m[1;32m] (async)[0m[1;32m[0m
[1;32m[Msg] [0m[1;32mSphericalCoordinates[0m[1;32m service on [[0m[1;32m/world/ml25d_pilot_w3/set_spherical_coordinates/blocking[0m[1;32m] (blocking)[0m[1;32m[0m
[1;32m[Msg] [0m[1;32mEnable collision[0m[1;32m service on [[0m[1;32m/world/ml25d_pilot_w3/enable_collision[0m[1;32m] (async)[0m[1;32m[0m
[1;32m[Msg] [0m[1;32mEnable collision[0m[1;32m service on [[0m[1;32m/world/ml25d_pilot_w3/enable_collision/blocking[0m[1;32m] (blocking)[0m[1;32m[0m
[1;32m[Msg] [0m[1;32mDisable collision[0m[1;32m service on [[0m[1;32m/world/ml25d_pilot_w3/disable_collision[0m[1;32m] (async)[0m[1;32m[0m
[1;32m[Msg] [0m[1;32mDisable collision[0m[1;32m service on [[0m[1;32m/world/ml25d_pilot_w3/disable_collision/blocking[0m[1;32m] (blocking)[0m[1;32m[0m
[1;32m[Msg] [0m[1;32mMaterial[0m[1;32m service on [[0m[1;32m/world/ml25d_pilot_w3/visual_config[0m[1;32m] (async)[0m[1;32m[0m
[1;32m[Msg] [0m[1;32mMaterial[0m[1;32m service on [[0m[1;32m/world/ml25d_pilot_w3/visual_config/blocking[0m[1;32m] (blocking)[0m[1;32m[0m
[1;32m[Msg] [0m[1;32mMaterial[0m[1;32m service on [[0m[1;32m/world/ml25d_pilot_w3/wheel_slip[0m[1;32m] (async)[0m[1;32m[0m
[1;32m[Msg] [0m[1;32mMaterial[0m[1;32m service on [[0m[1;32m/world/ml25d_pilot_w3/wheel_slip/blocking[0m[1;32m] (blocking)[0m[1;32m[0m
[1;36m[Dbg] [SystemManager.cc:80] [1;31m[Err] [UserCommands.cc:1120] [0m[1;31mEntity named [[0m[1;31mml25d_vehicle_w3[0m[1;31m] of type [[0m[1;31m2[0m[1;31m] not found, so not removed.[0m[1;31m[0m
[1;31m[Err] [UserCommands.cc:1120] [0m[1;31mEntity named [[0m[1;31mml25d_terrain_w3_a3[0m[1;31m] of type [[0m[1;31m2[0m[1;31m] not found, so not removed.[0m[1;31m[0m
[0m[1;36mLoaded system [[0m[1;36mgz::sim::systems::UserCommands[0m[1;36m] for entity [[0m[1;36m1[0m[1;36m][0m[1;36m[0m
[1;36m[Dbg] [SystemManager.cc:80] [0m[1;36mLoaded system [[0m[1;36mgz::sim::systems::SceneBroadcaster[0m[1;36m] for entity [[0m[1;36m1[0m[1;36m][0m[1;36m[0m
[1;36m[Dbg] [SystemManager.cc:80] [0m[1;36mLoaded system [[0m[1;36mgz::sim::systems::Contact[0m[1;36m] for entity [[0m[1;36m1[0m[1;36m][0m[1;36m[0m
[1;32m[Msg] [0m[1;32mLoaded level [[0m[1;32mdefault[0m[1;32m][0m[1;32m[0m
[1;32m[Msg] [0m[1;32mServing world controls on [[0m[1;32m/world/ml25d_pilot_w3[0m[1;32m/control], [[0m[1;32m/world/ml25d_pilot_w3[0m[1;32m/control/state] and [[0m[1;32m/world/ml25d_pilot_w3[0m[1;32m/playback/control][0m[1;32m[0m
[1;32m[Msg] [0m[1;32mServing GUI information on [[0m[1;32m/world/ml25d_pilot_w3[0m[1;32m/[0m[1;32mgui/info[0m[1;32m][0m[1;32m[0m
[1;32m[Msg] [0m[1;32mWorld [[0m[1;32mml25d_pilot_w3[0m[1;32m] initialized with [[0m[1;32m1ms[0m[1;32m] physics profile.[0m[1;32m[0m
[1;32m[Msg] [0m[1;32mServing world SDF generation service on [[0m[1;32m/world/ml25d_pilot_w3[0m[1;32m/[0m[1;32mgenerate_world_sdf[0m[1;32m][0m[1;32m[0m
[1;32m[Msg] [0m[1;32mServing world names on [[0m[1;32m/gazebo/worlds[0m[1;32m][0m[1;32m[0m
[1;32m[Msg] [0m[1;32mResource path add service on [[0m[1;32m/gazebo/resource_paths/add[0m[1;32m].[0m[1;32m[0m
[1;32m[Msg] [0m[1;32mResource path get service on [[0m[1;32m/gazebo/resource_paths/get[0m[1;32m].[0m[1;32m[0m
[1;32m[Msg] [0m[1;32mResource path resolve service on [[0m[1;32m/gazebo/resource_paths/resolve[0m[1;32m].[0m[1;32m[0m
[1;32m[Msg] [0m[1;32mResource paths published on [[0m[1;32m/gazebo/resource_paths[0m[1;32m].[0m[1;32m[0m
[1;32m[Msg] [0m[1;32mServer control service on [[0m[1;32m/server_control[0m[1;32m].[0m[1;32m[0m
[1;32m[Msg] [0m[1;32mFound no publishers on /stats, adding root stats topic[0m[1;32m[0m
[1;32m[Msg] [0m[1;32mFound no publishers on /clock, adding root clock topic[0m[1;32m[0m
[1;36m[Dbg] [SimulationRunner.cc:551] [0m[1;36mCreating PostUpdate worker threads: [0m[1;36m3[0m[1;36m[0m
[1;36m[Dbg] [SimulationRunner.cc:562] [0m[1;36mCreating postupdate worker thread ([0m[1;36m0[0m[1;36m)[0m[1;36m[0m
[1;36m[Dbg] [SimulationRunner.cc:562] [0m[1;36mCreating postupdate worker thread ([0m[1;36m1[0m[1;36m)[0m[1;36m[0m
[1;36m[Dbg] [UserCommands.cc:1094] [0m[1;36mCreated entity [[0m[1;36m6[0m[1;36m] named [[0m[1;36mml25d_terrain_w3_a3[0m[1;36m][0m[1;36m[0m
[1;32m[Msg] [0m[1;32mDiffDrive subscribing to twist messages on [[0m[1;32m/model/ml25d_vehicle_w3/cmd_vel[0m[1;32m][0m[1;32m[0m
[1;36m[Dbg] [SystemManager.cc:80] [0m[1;36mLoaded system [[0m[1;36mgz::sim::systems::DiffDrive[0m[1;36m] for entity [[0m[1;36m10[0m[1;36m][0m[1;36m[0m
[1;32m[Msg] [0m[1;32mOdometryPublisher publishing odometry on [[0m[1;32m/model/ml25d_vehicle_w3/odometry[0m[1;32m][0m[1;32m[0m
[1;32m[Msg] [0m[1;32mOdometryPublisher publishing odometry with covariance on [[0m[1;32m/model/ml25d_vehicle_w3/odometry_with_covariance[0m[1;32m][0m[1;32m[0m
[1;32m[Msg] [0m[1;32mOdometryPublisher publishing Pose_V (TF) on [[0m[1;32m/model/ml25d_vehicle_w3/pose[0m[1;32m][0m[1;32m[0m
[1;36m[Dbg] [SystemManager.cc:80] [0m[1;36mLoaded system [[0m[1;36mgz::sim::systems::OdometryPublisher[0m[1;36m] for entity [[0m[1;36m10[0m[1;36m][0m[1;36m[0m
[1;36m[Dbg] [UserCommands.cc:1094] [0m[1;36mCreated entity [[0m[1;36m10[0m[1;36m] named [[0m[1;36mml25d_vehicle_w3[0m[1;36m][0m[1;36m[0m
[1;32m[Msg] [0m[1;32mContact system publishing on [0m[1;32m/ml25d/ml25d_vehicle_w3/chassis_contacts[0m[1;32m[0m
[1;32m[Msg] [0m[1;32mContact system publishing on [0m[1;32m/ml25d/ml25d_vehicle_w3/front_left_contacts[0m[1;32m[0m
[1;32m[Msg] [0m[1;32mContact system publishing on [0m[1;32m/ml25d/ml25d_vehicle_w3/front_right_contacts[0m[1;32m[0m
[1;32m[Msg] [1;33m[Wrn] [OBJLoader.cc:202] [0m[1;33mMissing material for shape[[0m[1;33m] [0m[1;33min OBJ file[[0m[1;33m/tmp/ml25d_ros_gz_meshes/terrain_130312573386144_1.obj[0m[1;33m][0m[1;33m[0m
[1;31m[Err] [UserCommands.cc:1120] [0m[1;31mEntity named [[0m[1;31mml25d_terrain_w3_a4[0m[1;31m] of type [[0m[1;31m2[0m[1;31m] not found, so not removed.[0m[1;31m[0m
[0m[1;32mContact system publishing on [0m[1;32m/ml25d/ml25d_vehicle_w3/rear_left_contacts[0m[1;32m[0m
[1;32m[Msg] [0m[1;32mContact system publishing on [0m[1;32m/ml25d/ml25d_vehicle_w3/rear_right_contacts[0m[1;32m[0m
[1;36m[Dbg] [Physics.cc:1035] [0m[1;36mAttempting to set physics options, but the [0m[1;36mphyiscs engine doesn't support feature [0m[1;36m[CollisionDetectorFeature]. Options will be ignored.[0m[1;36m[0m
[1;36m[Dbg] [Physics.cc:1061] [0m[1;36mAttempting to set physics options, but the [0m[1;36mphyiscs engine doesn't support feature [0m[1;36m[SolverFeature]. Options will be ignored.[0m[1;36m[0m
[1;36m[Dbg] [Physics.cc:1086] [0m[1;36mAttempting to set physics options, but the [0m[1;36mphyiscs engine doesn't support feature [0m[1;36m[CollisionPairMaxContacts]. [0m[1;36mOptions will be ignored.[0m[1;36m[0m
[1;32m[Msg] [0m[1;32mServing scene information on [[0m[1;32m/world/ml25d_pilot_w3[0m[1;32m/[0m[1;32mscene/info[0m[1;32m][0m[1;32m[0m
[1;32m[Msg] [0m[1;32mServing graph information on [[0m[1;32m/world/ml25d_pilot_w3[0m[1;32m/[0m[1;32mscene/graph[0m[1;32m][0m[1;32m[0m
[1;32m[Msg] [0m[1;32mServing full state on [[0m[1;32m/world/ml25d_pilot_w3[0m[1;32m/[0m[1;32mstate[0m[1;32m][0m[1;32m[0m
[1;32m[Msg] [0m[1;32mServing full state (async) on [[0m[1;32m/world/ml25d_pilot_w3[0m[1;32m/[0m[1;32mstate_async[0m[1;32m][0m[1;32m[0m
[1;32m[Msg] [0m[1;32mPublishing scene information on [[0m[1;32m/world/ml25d_pilot_w3/scene/info[0m[1;32m][0m[1;32m[0m
[1;32m[Msg] [0m[1;32mPublishing entity deletions on [[0m[1;32m/world/ml25d_pilot_w3/scene/deletion[0m[1;32m][0m[1;32m[0m
[1;32m[Msg] [0m[1;32mPublishing state changes on [[0m[1;32m/world/ml25d_pilot_w3/state[0m[1;32m][0m[1;32m[0m
[1;32m[Msg] [0m[1;32mPublishing pose messages on [[0m[1;32m/world/ml25d_pilot_w3[0m[1;32m/[0m[1;32mpose/info[0m[1;32m][0m[1;32m[0m
[1;32m[Msg] [0m[1;32mPublishing dynamic pose messages on [[0m[1;32m/world/ml25d_pilot_w3[0m[1;32m/[0m[1;32mdynamic_pose/info[0m[1;32m][0m[1;32m[0m
[1;36m[Dbg] [SimulationRunner.cc:578] [0m[1;36mExiting postupdate worker thread ([0m[1;36m0[0m[1;36m)[0m[1;36m[0m
[1;36m[Dbg] [SimulationRunner.cc:578] [0m[1;36mExiting postupdate worker thread ([0m[1;36m1[0m[1;36m)[0m[1;36m[0m
[1;36m[Dbg] [SimulationRunner.cc:551] [0m[1;36mCreating PostUpdate worker threads: [0m[1;36m5[0m[1;36m[0m
[1;36m[Dbg] [SimulationRunner.cc:562] [0m[1;36mCreating postupdate worker thread ([0m[1;36m0[0m[1;36m)[0m[1;36m[0m
[1;36m[Dbg] [SimulationRunner.cc:562] [0m[1;36mCreating postupdate worker thread ([0m[1;36m1[0m[1;36m)[0m[1;36m[0m
[1;36m[Dbg] [SimulationRunner.cc:562] [0m[1;36mCreating postupdate worker thread ([0m[1;36m2[0m[1;36m)[0m[1;36m[0m
[1;36m[Dbg] [SimulationRunner.cc:562] [0m[1;36mCreating postupdate worker thread ([0m[1;36m3[0m[1;36m)[0m[1;36m[0m
[1;36m[Dbg] [UserCommands.cc:1144] [0m[1;36mRequesting removal of entity [[0m[1;36m10[0m[1;36m][0m[1;36m[0m
[1;36m[Dbg] [UserCommands.cc:1144] [0m[1;36mRequesting removal of entity [[0m[1;36m6[0m[1;36m][0m[1;36m[0m
[1;36m[Dbg] [SimulationRunner.cc:578] [0m[1;36mExiting postupdate worker thread ([0m[1;36m1[0m[1;36mExiting postupdate worker thread ([0m[1;36mExiting postupdate worker thread (3[0m[1;36mExiting postupdate worker thread ([0m[1;36mExiting postupdate worker thread ([0m[1;36m0[0m[1;36m)[0m[1;36m[0m
[1;36m[0m
[1;36m[0m
[1;36m[0m
[1;36m)[0m[1;36m[0m
[1;36m[Dbg] [SimulationRunner.cc:551] [0m[1;36mCreating PostUpdate worker threads: [0m[1;36m3[0m[1;36m[0m
[1;36m[Dbg] [SimulationRunner.cc:562] [0m[1;36mCreating postupdate worker thread ([0m[1;36m0[0m[1;36m)[0m[1;36m[0m
[1;36m[Dbg] [SimulationRunner.cc:562] [0m[1;36mCreating postupdate worker thread ([0m[1;36m1[0m[1;36m)[0m[1;36m[0m
[1;36m[Dbg] [UserCommands.cc:1094] [0m[1;36mCreated entity [[0m[1;36m35[0m[1;36m] named [[0m[1;36mml25d_terrain_w[1;33m[Wrn] [OBJLoader.cc:202] [0m[1;33mMissing material for shape[[0m[1;33m] [0m[1;33min OBJ file[[0m[1;33m/tmp/ml25d_ros_gz_meshes/terrain_130312573386144_2.obj[0m[1;33m][0m[1;33m[0m
[1;31m[Err] [UserCommands.cc:1120] [0m[1;31mEntity named [[0m[1;31mml25d_terrain_w3_a5[0m[1;31m] of type [[0m[1;31m2[0m[1;31m] not found, so not removed.[0m[1;31m[0m
[1;33m[Wrn] [OBJLoader.cc:202] [0m[1;33mMissing material for shape[[0m[1;33m] [0m[1;33min OBJ file[[0m[1;33m/tmp/ml25d_ros_gz_meshes/terrain_130312573386144_3.obj[0m[1;33m][0m[1;33m[0m
3_a4[0m[1;36m][0m[1;36m[0m
[1;32m[Msg] [0m[1;32mDiffDrive subscribing to twist messages on [[0m[1;32m/model/ml25d_vehicle_w3/cmd_vel[0m[1;32m][0m[1;32m[0m
[1;36m[Dbg] [SystemManager.cc:80] [0m[1;36mLoaded system [[0m[1;36mgz::sim::systems::DiffDrive[0m[1;36m] for entity [[0m[1;36m39[0m[1;36m][0m[1;36m[0m
[1;32m[Msg] [0m[1;32mOdometryPublisher publishing odometry on [[0m[1;32m/model/ml25d_vehicle_w3/odometry[0m[1;32m][0m[1;32m[0m
[1;32m[Msg] [0m[1;32mOdometryPublisher publishing odometry with covariance on [[0m[1;32m/model/ml25d_vehicle_w3/odometry_with_covariance[0m[1;32m][0m[1;32m[0m
[1;32m[Msg] [0m[1;32mOdometryPublisher publishing Pose_V (TF) on [[0m[1;32m/model/ml25d_vehicle_w3/pose[0m[1;32m][0m[1;32m[0m
[1;36m[Dbg] [SystemManager.cc:80] [0m[1;36mLoaded system [[0m[1;36mgz::sim::systems::OdometryPublisher[0m[1;36m] for entity [[0m[1;36m39[0m[1;36m][0m[1;36m[0m
[1;36m[Dbg] [UserCommands.cc:1094] [0m[1;36mCreated entity [[0m[1;36m39[0m[1;36m] named [[0m[1;36mml25d_vehicle_w3[0m[1;36m][0m[1;36m[0m
[1;32m[Msg] [0m[1;32mContact system publishing on [0m[1;32m/ml25d/ml25d_vehicle_w3/chassis_contacts[0m[1;32m[0m
[1;32m[Msg] [0m[1;32mContact system publishing on [0m[1;32m/ml25d/ml25d_vehicle_w3/front_left_contacts[0m[1;32m[0m
[1;32m[Msg] [0m[1;32mContact system publishing on [0m[1;32m/ml25d/ml25d_vehicle_w3/front_right_contacts[0m[1;32m[0m
[1;32m[Msg] [0m[1;32mContact system publishing on [0m[1;32m/ml25d/ml25d_vehicle_w3/rear_left_contacts[0m[1;32m[0m
[1;32m[Msg] [0m[1;32mContact system publishing on [0m[1;32m/ml25d/ml25d_vehicle_w3/rear_right_contacts[0m[1;32m[0m
[1;36m[Dbg] [SimulationRunner.cc:578] [0m[1;36mExiting postupdate worker thread ([0m[1;36m0[0m[1;36m)[0m[1;36m[0m
[1;36m[Dbg] [SimulationRunner.cc:578] [0m[1;36mExiting postupdate worker thread ([0m[1;36m1[0m[1;36m)[0m[1;36m[0m
[1;36m[Dbg] [SimulationRunner.cc:551] [0m[1;36mCreating PostUpdate worker threads: [0m[1;36m5[0m[1;36m[0m
[1;36m[Dbg] [SimulationRunner.cc:562] [0m[1;36mCreating postupdate worker thread ([0m[1;36m0[0m[1;36m)[0m[1;36m[0m
[1;36m[Dbg] [SimulationRunner.cc:562] [0m[1;36mCreating postupdate worker thread ([0m[1;36m1[0m[1;36m)[0m[1;36m[0m
[1;36m[Dbg] [SimulationRunner.cc:562] [0m[1;36mCreating postupdate worker thread ([0m[1;36m2[0m[1;36m)[0m[1;36m[0m
[1;36m[Dbg] [SimulationRunner.cc:562] [0m[1;36mCreating postupdate worker thread ([0m[1;36m3[0m[1;36m)[0m[1;36m[0m
[1;36m[Dbg] [UserCommands.cc:1144] [0m[1;36mRequesting removal of entity [[0m[1;36m39[0m[1;36m][0m[1;36m[0m
[1;36m[Dbg] [UserCommands.cc:1144] [0m[1;36mRequesting removal of entity [[0m[1;36m35[0m[1;36m][0m[1;36m[0m
[1;36m[Dbg] [SimulationRunner.cc:578] [0m[1;36m[Dbg] [SimulationRunner.cc:578] [Dbg] [SimulationRunner.cc:578] [0m[1;36mExiting postupdate worker thread ([0m[1;36mExiting postupdate worker thread ([0m[1;36m1[0m[1;36m)[0m[1;36m)[0m[1;36m2[0m[1;36m)[0m[1;36m[0m
[1;36m0[0m[1;36m0[0m[1;36mExiting postupdate worker thread ([0m[1;36m3[0m[1;36m)[0m[1;36m)[0m[1;36m[0m
[1;36m[Dbg] [SimulationRunner.cc:551] [0m[1;36mCreating PostUpdate worker threads: [0m[1;36m3[0m[1;36m[0m
[1;36m[Dbg] [SimulationRunner.cc:562] [0m[1;36mCreating postupdate worker thread ([0m[1;36m0[0m[1;36m)[0m[1;36m[0m
[1;36m[Dbg] [SimulationRunner.cc:562] [0m[1;36mCreating postupdate worker thread ([0m[1;36m1[0m[1;36m)[0m[1;36m[0m
[1;36m[Dbg] [UserCommands.cc:1094] [0m[1;36mCreated entity [[0m[1;36m64[0m[1;36m] named [[0m[1;36mml25d_terrain_w3_a5[0m[1;36m][0m[1;36m[0m
[1;32m[Msg] [0m[1;32mDiffDrive subscribing to twist messages on [[0m[1;32m/model/ml25d_vehicle_w3/cmd_vel[0m[1;32m][0m[1;32m[0m
[1;36m[Dbg] [SystemManager.cc:80] [0m[1;36mLoaded system [[0m[1;36mgz::sim::systems::DiffDrive[0m[1;36m] for entity [[0m[1;36m68[0m[1;36m][0m[1;36m[0m
[1;32m[Msg] [0m[1;32mOdometryPublisher publishing odometry on [[1;31m[Err] [UserCommands.cc:1120] [0m[1;31mEntity named [[0m[1;31mml25d_terrain_w3_a7[0m[1;31m] of type [[0m[1;31m2[0m[1;31m] not found, so not removed.[0m[1;31m[0m
[1;33m[Wrn] [OBJLoader.cc:202] [0m[1;33mMissing material for shape[[0m[1;33m] [0m[1;33min OBJ file[[0m[1;33m/tmp/ml25d_ros_gz_meshes/terrain_130312573386144_4.obj[0m[1;33m][0m[1;33m[0m
[0m[1;32m/model/ml25d_vehicle_w3/odometry[0m[1;32m][0m[1;32m[0m
[1;32m[Msg] [0m[1;32mOdometryPublisher publishing odometry with covariance on [[0m[1;32m/model/ml25d_vehicle_w3/odometry_with_covariance[0m[1;32m][0m[1;32m[0m
[1;32m[Msg] [0m[1;32mOdometryPublisher publishing Pose_V (TF) on [[0m[1;32m/model/ml25d_vehicle_w3/pose[0m[1;32m][0m[1;32m[0m
[1;36m[Dbg] [SystemManager.cc:80] [0m[1;36mLoaded system [[0m[1;36mgz::sim::systems::OdometryPublisher[0m[1;36m] for entity [[0m[1;36m68[0m[1;36m][0m[1;36m[0m
[1;36m[Dbg] [UserCommands.cc:1094] [0m[1;36mCreated entity [[0m[1;36m68[0m[1;36m] named [[0m[1;36mml25d_vehicle_w3[0m[1;36m][0m[1;36m[0m
[1;32m[Msg] [0m[1;32mContact system publishing on [0m[1;32m/ml25d/ml25d_vehicle_w3/chassis_contacts[0m[1;32m[0m
[1;32m[Msg] [0m[1;32mContact system publishing on [0m[1;32m/ml25d/ml25d_vehicle_w3/front_left_contacts[0m[1;32m[0m
[1;32m[Msg] [0m[1;32mContact system publishing on [0m[1;32m/ml25d/ml25d_vehicle_w3/front_right_contacts[0m[1;32m[0m
[1;32m[Msg] [0m[1;32mContact system publishing on [0m[1;32m/ml25d/ml25d_vehicle_w3/rear_left_contacts[0m[1;32m[0m
[1;32m[Msg] [0m[1;32mContact system publishing on [0m[1;32m/ml25d/ml25d_vehicle_w3/rear_right_contacts[0m[1;32m[0m
[1;36m[Dbg] [SimulationRunner.cc:578] [Dbg] [SimulationRunner.cc:578] [0m[1;36mExiting postupdate worker thread ([0m[1;36m0[0m[1;36m[Dbg] [SimulationRunner.cc:578] [0m[1;36mExiting postupdate worker thread ([0m[1;36m)[0m[1;36m[0m
[1;36m1[0m[1;36m)[0m[1;36m[0m
[1;36m[Dbg] [SimulationRunner.cc:551] [0m[1;36mCreating PostUpdate worker threads: [0m[1;36m5[0m[1;36m[0m
[1;36m[Dbg] [SimulationRunner.cc:562] [0m[1;36mCreating postupdate worker thread ([0m[1;36m0[0m[1;36m)[0m[1;36m[0m
[1;36m[Dbg] [SimulationRunner.cc:562] [0m[1;36mCreating postupdate worker thread ([0m[1;36m1[0m[1;36m)[0m[1;36m[0m
[1;36m[Dbg] [SimulationRunner.cc:562] [0m[1;36mCreating postupdate worker thread ([0m[1;36m2[0m[1;36m)[0m[1;36m[0m
[1;36m[Dbg] [SimulationRunner.cc:562] [0m[1;36mCreating postupdate worker thread ([0m[1;36m3[0m[1;36m)[0m[1;36m[0m
[1;36m[Dbg] [UserCommands.cc:1144] [0m[1;36mRequesting removal of entity [[0m[1;36m68[0m[1;36m][0m[1;36m[0m
[1;36m[Dbg] [SimulationRunner.cc:578] [0m[1;36m[Dbg] [SimulationRunner.cc:578] Exiting postupdate worker thread ([0m[1;36m0[0m[1;36m)[0m[1;36mExiting postupdate worker thread (i[0m[1;36m[Dbg] [SimulationRunner.cc:578] [0m[1;36mExiting postupdate worker thread (i[0m[1;36m)[0m[1;36m[0m
[1;36m[Dbg] [SimulationRunner.cc:578] [0m[1;36m2[0m[1;36m1[0m[1;36m)[0m[1;36m[0m
[1;36m)[0m[1;36m)[0m[1;36m[0m
[1;36m[Dbg] [SimulationRunner.cc:551] [0m[1;36mCreating PostUpdate worker threads: [0m[1;36m3[0m[1;36m[0m
[1;36m[Dbg] [SimulationRunner.cc:562] [0m[1;36mCreating postupdate worker thread ([0m[1;36m0[0m[1;36m)[0m[1;36m[0m
[1;36m[Dbg] [SimulationRunner.cc:562] [0m[1;36mCreating postupdate worker thread ([0m[1;36m1[0m[1;36m)[0m[1;36m[0m
[1;36m[Dbg] [UserCommands.cc:1144] [0m[1;36mRequesting removal of entity [[0m[1;36m64[0m[1;36m][0m[1;36m[0m
[1;36m[Dbg] [UserCommands.cc:1094] [0m[1;36mCreated entity [[0m[1;36m93[0m[1;36m] named [[0m[1;36mml25d_terrain_w3_a7[0m[1;36m][0m[1;36m[0m
[1;32m[Msg] [0m[1;32mDiffDrive subscribing to twist messages on [[0m[1;32m/model/ml25d_vehicle_w3/cmd_vel[0m[1;32m][0m[1;32m[0m
[1;36m[Dbg] [SystemManager.cc:80] [0m[1;36mLoaded system [[0m[1;36mgz::sim::systems::DiffDrive[0m[1;36m] for entity [[0m[1;36m97[0m[1;36m][0m[1;36m[0m
[1;32m[Msg] [0m[1;32mOdometryPublisher publishing odometry on [[0m[1;32m/model/ml25d_vehicle_w3/odometry[0m[1;32m][0m[1;32m[0m
[1;32m[Msg] [0m[1;32mOdometryPublisher publishing odometry with covariance on [[0m[1;32m/model/ml25d_vehicle_w3/odometry_with_covariance[0m[1;32m][0m[1;32m[0m
[1;32m[Msg] [0m[1;32mOdometryPublisher publishing Pose_V (TF) on [[0m[1;32m/model/ml25d_vehic[1;31m[Err] [UserCommands.cc:1120] [0m[1;31mEntity named [[0m[1;31mml25d_terrain_w3_a8[0m[1;31m] of type [[0m[1;31m2[0m[1;31m] not found, so not removed.[0m[1;31m[0m
[1;33m[Wrn] [OBJLoader.cc:202] [0m[1;33mMissing material for shape[[0m[1;33m] [0m[1;33min OBJ file[[0m[1;33m/tmp/ml25d_ros_gz_meshes/terrain_130312573386144_5.obj[0m[1;33m][0m[1;33m[0m
le_w3/pose[0m[1;32m][0m[1;32m[0m
[1;36m[Dbg] [SystemManager.cc:80] [0m[1;36mLoaded system [[0m[1;36mgz::sim::systems::OdometryPublisher[0m[1;36m] for entity [[0m[1;36m97[0m[1;36m][0m[1;36m[0m
[1;36m[Dbg] [UserCommands.cc:1094] [0m[1;36mCreated entity [[0m[1;36m97[0m[1;36m] named [[0m[1;36mml25d_vehicle_w3[0m[1;36m][0m[1;36m[0m
[1;32m[Msg] [0m[1;32mContact system publishing on [0m[1;32m/ml25d/ml25d_vehicle_w3/chassis_contacts[0m[1;32m[0m
[1;32m[Msg] [0m[1;32mContact system publishing on [0m[1;32m/ml25d/ml25d_vehicle_w3/front_left_contacts[0m[1;32m[0m
[1;32m[Msg] [0m[1;32mContact system publishing on [0m[1;32m/ml25d/ml25d_vehicle_w3/front_right_contacts[0m[1;32m[0m
[1;32m[Msg] [0m[1;32mContact system publishing on [0m[1;32m/ml25d/ml25d_vehicle_w3/rear_left_contacts[0m[1;32m[0m
[1;32m[Msg] [0m[1;32mContact system publishing on [0m[1;32m/ml25d/ml25d_vehicle_w3/rear_right_contacts[0m[1;32m[0m
[1;36m[Dbg] [SimulationRunner.cc:578] [0m[1;36mExiting postupdate worker thread ([0m[1;36m1[0m[1;36m)[0m[1;36m[0m
[1;36mExiting postupdate worker thread ([0m[1;36m)[0m[1;36m[0m
[1;36m[Dbg] [SimulationRunner.cc:551] [0m[1;36mCreating PostUpdate worker threads: [0m[1;36m5[0m[1;36m[0m
[1;36m[Dbg] [SimulationRunner.cc:562] [0m[1;36mCreating postupdate worker thread ([0m[1;36m0[0m[1;36m)[0m[1;36m[0m
[1;36m[Dbg] [SimulationRunner.cc:562] [0m[1;36mCreating postupdate worker thread ([0m[1;36m1[0m[1;36m)[0m[1;36m[0m
[1;36m[Dbg] [SimulationRunner.cc:562] [0m[1;36mCreating postupdate worker thread ([0m[1;36m2[0m[1;36m)[0m[1;36m[0m
[1;36m[Dbg] [SimulationRunner.cc:562] [0m[1;36mCreating postupdate worker thread ([0m[1;36m3[0m[1;36m)[0m[1;36m[0m
[1;36m[Dbg] [UserCommands.cc:1144] [0m[1;36mRequesting removal of entity [[0m[1;36m97[0m[1;36m][0m[1;36m[0m
[1;36m[Dbg] [SimulationRunner.cc:578] [0m[1;36mExiting postupdate worker thread ([0m[1;36m2[0m[1;36m)[Dbg] [SimulationRunner.cc:578] [Dbg] [SimulationRunner.cc:578] [0m[1;36m)[Dbg] [SimulationRunner.cc:578] [0m[1;36mExiting postupdate worker thread ([0m[1;36m3[0m[1;36mExiting postupdate worker thread ([0m[1;36m0[0m[1;36m)[0m[1;36m[0m
[1;36m)[0m[1;36m[0m
[1;36m[0m
[1;36mExiting postupdate worker thread ([0m[1;36m1[0m[1;36m[0m
[1;36m[Dbg] [SimulationRunner.cc:551] [0m[1;36mCreating PostUpdate worker threads: [0m[1;36m3[0m[1;36m[0m
[1;36m[Dbg] [SimulationRunner.cc:562] [0m[1;36mCreating postupdate worker thread ([0m[1;36m0[0m[1;36m)[0m[1;36m[0m
[1;36m[Dbg] [SimulationRunner.cc:562] [0m[1;36mCreating postupdate worker thread ([0m[1;36m1[0m[1;36m)[0m[1;36m[0m
[1;36m[Dbg] [UserCommands.cc:1144] [0m[1;36mRequesting removal of entity [[0m[1;36m93[0m[1;36m][0m[1;36m[0m
[1;36m[Dbg] [UserCommands.cc:1094] [0m[1;36mCreated entity [[0m[1;36m122[0m[1;36m] named [[0m[1;36mml25d_terrain_w3_a8[0m[1;36m][0m[1;36m[0m
[1;32m[Msg] [0m[1;32mDiffDrive subscribing to twist messages on [[0m[1;32m/model/ml25d_vehicle_w3/cmd_vel[0m[1;32m][0m[1;32m[0m
[1;36m[Dbg] [SystemManager.cc:80] [0m[1;36mLoaded system [[0m[1;36mgz::sim::systems::DiffDrive[0m[1;36m] for entity [[0m[1;36m126[0m[1;36m][0m[1;36m[0m
[1;32m[Msg] [0m[1;32mOdometryPublisher publishing odometry on [[0m[1;32m/model/ml25d_vehicle_w3/odometry[0m[1;32m][0m[1;32m[0m
[1;32m[Msg] [0m[1;32mOdometryPublisher publishing odometry with covariance on [[0m[1;32m/model/ml25d_vehicle_w3/odometry_with_covariance[0m[1;32m][0m[1;32m[0m
[1;32m[Msg] [0m[1;32mOdometryPublisher publishing Pose_V (TF) on [[0m[1;32m/model/ml25d_vehicle_w3/pose[0m[1;32m][0m[1;32m[0m
[1;36m[Dbg] [SystemManager.cc:80] [0m[1;36mLoaded system [[0m[1;36mgz::sim::systems::OdometryPublisher[0m[1;36m] for entity [[0m[1;36m126[0m[1;36m][0m[1;36m[0m
[1;36m[Dbg] [UserCommands.cc:1094] [0m[1;36mCreated entity [[0m[1;36m126[0m[1;36m] named [[0m[1;36mml25d_vehicle_w3[0m[1;36m][0m[1;36m[0m
[1;32m[Msg] [0m[1;32mC[1;31m[Err] [UserCommands.cc:1120] [0m[1;31mEntity named [[0m[1;31mml25d_terrain_w3_a9[0m[1;31m] of type [[0m[1;31m2[0m[1;31m] not found, so not removed.[0m[1;31m[0m
ontact system publishing on [0m[1;32m/ml25d/ml25d_vehicle_w3/chassis_contacts[0m[1;32m[0m
[1;32m[Msg] [0m[1;32mContact system publishing on [0m[1;32m/ml25d/ml25d_vehicle_w3/front_left_contacts[0m[1;32m[0m
[1;32m[Msg] [0m[1;32mContact system publishing on [0m[1;32m/ml25d/ml25d_vehicle_w3/front_right_contacts[0m[1;32m[0m
[1;32m[Msg] [0m[1;32mContact system publishing on [0m[1;32m/ml25d/ml25d_vehicle_w3/rear_left_contacts[0m[1;32m[0m
[1;32m[Msg] [0m[1;32mContact system publishing on [0m[1;32m/ml25d/ml25d_vehicle_w3/rear_right_contacts[0m[1;32m[0m
[1;36m[Dbg] [SimulationRunner.cc:578] [0m[1;36mExiting postupdate worker thread ([0m[1;36m0[0m[1;36mExiting postupdate worker thread ()[0m[1;36m[0m
[1;36mExiting postupdate worker thread ([0m[1;36m1[0m[1;36m)[0m[1;36m[0m
[1;36m[Dbg] [SimulationRunner.cc:551] [0m[1;36mCreating PostUpdate worker threads: [0m[1;36m5[0m[1;36m[0m
[1;36m[Dbg] [SimulationRunner.cc:562] [0m[1;36mCreating postupdate worker thread ([0m[1;36m0[0m[1;36m)[0m[1;36m[0m
[1;36m[Dbg] [SimulationRunner.cc:562] [0m[1;36mCreating postupdate worker thread ([0m[1;36m1[0m[1;36m)[0m[1;36m[0m
[1;36m[Dbg] [SimulationRunner.cc:562] [0m[1;36mCreating postupdate worker thread ([0m[1;36m2[0m[1;36m)[0m[1;36m[0m
[1;36m[Dbg] [SimulationRunner.cc:562] [0m[1;36mCreating postupdate worker thread ([0m[1;36m3[0m[1;36m)[0m[1;36m[0m
[1;36m[Dbg] [UserCommands.cc:1144] [0m[1;36mRequesting removal of entity [[0m[1;36m126[0m[1;36m][0m[1;36m[0m
[1;36m[Dbg] [SimulationRunner.cc:578] [0m[1;36mExiting postupdate worker thread ([0m[1;36mExiting postupdate worker thread ([Dbg] [SimulationRunner.cc:578] [0m[1;36mExiting postupdate worker thread ([0m[1;36m1[0m[1;36m)[0m[1;36m[0m
[1;36mExiting postupdate worker thread ([0m[1;36m3[0m[1;36m)[0m[1;36mExiting postupdate worker thread ([0m[1;36m2[0m[1;36m)[0m[1;36m[0m
[1;36m0[0m[1;36m)[0m[1;36m[0m
[1;36m[Dbg] [SimulationRunner.cc:551] [0m[1;36mCreating PostUpdate worker threads: [0m[1;36m3[0m[1;36m[0m
[1;36m[Dbg] [SimulationRunner.cc:562] [0m[1;36mCreating postupdate worker thread ([0m[1;36m0[0m[1;36m)[0m[1;36m[0m
[1;36m[Dbg] [SimulationRunner.cc:562] [0m[1;36mCreating postupdate worker thread ([0m[1;36m1[0m[1;36m)[0m[1;36m[0m
[1;36m[Dbg] [UserCommands.cc:1144] [0m[1;36mRequesting removal of entity [[0m[1;36m122[0m[1;36m][0m[1;36m[0m
[1;36m[Dbg] [UserCommands.cc:1094] [0m[1;36mCreated entity [[0m[1;36m151[0m[1;36m] named [[0m[1;36mml25d_terrain_w3_a9[0m[1;36m][0m[1;36m[0m
[1;32m[Msg] [0m[1;32mDiffDrive subscribing to twist messages on [[0m[1;32m/model/ml25d_vehicle_w3/cmd_vel[0m[1;32m][0m[1;32m[0m
[1;36m[Dbg] [SystemManager.cc:80] [0m[1;36mLoaded system [[0m[1;36mgz::sim::systems::DiffDrive[0m[1;36m] for entity [[0m[1;36m155[0m[1;36m][0m[1;36m[0m
[1;32m[Msg] [0m[1;32mOdometryPublisher publishing odometry on [[0m[1;32m/model/ml25d_vehicle_w3/odometry[0m[1;32m][0m[1;32m[0m
[1;32m[Msg] [0m[1;32mOdometryPublisher publishing odometry with covariance on [[0m[1;32m/model/ml25d_vehicle_w3/odometry_with_covariance[0m[1;32m][0m[1;32m[0m
[1;32m[Msg] [0m[1;32mOdometryPublisher publishing Pose_V (TF) on [[0m[1;32m/model/ml25d_vehicle_w3/pose[0m[1;32m][0m[1;32m[0m
[1;36m[Dbg] [SystemManager.cc:80] [0m[1;36mLoaded system [[0m[1;36mgz::sim::systems::OdometryPublisher[0m[1;36m] for entity [[0m[1;36m155[0m[1;36m][0m[1;36m[0m
[1;36m[Dbg] [UserCommands.cc:1094] [0m[1;36mCreated entity [[0m[1;36m155[0m[1;36m] named [[0m[1;36mml25d_vehicle_w3[0m[1;36m][0m[1;36m[0m
[1;32m[Msg] [0m[1;32mContact system publishing on [0m[1;32m/ml25d/ml25d_vehicle_w3/chassis_contacts[0m[1;32m[0m
[1;32m[Msg] [0m[1;32mContact system publishing on [0m[1;32m/ml25d/ml25d_vehicle_w3/front_left_contacts[0m[1;32m[0m
[1;32m[Msg] [0m[1;32mContact system publishing on [0m[1;32m/ml25d/ml25d_vehicle_w3/front_right_contacts[0m[1;32m[0m
[1;32m[Msg] [0m[1;32mCont[1;33m[Wrn] [OBJLoader.cc:202] [0m[1;33mMissing material for shape[[0m[1;33m] [0m[1;33min OBJ file[[0m[1;33m/tmp/ml25d_ros_gz_meshes/terrain_130312573386144_6.obj[0m[1;33m][0m[1;33m[0m
[1;31m[Err] [UserCommands.cc:1120] [0m[1;31mEntity named [[0m[1;31mml25d_terrain_w3_a10[0m[1;31m] of type [[0m[1;31m2[0m[1;31m] not found, so not removed.[0m[1;31m[0m
[1;33m[Wrn] [OBJLoader.cc:202] [0m[1;33mMissing material for shape[[0m[1;33m] [0m[1;33min OBJ file[[0m[1;33m/tmp/ml25d_ros_gz_meshes/terrain_130312573386144_7.obj[0m[1;33m][0m[1;33m[0m
act system publishing on [0m[1;32m/ml25d/ml25d_vehicle_w3/rear_left_contacts[0m[1;32m[0m
[1;32m[Msg] [0m[1;32mContact system publishing on [0m[1;32m/ml25d/ml25d_vehicle_w3/rear_right_contacts[0m[1;32m[0m
[1;36m[Dbg] [SimulationRunner.cc:578] [0m[1;36mExiting postupdate worker thread ([0m[1;36m1[0m[1;36m)[0m[1;36m[0m
[1;36m[Dbg] [SimulationRunner.cc:578] [0m[1;36mExiting postupdate worker thread ([0m[1;36m0[0m[1;36m)[0m[1;36m[0m
[1;36m[Dbg] [SimulationRunner.cc:551] [0m[1;36mCreating PostUpdate worker threads: [0m[1;36m5[0m[1;36m[0m
[1;36m[Dbg] [SimulationRunner.cc:562] [0m[1;36mCreating postupdate worker thread ([0m[1;36m0[0m[1;36m)[0m[1;36m[0m
[1;36m[Dbg] [SimulationRunner.cc:562] [0m[1;36mCreating postupdate worker thread ([0m[1;36m1[0m[1;36m)[0m[1;36m[0m
[1;36m[Dbg] [SimulationRunner.cc:562] [0m[1;36mCreating postupdate worker thread ([0m[1;36m2[0m[1;36m)[0m[1;36m[0m
[1;36m[Dbg] [SimulationRunner.cc:562] [0m[1;36mCreating postupdate worker thread ([0m[1;36m3[0m[1;36m)[0m[1;36m[0m
[1;36m[Dbg] [UserCommands.cc:1144] [0m[1;36mRequesting removal of entity [[0m[1;36m155[0m[1;36m][0m[1;36m[0m
[1;36m[Dbg] [SimulationRunner.cc:578] [0m[1;36mExiting postupdate worker thread ([Dbg] [SimulationRunner.cc:578] [Dbg] [SimulationRunner.cc:578] [0m[1;36mExiting postupdate worker thread ([0m[1;36mExiting postupdate worker thread ([Dbg] [SimulationRunner.cc:578] [0m[1;36m)[0m[1;36m[0m
[1;36mExiting postupdate worker thread ([0m[1;36m0[0m[1;36m)[0m[1;36m[0m
[1;36m[Dbg] [SimulationRunner.cc:578] [0m[1;36mExiting postupdate worker thread ([0m[1;36m1[0m[1;36m)[0m[1;36m[0m
[1;36mExiting postupdate worker thread ([0m[1;36m2[0m[1;36m)[0m[1;36m[0m
[1;36m[Dbg] [SimulationRunner.cc:551] [0m[1;36mCreating PostUpdate worker threads: [0m[1;36m3[0m[1;36m[0m
[1;36m[Dbg] [SimulationRunner.cc:562] [0m[1;36mCreating postupdate worker thread ([0m[1;36m0[0m[1;36m)[0m[1;36m[0m
[1;36m[Dbg] [SimulationRunner.cc:562] [0m[1;36mCreating postupdate worker thread ([0m[1;36m1[0m[1;36m)[0m[1;36m[0m
[1;36m[Dbg] [UserCommands.cc:1144] [0m[1;36mRequesting removal of entity [[0m[1;36m151[0m[1;36m][0m[1;36m[0m
[1;36m[Dbg] [UserCommands.cc:1094] [0m[1;36mCreated entity [[0m[1;36m180[0m[1;36m] named [[0m[1;36mml25d_terrain_w3_a10[0m[1;36m][0m[1;36m[0m
[1;32m[Msg] [0m[1;32mDiffDrive subscribing to twist messages on [[0m[1;32m/model/ml25d_vehicle_w3/cmd_vel[0m[1;32m][0m[1;32m[0m
[1;36m[Dbg] [SystemManager.cc:80] [0m[1;36mLoaded system [[0m[1;36mgz::sim::systems::DiffDrive[0m[1;36m] for entity [[0m[1;36m184[0m[1;36m][0m[1;36m[0m
[1;32m[Msg] [0m[1;32mOdometryPublisher publishing odometry on [[0m[1;32m/model/ml25d_vehicle_w3/odometry[0m[1;32m][0m[1;32m[0m
[1;32m[Msg] [0m[1;32mOdometryPublisher publishing odometry with covariance on [[0m[1;32m/model/ml25d_vehicle_w3/odometry_with_covariance[0m[1;32m][0m[1;32m[0m
[1;32m[Msg] [0m[1;32mOdometryPublisher publishing Pose_V (TF) on [[0m[1;32m/model/ml25d_vehicle_w3/pose[0m[1;32m][0m[1;32m[0m
[1;36m[Dbg] [SystemManager.cc:80] [0m[1;36mLoaded system [[0m[1;36mgz::sim::systems::OdometryPublisher[0m[1;36m] for entity [[0m[1;36m184[0m[1;36m][0m[1;36m[0m
[1;36m[Dbg] [UserCommands.cc:1094] [0m[1;36mCreated entity [[0m[1;36m184[0m[1;36m] named [[0m[1;36mml25d_vehicle_w3[0m[1;36m][0m[1;36m[0m
[1;32m[Msg] [0m[1;32mContact system publishing on [0m[1;32m/ml25d/ml25d_vehicle_w3/chassis_contacts[0m[1;32m[0m
[1;32m[Msg] [0m[1;32mContact system publishing on [0m[1;32m/ml25d/ml25d_vehicle_w3/front_left_contacts[0m[1;32m[0m
[1;32m[Msg] [0m[1;32mContact system publishing on [0m[1;32m/ml25d/ml25d_vehicle_w3/front_right_contacts[0m[1;32m[0m
[1;32m[Msg] [0m[1;32mContact system publishing on [0m[1;32m/ml25d/ml25d_vehicle_w3/rear_left_contacts[0m[1;32m[0m
[1;32m[Msg] [0m[1;32mContact system publishing on [0m[1;32m/ml25d/ml25d_vehicle_w3/rear_right_contacts[0m[1[1;31m[Err] [UserCommands.cc:1120] [0m[1;31mEntity named [[0m[1;31mml25d_terrain_w3_a12[0m[1;31m] of type [[0m[1;31m2[0m[1;31m] not found, so not removed.[0m[1;31m[0m
[1;33m[Wrn] [OBJLoader.cc:202] [0m[1;33mMissing material for shape[[0m[1;33m] [0m[1;33min OBJ file[[0m[1;33m/tmp/ml25d_ros_gz_meshes/terrain_130312573386144_8.obj[0m[1;33m][0m[1;33m[0m
;32m[0m
[1;36m[Dbg] [SimulationRunner.cc:578] [0m[1;36mExiting postupdate worker thread ([0m[1;36m0[0m[1;36m)[0m[1;36m[0m
[1;36m[Dbg] [SimulationRunner.cc:578] [0m[1;36mExiting postupdate worker thread ([0m[1;36m1[0m[1;36m)[0m[1;36m[0m
[1;36m[Dbg] [SimulationRunner.cc:551] [0m[1;36mCreating PostUpdate worker threads: [0m[1;36m5[0m[1;36m[0m
[1;36m[Dbg] [SimulationRunner.cc:562] [0m[1;36mCreating postupdate worker thread ([0m[1;36m0[0m[1;36m)[0m[1;36m[0m
[1;36m[Dbg] [SimulationRunner.cc:562] [0m[1;36mCreating postupdate worker thread ([0m[1;36m1[0m[1;36m)[0m[1;36m[0m
[1;36m[Dbg] [SimulationRunner.cc:562] [0m[1;36mCreating postupdate worker thread ([0m[1;36m2[0m[1;36m)[0m[1;36m[0m
[1;36m[Dbg] [SimulationRunner.cc:562] [0m[1;36mCreating postupdate worker thread ([0m[1;36m3[0m[1;36m)[0m[1;36m[0m
[1;36m[Dbg] [UserCommands.cc:1144] [0m[1;36mRequesting removal of entity [[0m[1;36m184[0m[1;36m][0m[1;36m[0m
[1;36m[Dbg] [SimulationRunner.cc:578] [0m[1;36mExiting postupdate worker thread ([0m[1;36m2[0m[1;36m)[0m[1;36m[0m
[1;36m[Dbg] [SimulationRunner.cc:578] [0m[1;36mExiting postupdate worker thread ([0m[1;36m[Dbg] [SimulationRunner.cc:578] [Dbg] [SimulationRunner.cc:578] [0m[1;36mExiting postupdate worker thread ([0m[1;36mExiting postupdate worker thread ([0m[1;36m130[0m[1;36m)[0m[1;36m1[0m[1;36m)[0m[1;36m[0m
[1;36m)[0m[1;36m)[0m[1;36m[0m
[1;36m[0m
[1;36m[Dbg] [SimulationRunner.cc:551] [0m[1;36mCreating PostUpdate worker threads: [0m[1;36m3[0m[1;36m[0m
[1;36m[Dbg] [SimulationRunner.cc:562] [0m[1;36mCreating postupdate worker thread ([0m[1;36m0[0m[1;36m)[0m[1;36m[0m
[1;36m[Dbg] [SimulationRunner.cc:562] [0m[1;36mCreating postupdate worker thread ([0m[1;36m1[0m[1;36m)[0m[1;36m[0m
[1;36m[Dbg] [UserCommands.cc:1144] [0m[1;36mRequesting removal of entity [[0m[1;36m180[0m[1;36m][0m[1;36m[0m
[1;36m[Dbg] [UserCommands.cc:1094] [0m[1;36mCreated entity [[0m[1;36m209[0m[1;36m] named [[0m[1;36mml25d_terrain_w3_a12[0m[1;36m][0m[1;36m[0m
[1;32m[Msg] [0m[1;32mDiffDrive subscribing to twist messages on [[0m[1;32m/model/ml25d_vehicle_w3/cmd_vel[0m[1;32m][0m[1;32m[0m
[1;36m[Dbg] [SystemManager.cc:80] [0m[1;36mLoaded system [[0m[1;36mgz::sim::systems::DiffDrive[0m[1;36m] for entity [[0m[1;36m213[0m[1;36m][0m[1;36m[0m
[1;32m[Msg] [0m[1;32mOdometryPublisher publishing odometry on [[0m[1;32m/model/ml25d_vehicle_w3/odometry[0m[1;32m][0m[1;32m[0m
[1;32m[Msg] [0m[1;32mOdometryPublisher publishing odometry with covariance on [[0m[1;32m/model/ml25d_vehicle_w3/odometry_with_covariance[0m[1;32m][0m[1;32m[0m
[1;32m[Msg] [0m[1;32mOdometryPublisher publishing Pose_V (TF) on [[0m[1;32m/model/ml25d_vehicle_w3/pose[0m[1;32m][0m[1;32m[0m
[1;36m[Dbg] [SystemManager.cc:80] [0m[1;36mLoaded system [[0m[1;36mgz::sim::systems::OdometryPublisher[0m[1;36m] for entity [[0m[1;36m213[0m[1;36m][0m[1;36m[0m
[1;36m[Dbg] [UserCommands.cc:1094] [0m[1;36mCreated entity [[0m[1;36m213[0m[1;36m] named [[0m[1;36mml25d_vehicle_w3[0m[1;36m][0m[1;36m[0m
[1;32m[Msg] [0m[1;32mContact system publishing on [0m[1;32m/ml25d/ml25d_vehicle_w3/chassis_contacts[0m[1;32m[0m
[1;32m[Msg] [0m[1;32mContact system publishing on [0m[1;32m/ml25d/ml25d_vehicle_w3/front_left_contacts[0m[1;32m[0m
[1;32m[Msg] [0m[1;32mContact system publishing on [0m[1;32m/ml25d/ml25d_vehicle_w3/front_right_contacts[0m[1;32m[0m
[1;32m[Msg] [0m[1;32mContact system publishing on [0m[1;32m/ml25d/ml25d_vehicle_w3/rear_left_contacts[0m[1;32m[0m
[1;32m[Msg] [0m[1;32mContact system publishing on [0m[1;32m/ml25d/ml25d_vehicle_w3/rear_right_contacts[0m[1;32m[0m
[1;36m[Dbg] [SimulationRunner.cc:578] [0m[1;36mExiting postupdate worker thread ([0m[1;36m1[0m[1;36m)[0m[1;36m[0m
[1;36m[Dbg] [SimulationRunner.cc:578] [0m[1;36mExiting postupdate worker thread ([0m[1;36m0[0m[1;36m)[0m[1;36m[0m
[1;36m[Dbg] [SimulationRunner.cc:551] [0m[1;3[1;31m[Err] [UserCommands.cc:1120] [0m[1;31mEntity named [[0m[1;31mml25d_terrain_w3_a14[0m[1;31m] of type [[0m[1;31m2[0m[1;31m] not found, so not removed.[0m[1;31m[0m
[1;33m[Wrn] [OBJLoader.cc:202] [0m[1;33mMissing material for shape[[0m[1;33m] [0m[1;33min OBJ file[[0m[1;33m/tmp/ml25d_ros_gz_meshes/terrain_130312573386144_9.obj[0m[1;33m][0m[1;33m[0m
6mCreating PostUpdate worker threads: [0m[1;36m5[0m[1;36m[0m
[1;36m[Dbg] [SimulationRunner.cc:562] [0m[1;36mCreating postupdate worker thread ([0m[1;36m0[0m[1;36m)[0m[1;36m[0m
[1;36m[Dbg] [SimulationRunner.cc:562] [0m[1;36mCreating postupdate worker thread ([0m[1;36m1[0m[1;36m)[0m[1;36m[0m
[1;36m[Dbg] [SimulationRunner.cc:562] [0m[1;36mCreating postupdate worker thread ([0m[1;36m2[0m[1;36m)[0m[1;36m[0m
[1;36m[Dbg] [SimulationRunner.cc:562] [0m[1;36mCreating postupdate worker thread ([0m[1;36m3[0m[1;36m)[0m[1;36m[0m
[1;36m[Dbg] [UserCommands.cc:1144] [0m[1;36mRequesting removal of entity [[0m[1;36m213[0m[1;36m][0m[1;36m[0m
[1;36m[Dbg] [UserCommands.cc:1144] [0m[1;36mRequesting removal of entity [[0m[1;36m209[0m[1;36m][0m[1;36m[0m
[1;36m[Dbg] [SimulationRunner.cc:578] [0m[1;36m[Dbg] [SimulationRunner.cc:578] [Dbg] [SimulationRunner.cc:578] [0m[1;36m[Dbg] [SimulationRunner.cc:578] [Dbg] [SimulationRunner.cc:578] [Dbg] [SimulationRunner.cc:578] [0m[1;36m[Dbg] [SimulationRunner.cc:578] Exiting postupdate worker thread ([0m[1;36m1Exiting postupdate worker thread ([0m[1;36m)[0m[1;36m
Exiting postupdate worker thread ([0m[1;36m1Exiting postupdate worker thread ([0m[1;36m[0m
[1;36m
Exiting postupdate worker thread ([0m[1;36m0Exiting postupdate worker thread ([0m[1;36m3[0m[1;36m0Exiting postupdate worker thread ([0m[1;36m0[0m[1;36m)[0m[1;36m[0m
[1;36m[0m
[1;36m[0m
[1;36m[0m
[1;36m[Dbg] [SimulationRunner.cc:551] [0m[1;36mCreating PostUpdate worker threads: [0m[1;36m3[0m[1;36m[0m
[1;36m[Dbg] [SimulationRunner.cc:562] [0m[1;36mCreating postupdate worker thread ([0m[1;36m0[0m[1;36m)[0m[1;36m[0m
[1;36m[Dbg] [SimulationRunner.cc:562] [0m[1;36mCreating postupdate worker thread ([0m[1;36m1[0m[1;36m)[0m[1;36m[0m
[1;36m[Dbg] [UserCommands.cc:1094] [0m[1;36mCreated entity [[0m[1;36m238[0m[1;36m] named [[0m[1;36mml25d_terrain_w3_a14[0m[1;36m][0m[1;36m[0m
[1;32m[Msg] [0m[1;32mDiffDrive subscribing to twist messages on [[0m[1;32m/model/ml25d_vehicle_w3/cmd_vel[0m[1;32m][0m[1;32m[0m
[1;36m[Dbg] [SystemManager.cc:80] [0m[1;36mLoaded system [[0m[1;36mgz::sim::systems::DiffDrive[0m[1;36m] for entity [[0m[1;36m242[0m[1;36m][0m[1;36m[0m
[1;32m[Msg] [0m[1;32mOdometryPublisher publishing odometry on [[0m[1;32m/model/ml25d_vehicle_w3/odometry[0m[1;32m][0m[1;32m[0m
[1;32m[Msg] [0m[1;32mOdometryPublisher publishing odometry with covariance on [[0m[1;32m/model/ml25d_vehicle_w3/odometry_with_covariance[0m[1;32m][0m[1;32m[0m
[1;32m[Msg] [0m[1;32mOdometryPublisher publishing Pose_V (TF) on [[0m[1;32m/model/ml25d_vehicle_w3/pose[0m[1;32m][0m[1;32m[0m
[1;36m[Dbg] [SystemManager.cc:80] [0m[1;36mLoaded system [[0m[1;36mgz::sim::systems::OdometryPublisher[0m[1;36m] for entity [[0m[1;36m242[0m[1;36m][0m[1;36m[0m
[1;36m[Dbg] [UserCommands.cc:1094] [0m[1;36mCreated entity [[0m[1;36m242[0m[1;36m] named [[0m[1;36mml25d_vehicle_w3[0m[1;36m][0m[1;36m[0m
[1;32m[Msg] [0m[1;32mContact system publishing on [0m[1;32m/ml25d/ml25d_vehicle_w3/chassis_contacts[0m[1;32m[0m
[1;32m[Msg] [0m[1;32mContact system publishing on [0m[1;32m/ml25d/ml25d_vehicle_w3/front_left_contacts[0m[1;32m[0m
[1;32m[Msg] [0m[1;32mContact system publishing on [0m[1;32m/ml25d/ml25d_vehicle_w3/front_right_contacts[0m[1;32m[0m
[1;32m[Msg] [0m[1;32mContact system publishing on [0m[1;32m/ml25d/ml25d_vehicle_w3/rear_left_contacts[0m[1;32m[0m
[1;32m[Msg] [0m[1;32mContact system publishing on [0m[1;32m/ml25d/ml25d_vehicle_w3/rear_right_contacts[0m[1;32m[0m
[1;36m[Dbg] [SimulationRunner.cc:578] [0m[1;36mExiting postupdate worker thread ([0m[1;36m0[0m[1;36m)[0m[1;36m[Dbg] [SimulationRunner.cc:578] [0m
[1;36mExiting postupdate worker thread ([0m[1;36mExiting postupdate worker thread ([0m[1;36m1[0m[1;36m)[0m[1;36m[0m
[1;36m[Dbg] [SimulationRunner.cc:551] [0m[1;36mCreating PostUpdate worker threads: [0m[1;36m5[0m[1;36m[0m
[1;36[1;31m[Err] [UserCommands.cc:1120] [0m[1;31mEntity named [[0m[1;31mml25d_terrain_w3_a16[0m[1;31m] of type [[0m[1;31m2[0m[1;31m] not found, so not removed.[0m[1;31m[0m
[1;33m[Wrn] [OBJLoader.cc:202] [0m[1;33mMissing material for shape[[0m[1;33m] [0m[1;33min OBJ file[[0m[1;33m/tmp/ml25d_ros_gz_meshes/terrain_130312573386144_10.obj[0m[1;33m][0m[1;33m[0m
m[Dbg] [SimulationRunner.cc:562] [0m[1;36mCreating postupdate worker thread ([0m[1;36m0[0m[1;36m)[0m[1;36m[0m
[1;36m[Dbg] [SimulationRunner.cc:562] [0m[1;36mCreating postupdate worker thread ([0m[1;36m1[0m[1;36m)[0m[1;36m[0m
[1;36m[Dbg] [SimulationRunner.cc:562] [0m[1;36mCreating postupdate worker thread ([0m[1;36m2[0m[1;36m)[0m[1;36m[0m
[1;36m[Dbg] [SimulationRunner.cc:562] [0m[1;36mCreating postupdate worker thread ([0m[1;36m3[0m[1;36m)[0m[1;36m[0m
[1;36m[Dbg] [UserCommands.cc:1144] [0m[1;36mRequesting removal of entity [[0m[1;36m242[0m[1;36m][0m[1;36m[0m
[1;36m[Dbg] [SimulationRunner.cc:578] [0m[1;36mExiting postupdate worker thread ([0m[1;36m1[0m[1;36m)[0m[1;36m[0m
[1;36mExiting postupdate worker thread ([Dbg] [SimulationRunner.cc:578] [0m[1;36mExiting postupdate worker thread ([Dbg] [SimulationRunner.cc:578] [0m[1;36m0[0m[1;36m)[0m[1;36m[0m
[1;36mExiting postupdate worker thread ([0m[1;36m3[0m[1;36m)[0m[1;36m[0m
[1;36m[Dbg] [SimulationRunner.cc:578] [Dbg] [SimulationRunner.cc:578] [0m[1;36mExiting postupdate worker thread ([0m[1;36m2[0m[1;36m)[0m[1;36m[Dbg] [SimulationRunner.cc:551] [0m[1;36mCreating PostUpdate worker threads: [0m[1;36m3[0m[1;36m[0m
[1;36m[Dbg] [SimulationRunner.cc:562] [0m[1;36mCreating postupdate worker thread ([0m[1;36m0[0m[1;36m)[0m[1;36m[0m
[1;36m[Dbg] [SimulationRunner.cc:562] [0m[1;36mCreating postupdate worker thread ([0m[1;36m1[0m[1;36m)[0m[1;36m[0m
[1;36m[Dbg] [UserCommands.cc:1144] [0m[1;36mRequesting removal of entity [[0m[1;36m238[0m[1;36m][0m[1;36m[0m
[1;36m[Dbg] [UserCommands.cc:1094] [0m[1;36mCreated entity [[0m[1;36m267[0m[1;36m] named [[0m[1;36mml25d_terrain_w3_a16[0m[1;36m][0m[1;36m[0m
[1;32m[Msg] [0m[1;32mDiffDrive subscribing to twist messages on [[0m[1;32m/model/ml25d_vehicle_w3/cmd_vel[0m[1;32m][0m[1;32m[0m
[1;36m[Dbg] [SystemManager.cc:80] [0m[1;36mLoaded system [[0m[1;36mgz::sim::systems::DiffDrive[0m[1;36m] for entity [[0m[1;36m271[0m[1;36m][0m[1;36m[0m
[1;32m[Msg] [0m[1;32mOdometryPublisher publishing odometry on [[0m[1;32m/model/ml25d_vehicle_w3/odometry[0m[1;32m][0m[1;32m[0m
[1;32m[Msg] [0m[1;32mOdometryPublisher publishing odometry with covariance on [[0m[1;32m/model/ml25d_vehicle_w3/odometry_with_covariance[0m[1;32m][0m[1;32m[0m
[1;32m[Msg] [0m[1;32mOdometryPublisher publishing Pose_V (TF) on [[0m[1;32m/model/ml25d_vehicle_w3/pose[0m[1;32m][0m[1;32m[0m
[1;36m[Dbg] [SystemManager.cc:80] [0m[1;36mLoaded system [[0m[1;36mgz::sim::systems::OdometryPublisher[0m[1;36m] for entity [[0m[1;36m271[0m[1;36m][0m[1;36m[0m
[1;36m[Dbg] [UserCommands.cc:1094] [0m[1;36mCreated entity [[0m[1;36m271[0m[1;36m] named [[0m[1;36mml25d_vehicle_w3[0m[1;36m][0m[1;36m[0m
[1;32m[Msg] [0m[1;32mContact system publishing on [0m[1;32m/ml25d/ml25d_vehicle_w3/chassis_contacts[0m[1;32m[0m
[1;32m[Msg] [0m[1;32mContact system publishing on [0m[1;32m/ml25d/ml25d_vehicle_w3/front_left_contacts[0m[1;32m[0m
[1;32m[Msg] [0m[1;32mContact system publishing on [0m[1;32m/ml25d/ml25d_vehicle_w3/front_right_contacts[0m[1;32m[0m
[1;32m[Msg] [0m[1;32mContact system publishing on [0m[1;32m/ml25d/ml25d_vehicle_w3/rear_left_contacts[0m[1;32m[0m
[1;32m[Msg] [0m[1;32mContact system publishing on [0m[1;32m/ml25d/ml25d_vehicle_w3/rear_right_contacts[0m[1;32m[0m
[1;36m[Dbg] [SimulationRunner.cc:578] [0m[1;36mExiting postupdate worker thread ([0m[1;36m1[0m[1;36m)[0m[1;36m[0m
[1;36m[Dbg] [SimulationRunner.cc:578] [0m[1;36mExiting postupdate worker thread ([0m[1;36m0[0m[1;36m)[0m[1;36m[0m
[1;36m[Dbg] [SimulationRunner.cc:551] [0m[1;36mCreating PostUpdate worker threads: [0m[1;36m5[0m[1;36m[0m
[1;36m[Dbg] [SimulationRunner.cc:562] [0m[1;36mCreating postupdate worker thread ([0m[1;36m0[0m[1;36m)[0m[1;36m[0m
[1;36m[Dbg] [SimulationRunner.cc:562] [0m[1;36mCreating postupdate worker thread ([0m[1;36m1[0m[1;36m)[0m[1;36m[0m
[1;36m[D[1;31m[Err] [UserCommands.cc:1120] [0m[1;31mEntity named [[0m[1;31mml25d_terrain_w3_a17[0m[1;31m] of type [[0m[1;31m2[0m[1;31m] not found, so not removed.[0m[1;31m[0m
[1;33m[Wrn] [OBJLoader.cc:202] [0m[1;33mMissing material for shape[[0m[1;33m] [0m[1;33min OBJ file[[0m[1;33m/tmp/ml25d_ros_gz_meshes/terrain_130312573386144_11.obj[0m[1;33m][0m[1;33m[0m
bg] [SimulationRunner.cc:562] [0m[1;36mCreating postupdate worker thread ([0m[1;36m2[0m[1;36m)[0m[1;36m[0m
[1;36m[Dbg] [SimulationRunner.cc:562] [0m[1;36mCreating postupdate worker thread ([0m[1;36m3[0m[1;36m)[0m[1;36m[0m
[1;36m[Dbg] [UserCommands.cc:1144] [0m[1;36mRequesting removal of entity [[0m[1;36m271[0m[1;36m][0m[1;36m[0m
[1;36m[Dbg] [SimulationRunner.cc:578] [0m[1;36mExiting postupdate worker thread ([0m[1;36m2[0m[1;36m)[0m[1;36m[0m
[1;36m[Dbg] [SimulationRunner.cc:578] [0m[1;36mExiting postupdate worker thread ([0m[1;36m1[0m[1;36m)[0m[1;36mExiting postupdate worker thread ([0m[1;36mExiting postupdate worker thread ([0m[1;36m3[0m[1;36m)[0m[1;36m[0m
[1;36m[0m
[1;36m[Dbg] [SimulationRunner.cc:578] [0m[1;36mExiting postupdate worker thread ([0m[1;36m0[0m[1;36m)[0m[1;36m[0m
[1;36m[Dbg] [SimulationRunner.cc:551] [0m[1;36mCreating PostUpdate worker threads: [0m[1;36m3[0m[1;36m[0m
[1;36m[Dbg] [SimulationRunner.cc:562] [0m[1;36mCreating postupdate worker thread ([0m[1;36m0[0m[1;36m)[0m[1;36m[0m
[1;36m[Dbg] [SimulationRunner.cc:562] [0m[1;36mCreating postupdate worker thread ([0m[1;36m1[0m[1;36m)[0m[1;36m[0m
[1;36m[Dbg] [UserCommands.cc:1144] [0m[1;36mRequesting removal of entity [[0m[1;36m267[0m[1;36m][0m[1;36m[0m
[1;36m[Dbg] [UserCommands.cc:1094] [0m[1;36mCreated entity [[0m[1;36m296[0m[1;36m] named [[0m[1;36mml25d_terrain_w3_a17[0m[1;36m][0m[1;36m[0m
[1;32m[Msg] [0m[1;32mDiffDrive subscribing to twist messages on [[0m[1;32m/model/ml25d_vehicle_w3/cmd_vel[0m[1;32m][0m[1;32m[0m
[1;36m[Dbg] [SystemManager.cc:80] [0m[1;36mLoaded system [[0m[1;36mgz::sim::systems::DiffDrive[0m[1;36m] for entity [[0m[1;36m300[0m[1;36m][0m[1;36m[0m
[1;32m[Msg] [0m[1;32mOdometryPublisher publishing odometry on [[0m[1;32m/model/ml25d_vehicle_w3/odometry[0m[1;32m][0m[1;32m[0m
[1;32m[Msg] [0m[1;32mOdometryPublisher publishing odometry with covariance on [[0m[1;32m/model/ml25d_vehicle_w3/odometry_with_covariance[0m[1;32m][0m[1;32m[0m
[1;32m[Msg] [0m[1;32mOdometryPublisher publishing Pose_V (TF) on [[0m[1;32m/model/ml25d_vehicle_w3/pose[0m[1;32m][0m[1;32m[0m
[1;36m[Dbg] [SystemManager.cc:80] [0m[1;36mLoaded system [[0m[1;36mgz::sim::systems::OdometryPublisher[0m[1;36m] for entity [[0m[1;36m300[0m[1;36m][0m[1;36m[0m
[1;36m[Dbg] [UserCommands.cc:1094] [0m[1;36mCreated entity [[0m[1;36m300[0m[1;36m] named [[0m[1;36mml25d_vehicle_w3[0m[1;36m][0m[1;36m[0m
[1;32m[Msg] [0m[1;32mContact system publishing on [0m[1;32m/ml25d/ml25d_vehicle_w3/chassis_contacts[0m[1;32m[0m
[1;32m[Msg] [0m[1;32mContact system publishing on [0m[1;32m/ml25d/ml25d_vehicle_w3/front_left_contacts[0m[1;32m[0m
[1;32m[Msg] [0m[1;32mContact system publishing on [0m[1;32m/ml25d/ml25d_vehicle_w3/front_right_contacts[0m[1;32m[0m
[1;32m[Msg] [0m[1;32mContact system publishing on [0m[1;32m/ml25d/ml25d_vehicle_w3/rear_left_contacts[0m[1;32m[0m
[1;32m[Msg] [0m[1;32mContact system publishing on [0m[1;32m/ml25d/ml25d_vehicle_w3/rear_right_contacts[0m[1;32m[0m
[1;36m[Dbg] [SimulationRunner.cc:578] [Dbg] [SimulationRunner.cc:578] [0m[1;36mExiting postupdate worker thread ([0m[1;36m0[0m[1;36mExiting postupdate worker thread ([0m[1;36m0[0m[1;36m)[0m[1;36m[0m
[1;36m)[0m[1;36m[0m
[1;36m[Dbg] [SimulationRunner.cc:551] [0m[1;36mCreating PostUpdate worker threads: [0m[1;36m5[0m[1;36m[0m
[1;36m[Dbg] [SimulationRunner.cc:562] [0m[1;36mCreating postupdate worker thread ([0m[1;36m0[0m[1;36m)[0m[1;36m[0m
[1;36m[Dbg] [SimulationRunner.cc:562] [0m[1;36mCreating postupdate worker thread ([0m[1;36m1[0m[1;36m)[0m[1;36m[0m
[1;36m[Dbg] [SimulationRunner.cc:562] [0m[1;36mCreating postupdate worker thread ([0m[1;36m2[0m[1;36m)[0m[1;36m[0m
[1;36m[Dbg] [SimulationRunner.cc:562] [0m[1;36mCreating postupdate worker thread ([0m[1;36m3[0m[1;36m)[0m[1;36m[0m
[1;36m[Dbg] [UserCommands.cc:1144] [0m[1;36mRequesting remova[1;31m[Err] [UserCommands.cc:1120] [0m[1;31mEntity named [[0m[1;31mml25d_terrain_w3_a18[0m[1;31m] of type [[0m[1;31m2[0m[1;31m] not found, so not removed.[0m[1;31m[0m
[1;33m[Wrn] [OBJLoader.cc:202] [0m[1;33mMissing material for shape[[0m[1;33m] [0m[1;33min OBJ file[[0m[1;33m/tmp/ml25d_ros_gz_meshes/terrain_130312573386144_12.obj[0m[1;33m][0m[1;33m[0m
l of entity [[0m[1;36m300[0m[1;36m][0m[1;36m[0m
[1;36m[Dbg] [UserCommands.cc:1144] [0m[1;36mRequesting removal of entity [[0m[1;36m296[0m[1;36m][0m[1;36m[0m
[1;36m[Dbg] [SimulationRunner.cc:578] [0m[1;36mExiting postupdate worker thread ([0m[1;36m1[0m[1;36m)[0m[1;36m[0m
[1;36m[Dbg] [SimulationRunner.cc:578] [0m[1;36mExiting postupdate worker thread ([0m[1;36m[Dbg] [SimulationRunner.cc:578] [0m[1;36mExiting postupdate worker thread ([0m[1;36mExiting postupdate worker thread ([0m[1;36m3[0m[1;36m0[0m[1;36m)[0m[1;36m[0m
[1;36m[0m
[1;36m[0m
[1;36m[Dbg] [SimulationRunner.cc:551] [0m[1;36mCreating PostUpdate worker threads: [0m[1;36m3[0m[1;36m[0m
[1;36m[Dbg] [SimulationRunner.cc:562] [0m[1;36mCreating postupdate worker thread ([0m[1;36m0[0m[1;36m)[0m[1;36m[0m
[1;36m[Dbg] [SimulationRunner.cc:562] [0m[1;36mCreating postupdate worker thread ([0m[1;36m1[0m[1;36m)[0m[1;36m[0m
[1;36m[Dbg] [UserCommands.cc:1094] [0m[1;36mCreated entity [[0m[1;36m325[0m[1;36m] named [[0m[1;36mml25d_terrain_w3_a18[0m[1;36m][0m[1;36m[0m
[1;32m[Msg] [0m[1;32mDiffDrive subscribing to twist messages on [[0m[1;32m/model/ml25d_vehicle_w3/cmd_vel[0m[1;32m][0m[1;32m[0m
[1;36m[Dbg] [SystemManager.cc:80] [0m[1;36mLoaded system [[0m[1;36mgz::sim::systems::DiffDrive[0m[1;36m] for entity [[0m[1;36m329[0m[1;36m][0m[1;36m[0m
[1;32m[Msg] [0m[1;32mOdometryPublisher publishing odometry on [[0m[1;32m/model/ml25d_vehicle_w3/odometry[0m[1;32m][0m[1;32m[0m
[1;32m[Msg] [0m[1;32mOdometryPublisher publishing odometry with covariance on [[0m[1;32m/model/ml25d_vehicle_w3/odometry_with_covariance[0m[1;32m][0m[1;32m[0m
[1;32m[Msg] [0m[1;32mOdometryPublisher publishing Pose_V (TF) on [[0m[1;32m/model/ml25d_vehicle_w3/pose[0m[1;32m][0m[1;32m[0m
[1;36m[Dbg] [SystemManager.cc:80] [0m[1;36mLoaded system [[0m[1;36mgz::sim::systems::OdometryPublisher[0m[1;36m] for entity [[0m[1;36m329[0m[1;36m][0m[1;36m[0m
[1;36m[Dbg] [UserCommands.cc:1094] [0m[1;36mCreated entity [[0m[1;36m329[0m[1;36m] named [[0m[1;36mml25d_vehicle_w3[0m[1;36m][0m[1;36m[0m
[1;32m[Msg] [0m[1;32mContact system publishing on [0m[1;32m/ml25d/ml25d_vehicle_w3/chassis_contacts[0m[1;32m[0m
[1;32m[Msg] [0m[1;32mContact system publishing on [0m[1;32m/ml25d/ml25d_vehicle_w3/front_left_contacts[0m[1;32m[0m
[1;32m[Msg] [0m[1;32mContact system publishing on [0m[1;32m/ml25d/ml25d_vehicle_w3/front_right_contacts[0m[1;32m[0m
[1;32m[Msg] [0m[1;32mContact system publishing on [0m[1;32m/ml25d/ml25d_vehicle_w3/rear_left_contacts[0m[1;32m[0m
[1;32m[Msg] [0m[1;32mContact system publishing on [0m[1;32m/ml25d/ml25d_vehicle_w3/rear_right_contacts[0m[1;32m[0m
[1;36m[Dbg] [SimulationRunner.cc:578] [Dbg] [SimulationRunner.cc:578] [0m[1;36mExiting postupdate worker thread ([0m[1;36m[Dbg] [SimulationRunner.cc:578] [0m[1;36mExiting postupdate worker thread ([0m[1;36m01[0m[1;36m)[0m[1;36m01[0m[1;36m)[0m[1;36m[0m
[1;36m[0m
[1;36m[Dbg] [SimulationRunner.cc:551] [0m[1;36mCreating PostUpdate worker threads: [0m[1;36m5[0m[1;36m[0m
[1;36m[Dbg] [SimulationRunner.cc:562] [0m[1;36mCreating postupdate worker thread ([0m[1;36m0[0m[1;36m)[0m[1;36m[0m
[1;36m[Dbg] [SimulationRunner.cc:562] [0m[1;36mCreating postupdate worker thread ([0m[1;36m1[0m[1;36m)[0m[1;36m[0m
[1;36m[Dbg] [SimulationRunner.cc:562] [0m[1;36mCreating postupdate worker thread ([0m[1;36m2[0m[1;36m)[0m[1;36m[0m
[1;36m[Dbg] [SimulationRunner.cc:562] [0m[1;36mCreating postupdate worker thread ([0m[1;36m3[0m[1;36m)[0m[1;36m[0m
[1;36m[Dbg] [UserCommands.cc:1144] [0m[1;36mRequesting removal of entity [[0m[1;36m329[0m[1;36m][0m[1;36m[0m
[1;36m[Dbg] [SimulationRunner.cc:578] [0m[1;36m[Dbg] [SimulationRunner.cc:578] Exiting postupdate worker thread ([0m[1;36mExiting postupdate worker thread ([0m[1;36m[Dbg] [SimulationRunner.cc:578] Exiting postupdate worker thread ([0m[1;36m2[0m[1;36m)[0m[1;36m[0m
[1;36m[[1;31m[Err] [UserCommands.cc:1120] [0m[1;31mEntity named [[0m[1;31mml25d_terrain_w3_a20[0m[1;31m] of type [[0m[1;31m2[0m[1;31m] not found, so not removed.[0m[1;31m[0m
[1;33m[Wrn] [OBJLoader.cc:202] [0m[1;33mMissing material for shape[[0m[1;33m] [0m[1;33min OBJ file[[0m[1;33m/tmp/ml25d_ros_gz_meshes/terrain_130312573386144_13.obj[0m[1;33m][0m[1;33m[0m
[1;31m[Err] [UserCommands.cc:1120] [0m[1;31mEntity named [[0m[1;31mml25d_terrain_w3_a22[0m[1;31m] of type [[0m[1;31m2[0m[1;31m] not found, so not removed.[0m[1;31m[0m
Dbg] [SimulationRunner.cc:578] [0m[1;36m[Dbg] [SimulationRunner.cc:578] [0m[1;36mExiting postupdate worker thread ([0m[1;36m0[0m[1;36m)[0m[1;36m[0m
[1;36m1[0m[1;36mExiting postupdate worker thread ([0m[1;36m3[0m[1;36m[0m
[1;36m)[0m[1;36m[0m
[1;36m[Dbg] [SimulationRunner.cc:551] [0m[1;36mCreating PostUpdate worker threads: [0m[1;36m3[0m[1;36m[0m
[1;36m[Dbg] [SimulationRunner.cc:562] [0m[1;36mCreating postupdate worker thread ([0m[1;36m0[0m[1;36m)[0m[1;36m[0m
[1;36m[Dbg] [SimulationRunner.cc:562] [0m[1;36mCreating postupdate worker thread ([0m[1;36m1[0m[1;36m)[0m[1;36m[0m
[1;36m[Dbg] [UserCommands.cc:1144] [0m[1;36mRequesting removal of entity [[0m[1;36m325[0m[1;36m][0m[1;36m[0m
[1;36m[Dbg] [UserCommands.cc:1094] [0m[1;36mCreated entity [[0m[1;36m354[0m[1;36m] named [[0m[1;36mml25d_terrain_w3_a20[0m[1;36m][0m[1;36m[0m
[1;32m[Msg] [0m[1;32mDiffDrive subscribing to twist messages on [[0m[1;32m/model/ml25d_vehicle_w3/cmd_vel[0m[1;32m][0m[1;32m[0m
[1;36m[Dbg] [SystemManager.cc:80] [0m[1;36mLoaded system [[0m[1;36mgz::sim::systems::DiffDrive[0m[1;36m] for entity [[0m[1;36m358[0m[1;36m][0m[1;36m[0m
[1;32m[Msg] [0m[1;32mOdometryPublisher publishing odometry on [[0m[1;32m/model/ml25d_vehicle_w3/odometry[0m[1;32m][0m[1;32m[0m
[1;32m[Msg] [0m[1;32mOdometryPublisher publishing odometry with covariance on [[0m[1;32m/model/ml25d_vehicle_w3/odometry_with_covariance[0m[1;32m][0m[1;32m[0m
[1;32m[Msg] [0m[1;32mOdometryPublisher publishing Pose_V (TF) on [[0m[1;32m/model/ml25d_vehicle_w3/pose[0m[1;32m][0m[1;32m[0m
[1;36m[Dbg] [SystemManager.cc:80] [0m[1;36mLoaded system [[0m[1;36mgz::sim::systems::OdometryPublisher[0m[1;36m] for entity [[0m[1;36m358[0m[1;36m][0m[1;36m[0m
[1;36m[Dbg] [UserCommands.cc:1094] [0m[1;36mCreated entity [[0m[1;36m358[0m[1;36m] named [[0m[1;36mml25d_vehicle_w3[0m[1;36m][0m[1;36m[0m
[1;32m[Msg] [0m[1;32mContact system publishing on [0m[1;32m/ml25d/ml25d_vehicle_w3/chassis_contacts[0m[1;32m[0m
[1;32m[Msg] [0m[1;32mContact system publishing on [0m[1;32m/ml25d/ml25d_vehicle_w3/front_left_contacts[0m[1;32m[0m
[1;32m[Msg] [0m[1;32mContact system publishing on [0m[1;32m/ml25d/ml25d_vehicle_w3/front_right_contacts[0m[1;32m[0m
[1;32m[Msg] [0m[1;32mContact system publishing on [0m[1;32m/ml25d/ml25d_vehicle_w3/rear_left_contacts[0m[1;32m[0m
[1;32m[Msg] [0m[1;32mContact system publishing on [0m[1;32m/ml25d/ml25d_vehicle_w3/rear_right_contacts[0m[1;32m[0m
[1;36m[Dbg] [SimulationRunner.cc:578] [0m[1;36mExiting postupdate worker thread ([0m[1;36mExiting postupdate worker thread ([0m[1;36m0[0m[1;36m)[0m[1;36m[0m
[1;36mExiting postupdate worker thread ([0m[1;36m1[0m[1;36m)[0m[1;36m[0m
[1;36m[Dbg] [SimulationRunner.cc:551] [0m[1;36mCreating PostUpdate worker threads: [0m[1;36m5[0m[1;36m[0m
[1;36m[Dbg] [SimulationRunner.cc:562] [0m[1;36mCreating postupdate worker thread ([0m[1;36m0[0m[1;36m)[0m[1;36m[0m
[1;36m[Dbg] [SimulationRunner.cc:562] [0m[1;36mCreating postupdate worker thread ([0m[1;36m1[0m[1;36m)[0m[1;36m[0m
[1;36m[Dbg] [SimulationRunner.cc:562] [0m[1;36mCreating postupdate worker thread ([0m[1;36m2[0m[1;36m)[0m[1;36m[0m
[1;36m[Dbg] [SimulationRunner.cc:562] [0m[1;36mCreating postupdate worker thread ([0m[1;36m3[0m[1;36m)[0m[1;36m[0m
[1;36m[Dbg] [UserCommands.cc:1144] [0m[1;36mRequesting removal of entity [[0m[1;36m358[0m[1;36m][0m[1;36m[0m
[1;36m[Dbg] [UserCommands.cc:1144] [0m[1;36mRequesting removal of entity [[0m[1;36m354[0m[1;36m][0m[1;36m[0m
[1;36m[Dbg] [SimulationRunner.cc:578] [0m[1;36mExiting postupdate worker thread ([0m[1;36m3[0m[1;36m[Dbg] [SimulationRunner.cc:578] )[0m[1;36mExiting postupdate worker thread ([0m[1;36m0[0m[1;36m[Dbg] [SimulationRunner.cc:578] )[0m[1;36m[0m
[1;36m0[Dbg] [SimulationRunner.cc:578] [0m[1;36m
)[0m[1;36mExiting postupdate worker thread ([0m[1;36m2[0m[1;36m)Exiting postupdate worker th[1;33m[Wrn] [OBJLoader.cc:202] [0m[1;33mMissing material for shape[[0m[1;33m] [0m[1;33min OBJ file[[0m[1;33m/tmp/ml25d_ros_gz_meshes/terrain_130312573386144_14.obj[0m[1;33m][0m[1;33m[0m
read ([0m[1;36m[0m
[1;36m
)[0m[1;36m[0m
[1;36m[0m
[1;36m1[0m[1;36m[0m
[1;36m)[0m[1;36m[0m
[1;36m[Dbg] [SimulationRunner.cc:551] [0m[1;36mCreating PostUpdate worker threads: [0m[1;36m3[0m[1;36m[0m
[1;36m[Dbg] [SimulationRunner.cc:562] [0m[1;36mCreating postupdate worker thread ([0m[1;36m0[0m[1;36m)[0m[1;36m[0m
[1;36m[Dbg] [SimulationRunner.cc:562] [0m[1;36mCreating postupdate worker thread ([0m[1;36m1[0m[1;36m)[0m[1;36m[0m
[1;36m[Dbg] [UserCommands.cc:1094] [0m[1;36mCreated entity [[0m[1;36m383[0m[1;36m] named [[0m[1;36mml25d_terrain_w3_a22[0m[1;36m][0m[1;36m[0m
[1;32m[Msg] [0m[1;32mDiffDrive subscribing to twist messages on [[0m[1;32m/model/ml25d_vehicle_w3/cmd_vel[0m[1;32m][0m[1;32m[0m
[1;36m[Dbg] [SystemManager.cc:80] [0m[1;36mLoaded system [[0m[1;36mgz::sim::systems::DiffDrive[0m[1;36m] for entity [[0m[1;36m387[0m[1;36m][0m[1;36m[0m
[1;32m[Msg] [0m[1;32mOdometryPublisher publishing odometry on [[0m[1;32m/model/ml25d_vehicle_w3/odometry[0m[1;32m][0m[1;32m[0m
[1;32m[Msg] [0m[1;32mOdometryPublisher publishing odometry with covariance on [[0m[1;32m/model/ml25d_vehicle_w3/odometry_with_covariance[0m[1;32m][0m[1;32m[0m
[1;32m[Msg] [0m[1;32mOdometryPublisher publishing Pose_V (TF) on [[0m[1;32m/model/ml25d_vehicle_w3/pose[0m[1;32m][0m[1;32m[0m
[1;36m[Dbg] [SystemManager.cc:80] [0m[1;36mLoaded system [[0m[1;36mgz::sim::systems::OdometryPublisher[0m[1;36m] for entity [[0m[1;36m387[0m[1;36m][0m[1;36m[0m
[1;36m[Dbg] [UserCommands.cc:1094] [0m[1;36mCreated entity [[0m[1;36m387[0m[1;36m] named [[0m[1;36mml25d_vehicle_w3[0m[1;36m][0m[1;36m[0m
[1;32m[Msg] [0m[1;32mContact system publishing on [0m[1;32m/ml25d/ml25d_vehicle_w3/chassis_contacts[0m[1;32m[0m
[1;32m[Msg] [0m[1;32mContact system publishing on [0m[1;32m/ml25d/ml25d_vehicle_w3/front_left_contacts[0m[1;32m[0m
[1;32m[Msg] [0m[1;32mContact system publishing on [0m[1;32m/ml25d/ml25d_vehicle_w3/front_right_contacts[0m[1;32m[0m
[1;32m[Msg] [0m[1;32mContact system publishing on [0m[1;32m/ml25d/ml25d_vehicle_w3/rear_left_contacts[0m[1;32m[0m
[1;32m[Msg] [0m[1;32mContact system publishing on [0m[1;32m/ml25d/ml25d_vehicle_w3/rear_right_contacts[0m[1;32m[0m
[1;36m[Dbg] [SimulationRunner.cc:578] [0m[1;36mExiting postupdate worker thread ([0m[1;36m0[0m[1;36m)[0m[1;36mExiting postupdate worker thread ([0m[1;36mExiting postupdate worker thread ([0m[1;36m1[0m[1;36m)[0m[1;36m[0m
[1;36m[Dbg] [SimulationRunner.cc:551] [0m[1;36mCreating PostUpdate worker threads: [0m[1;36m5[0m[1;36m[0m
[1;36m[Dbg] [SimulationRunner.cc:562] [0m[1;36mCreating postupdate worker thread ([0m[1;36m0[0m[1;36m)[0m[1;36m[0m
[1;36m[Dbg] [SimulationRunner.cc:562] [0m[1;36mCreating postupdate worker thread ([0m[1;36m1[0m[1;36m)[0m[1;36m[0m
[1;36m[Dbg] [SimulationRunner.cc:562] [0m[1;36mCreating postupdate worker thread ([0m[1;36m2[0m[1;36m)[0m[1;36m[0m
[1;36m[Dbg] [SimulationRunner.cc:562] [0m[1;36mCreating postupdate worker thread ([0m[1;36m3[0m[1;36m)[0m[1;36m[0m
[1;36m[Dbg] [UserCommands.cc:1144] [0m[1;36mRequesting removal of entity [[0m[1;36m387[0m[1;36m][0m[1;36m[0m
[1;36m[Dbg] [UserCommands.cc:1144] [0m[1;36mRequesting removal of entity [[0m[1;36m383[0m[1;36m][0m[1;36m[0m
[1;36m[Dbg] [SimulationRunner.cc:578] [Dbg] [SimulationRunner.cc:578] [0m[1;36m[Dbg] [SimulationRunner.cc:578] [Dbg] [SimulationRunner.cc:578] [Dbg] [SimulationRunner.cc:578] [0m[1;36mExiting postupdate worker thread ([0m[1;36m1[0m[1;36m1Exiting postupdate worker thread (Exiting postupdate worker thread ([0m[1;36mExiting postupdate worker thread ([0m[1;36m2[0m[1;36m)[0m[1;36m[0m
[1;36m)[0m[1;36m[0m
[1;36m0[0m[1;36m3)[0m[1;36m3)[0m[1;36m)[0m[1;36m3)[0m[1;36m[0m
[1;36m[0m
[1;36m[Dbg] [SimulationRunner.cc:551] [0m[1;36mCreating PostUpdate worker threads: [0m[1;36m3[0m[1;36m[0m
[1;36m[Dbg] [SimulationRunner.cc:562] [0m[1;36mCreating postupdate [1;31m[Err] [UserCommands.cc:1120] [0m[1;31mEntity named [[0m[1;31mml25d_terrain_w3_a25[0m[1;31m] of type [[0m[1;31m2[0m[1;31m] not found, so not removed.[0m[1;31m[0m
[1;33m[Wrn] [OBJLoader.cc:202] [0m[1;33mMissing material for shape[[0m[1;33m] [0m[1;33min OBJ file[[0m[1;33m/tmp/ml25d_ros_gz_meshes/terrain_130312573386144_15.obj[0m[1;33m][0m[1;33m[0m
[1;31m[Err] [UserCommands.cc:1120] [0m[1;31mEntity named [[0m[1;31mml25d_terrain_w3_a26[0m[1;31m] of type [[0m[1;31m2[0m[1;31m] not found, so not removed.[0m[1;31m[0m
[1;33m[Wrn] [OBJLoader.cc:202] [0m[1;33mMissing material for shape[[0m[1;33m] [0m[1;33min OBJ file[[0m[1;33m/tmp/ml25d_ros_gz_meshes/terrain_130312573386144_16.obj[0m[1;33m][0m[1;33m[0m
worker thread ([0m[1;36m0[0m[1;36m)[0m[1;36m[0m
[1;36m[Dbg] [SimulationRunner.cc:562] [0m[1;36mCreating postupdate worker thread ([0m[1;36m1[0m[1;36m)[0m[1;36m[0m
[1;36m[Dbg] [UserCommands.cc:1094] [0m[1;36mCreated entity [[0m[1;36m412[0m[1;36m] named [[0m[1;36mml25d_terrain_w3_a25[0m[1;36m][0m[1;36m[0m
[1;32m[Msg] [0m[1;32mDiffDrive subscribing to twist messages on [[0m[1;32m/model/ml25d_vehicle_w3/cmd_vel[0m[1;32m][0m[1;32m[0m
[1;36m[Dbg] [SystemManager.cc:80] [0m[1;36mLoaded system [[0m[1;36mgz::sim::systems::DiffDrive[0m[1;36m] for entity [[0m[1;36m416[0m[1;36m][0m[1;36m[0m
[1;32m[Msg] [0m[1;32mOdometryPublisher publishing odometry on [[0m[1;32m/model/ml25d_vehicle_w3/odometry[0m[1;32m][0m[1;32m[0m
[1;32m[Msg] [0m[1;32mOdometryPublisher publishing odometry with covariance on [[0m[1;32m/model/ml25d_vehicle_w3/odometry_with_covariance[0m[1;32m][0m[1;32m[0m
[1;32m[Msg] [0m[1;32mOdometryPublisher publishing Pose_V (TF) on [[0m[1;32m/model/ml25d_vehicle_w3/pose[0m[1;32m][0m[1;32m[0m
[1;36m[Dbg] [SystemManager.cc:80] [0m[1;36mLoaded system [[0m[1;36mgz::sim::systems::OdometryPublisher[0m[1;36m] for entity [[0m[1;36m416[0m[1;36m][0m[1;36m[0m
[1;36m[Dbg] [UserCommands.cc:1094] [0m[1;36mCreated entity [[0m[1;36m416[0m[1;36m] named [[0m[1;36mml25d_vehicle_w3[0m[1;36m][0m[1;36m[0m
[1;32m[Msg] [0m[1;32mContact system publishing on [0m[1;32m/ml25d/ml25d_vehicle_w3/chassis_contacts[0m[1;32m[0m
[1;32m[Msg] [0m[1;32mContact system publishing on [0m[1;32m/ml25d/ml25d_vehicle_w3/front_left_contacts[0m[1;32m[0m
[1;32m[Msg] [0m[1;32mContact system publishing on [0m[1;32m/ml25d/ml25d_vehicle_w3/front_right_contacts[0m[1;32m[0m
[1;32m[Msg] [0m[1;32mContact system publishing on [0m[1;32m/ml25d/ml25d_vehicle_w3/rear_left_contacts[0m[1;32m[0m
[1;32m[Msg] [0m[1;32mContact system publishing on [0m[1;32m/ml25d/ml25d_vehicle_w3/rear_right_contacts[0m[1;32m[0m
[1;36m[Dbg] [SimulationRunner.cc:578] [0m[1;36mExiting postupdate worker thread ([0m[1;36m0[0m[1;36m)[0m[1;36m[0m
[1;36mExiting postupdate worker thread ([0m[1;36m1[0m[1;36m)[0m[1;36m[0m
[1;36m[Dbg] [SimulationRunner.cc:551] [0m[1;36mCreating PostUpdate worker threads: [0m[1;36m5[0m[1;36m[0m
[1;36m[Dbg] [SimulationRunner.cc:562] [0m[1;36mCreating postupdate worker thread ([0m[1;36m0[0m[1;36m)[0m[1;36m[0m
[1;36m[Dbg] [SimulationRunner.cc:562] [0m[1;36mCreating postupdate worker thread ([0m[1;36m1[0m[1;36m)[0m[1;36m[0m
[1;36m[Dbg] [SimulationRunner.cc:562] [0m[1;36mCreating postupdate worker thread ([0m[1;36m2[0m[1;36m)[0m[1;36m[0m
[1;36m[Dbg] [SimulationRunner.cc:562] [0m[1;36mCreating postupdate worker thread ([0m[1;36m3[0m[1;36m)[0m[1;36m[0m
[1;36m[Dbg] [UserCommands.cc:1144] [0m[1;36mRequesting removal of entity [[0m[1;36m416[0m[1;36m][0m[1;36m[0m
[1;36m[Dbg] [SimulationRunner.cc:578] [0m[1;36mExiting postupdate worker thread ([Dbg] [SimulationRunner.cc:578] [0m[1;36mExiting postupdate worker thread ([0m[1;36mExiting postupdate worker thread ([Dbg] [SimulationRunner.cc:578] [Dbg] [SimulationRunner.cc:578] [0m[1;36m1[0m[1;36m1[0m[1;36mExiting postupdate worker thread ([0m[1;36mExiting postupdate worker thread ([0m[1;36m2[0m[1;36m[0m
[1;36m)[0m[1;36m[0m
[1;36m[0m
[1;36m)[0m[1;36m[0m
[1;36m[Dbg] [SimulationRunner.cc:551] [0m[1;36mCreating PostUpdate worker threads: [0m[1;36m3[0m[1;36m[0m
[1;36m[Dbg] [SimulationRunner.cc:562] [0m[1;36mCreating postupdate worker thread ([0m[1;36m0[0m[1;36m)[0m[1;36m[0m
[1;36m[Dbg] [SimulationRunner.cc:562] [0m[1;36mCreating postupdate worker thread ([0m[1;36m1[0m[1;36m)[0m[1;36m[0m
[1;36m[Dbg] [UserCommands.cc:1144] [0m[1;36mRequesting removal of entity [[0m[1;36m412[0m[1;36m][0m[1;36m[0m
[1;36m[Dbg] [UserCommands.cc:1094] [0m[1;36mCreated entity [[0m[1;36m441[0m[1;36m] named [[0m[1;36mml25d_terrain_w3_a26[0m[1;36m][0m[1;36m[0m
[1;32m[Msg] [0m[1;32mDif[1;31m[Err] [UserCommands.cc:1120] [0m[1;31mEntity named [[0m[1;31mml25d_terrain_w3_a27[0m[1;31m] of type [[0m[1;31m2[0m[1;31m] not found, so not removed.[0m[1;31m[0m
[1;33m[Wrn] [OBJLoader.cc:202] [0m[1;33mMissing material for shape[[0m[1;33m] [0m[1;33min OBJ file[[0m[1;33m/tmp/ml25d_ros_gz_meshes/terrain_130312573386144_17.obj[0m[1;33m][0m[1;33m[0m
fDrive subscribing to twist messages on [[0m[1;32m/model/ml25d_vehicle_w3/cmd_vel[0m[1;32m][0m[1;32m[0m
[1;36m[Dbg] [SystemManager.cc:80] [0m[1;36mLoaded system [[0m[1;36mgz::sim::systems::DiffDrive[0m[1;36m] for entity [[0m[1;36m445[0m[1;36m][0m[1;36m[0m
[1;32m[Msg] [0m[1;32mOdometryPublisher publishing odometry on [[0m[1;32m/model/ml25d_vehicle_w3/odometry[0m[1;32m][0m[1;32m[0m
[1;32m[Msg] [0m[1;32mOdometryPublisher publishing odometry with covariance on [[0m[1;32m/model/ml25d_vehicle_w3/odometry_with_covariance[0m[1;32m][0m[1;32m[0m
[1;32m[Msg] [0m[1;32mOdometryPublisher publishing Pose_V (TF) on [[0m[1;32m/model/ml25d_vehicle_w3/pose[0m[1;32m][0m[1;32m[0m
[1;36m[Dbg] [SystemManager.cc:80] [0m[1;36mLoaded system [[0m[1;36mgz::sim::systems::OdometryPublisher[0m[1;36m] for entity [[0m[1;36m445[0m[1;36m][0m[1;36m[0m
[1;36m[Dbg] [UserCommands.cc:1094] [0m[1;36mCreated entity [[0m[1;36m445[0m[1;36m] named [[0m[1;36mml25d_vehicle_w3[0m[1;36m][0m[1;36m[0m
[1;32m[Msg] [0m[1;32mContact system publishing on [0m[1;32m/ml25d/ml25d_vehicle_w3/chassis_contacts[0m[1;32m[0m
[1;32m[Msg] [0m[1;32mContact system publishing on [0m[1;32m/ml25d/ml25d_vehicle_w3/front_left_contacts[0m[1;32m[0m
[1;32m[Msg] [0m[1;32mContact system publishing on [0m[1;32m/ml25d/ml25d_vehicle_w3/front_right_contacts[0m[1;32m[0m
[1;32m[Msg] [0m[1;32mContact system publishing on [0m[1;32m/ml25d/ml25d_vehicle_w3/rear_left_contacts[0m[1;32m[0m
[1;32m[Msg] [0m[1;32mContact system publishing on [0m[1;32m/ml25d/ml25d_vehicle_w3/rear_right_contacts[0m[1;32m[0m
[1;36m[Dbg] [SimulationRunner.cc:578] [0m[1;36mExiting postupdate worker thread ([0m[1;36m1[0m[1;36m)[0m[1;36m[0m
[1;36mExiting postupdate worker thread ([0m[1;36m0[0m[1;36m)[0m[1;36m[0m
[1;36m[Dbg] [SimulationRunner.cc:551] [0m[1;36mCreating PostUpdate worker threads: [0m[1;36m5[0m[1;36m[0m
[1;36m[Dbg] [SimulationRunner.cc:562] [0m[1;36mCreating postupdate worker thread ([0m[1;36m0[0m[1;36m)[0m[1;36m[0m
[1;36m[Dbg] [SimulationRunner.cc:562] [0m[1;36mCreating postupdate worker thread ([0m[1;36m1[0m[1;36m)[0m[1;36m[0m
[1;36m[Dbg] [SimulationRunner.cc:562] [0m[1;36mCreating postupdate worker thread ([0m[1;36m2[0m[1;36m)[0m[1;36m[0m
[1;36m[Dbg] [SimulationRunner.cc:562] [0m[1;36mCreating postupdate worker thread ([0m[1;36m3[0m[1;36m)[0m[1;36m[0m
[1;36m[Dbg] [UserCommands.cc:1144] [0m[1;36mRequesting removal of entity [[0m[1;36m445[0m[1;36m][0m[1;36m[0m
[1;36m[Dbg] [SimulationRunner.cc:578] [0m[1;36mExiting postupdate worker thread ([0m[1;36m2[0m[1;36m2[0m[1;36m3[0m[1;36m)[0m[1;36m)[0m[1;36m[0m
[1;36m[Dbg] [SimulationRunner.cc:578] [0m[1;36m[Dbg] [SimulationRunner.cc:578] [0m[1;36mExiting postupdate worker thread ([0m[1;36m1[0m[1;36m)[0m[1;36m[0m
[1;36mExiting postupdate worker thread ([0m[1;36mExiting postupdate worker thread ([0m[1;36m0[0m[1;36m)[0m[1;36m[0m
[1;36m[Dbg] [SimulationRunner.cc:551] [0m[1;36mCreating PostUpdate worker threads: [0m[1;36m3[0m[1;36m[0m
[1;36m[Dbg] [SimulationRunner.cc:562] [0m[1;36mCreating postupdate worker thread ([0m[1;36m0[0m[1;36m)[0m[1;36m[0m
[1;36m[Dbg] [SimulationRunner.cc:562] [0m[1;36mCreating postupdate worker thread ([0m[1;36m1[0m[1;36m)[0m[1;36m[0m
[1;36m[Dbg] [UserCommands.cc:1144] [0m[1;36mRequesting removal of entity [[0m[1;36m441[0m[1;36m][0m[1;36m[0m
[1;36m[Dbg] [UserCommands.cc:1094] [0m[1;36mCreated entity [[0m[1;36m470[0m[1;36m] named [[0m[1;36mml25d_terrain_w3_a27[0m[1;36m][0m[1;36m[0m
[1;32m[Msg] [0m[1;32mDiffDrive subscribing to twist messages on [[0m[1;32m/model/ml25d_vehicle_w3/cmd_vel[0m[1;32m][0m[1;32m[0m
[1;36m[Dbg] [SystemManager.cc:80] [0m[1;36mLoaded system [[0m[1;36mgz::sim::systems::DiffDrive[0m[1;36m] for entity [[0m[1;36m474[0m[1;36m][0m[1;36m[0m
[1;32m[Msg] [0m[1;32mOdometryPublisher publishing odometry on [[0m[1;32m/model/ml25d_vehicle_w3/odom[1;31m[Err] [UserCommands.cc:1120] [0m[1;31mEntity named [[0m[1;31mml25d_terrain_w3_a28[0m[1;31m] of type [[0m[1;31m2[0m[1;31m] not found, so not removed.[0m[1;31m[0m
[1;33m[Wrn] [OBJLoader.cc:202] [0m[1;33mMissing material for shape[[0m[1;33m] [0m[1;33min OBJ file[[0m[1;33m/tmp/ml25d_ros_gz_meshes/terrain_130312573386144_18.obj[0m[1;33m][0m[1;33m[0m
etry[0m[1;32m][0m[1;32m[0m
[1;32m[Msg] [0m[1;32mOdometryPublisher publishing odometry with covariance on [[0m[1;32m/model/ml25d_vehicle_w3/odometry_with_covariance[0m[1;32m][0m[1;32m[0m
[1;32m[Msg] [0m[1;32mOdometryPublisher publishing Pose_V (TF) on [[0m[1;32m/model/ml25d_vehicle_w3/pose[0m[1;32m][0m[1;32m[0m
[1;36m[Dbg] [SystemManager.cc:80] [0m[1;36mLoaded system [[0m[1;36mgz::sim::systems::OdometryPublisher[0m[1;36m] for entity [[0m[1;36m474[0m[1;36m][0m[1;36m[0m
[1;36m[Dbg] [UserCommands.cc:1094] [0m[1;36mCreated entity [[0m[1;36m474[0m[1;36m] named [[0m[1;36mml25d_vehicle_w3[0m[1;36m][0m[1;36m[0m
[1;32m[Msg] [0m[1;32mContact system publishing on [0m[1;32m/ml25d/ml25d_vehicle_w3/chassis_contacts[0m[1;32m[0m
[1;32m[Msg] [0m[1;32mContact system publishing on [0m[1;32m/ml25d/ml25d_vehicle_w3/front_left_contacts[0m[1;32m[0m
[1;32m[Msg] [0m[1;32mContact system publishing on [0m[1;32m/ml25d/ml25d_vehicle_w3/front_right_contacts[0m[1;32m[0m
[1;32m[Msg] [0m[1;32mContact system publishing on [0m[1;32m/ml25d/ml25d_vehicle_w3/rear_left_contacts[0m[1;32m[0m
[1;32m[Msg] [0m[1;32mContact system publishing on [0m[1;32m/ml25d/ml25d_vehicle_w3/rear_right_contacts[0m[1;32m[0m
[1;36m[Dbg] [SimulationRunner.cc:578] [0m[1;36mExiting postupdate worker thread ([0m[1;36m0[0m[1;36m)[0m[1;36m[0m
[1;36mExiting postupdate worker thread ([0m[1;36m1[0m[1;36m)[0m[1;36m[0m
[1;36m[Dbg] [SimulationRunner.cc:551] [0m[1;36mCreating PostUpdate worker threads: [0m[1;36m5[0m[1;36m[0m
[1;36m[Dbg] [SimulationRunner.cc:562] [0m[1;36mCreating postupdate worker thread ([0m[1;36m0[0m[1;36m)[0m[1;36m[0m
[1;36m[Dbg] [SimulationRunner.cc:562] [0m[1;36mCreating postupdate worker thread ([0m[1;36m1[0m[1;36m)[0m[1;36m[0m
[1;36m[Dbg] [SimulationRunner.cc:562] [0m[1;36mCreating postupdate worker thread ([0m[1;36m2[0m[1;36m)[0m[1;36m[0m
[1;36m[Dbg] [SimulationRunner.cc:562] [0m[1;36mCreating postupdate worker thread ([0m[1;36m3[0m[1;36m)[0m[1;36m[0m
[1;36m[Dbg] [UserCommands.cc:1144] [0m[1;36mRequesting removal of entity [[0m[1;36m474[0m[1;36m][0m[1;36m[0m
[1;36m[Dbg] [SimulationRunner.cc:578] [0m[1;36m[Dbg] [SimulationRunner.cc:578] Exiting postupdate worker thread ([0m[1;36m0[0m[1;36m)[0m[1;36m[0m
[1;36m[Dbg] [SimulationRunner.cc:578] Exiting postupdate worker thread ([0m[1;36mExiting postupdate worker thread ([0m[1;36mExiting postupdate worker thread ([0m[1;36m2[0m[1;36m)3[0m[1;36mExiting postupdate worker thread ([0m[1;36m)3[0m[1;36m1[0m[1;36m)3[0m[1;36m)[0m[1;36m[0m
[1;36m)[0m[1;36m[0m
[1;36m[0m
[1;36m[Dbg] [SimulationRunner.cc:551] [0m[1;36mCreating PostUpdate worker threads: [0m[1;36m3[0m[1;36m[0m
[1;36m[Dbg] [SimulationRunner.cc:562] [0m[1;36mCreating postupdate worker thread ([0m[1;36m0[0m[1;36m)[0m[1;36m[0m
[1;36m[Dbg] [SimulationRunner.cc:562] [0m[1;36mCreating postupdate worker thread ([0m[1;36m1[0m[1;36m)[0m[1;36m[0m
[1;36m[Dbg] [UserCommands.cc:1144] [0m[1;36mRequesting removal of entity [[0m[1;36m470[0m[1;36m][0m[1;36m[0m
[1;36m[Dbg] [UserCommands.cc:1094] [0m[1;36mCreated entity [[0m[1;36m499[0m[1;36m] named [[0m[1;36mml25d_terrain_w3_a28[0m[1;36m][0m[1;36m[0m
[1;32m[Msg] [0m[1;32mDiffDrive subscribing to twist messages on [[0m[1;32m/model/ml25d_vehicle_w3/cmd_vel[0m[1;32m][0m[1;32m[0m
[1;36m[Dbg] [SystemManager.cc:80] [0m[1;36mLoaded system [[0m[1;36mgz::sim::systems::DiffDrive[0m[1;36m] for entity [[0m[1;36m503[0m[1;36m][0m[1;36m[0m
[1;32m[Msg] [0m[1;32mOdometryPublisher publishing odometry on [[0m[1;32m/model/ml25d_vehicle_w3/odometry[0m[1;32m][0m[1;32m[0m
[1;32m[Msg] [0m[1;32mOdometryPublisher publishing odometry with covariance on [[0m[1;32m/model/ml25d_vehicle_w3/odometry_with_covariance[0m[1;32m][0m[1;32m[0m
[1;32m[Msg] [0m[1;32mOdometryPublisher publishing Pose_V (TF) on [[0m[1;32m/model/ml25d_vehicle_w3/pose[0m[1;32m][0m[1;32m[0m
[1;36m[1;31m[Err] [UserCommands.cc:1120] [0m[1;31mEntity named [[0m[1;31mml25d_terrain_w3_a29[0m[1;31m] of type [[0m[1;31m2[0m[1;31m] not found, so not removed.[0m[1;31m[0m
[1;33m[Wrn] [OBJLoader.cc:202] [0m[1;33mMissing material for shape[[0m[1;33m] [0m[1;33min OBJ file[[0m[1;33m/tmp/ml25d_ros_gz_meshes/terrain_130312573386144_19.obj[0m[1;33m][0m[1;33m[0m
[Dbg] [SystemManager.cc:80] [0m[1;36mLoaded system [[0m[1;36mgz::sim::systems::OdometryPublisher[0m[1;36m] for entity [[0m[1;36m503[0m[1;36m][0m[1;36m[0m
[1;36m[Dbg] [UserCommands.cc:1094] [0m[1;36mCreated entity [[0m[1;36m503[0m[1;36m] named [[0m[1;36mml25d_vehicle_w3[0m[1;36m][0m[1;36m[0m
[1;32m[Msg] [0m[1;32mContact system publishing on [0m[1;32m/ml25d/ml25d_vehicle_w3/chassis_contacts[0m[1;32m[0m
[1;32m[Msg] [0m[1;32mContact system publishing on [0m[1;32m/ml25d/ml25d_vehicle_w3/front_left_contacts[0m[1;32m[0m
[1;32m[Msg] [0m[1;32mContact system publishing on [0m[1;32m/ml25d/ml25d_vehicle_w3/front_right_contacts[0m[1;32m[0m
[1;32m[Msg] [0m[1;32mContact system publishing on [0m[1;32m/ml25d/ml25d_vehicle_w3/rear_left_contacts[0m[1;32m[0m
[1;32m[Msg] [0m[1;32mContact system publishing on [0m[1;32m/ml25d/ml25d_vehicle_w3/rear_right_contacts[0m[1;32m[0m
[1;36m[Dbg] [SimulationRunner.cc:578] [0m[1;36mExiting postupdate worker thread ([0m[1;36m1[0m[1;36m)[0m[1;36m[0m
[1;36m[Dbg] [SimulationRunner.cc:578] [0m[1;36mExiting postupdate worker thread ([0m[1;36m0[0m[1;36m)[0m[1;36m[0m
[1;36m[Dbg] [SimulationRunner.cc:551] [0m[1;36mCreating PostUpdate worker threads: [0m[1;36m5[0m[1;36m[0m
[1;36m[Dbg] [SimulationRunner.cc:562] [0m[1;36mCreating postupdate worker thread ([0m[1;36m0[0m[1;36m)[0m[1;36m[0m
[1;36m[Dbg] [SimulationRunner.cc:562] [0m[1;36mCreating postupdate worker thread ([0m[1;36m1[0m[1;36m)[0m[1;36m[0m
[1;36m[Dbg] [SimulationRunner.cc:562] [0m[1;36mCreating postupdate worker thread ([0m[1;36m2[0m[1;36m)[0m[1;36m[0m
[1;36m[Dbg] [SimulationRunner.cc:562] [0m[1;36mCreating postupdate worker thread ([0m[1;36m3[0m[1;36m)[0m[1;36m[0m
[1;36m[Dbg] [UserCommands.cc:1144] [0m[1;36mRequesting removal of entity [[0m[1;36m503[0m[1;36m][0m[1;36m[0m
[1;36m[Dbg] [UserCommands.cc:1144] [0m[1;36mRequesting removal of entity [[0m[1;36m499[0m[1;36m][0m[1;36m[0m
[1;36m[Dbg] [SimulationRunner.cc:578] [0m[1;36m[Dbg] [SimulationRunner.cc:578] Exiting postupdate worker thread ([Dbg] [SimulationRunner.cc:578] [0m[1;36m[Dbg] [SimulationRunner.cc:578] Exiting postupdate worker thread ([Dbg] [SimulationRunner.cc:578] [0m[1;36mExiting postupdate worker thread (2[0m[1;36mExiting postupdate worker thread ([0m[1;36m)[0m[1;36m)[0m[1;36mExiting postupdate worker thread ([0m[1;36m0[0m[1;36m)Exiting postupdate worker thread ([0m[1;36m)Exiting postupdate worker thread ([0m[1;36m01[0m[1;36m)[0m[1;36m
3[0m[1;36m)[0m[1;36m[0m
[1;36m[0m
[1;36m[Dbg] [SimulationRunner.cc:551] [0m[1;36mCreating PostUpdate worker threads: [0m[1;36m3[0m[1;36m[0m
[1;36m[Dbg] [SimulationRunner.cc:562] [0m[1;36mCreating postupdate worker thread ([0m[1;36m0[0m[1;36m)[0m[1;36m[0m
[1;36m[Dbg] [SimulationRunner.cc:562] [0m[1;36mCreating postupdate worker thread ([0m[1;36m1[0m[1;36m)[0m[1;36m[0m
[1;36m[Dbg] [UserCommands.cc:1094] [0m[1;36mCreated entity [[0m[1;36m528[0m[1;36m] named [[0m[1;36mml25d_terrain_w3_a29[0m[1;36m][0m[1;36m[0m
[1;32m[Msg] [0m[1;32mDiffDrive subscribing to twist messages on [[0m[1;32m/model/ml25d_vehicle_w3/cmd_vel[0m[1;32m][0m[1;32m[0m
[1;36m[Dbg] [SystemManager.cc:80] [0m[1;36mLoaded system [[0m[1;36mgz::sim::systems::DiffDrive[0m[1;36m] for entity [[0m[1;36m532[0m[1;36m][0m[1;36m[0m
[1;32m[Msg] [0m[1;32mOdometryPublisher publishing odometry on [[0m[1;32m/model/ml25d_vehicle_w3/odometry[0m[1;32m][0m[1;32m[0m
[1;32m[Msg] [0m[1;32mOdometryPublisher publishing odometry with covariance on [[0m[1;32m/model/ml25d_vehicle_w3/odometry_with_covariance[0m[1;32m][0m[1;32m[0m
[1;32m[Msg] [0m[1;32mOdometryPublisher publishing Pose_V (TF) on [[0m[1;32m/model/ml25d_vehicle_w3/pose[0m[1;32m][0m[1;32m[0m
[1;36m[Dbg] [SystemManager.cc:80] [0m[1;36mLoaded system [[0m[1;36mgz::sim::systems::OdometryPublisher[0m[1;36m] for entity [[0m[1;36m532[0m[1;36m][0m[1;36m[0m
[1;36m[Dbg] [UserCommands[1;31m[Err] [UserCommands.cc:1120] [0m[1;31mEntity named [[0m[1;31mml25d_terrain_w3_a33[0m[1;31m] of type [[0m[1;31m2[0m[1;31m] not found, so not removed.[0m[1;31m[0m
[1;33m[Wrn] [OBJLoader.cc:202] [0m[1;33mMissing material for shape[[0m[1;33m] [0m[1;33min OBJ file[[0m[1;33m/tmp/ml25d_ros_gz_meshes/terrain_130312573386144_20.obj[0m[1;33m][0m[1;33m[0m
.cc:1094] [0m[1;36mCreated entity [[0m[1;36m532[0m[1;36m] named [[0m[1;36mml25d_vehicle_w3[0m[1;36m][0m[1;36m[0m
[1;32m[Msg] [0m[1;32mContact system publishing on [0m[1;32m/ml25d/ml25d_vehicle_w3/chassis_contacts[0m[1;32m[0m
[1;32m[Msg] [0m[1;32mContact system publishing on [0m[1;32m/ml25d/ml25d_vehicle_w3/front_left_contacts[0m[1;32m[0m
[1;32m[Msg] [0m[1;32mContact system publishing on [0m[1;32m/ml25d/ml25d_vehicle_w3/front_right_contacts[0m[1;32m[0m
[1;32m[Msg] [0m[1;32mContact system publishing on [0m[1;32m/ml25d/ml25d_vehicle_w3/rear_left_contacts[0m[1;32m[0m
[1;32m[Msg] [0m[1;32mContact system publishing on [0m[1;32m/ml25d/ml25d_vehicle_w3/rear_right_contacts[0m[1;32m[0m
[1;36m[Dbg] [SimulationRunner.cc:578] [0m[1;36mExiting postupdate worker thread ([0m[1;36m1[0m[1;36m)[0m[1;36m[0m
[1;36m)[0m[1;36mExiting postupdate worker thread ([0m[1;36m0[0m[1;36m)[0m[1;36m[0m
[1;36m[Dbg] [SimulationRunner.cc:551] [0m[1;36mCreating PostUpdate worker threads: [0m[1;36m5[0m[1;36m[0m
[1;36m[Dbg] [SimulationRunner.cc:562] [0m[1;36mCreating postupdate worker thread ([0m[1;36m0[0m[1;36m)[0m[1;36m[0m
[1;36m[Dbg] [SimulationRunner.cc:562] [0m[1;36mCreating postupdate worker thread ([0m[1;36m1[0m[1;36m)[0m[1;36m[0m
[1;36m[Dbg] [SimulationRunner.cc:562] [0m[1;36mCreating postupdate worker thread ([0m[1;36m2[0m[1;36m)[0m[1;36m[0m
[1;36m[Dbg] [SimulationRunner.cc:562] [0m[1;36mCreating postupdate worker thread ([0m[1;36m3[0m[1;36m)[0m[1;36m[0m
[1;36m[Dbg] [UserCommands.cc:1144] [0m[1;36mRequesting removal of entity [[0m[1;36m532[0m[1;36m][0m[1;36m[0m
[1;36m[Dbg] [SimulationRunner.cc:578] [0m[1;36mExiting postupdate worker thread ([Dbg] [SimulationRunner.cc:578] [0m[1;36m1[0m[1;36m)[0m[1;36m[0m
[1;36m[0m
[1;36m[Dbg] [SimulationRunner.cc:578] [0m[1;36mExiting postupdate worker thread ([0m[1;36mExiting postupdate worker thread ([Dbg] [SimulationRunner.cc:578] [0m[1;36mExiting postupdate worker thread ([0m[1;36m2[0m[1;36m)[0m[1;36m[0m
[1;36m3[0m[1;36m)[0m[1;36m[0m
[1;36m0[0m[1;36m)[0m[1;36m[0m
[1;36m[Dbg] [SimulationRunner.cc:551] [0m[1;36mCreating PostUpdate worker threads: [0m[1;36m3[0m[1;36m[0m
[1;36m[Dbg] [SimulationRunner.cc:562] [0m[1;36mCreating postupdate worker thread ([0m[1;36m0[0m[1;36m)[0m[1;36m[0m
[1;36m[Dbg] [SimulationRunner.cc:562] [0m[1;36mCreating postupdate worker thread ([0m[1;36m1[0m[1;36m)[0m[1;36m[0m
[1;36m[Dbg] [UserCommands.cc:1144] [0m[1;36mRequesting removal of entity [[0m[1;36m528[0m[1;36m][0m[1;36m[0m
[1;36m[Dbg] [UserCommands.cc:1094] [0m[1;36mCreated entity [[0m[1;36m557[0m[1;36m] named [[0m[1;36mml25d_terrain_w3_a33[0m[1;36m][0m[1;36m[0m
[1;32m[Msg] [0m[1;32mDiffDrive subscribing to twist messages on [[0m[1;32m/model/ml25d_vehicle_w3/cmd_vel[0m[1;32m][0m[1;32m[0m
[1;36m[Dbg] [SystemManager.cc:80] [0m[1;36mLoaded system [[0m[1;36mgz::sim::systems::DiffDrive[0m[1;36m] for entity [[0m[1;36m561[0m[1;36m][0m[1;36m[0m
[1;32m[Msg] [0m[1;32mOdometryPublisher publishing odometry on [[0m[1;32m/model/ml25d_vehicle_w3/odometry[0m[1;32m][0m[1;32m[0m
[1;32m[Msg] [0m[1;32mOdometryPublisher publishing odometry with covariance on [[0m[1;32m/model/ml25d_vehicle_w3/odometry_with_covariance[0m[1;32m][0m[1;32m[0m
[1;32m[Msg] [0m[1;32mOdometryPublisher publishing Pose_V (TF) on [[0m[1;32m/model/ml25d_vehicle_w3/pose[0m[1;32m][0m[1;32m[0m
[1;36m[Dbg] [SystemManager.cc:80] [0m[1;36mLoaded system [[0m[1;36mgz::sim::systems::OdometryPublisher[0m[1;36m] for entity [[0m[1;36m561[0m[1;36m][0m[1;36m[0m
[1;36m[Dbg] [UserCommands.cc:1094] [0m[1;36mCreated entity [[0m[1;36m561[0m[1;36m] named [[0m[1;36mml25d_vehicle_w3[0m[1;36m][0m[1;36m[0m
[1;32m[Msg] [0m[1;32mContact system publishing on [0m[1;32m/ml25d/ml25d_vehicle_w3/chassis_contacts[0m[1;32m[0m
[1;32m[Msg] [0m[1;32mContact system publishing on [0m[1;32m/ml25d/ml25d_vehicle_w3/fro[1;31m[Err] [UserCommands.cc:1120] [0m[1;31mEntity named [[0m[1;31mml25d_terrain_w3_a35[0m[1;31m] of type [[0m[1;31m2[0m[1;31m] not found, so not removed.[0m[1;31m[0m
[1;33m[Wrn] [OBJLoader.cc:202] [0m[1;33mMissing material for shape[[0m[1;33m] [0m[1;33min OBJ file[[0m[1;33m/tmp/ml25d_ros_gz_meshes/terrain_130312573386144_21.obj[0m[1;33m][0m[1;33m[0m
nt_left_contacts[0m[1;32m[0m
[1;32m[Msg] [0m[1;32mContact system publishing on [0m[1;32m/ml25d/ml25d_vehicle_w3/front_right_contacts[0m[1;32m[0m
[1;32m[Msg] [0m[1;32mContact system publishing on [0m[1;32m/ml25d/ml25d_vehicle_w3/rear_left_contacts[0m[1;32m[0m
[1;32m[Msg] [0m[1;32mContact system publishing on [0m[1;32m/ml25d/ml25d_vehicle_w3/rear_right_contacts[0m[1;32m[0m
[1;36m[Dbg] [SimulationRunner.cc:578] [0m[1;36mExiting postupdate worker thread ([0m[1;36m0[0m[1;36mExiting postupdate worker thread ([0m[1;36m0[0m[1;36m1[0m[1;36m)[0m[1;36m)x[0m[1;36m[0m
[1;36m[0m
[1;36m[Dbg] [SimulationRunner.cc:551] [0m[1;36mCreating PostUpdate worker threads: [0m[1;36m5[0m[1;36m[0m
[1;36m[Dbg] [SimulationRunner.cc:562] [0m[1;36mCreating postupdate worker thread ([0m[1;36m0[0m[1;36m)[0m[1;36m[0m
[1;36m[Dbg] [SimulationRunner.cc:562] [0m[1;36mCreating postupdate worker thread ([0m[1;36m1[0m[1;36m)[0m[1;36m[0m
[1;36m[Dbg] [SimulationRunner.cc:562] [0m[1;36mCreating postupdate worker thread ([0m[1;36m2[0m[1;36m)[0m[1;36m[0m
[1;36m[Dbg] [SimulationRunner.cc:562] [0m[1;36mCreating postupdate worker thread ([0m[1;36m3[0m[1;36m)[0m[1;36m[0m
[1;36m[Dbg] [UserCommands.cc:1144] [0m[1;36mRequesting removal of entity [[0m[1;36m561[0m[1;36m][0m[1;36m[0m
[1;36m[Dbg] [SimulationRunner.cc:578] [0m[1;36mExiting postupdate worker thread ([0m[1;36m0[0m[1;36m)[0m[1;36m[0m
[1;36m[Dbg] [SimulationRunner.cc:578] [0m[1;36mExiting postupdate worker thread ([0m[1;36m3[0m[1;36mExiting postupdate worker thread ([0m[1;36m2[0m[1;36m)[0m[1;36m[0m
[1;36m3[0m[1;36m[0m
[1;36mExiting postupdate worker thread ([0m[1;36m)[0m[1;36m)[0m[1;36m[0m
[1;36m[Dbg] [SimulationRunner.cc:551] [0m[1;36mCreating PostUpdate worker threads: [0m[1;36m3[0m[1;36m[0m
[1;36m[Dbg] [SimulationRunner.cc:562] [0m[1;36mCreating postupdate worker thread ([0m[1;36m0[0m[1;36m)[0m[1;36m[0m
[1;36m[Dbg] [SimulationRunner.cc:562] [0m[1;36mCreating postupdate worker thread ([0m[1;36m1[0m[1;36m)[0m[1;36m[0m
[1;36m[Dbg] [UserCommands.cc:1144] [0m[1;36mRequesting removal of entity [[0m[1;36m557[0m[1;36m][0m[1;36m[0m
[1;36m[Dbg] [UserCommands.cc:1094] [0m[1;36mCreated entity [[0m[1;36m586[0m[1;36m] named [[0m[1;36mml25d_terrain_w3_a35[0m[1;36m][0m[1;36m[0m
[1;32m[Msg] [0m[1;32mDiffDrive subscribing to twist messages on [[0m[1;32m/model/ml25d_vehicle_w3/cmd_vel[0m[1;32m][0m[1;32m[0m
[1;36m[Dbg] [SystemManager.cc:80] [0m[1;36mLoaded system [[0m[1;36mgz::sim::systems::DiffDrive[0m[1;36m] for entity [[0m[1;36m590[0m[1;36m][0m[1;36m[0m
[1;32m[Msg] [0m[1;32mOdometryPublisher publishing odometry on [[0m[1;32m/model/ml25d_vehicle_w3/odometry[0m[1;32m][0m[1;32m[0m
[1;32m[Msg] [0m[1;32mOdometryPublisher publishing odometry with covariance on [[0m[1;32m/model/ml25d_vehicle_w3/odometry_with_covariance[0m[1;32m][0m[1;32m[0m
[1;32m[Msg] [0m[1;32mOdometryPublisher publishing Pose_V (TF) on [[0m[1;32m/model/ml25d_vehicle_w3/pose[0m[1;32m][0m[1;32m[0m
[1;36m[Dbg] [SystemManager.cc:80] [0m[1;36mLoaded system [[0m[1;36mgz::sim::systems::OdometryPublisher[0m[1;36m] for entity [[0m[1;36m590[0m[1;36m][0m[1;36m[0m
[1;36m[Dbg] [UserCommands.cc:1094] [0m[1;36mCreated entity [[0m[1;36m590[0m[1;36m] named [[0m[1;36mml25d_vehicle_w3[0m[1;36m][0m[1;36m[0m
[1;32m[Msg] [0m[1;32mContact system publishing on [0m[1;32m/ml25d/ml25d_vehicle_w3/chassis_contacts[0m[1;32m[0m
[1;32m[Msg] [0m[1;32mContact system publishing on [0m[1;32m/ml25d/ml25d_vehicle_w3/front_left_contacts[0m[1;32m[0m
[1;32m[Msg] [0m[1;32mContact system publishing on [0m[1;32m/ml25d/ml25d_vehicle_w3/front_right_contacts[0m[1;32m[0m
[1;32m[Msg] [0m[1;32mContact system publishing on [0m[1;32m/ml25d/ml25d_vehicle_w3/rear_left_contacts[0m[1;32m[0m
[1;32m[Msg] [0m[1;32mContact system publishing on [0m[1;32m/ml25d/ml25d_vehicle_w3/rear_right_contacts[0m[1;32m[0m
[1;36m[Dbg] [SimulationRunner.cc:578] [0m[1;36mExiting postupdate worker thread ([0m[1;36m0[0m[1;36m)[0m[1;36m[0m
[1;36m[Dbg] [SimulationRunner.cc:578] [0m[1;36mExiting postupdate worker thread ([0m[1;36m1[0m[1;36m)[0m[1;36m[0m
[1;36m[Dbg] [SimulationRunner.cc:551] [0m[1;36mCreating PostUpdate worker threads: [0m[1;36m5[0m[1;36m[0m
[1;36m[Dbg] [SimulationRunner.cc:562] [0m[1;36mCreating postupdate worker thread ([0m[1;36m0[0m[1;36m)[0m[1;36m[0m
[1;36m[Dbg] [SimulationRunner.cc:562] [0m[1;36mCreating postupdate worker thread ([0m[1;36m1[0m[1;36m)[0m[1;36m[0m
[1;36m[Dbg] [SimulationRunner.cc:562] [0m[1;36mCreating postupdate worker thread ([0m[1;36m2[0m[1;36m)[0m[1;36m[0m
[1;36m[Dbg] [SimulationRunner.cc:562] [0m[1;36mCreating postupdate worker thread ([0m[1;36m3[0m[1;36m)[0m[1;36m[0m
[1;36m[Dbg] [SignalHandler.cc:142] [0m[1;36mReceived signal[[0m[1;36m15[0m[1;36m].[0m
[1;36m[Dbg] [ServerPrivate.cc:122] [0m[1;36mServer received signal[[0m[1;36m15[0m[1;36m][0m
[1;36m[Dbg] [gz.cc:434] [0m[1;36mShutting down gz-sim-server[0m[1;36m[0m
[1;36m[Dbg] [SimulationRunner.cc:578] [0m[1;36mExiting postupdate worker thread ([0m[1;36m3[Dbg] [SimulationRunner.cc:578] [0m[1;36m3[0m[1;36m)Exiting postupdate worker thread ([0m[1;36m)Exiting postupdate worker thread ([Dbg] [SimulationRunner.cc:578] [0m[1;36mExiting postupdate worker thread ([0m[1;36m)Exiting postupdate worker thread ([0m[1;36m0[0m[1;36m01[0m[1;36m)[0m[1;36m[0m
[1;36m[0m
[1;36m[0m
[1;36m)Exiting postupdate worker thread ([Dbg] [SimulationRunner.cc:578] [0m[1;36mExiting postupdate worker thread ([0m[1;36m2[0m[1;36m)[0m[1;36m[0m
