
--- start ros_gz_bridge parameter_bridge ---
[INFO] [1777193746.803585552] [ros_gz_bridge]: Creating ROS->GZ Bridge: [/model/ml25d_vehicle_w7/cmd_vel (geometry_msgs/msg/Twist) -> /model/ml25d_vehicle_w7/cmd_vel (gz.msgs.Twist)] (Lazy 0)
[INFO] [1777193746.804828186] [ros_gz_bridge]: Creating GZ->ROS Bridge: [/model/ml25d_vehicle_w7/odometry (gz.msgs.Odometry) -> /model/ml25d_vehicle_w7/odometry (nav_msgs/msg/Odometry)] (Lazy 0)
[INFO] [1777193746.805747301] [ros_gz_bridge]: Creating ROS->GZ service bridge [/world/ml25d_pilot_w7/set_pose (ros_gz_interfaces/srv/SetEntityPose -> /)]
[INFO] [1777193746.806257046] [ros_gz_bridge]: Creating ROS->GZ service bridge [/world/ml25d_pilot_w7/create (ros_gz_interfaces/srv/SpawnEntity -> /)]
[INFO] [1777193746.806436865] [ros_gz_bridge]: Creating ROS->GZ service bridge [/world/ml25d_pilot_w7/remove (ros_gz_interfaces/srv/DeleteEntity -> /)]
[INFO] [1777193746.806588811] [ros_gz_bridge]: Creating ROS->GZ service bridge [/world/ml25d_pilot_w7/control (ros_gz_interfaces/srv/ControlWorld -> /)]
[INFO] [1777193746.806748228] [ros_gz_bridge]: Creating GZ->ROS Bridge: [/ml25d/ml25d_vehicle_w7/chassis_contacts (gz.msgs.Contacts) -> /ml25d/ml25d_vehicle_w7/chassis_contacts (ros_gz_interfaces/msg/Contacts)] (Lazy 0)
[INFO] [1777193746.906062464] [ros_gz_bridge]: Creating GZ->ROS Bridge: [/ml25d/ml25d_vehicle_w7/front_left_contacts (gz.msgs.Contacts) -> /ml25d/ml25d_vehicle_w7/front_left_contacts (ros_gz_interfaces/msg/Contacts)] (Lazy 0)
[INFO] [1777193747.006309279] [ros_gz_bridge]: Creating GZ->ROS Bridge: [/ml25d/ml25d_vehicle_w7/front_right_contacts (gz.msgs.Contacts) -> /ml25d/ml25d_vehicle_w7/front_right_contacts (ros_gz_interfaces/msg/Contacts)] (Lazy 0)
[INFO] [1777193747.106802178] [ros_gz_bridge]: Creating GZ->ROS Bridge: [/ml25d/ml25d_vehicle_w7/rear_left_contacts (gz.msgs.Contacts) -> /ml25d/ml25d_vehicle_w7/rear_left_contacts (ros_gz_interfaces/msg/Contacts)] (Lazy 0)
[INFO] [1777193747.207171851] [ros_gz_bridge]: Creating GZ->ROS Bridge: [/ml25d/ml25d_vehicle_w7/rear_right_contacts (gz.msgs.Contacts) -> /ml25d/ml25d_vehicle_w7/rear_right_contacts (ros_gz_interfaces/msg/Contacts)] (Lazy 0)
[INFO] [1777193750.925492015] [ros_gz_bridge]: Passing message from ROS geometry_msgs/msg/Twist to Gazebo gz.msgs.Twist (showing msg only once per type)

--- start ros_gz_bridge parameter_bridge ---
[INFO] [1777194075.279610461] [ros_gz_bridge]: Creating ROS->GZ Bridge: [/model/ml25d_vehicle_w7/cmd_vel (geometry_msgs/msg/Twist) -> /model/ml25d_vehicle_w7/cmd_vel (gz.msgs.Twist)] (Lazy 0)
[INFO] [1777194075.280978289] [ros_gz_bridge]: Creating GZ->ROS Bridge: [/model/ml25d_vehicle_w7/odometry (gz.msgs.Odometry) -> /model/ml25d_vehicle_w7/odometry (nav_msgs/msg/Odometry)] (Lazy 0)
[INFO] [1777194075.380348872] [ros_gz_bridge]: Creating ROS->GZ service bridge [/world/ml25d_pilot_w7/set_pose (ros_gz_interfaces/srv/SetEntityPose -> /)]
[INFO] [1777194075.381108522] [ros_gz_bridge]: Creating ROS->GZ service bridge [/world/ml25d_pilot_w7/create (ros_gz_interfaces/srv/SpawnEntity -> /)]
[INFO] [1777194075.381361414] [ros_gz_bridge]: Creating ROS->GZ service bridge [/world/ml25d_pilot_w7/remove (ros_gz_interfaces/srv/DeleteEntity -> /)]
[INFO] [1777194075.381558454] [ros_gz_bridge]: Creating ROS->GZ service bridge [/world/ml25d_pilot_w7/control (ros_gz_interfaces/srv/ControlWorld -> /)]
[INFO] [1777194075.381780717] [ros_gz_bridge]: Creating GZ->ROS Bridge: [/ml25d/ml25d_vehicle_w7/chassis_contacts (gz.msgs.Contacts) -> /ml25d/ml25d_vehicle_w7/chassis_contacts (ros_gz_interfaces/msg/Contacts)] (Lazy 0)
[INFO] [1777194075.481343698] [ros_gz_bridge]: Creating GZ->ROS Bridge: [/ml25d/ml25d_vehicle_w7/front_left_contacts (gz.msgs.Contacts) -> /ml25d/ml25d_vehicle_w7/front_left_contacts (ros_gz_interfaces/msg/Contacts)] (Lazy 0)
[INFO] [1777194075.581689117] [ros_gz_bridge]: Creating GZ->ROS Bridge: [/ml25d/ml25d_vehicle_w7/front_right_contacts (gz.msgs.Contacts) -> /ml25d/ml25d_vehicle_w7/front_right_contacts (ros_gz_interfaces/msg/Contacts)] (Lazy 0)
[INFO] [1777194075.582144509] [ros_gz_bridge]: Creating GZ->ROS Bridge: [/ml25d/ml25d_vehicle_w7/rear_left_contacts (gz.msgs.Contacts) -> /ml25d/ml25d_vehicle_w7/rear_left_contacts (ros_gz_interfaces/msg/Contacts)] (Lazy 0)
[INFO] [1777194075.582422786] [ros_gz_bridge]: Creating GZ->ROS Bridge: [/ml25d/ml25d_vehicle_w7/rear_right_contacts (gz.msgs.Contacts) -> /ml25d/ml25d_vehicle_w7/rear_right_contacts (ros_gz_interfaces/msg/Contacts)] (Lazy 0)
[INFO] [1777194078.789916364] [ros_gz_bridge]: Passing message from ROS geometry_msgs/msg/Twist to Gazebo gz.msgs.Twist (showing msg only once per type)
