
--- start ros_gz_bridge parameter_bridge ---
[INFO] [1777368886.060981403] [ros_gz_bridge]: Creating ROS->GZ Bridge: [/model/ml25d_vehicle_datasetv1_s0011_w10/cmd_vel (geometry_msgs/msg/Twist) -> /model/ml25d_vehicle_datasetv1_s0011_w10/cmd_vel (gz.msgs.Twist)] (Lazy 0)
[INFO] [1777368886.063209182] [ros_gz_bridge]: Creating GZ->ROS Bridge: [/model/ml25d_vehicle_datasetv1_s0011_w10/odometry (gz.msgs.Odometry) -> /model/ml25d_vehicle_datasetv1_s0011_w10/odometry (nav_msgs/msg/Odometry)] (Lazy 0)
[INFO] [1777368886.064922772] [ros_gz_bridge]: Creating ROS->GZ service bridge [/world/ml25d_pilot_datasetv1_s0011_w10/set_pose (ros_gz_interfaces/srv/SetEntityPose -> /)]
[INFO] [1777368886.065804066] [ros_gz_bridge]: Creating ROS->GZ service bridge [/world/ml25d_pilot_datasetv1_s0011_w10/create (ros_gz_interfaces/srv/SpawnEntity -> /)]
[INFO] [1777368886.066189078] [ros_gz_bridge]: Creating ROS->GZ service bridge [/world/ml25d_pilot_datasetv1_s0011_w10/remove (ros_gz_interfaces/srv/DeleteEntity -> /)]
[INFO] [1777368886.066525032] [ros_gz_bridge]: Creating ROS->GZ service bridge [/world/ml25d_pilot_datasetv1_s0011_w10/control (ros_gz_interfaces/srv/ControlWorld -> /)]
[INFO] [1777368886.066869383] [ros_gz_bridge]: Creating GZ->ROS Bridge: [/ml25d/ml25d_vehicle_datasetv1_s0011_w10/chassis_contacts (gz.msgs.Contacts) -> /ml25d/ml25d_vehicle_datasetv1_s0011_w10/chassis_contacts (ros_gz_interfaces/msg/Contacts)] (Lazy 0)
[INFO] [1777368886.068081614] [ros_gz_bridge]: Creating GZ->ROS Bridge: [/ml25d/ml25d_vehicle_datasetv1_s0011_w10/front_left_contacts (gz.msgs.Contacts) -> /ml25d/ml25d_vehicle_datasetv1_s0011_w10/front_left_contacts (ros_gz_interfaces/msg/Contacts)] (Lazy 0)
[INFO] [1777368886.068448005] [ros_gz_bridge]: Creating GZ->ROS Bridge: [/ml25d/ml25d_vehicle_datasetv1_s0011_w10/front_right_contacts (gz.msgs.Contacts) -> /ml25d/ml25d_vehicle_datasetv1_s0011_w10/front_right_contacts (ros_gz_interfaces/msg/Contacts)] (Lazy 0)
[INFO] [1777368886.068983626] [ros_gz_bridge]: Creating GZ->ROS Bridge: [/ml25d/ml25d_vehicle_datasetv1_s0011_w10/rear_left_contacts (gz.msgs.Contacts) -> /ml25d/ml25d_vehicle_datasetv1_s0011_w10/rear_left_contacts (ros_gz_interfaces/msg/Contacts)] (Lazy 0)
[INFO] [1777368886.069323688] [ros_gz_bridge]: Creating GZ->ROS Bridge: [/ml25d/ml25d_vehicle_datasetv1_s0011_w10/rear_right_contacts (gz.msgs.Contacts) -> /ml25d/ml25d_vehicle_datasetv1_s0011_w10/rear_right_contacts (ros_gz_interfaces/msg/Contacts)] (Lazy 0)
[INFO] [1777368890.361339003] [ros_gz_bridge]: Passing message from ROS geometry_msgs/msg/Twist to Gazebo gz.msgs.Twist (showing msg only once per type)
[INFO] [1777368902.991258290] [rclcpp]: signal_handler(SIGINT/SIGTERM)

--- start ros_gz_bridge parameter_bridge ---
[INFO] [1777368928.448676822] [ros_gz_bridge]: Creating ROS->GZ Bridge: [/model/ml25d_vehicle_datasetv1_s0011_w10/cmd_vel (geometry_msgs/msg/Twist) -> /model/ml25d_vehicle_datasetv1_s0011_w10/cmd_vel (gz.msgs.Twist)] (Lazy 0)
[INFO] [1777368928.449957460] [ros_gz_bridge]: Creating GZ->ROS Bridge: [/model/ml25d_vehicle_datasetv1_s0011_w10/odometry (gz.msgs.Odometry) -> /model/ml25d_vehicle_datasetv1_s0011_w10/odometry (nav_msgs/msg/Odometry)] (Lazy 0)
[INFO] [1777368928.450911968] [ros_gz_bridge]: Creating ROS->GZ service bridge [/world/ml25d_pilot_datasetv1_s0011_w10/set_pose (ros_gz_interfaces/srv/SetEntityPose -> /)]
[INFO] [1777368928.451427720] [ros_gz_bridge]: Creating ROS->GZ service bridge [/world/ml25d_pilot_datasetv1_s0011_w10/create (ros_gz_interfaces/srv/SpawnEntity -> /)]
[INFO] [1777368928.451629667] [ros_gz_bridge]: Creating ROS->GZ service bridge [/world/ml25d_pilot_datasetv1_s0011_w10/remove (ros_gz_interfaces/srv/DeleteEntity -> /)]
[INFO] [1777368928.451789225] [ros_gz_bridge]: Creating ROS->GZ service bridge [/world/ml25d_pilot_datasetv1_s0011_w10/control (ros_gz_interfaces/srv/ControlWorld -> /)]
[INFO] [1777368928.451945327] [ros_gz_bridge]: Creating GZ->ROS Bridge: [/ml25d/ml25d_vehicle_datasetv1_s0011_w10/chassis_contacts (gz.msgs.Contacts) -> /ml25d/ml25d_vehicle_datasetv1_s0011_w10/chassis_contacts (ros_gz_interfaces/msg/Contacts)] (Lazy 0)
[INFO] [1777368928.452812655] [ros_gz_bridge]: Creating GZ->ROS Bridge: [/ml25d/ml25d_vehicle_datasetv1_s0011_w10/front_left_contacts (gz.msgs.Contacts) -> /ml25d/ml25d_vehicle_datasetv1_s0011_w10/front_left_contacts (ros_gz_interfaces/msg/Contacts)] (Lazy 0)
[INFO] [1777368928.453119788] [ros_gz_bridge]: Creating GZ->ROS Bridge: [/ml25d/ml25d_vehicle_datasetv1_s0011_w10/front_right_contacts (gz.msgs.Contacts) -> /ml25d/ml25d_vehicle_datasetv1_s0011_w10/front_right_contacts (ros_gz_interfaces/msg/Contacts)] (Lazy 0)
[INFO] [1777368928.453375722] [ros_gz_bridge]: Creating GZ->ROS Bridge: [/ml25d/ml25d_vehicle_datasetv1_s0011_w10/rear_left_contacts (gz.msgs.Contacts) -> /ml25d/ml25d_vehicle_datasetv1_s0011_w10/rear_left_contacts (ros_gz_interfaces/msg/Contacts)] (Lazy 0)
[INFO] [1777368928.453579346] [ros_gz_bridge]: Creating GZ->ROS Bridge: [/ml25d/ml25d_vehicle_datasetv1_s0011_w10/rear_right_contacts (gz.msgs.Contacts) -> /ml25d/ml25d_vehicle_datasetv1_s0011_w10/rear_right_contacts (ros_gz_interfaces/msg/Contacts)] (Lazy 0)
[INFO] [1777368934.756332219] [ros_gz_bridge]: Passing message from ROS geometry_msgs/msg/Twist to Gazebo gz.msgs.Twist (showing msg only once per type)
[INFO] [1777369458.045838272] [rclcpp]: signal_handler(SIGINT/SIGTERM)
