
--- start ros_gz_bridge parameter_bridge ---
[INFO] [1777366812.634832270] [ros_gz_bridge]: Creating ROS->GZ Bridge: [/model/ml25d_vehicle_datasetv1_s0010_w1/cmd_vel (geometry_msgs/msg/Twist) -> /model/ml25d_vehicle_datasetv1_s0010_w1/cmd_vel (gz.msgs.Twist)] (Lazy 0)
[INFO] [1777366812.637433809] [ros_gz_bridge]: Creating GZ->ROS Bridge: [/model/ml25d_vehicle_datasetv1_s0010_w1/odometry (gz.msgs.Odometry) -> /model/ml25d_vehicle_datasetv1_s0010_w1/odometry (nav_msgs/msg/Odometry)] (Lazy 0)
[INFO] [1777366812.639127845] [ros_gz_bridge]: Creating ROS->GZ service bridge [/world/ml25d_pilot_datasetv1_s0010_w1/set_pose (ros_gz_interfaces/srv/SetEntityPose -> /)]
[INFO] [1777366812.640410148] [ros_gz_bridge]: Creating ROS->GZ service bridge [/world/ml25d_pilot_datasetv1_s0010_w1/create (ros_gz_interfaces/srv/SpawnEntity -> /)]
[INFO] [1777366812.640966388] [ros_gz_bridge]: Creating ROS->GZ service bridge [/world/ml25d_pilot_datasetv1_s0010_w1/remove (ros_gz_interfaces/srv/DeleteEntity -> /)]
[INFO] [1777366812.641457910] [ros_gz_bridge]: Creating ROS->GZ service bridge [/world/ml25d_pilot_datasetv1_s0010_w1/control (ros_gz_interfaces/srv/ControlWorld -> /)]
[INFO] [1777366812.641941035] [ros_gz_bridge]: Creating GZ->ROS Bridge: [/ml25d/ml25d_vehicle_datasetv1_s0010_w1/chassis_contacts (gz.msgs.Contacts) -> /ml25d/ml25d_vehicle_datasetv1_s0010_w1/chassis_contacts (ros_gz_interfaces/msg/Contacts)] (Lazy 0)
[INFO] [1777366812.644138634] [ros_gz_bridge]: Creating GZ->ROS Bridge: [/ml25d/ml25d_vehicle_datasetv1_s0010_w1/front_left_contacts (gz.msgs.Contacts) -> /ml25d/ml25d_vehicle_datasetv1_s0010_w1/front_left_contacts (ros_gz_interfaces/msg/Contacts)] (Lazy 0)
[INFO] [1777366812.644898761] [ros_gz_bridge]: Creating GZ->ROS Bridge: [/ml25d/ml25d_vehicle_datasetv1_s0010_w1/front_right_contacts (gz.msgs.Contacts) -> /ml25d/ml25d_vehicle_datasetv1_s0010_w1/front_right_contacts (ros_gz_interfaces/msg/Contacts)] (Lazy 0)
[INFO] [1777366812.645668683] [ros_gz_bridge]: Creating GZ->ROS Bridge: [/ml25d/ml25d_vehicle_datasetv1_s0010_w1/rear_left_contacts (gz.msgs.Contacts) -> /ml25d/ml25d_vehicle_datasetv1_s0010_w1/rear_left_contacts (ros_gz_interfaces/msg/Contacts)] (Lazy 0)
[INFO] [1777366812.646289447] [ros_gz_bridge]: Creating GZ->ROS Bridge: [/ml25d/ml25d_vehicle_datasetv1_s0010_w1/rear_right_contacts (gz.msgs.Contacts) -> /ml25d/ml25d_vehicle_datasetv1_s0010_w1/rear_right_contacts (ros_gz_interfaces/msg/Contacts)] (Lazy 0)
[INFO] [1777366817.941928923] [ros_gz_bridge]: Passing message from ROS geometry_msgs/msg/Twist to Gazebo gz.msgs.Twist (showing msg only once per type)
[INFO] [1777367556.773316637] [rclcpp]: signal_handler(SIGINT/SIGTERM)

--- start ros_gz_bridge parameter_bridge ---
[INFO] [1777368183.713717091] [ros_gz_bridge]: Creating ROS->GZ Bridge: [/model/ml25d_vehicle_datasetv1_s0010_w1/cmd_vel (geometry_msgs/msg/Twist) -> /model/ml25d_vehicle_datasetv1_s0010_w1/cmd_vel (gz.msgs.Twist)] (Lazy 0)
[INFO] [1777368183.714850914] [ros_gz_bridge]: Creating GZ->ROS Bridge: [/model/ml25d_vehicle_datasetv1_s0010_w1/odometry (gz.msgs.Odometry) -> /model/ml25d_vehicle_datasetv1_s0010_w1/odometry (nav_msgs/msg/Odometry)] (Lazy 0)
[INFO] [1777368183.715675395] [ros_gz_bridge]: Creating ROS->GZ service bridge [/world/ml25d_pilot_datasetv1_s0010_w1/set_pose (ros_gz_interfaces/srv/SetEntityPose -> /)]
[INFO] [1777368183.716163884] [ros_gz_bridge]: Creating ROS->GZ service bridge [/world/ml25d_pilot_datasetv1_s0010_w1/create (ros_gz_interfaces/srv/SpawnEntity -> /)]
[INFO] [1777368183.716337066] [ros_gz_bridge]: Creating ROS->GZ service bridge [/world/ml25d_pilot_datasetv1_s0010_w1/remove (ros_gz_interfaces/srv/DeleteEntity -> /)]
[INFO] [1777368183.716489812] [ros_gz_bridge]: Creating ROS->GZ service bridge [/world/ml25d_pilot_datasetv1_s0010_w1/control (ros_gz_interfaces/srv/ControlWorld -> /)]
[INFO] [1777368183.716640669] [ros_gz_bridge]: Creating GZ->ROS Bridge: [/ml25d/ml25d_vehicle_datasetv1_s0010_w1/chassis_contacts (gz.msgs.Contacts) -> /ml25d/ml25d_vehicle_datasetv1_s0010_w1/chassis_contacts (ros_gz_interfaces/msg/Contacts)] (Lazy 0)
[INFO] [1777368183.717382857] [ros_gz_bridge]: Creating GZ->ROS Bridge: [/ml25d/ml25d_vehicle_datasetv1_s0010_w1/front_left_contacts (gz.msgs.Contacts) -> /ml25d/ml25d_vehicle_datasetv1_s0010_w1/front_left_contacts (ros_gz_interfaces/msg/Contacts)] (Lazy 0)
[INFO] [1777368183.717599240] [ros_gz_bridge]: Creating GZ->ROS Bridge: [/ml25d/ml25d_vehicle_datasetv1_s0010_w1/front_right_contacts (gz.msgs.Contacts) -> /ml25d/ml25d_vehicle_datasetv1_s0010_w1/front_right_contacts (ros_gz_interfaces/msg/Contacts)] (Lazy 0)
[INFO] [1777368183.717757538] [ros_gz_bridge]: Creating GZ->ROS Bridge: [/ml25d/ml25d_vehicle_datasetv1_s0010_w1/rear_left_contacts (gz.msgs.Contacts) -> /ml25d/ml25d_vehicle_datasetv1_s0010_w1/rear_left_contacts (ros_gz_interfaces/msg/Contacts)] (Lazy 0)
[INFO] [1777368183.717895811] [ros_gz_bridge]: Creating GZ->ROS Bridge: [/ml25d/ml25d_vehicle_datasetv1_s0010_w1/rear_right_contacts (gz.msgs.Contacts) -> /ml25d/ml25d_vehicle_datasetv1_s0010_w1/rear_right_contacts (ros_gz_interfaces/msg/Contacts)] (Lazy 0)
[INFO] [1777368187.413658216] [ros_gz_bridge]: Passing message from ROS geometry_msgs/msg/Twist to Gazebo gz.msgs.Twist (showing msg only once per type)
[INFO] [1777368902.991399673] [rclcpp]: signal_handler(SIGINT/SIGTERM)
