
--- start ros_gz_bridge parameter_bridge ---
[INFO] [1777191841.567538648] [ros_gz_bridge]: Creating ROS->GZ Bridge: [/model/ml25d_vehicle_w2/cmd_vel (geometry_msgs/msg/Twist) -> /model/ml25d_vehicle_w2/cmd_vel (gz.msgs.Twist)] (Lazy 0)
[INFO] [1777191841.568674235] [ros_gz_bridge]: Creating GZ->ROS Bridge: [/model/ml25d_vehicle_w2/odometry (gz.msgs.Odometry) -> /model/ml25d_vehicle_w2/odometry (nav_msgs/msg/Odometry)] (Lazy 0)
[INFO] [1777191841.569536585] [ros_gz_bridge]: Creating ROS->GZ service bridge [/world/ml25d_flat_audit_w2/set_pose (ros_gz_interfaces/srv/SetEntityPose -> /)]
[INFO] [1777191841.570191538] [ros_gz_bridge]: Creating ROS->GZ service bridge [/world/ml25d_flat_audit_w2/create (ros_gz_interfaces/srv/SpawnEntity -> /)]
[INFO] [1777191841.570430223] [ros_gz_bridge]: Creating ROS->GZ service bridge [/world/ml25d_flat_audit_w2/remove (ros_gz_interfaces/srv/DeleteEntity -> /)]
[INFO] [1777191841.570598489] [ros_gz_bridge]: Creating ROS->GZ service bridge [/world/ml25d_flat_audit_w2/control (ros_gz_interfaces/srv/ControlWorld -> /)]
[INFO] [1777191841.570758461] [ros_gz_bridge]: Creating GZ->ROS Bridge: [/ml25d/ml25d_vehicle_w2/chassis_contacts (gz.msgs.Contacts) -> /ml25d/ml25d_vehicle_w2/chassis_contacts (ros_gz_interfaces/msg/Contacts)] (Lazy 0)
[INFO] [1777191841.571521354] [ros_gz_bridge]: Creating GZ->ROS Bridge: [/ml25d/ml25d_vehicle_w2/front_left_contacts (gz.msgs.Contacts) -> /ml25d/ml25d_vehicle_w2/front_left_contacts (ros_gz_interfaces/msg/Contacts)] (Lazy 0)
[INFO] [1777191841.571696020] [ros_gz_bridge]: Creating GZ->ROS Bridge: [/ml25d/ml25d_vehicle_w2/front_right_contacts (gz.msgs.Contacts) -> /ml25d/ml25d_vehicle_w2/front_right_contacts (ros_gz_interfaces/msg/Contacts)] (Lazy 0)
[INFO] [1777191841.571834274] [ros_gz_bridge]: Creating GZ->ROS Bridge: [/ml25d/ml25d_vehicle_w2/rear_left_contacts (gz.msgs.Contacts) -> /ml25d/ml25d_vehicle_w2/rear_left_contacts (ros_gz_interfaces/msg/Contacts)] (Lazy 0)
[INFO] [1777191841.571980351] [ros_gz_bridge]: Creating GZ->ROS Bridge: [/ml25d/ml25d_vehicle_w2/rear_right_contacts (gz.msgs.Contacts) -> /ml25d/ml25d_vehicle_w2/rear_right_contacts (ros_gz_interfaces/msg/Contacts)] (Lazy 0)
[INFO] [1777191845.218802814] [ros_gz_bridge]: Passing message from ROS geometry_msgs/msg/Twist to Gazebo gz.msgs.Twist (showing msg only once per type)

--- start ros_gz_bridge parameter_bridge ---
[INFO] [1777192660.204487281] [ros_gz_bridge]: Creating ROS->GZ Bridge: [/model/ml25d_vehicle_w2/cmd_vel (geometry_msgs/msg/Twist) -> /model/ml25d_vehicle_w2/cmd_vel (gz.msgs.Twist)] (Lazy 0)
[INFO] [1777192660.205707353] [ros_gz_bridge]: Creating GZ->ROS Bridge: [/model/ml25d_vehicle_w2/odometry (gz.msgs.Odometry) -> /model/ml25d_vehicle_w2/odometry (nav_msgs/msg/Odometry)] (Lazy 0)
[INFO] [1777192660.206621937] [ros_gz_bridge]: Creating ROS->GZ service bridge [/world/ml25d_flat_audit_w2/set_pose (ros_gz_interfaces/srv/SetEntityPose -> /)]
[INFO] [1777192660.207190048] [ros_gz_bridge]: Creating ROS->GZ service bridge [/world/ml25d_flat_audit_w2/create (ros_gz_interfaces/srv/SpawnEntity -> /)]
[INFO] [1777192660.207384654] [ros_gz_bridge]: Creating ROS->GZ service bridge [/world/ml25d_flat_audit_w2/remove (ros_gz_interfaces/srv/DeleteEntity -> /)]
[INFO] [1777192660.207568972] [ros_gz_bridge]: Creating ROS->GZ service bridge [/world/ml25d_flat_audit_w2/control (ros_gz_interfaces/srv/ControlWorld -> /)]
[INFO] [1777192660.207815722] [ros_gz_bridge]: Creating GZ->ROS Bridge: [/ml25d/ml25d_vehicle_w2/chassis_contacts (gz.msgs.Contacts) -> /ml25d/ml25d_vehicle_w2/chassis_contacts (ros_gz_interfaces/msg/Contacts)] (Lazy 0)
[INFO] [1777192660.208592484] [ros_gz_bridge]: Creating GZ->ROS Bridge: [/ml25d/ml25d_vehicle_w2/front_left_contacts (gz.msgs.Contacts) -> /ml25d/ml25d_vehicle_w2/front_left_contacts (ros_gz_interfaces/msg/Contacts)] (Lazy 0)
[INFO] [1777192660.208769467] [ros_gz_bridge]: Creating GZ->ROS Bridge: [/ml25d/ml25d_vehicle_w2/front_right_contacts (gz.msgs.Contacts) -> /ml25d/ml25d_vehicle_w2/front_right_contacts (ros_gz_interfaces/msg/Contacts)] (Lazy 0)
[INFO] [1777192660.208920987] [ros_gz_bridge]: Creating GZ->ROS Bridge: [/ml25d/ml25d_vehicle_w2/rear_left_contacts (gz.msgs.Contacts) -> /ml25d/ml25d_vehicle_w2/rear_left_contacts (ros_gz_interfaces/msg/Contacts)] (Lazy 0)
[INFO] [1777192660.209080065] [ros_gz_bridge]: Creating GZ->ROS Bridge: [/ml25d/ml25d_vehicle_w2/rear_right_contacts (gz.msgs.Contacts) -> /ml25d/ml25d_vehicle_w2/rear_right_contacts (ros_gz_interfaces/msg/Contacts)] (Lazy 0)
[INFO] [1777192664.307170630] [ros_gz_bridge]: Passing message from ROS geometry_msgs/msg/Twist to Gazebo gz.msgs.Twist (showing msg only once per type)
