
--- start ros_gz_bridge parameter_bridge ---
[INFO] [1777194392.291579220] [ros_gz_bridge]: Creating ROS->GZ Bridge: [/model/ml25d_vehicle_w7/cmd_vel (geometry_msgs/msg/Twist) -> /model/ml25d_vehicle_w7/cmd_vel (gz.msgs.Twist)] (Lazy 0)
[INFO] [1777194392.293109988] [ros_gz_bridge]: Creating GZ->ROS Bridge: [/model/ml25d_vehicle_w7/odometry (gz.msgs.Odometry) -> /model/ml25d_vehicle_w7/odometry (nav_msgs/msg/Odometry)] (Lazy 0)
[INFO] [1777194392.294680510] [ros_gz_bridge]: Creating ROS->GZ service bridge [/world/ml25d_pilot_w7/set_pose (ros_gz_interfaces/srv/SetEntityPose -> /)]
[INFO] [1777194392.295524225] [ros_gz_bridge]: Creating ROS->GZ service bridge [/world/ml25d_pilot_w7/create (ros_gz_interfaces/srv/SpawnEntity -> /)]
[INFO] [1777194392.295742379] [ros_gz_bridge]: Creating ROS->GZ service bridge [/world/ml25d_pilot_w7/remove (ros_gz_interfaces/srv/DeleteEntity -> /)]
[INFO] [1777194392.295909457] [ros_gz_bridge]: Creating ROS->GZ service bridge [/world/ml25d_pilot_w7/control (ros_gz_interfaces/srv/ControlWorld -> /)]
[INFO] [1777194392.296087320] [ros_gz_bridge]: Creating GZ->ROS Bridge: [/ml25d/ml25d_vehicle_w7/chassis_contacts (gz.msgs.Contacts) -> /ml25d/ml25d_vehicle_w7/chassis_contacts (ros_gz_interfaces/msg/Contacts)] (Lazy 0)
[INFO] [1777194392.297268008] [ros_gz_bridge]: Creating GZ->ROS Bridge: [/ml25d/ml25d_vehicle_w7/front_left_contacts (gz.msgs.Contacts) -> /ml25d/ml25d_vehicle_w7/front_left_contacts (ros_gz_interfaces/msg/Contacts)] (Lazy 0)
[INFO] [1777194392.297762692] [ros_gz_bridge]: Creating GZ->ROS Bridge: [/ml25d/ml25d_vehicle_w7/front_right_contacts (gz.msgs.Contacts) -> /ml25d/ml25d_vehicle_w7/front_right_contacts (ros_gz_interfaces/msg/Contacts)] (Lazy 0)
[INFO] [1777194392.298167946] [ros_gz_bridge]: Creating GZ->ROS Bridge: [/ml25d/ml25d_vehicle_w7/rear_left_contacts (gz.msgs.Contacts) -> /ml25d/ml25d_vehicle_w7/rear_left_contacts (ros_gz_interfaces/msg/Contacts)] (Lazy 0)
[INFO] [1777194392.298552510] [ros_gz_bridge]: Creating GZ->ROS Bridge: [/ml25d/ml25d_vehicle_w7/rear_right_contacts (gz.msgs.Contacts) -> /ml25d/ml25d_vehicle_w7/rear_right_contacts (ros_gz_interfaces/msg/Contacts)] (Lazy 0)
[INFO] [1777194397.017321602] [ros_gz_bridge]: Passing message from ROS geometry_msgs/msg/Twist to Gazebo gz.msgs.Twist (showing msg only once per type)

--- start ros_gz_bridge parameter_bridge ---
[INFO] [1777194449.799491289] [ros_gz_bridge]: Creating ROS->GZ Bridge: [/model/ml25d_vehicle_w7/cmd_vel (geometry_msgs/msg/Twist) -> /model/ml25d_vehicle_w7/cmd_vel (gz.msgs.Twist)] (Lazy 0)
[INFO] [1777194449.800706580] [ros_gz_bridge]: Creating GZ->ROS Bridge: [/model/ml25d_vehicle_w7/odometry (gz.msgs.Odometry) -> /model/ml25d_vehicle_w7/odometry (nav_msgs/msg/Odometry)] (Lazy 0)
[INFO] [1777194449.801632804] [ros_gz_bridge]: Creating ROS->GZ service bridge [/world/ml25d_pilot_w7/set_pose (ros_gz_interfaces/srv/SetEntityPose -> /)]
[INFO] [1777194449.802129652] [ros_gz_bridge]: Creating ROS->GZ service bridge [/world/ml25d_pilot_w7/create (ros_gz_interfaces/srv/SpawnEntity -> /)]
[INFO] [1777194449.802309015] [ros_gz_bridge]: Creating ROS->GZ service bridge [/world/ml25d_pilot_w7/remove (ros_gz_interfaces/srv/DeleteEntity -> /)]
[INFO] [1777194449.802453622] [ros_gz_bridge]: Creating ROS->GZ service bridge [/world/ml25d_pilot_w7/control (ros_gz_interfaces/srv/ControlWorld -> /)]
[INFO] [1777194449.802611513] [ros_gz_bridge]: Creating GZ->ROS Bridge: [/ml25d/ml25d_vehicle_w7/chassis_contacts (gz.msgs.Contacts) -> /ml25d/ml25d_vehicle_w7/chassis_contacts (ros_gz_interfaces/msg/Contacts)] (Lazy 0)
[INFO] [1777194449.803382272] [ros_gz_bridge]: Creating GZ->ROS Bridge: [/ml25d/ml25d_vehicle_w7/front_left_contacts (gz.msgs.Contacts) -> /ml25d/ml25d_vehicle_w7/front_left_contacts (ros_gz_interfaces/msg/Contacts)] (Lazy 0)
[INFO] [1777194449.803565535] [ros_gz_bridge]: Creating GZ->ROS Bridge: [/ml25d/ml25d_vehicle_w7/front_right_contacts (gz.msgs.Contacts) -> /ml25d/ml25d_vehicle_w7/front_right_contacts (ros_gz_interfaces/msg/Contacts)] (Lazy 0)
[INFO] [1777194449.803714001] [ros_gz_bridge]: Creating GZ->ROS Bridge: [/ml25d/ml25d_vehicle_w7/rear_left_contacts (gz.msgs.Contacts) -> /ml25d/ml25d_vehicle_w7/rear_left_contacts (ros_gz_interfaces/msg/Contacts)] (Lazy 0)
[INFO] [1777194449.803862208] [ros_gz_bridge]: Creating GZ->ROS Bridge: [/ml25d/ml25d_vehicle_w7/rear_right_contacts (gz.msgs.Contacts) -> /ml25d/ml25d_vehicle_w7/rear_right_contacts (ros_gz_interfaces/msg/Contacts)] (Lazy 0)
[INFO] [1777194453.898366756] [ros_gz_bridge]: Passing message from ROS geometry_msgs/msg/Twist to Gazebo gz.msgs.Twist (showing msg only once per type)
