[0.009s] Invoking command in '/home/crh/文档/Machine_Learning_25D/ml25d_ws/build/ml25d_dataset_generation': DEBUGINFOD_URLS=https://debuginfod.ubuntu.com /usr/bin/cmake /home/crh/文档/Machine_Learning_25D/ml25d_ws/src/ml25d_dataset_generation -DCMAKE_INSTALL_PREFIX=/home/crh/文档/Machine_Learning_25D/ml25d_ws/install/ml25d_dataset_generation
[0.098s] -- The C compiler identification is GNU 13.3.0
[0.166s] -- The CXX compiler identification is GNU 13.3.0
[0.183s] -- Detecting C compiler ABI info
[0.256s] -- Detecting C compiler ABI info - done
[0.261s] -- Check for working C compiler: /usr/bin/cc - skipped
[0.262s] -- Detecting C compile features
[0.262s] -- Detecting C compile features - done
[0.271s] -- Detecting CXX compiler ABI info
[0.343s] -- Detecting CXX compiler ABI info - done
[0.349s] -- Check for working CXX compiler: /usr/bin/c++ - skipped
[0.349s] -- Detecting CXX compile features
[0.349s] -- Detecting CXX compile features - done
[0.356s] -- Configuring incomplete, errors occurred!
[0.356s] [31mCMake Error at CMakeLists.txt:12 (find_package):
[0.356s]   By not providing "Findament_cmake.cmake" in CMAKE_MODULE_PATH this project
[0.356s]   has asked CMake to find a package configuration file provided by
[0.356s]   "ament_cmake", but CMake did not find one.
[0.356s] 
[0.356s]   Could not find a package configuration file provided by "ament_cmake" with
[0.356s]   any of the following names:
[0.356s] 
[0.356s]     ament_cmakeConfig.cmake
[0.356s]     ament_cmake-config.cmake
[0.356s] 
[0.356s]   Add the installation prefix of "ament_cmake" to CMAKE_PREFIX_PATH or set
[0.356s]   "ament_cmake_DIR" to a directory containing one of the above files.  If
[0.356s]   "ament_cmake" provides a separate development package or SDK, be sure it
[0.357s]   has been installed.
[0.357s] 
[0.357s] [0m
[0.358s] Invoked command in '/home/crh/文档/Machine_Learning_25D/ml25d_ws/build/ml25d_dataset_generation' returned '1': DEBUGINFOD_URLS=https://debuginfod.ubuntu.com /usr/bin/cmake /home/crh/文档/Machine_Learning_25D/ml25d_ws/src/ml25d_dataset_generation -DCMAKE_INSTALL_PREFIX=/home/crh/文档/Machine_Learning_25D/ml25d_ws/install/ml25d_dataset_generation
