
--- start ros_gz_bridge parameter_bridge ---
[INFO] [1777194176.065716933] [ros_gz_bridge]: Creating ROS->GZ Bridge: [/model/ml25d_vehicle_w6/cmd_vel (geometry_msgs/msg/Twist) -> /model/ml25d_vehicle_w6/cmd_vel (gz.msgs.Twist)] (Lazy 0)
[INFO] [1777194176.067084999] [ros_gz_bridge]: Creating GZ->ROS Bridge: [/model/ml25d_vehicle_w6/odometry (gz.msgs.Odometry) -> /model/ml25d_vehicle_w6/odometry (nav_msgs/msg/Odometry)] (Lazy 0)
[INFO] [1777194176.068017366] [ros_gz_bridge]: Creating ROS->GZ service bridge [/world/ml25d_pilot_w6/set_pose (ros_gz_interfaces/srv/SetEntityPose -> /)]
[INFO] [1777194176.068524776] [ros_gz_bridge]: Creating ROS->GZ service bridge [/world/ml25d_pilot_w6/create (ros_gz_interfaces/srv/SpawnEntity -> /)]
[INFO] [1777194176.068707345] [ros_gz_bridge]: Creating ROS->GZ service bridge [/world/ml25d_pilot_w6/remove (ros_gz_interfaces/srv/DeleteEntity -> /)]
[INFO] [1777194176.068860454] [ros_gz_bridge]: Creating ROS->GZ service bridge [/world/ml25d_pilot_w6/control (ros_gz_interfaces/srv/ControlWorld -> /)]
[INFO] [1777194176.069024184] [ros_gz_bridge]: Creating GZ->ROS Bridge: [/ml25d/ml25d_vehicle_w6/chassis_contacts (gz.msgs.Contacts) -> /ml25d/ml25d_vehicle_w6/chassis_contacts (ros_gz_interfaces/msg/Contacts)] (Lazy 0)
[INFO] [1777194176.069819104] [ros_gz_bridge]: Creating GZ->ROS Bridge: [/ml25d/ml25d_vehicle_w6/front_left_contacts (gz.msgs.Contacts) -> /ml25d/ml25d_vehicle_w6/front_left_contacts (ros_gz_interfaces/msg/Contacts)] (Lazy 0)
[INFO] [1777194176.070034926] [ros_gz_bridge]: Creating GZ->ROS Bridge: [/ml25d/ml25d_vehicle_w6/front_right_contacts (gz.msgs.Contacts) -> /ml25d/ml25d_vehicle_w6/front_right_contacts (ros_gz_interfaces/msg/Contacts)] (Lazy 0)
[INFO] [1777194176.070224963] [ros_gz_bridge]: Creating GZ->ROS Bridge: [/ml25d/ml25d_vehicle_w6/rear_left_contacts (gz.msgs.Contacts) -> /ml25d/ml25d_vehicle_w6/rear_left_contacts (ros_gz_interfaces/msg/Contacts)] (Lazy 0)
[INFO] [1777194176.070425817] [ros_gz_bridge]: Creating GZ->ROS Bridge: [/ml25d/ml25d_vehicle_w6/rear_right_contacts (gz.msgs.Contacts) -> /ml25d/ml25d_vehicle_w6/rear_right_contacts (ros_gz_interfaces/msg/Contacts)] (Lazy 0)
[INFO] [1777194179.617511016] [ros_gz_bridge]: Passing message from ROS geometry_msgs/msg/Twist to Gazebo gz.msgs.Twist (showing msg only once per type)

--- start ros_gz_bridge parameter_bridge ---
[INFO] [1777194362.281543374] [ros_gz_bridge]: Creating ROS->GZ Bridge: [/model/ml25d_vehicle_w6/cmd_vel (geometry_msgs/msg/Twist) -> /model/ml25d_vehicle_w6/cmd_vel (gz.msgs.Twist)] (Lazy 0)
[INFO] [1777194362.282794416] [ros_gz_bridge]: Creating GZ->ROS Bridge: [/model/ml25d_vehicle_w6/odometry (gz.msgs.Odometry) -> /model/ml25d_vehicle_w6/odometry (nav_msgs/msg/Odometry)] (Lazy 0)
[INFO] [1777194362.283724870] [ros_gz_bridge]: Creating ROS->GZ service bridge [/world/ml25d_pilot_w6/set_pose (ros_gz_interfaces/srv/SetEntityPose -> /)]
[INFO] [1777194362.284236634] [ros_gz_bridge]: Creating ROS->GZ service bridge [/world/ml25d_pilot_w6/create (ros_gz_interfaces/srv/SpawnEntity -> /)]
[INFO] [1777194362.284425997] [ros_gz_bridge]: Creating ROS->GZ service bridge [/world/ml25d_pilot_w6/remove (ros_gz_interfaces/srv/DeleteEntity -> /)]
[INFO] [1777194362.284586869] [ros_gz_bridge]: Creating ROS->GZ service bridge [/world/ml25d_pilot_w6/control (ros_gz_interfaces/srv/ControlWorld -> /)]
[INFO] [1777194362.284745474] [ros_gz_bridge]: Creating GZ->ROS Bridge: [/ml25d/ml25d_vehicle_w6/chassis_contacts (gz.msgs.Contacts) -> /ml25d/ml25d_vehicle_w6/chassis_contacts (ros_gz_interfaces/msg/Contacts)] (Lazy 0)
[INFO] [1777194362.285482398] [ros_gz_bridge]: Creating GZ->ROS Bridge: [/ml25d/ml25d_vehicle_w6/front_left_contacts (gz.msgs.Contacts) -> /ml25d/ml25d_vehicle_w6/front_left_contacts (ros_gz_interfaces/msg/Contacts)] (Lazy 0)
[INFO] [1777194362.285690111] [ros_gz_bridge]: Creating GZ->ROS Bridge: [/ml25d/ml25d_vehicle_w6/front_right_contacts (gz.msgs.Contacts) -> /ml25d/ml25d_vehicle_w6/front_right_contacts (ros_gz_interfaces/msg/Contacts)] (Lazy 0)
[INFO] [1777194362.285860159] [ros_gz_bridge]: Creating GZ->ROS Bridge: [/ml25d/ml25d_vehicle_w6/rear_left_contacts (gz.msgs.Contacts) -> /ml25d/ml25d_vehicle_w6/rear_left_contacts (ros_gz_interfaces/msg/Contacts)] (Lazy 0)
[INFO] [1777194362.286051750] [ros_gz_bridge]: Creating GZ->ROS Bridge: [/ml25d/ml25d_vehicle_w6/rear_right_contacts (gz.msgs.Contacts) -> /ml25d/ml25d_vehicle_w6/rear_right_contacts (ros_gz_interfaces/msg/Contacts)] (Lazy 0)
[INFO] [1777194365.916063304] [ros_gz_bridge]: Passing message from ROS geometry_msgs/msg/Twist to Gazebo gz.msgs.Twist (showing msg only once per type)
