
--- start ros_gz_bridge parameter_bridge ---
[INFO] [1777193746.769546917] [ros_gz_bridge]: Creating ROS->GZ Bridge: [/model/ml25d_vehicle_w3/cmd_vel (geometry_msgs/msg/Twist) -> /model/ml25d_vehicle_w3/cmd_vel (gz.msgs.Twist)] (Lazy 0)
[INFO] [1777193746.870933553] [ros_gz_bridge]: Creating GZ->ROS Bridge: [/model/ml25d_vehicle_w3/odometry (gz.msgs.Odometry) -> /model/ml25d_vehicle_w3/odometry (nav_msgs/msg/Odometry)] (Lazy 0)
[INFO] [1777193746.969999236] [ros_gz_bridge]: Creating ROS->GZ service bridge [/world/ml25d_pilot_w3/set_pose (ros_gz_interfaces/srv/SetEntityPose -> /)]
[INFO] [1777193746.971138309] [ros_gz_bridge]: Creating ROS->GZ service bridge [/world/ml25d_pilot_w3/create (ros_gz_interfaces/srv/SpawnEntity -> /)]
[INFO] [1777193746.971567295] [ros_gz_bridge]: Creating ROS->GZ service bridge [/world/ml25d_pilot_w3/remove (ros_gz_interfaces/srv/DeleteEntity -> /)]
[INFO] [1777193746.971971728] [ros_gz_bridge]: Creating ROS->GZ service bridge [/world/ml25d_pilot_w3/control (ros_gz_interfaces/srv/ControlWorld -> /)]
[INFO] [1777193746.972365525] [ros_gz_bridge]: Creating GZ->ROS Bridge: [/ml25d/ml25d_vehicle_w3/chassis_contacts (gz.msgs.Contacts) -> /ml25d/ml25d_vehicle_w3/chassis_contacts (ros_gz_interfaces/msg/Contacts)] (Lazy 0)
[INFO] [1777193747.170445625] [ros_gz_bridge]: Creating GZ->ROS Bridge: [/ml25d/ml25d_vehicle_w3/front_left_contacts (gz.msgs.Contacts) -> /ml25d/ml25d_vehicle_w3/front_left_contacts (ros_gz_interfaces/msg/Contacts)] (Lazy 0)
[INFO] [1777193747.270735980] [ros_gz_bridge]: Creating GZ->ROS Bridge: [/ml25d/ml25d_vehicle_w3/front_right_contacts (gz.msgs.Contacts) -> /ml25d/ml25d_vehicle_w3/front_right_contacts (ros_gz_interfaces/msg/Contacts)] (Lazy 0)
[INFO] [1777193747.371133799] [ros_gz_bridge]: Creating GZ->ROS Bridge: [/ml25d/ml25d_vehicle_w3/rear_left_contacts (gz.msgs.Contacts) -> /ml25d/ml25d_vehicle_w3/rear_left_contacts (ros_gz_interfaces/msg/Contacts)] (Lazy 0)
[INFO] [1777193747.471273254] [ros_gz_bridge]: Creating GZ->ROS Bridge: [/ml25d/ml25d_vehicle_w3/rear_right_contacts (gz.msgs.Contacts) -> /ml25d/ml25d_vehicle_w3/rear_right_contacts (ros_gz_interfaces/msg/Contacts)] (Lazy 0)
[INFO] [1777193750.806884683] [ros_gz_bridge]: Passing message from ROS geometry_msgs/msg/Twist to Gazebo gz.msgs.Twist (showing msg only once per type)

--- start ros_gz_bridge parameter_bridge ---
[INFO] [1777194075.128565578] [ros_gz_bridge]: Creating ROS->GZ Bridge: [/model/ml25d_vehicle_w3/cmd_vel (geometry_msgs/msg/Twist) -> /model/ml25d_vehicle_w3/cmd_vel (gz.msgs.Twist)] (Lazy 0)
[INFO] [1777194075.129751450] [ros_gz_bridge]: Creating GZ->ROS Bridge: [/model/ml25d_vehicle_w3/odometry (gz.msgs.Odometry) -> /model/ml25d_vehicle_w3/odometry (nav_msgs/msg/Odometry)] (Lazy 0)
[INFO] [1777194075.130697343] [ros_gz_bridge]: Creating ROS->GZ service bridge [/world/ml25d_pilot_w3/set_pose (ros_gz_interfaces/srv/SetEntityPose -> /)]
[INFO] [1777194075.131231181] [ros_gz_bridge]: Creating ROS->GZ service bridge [/world/ml25d_pilot_w3/create (ros_gz_interfaces/srv/SpawnEntity -> /)]
[INFO] [1777194075.131421440] [ros_gz_bridge]: Creating ROS->GZ service bridge [/world/ml25d_pilot_w3/remove (ros_gz_interfaces/srv/DeleteEntity -> /)]
[INFO] [1777194075.131582166] [ros_gz_bridge]: Creating ROS->GZ service bridge [/world/ml25d_pilot_w3/control (ros_gz_interfaces/srv/ControlWorld -> /)]
[INFO] [1777194075.131739002] [ros_gz_bridge]: Creating GZ->ROS Bridge: [/ml25d/ml25d_vehicle_w3/chassis_contacts (gz.msgs.Contacts) -> /ml25d/ml25d_vehicle_w3/chassis_contacts (ros_gz_interfaces/msg/Contacts)] (Lazy 0)
[INFO] [1777194075.132569861] [ros_gz_bridge]: Creating GZ->ROS Bridge: [/ml25d/ml25d_vehicle_w3/front_left_contacts (gz.msgs.Contacts) -> /ml25d/ml25d_vehicle_w3/front_left_contacts (ros_gz_interfaces/msg/Contacts)] (Lazy 0)
[INFO] [1777194075.132766492] [ros_gz_bridge]: Creating GZ->ROS Bridge: [/ml25d/ml25d_vehicle_w3/front_right_contacts (gz.msgs.Contacts) -> /ml25d/ml25d_vehicle_w3/front_right_contacts (ros_gz_interfaces/msg/Contacts)] (Lazy 0)
[INFO] [1777194075.132932788] [ros_gz_bridge]: Creating GZ->ROS Bridge: [/ml25d/ml25d_vehicle_w3/rear_left_contacts (gz.msgs.Contacts) -> /ml25d/ml25d_vehicle_w3/rear_left_contacts (ros_gz_interfaces/msg/Contacts)] (Lazy 0)
[INFO] [1777194075.133102256] [ros_gz_bridge]: Creating GZ->ROS Bridge: [/ml25d/ml25d_vehicle_w3/rear_right_contacts (gz.msgs.Contacts) -> /ml25d/ml25d_vehicle_w3/rear_right_contacts (ros_gz_interfaces/msg/Contacts)] (Lazy 0)
[INFO] [1777194078.709401179] [ros_gz_bridge]: Passing message from ROS geometry_msgs/msg/Twist to Gazebo gz.msgs.Twist (showing msg only once per type)
