
--- start ros_gz_bridge parameter_bridge ---
[INFO] [1777352698.757599056] [ros_gz_bridge]: Creating ROS->GZ Bridge: [/model/ml25d_vehicle_w0/cmd_vel (geometry_msgs/msg/Twist) -> /model/ml25d_vehicle_w0/cmd_vel (gz.msgs.Twist)] (Lazy 0)
[INFO] [1777352698.758755402] [ros_gz_bridge]: Creating GZ->ROS Bridge: [/model/ml25d_vehicle_w0/odometry (gz.msgs.Odometry) -> /model/ml25d_vehicle_w0/odometry (nav_msgs/msg/Odometry)] (Lazy 0)
[INFO] [1777352698.759687322] [ros_gz_bridge]: Creating ROS->GZ service bridge [/world/ml25d_pilot_w0/set_pose (ros_gz_interfaces/srv/SetEntityPose -> /)]
[INFO] [1777352698.760201445] [ros_gz_bridge]: Creating ROS->GZ service bridge [/world/ml25d_pilot_w0/create (ros_gz_interfaces/srv/SpawnEntity -> /)]
[INFO] [1777352698.760389413] [ros_gz_bridge]: Creating ROS->GZ service bridge [/world/ml25d_pilot_w0/remove (ros_gz_interfaces/srv/DeleteEntity -> /)]
[INFO] [1777352698.760544737] [ros_gz_bridge]: Creating ROS->GZ service bridge [/world/ml25d_pilot_w0/control (ros_gz_interfaces/srv/ControlWorld -> /)]
[INFO] [1777352698.760696663] [ros_gz_bridge]: Creating GZ->ROS Bridge: [/ml25d/ml25d_vehicle_w0/chassis_contacts (gz.msgs.Contacts) -> /ml25d/ml25d_vehicle_w0/chassis_contacts (ros_gz_interfaces/msg/Contacts)] (Lazy 0)
[INFO] [1777352698.761461397] [ros_gz_bridge]: Creating GZ->ROS Bridge: [/ml25d/ml25d_vehicle_w0/front_left_contacts (gz.msgs.Contacts) -> /ml25d/ml25d_vehicle_w0/front_left_contacts (ros_gz_interfaces/msg/Contacts)] (Lazy 0)
[INFO] [1777352698.761670759] [ros_gz_bridge]: Creating GZ->ROS Bridge: [/ml25d/ml25d_vehicle_w0/front_right_contacts (gz.msgs.Contacts) -> /ml25d/ml25d_vehicle_w0/front_right_contacts (ros_gz_interfaces/msg/Contacts)] (Lazy 0)
[INFO] [1777352698.761845920] [ros_gz_bridge]: Creating GZ->ROS Bridge: [/ml25d/ml25d_vehicle_w0/rear_left_contacts (gz.msgs.Contacts) -> /ml25d/ml25d_vehicle_w0/rear_left_contacts (ros_gz_interfaces/msg/Contacts)] (Lazy 0)
[INFO] [1777352698.762014784] [ros_gz_bridge]: Creating GZ->ROS Bridge: [/ml25d/ml25d_vehicle_w0/rear_right_contacts (gz.msgs.Contacts) -> /ml25d/ml25d_vehicle_w0/rear_right_contacts (ros_gz_interfaces/msg/Contacts)] (Lazy 0)
[INFO] [1777352702.326657194] [ros_gz_bridge]: Passing message from ROS geometry_msgs/msg/Twist to Gazebo gz.msgs.Twist (showing msg only once per type)
[INFO] [1777352886.997682810] [rclcpp]: signal_handler(SIGINT/SIGTERM)

--- start ros_gz_bridge parameter_bridge ---
[INFO] [1777352892.464812674] [ros_gz_bridge]: Creating ROS->GZ Bridge: [/model/ml25d_vehicle_w0/cmd_vel (geometry_msgs/msg/Twist) -> /model/ml25d_vehicle_w0/cmd_vel (gz.msgs.Twist)] (Lazy 0)
[INFO] [1777352892.466085883] [ros_gz_bridge]: Creating GZ->ROS Bridge: [/model/ml25d_vehicle_w0/odometry (gz.msgs.Odometry) -> /model/ml25d_vehicle_w0/odometry (nav_msgs/msg/Odometry)] (Lazy 0)
[INFO] [1777352892.467030384] [ros_gz_bridge]: Creating ROS->GZ service bridge [/world/ml25d_pilot_w0/set_pose (ros_gz_interfaces/srv/SetEntityPose -> /)]
[INFO] [1777352892.467573267] [ros_gz_bridge]: Creating ROS->GZ service bridge [/world/ml25d_pilot_w0/create (ros_gz_interfaces/srv/SpawnEntity -> /)]
[INFO] [1777352892.467768981] [ros_gz_bridge]: Creating ROS->GZ service bridge [/world/ml25d_pilot_w0/remove (ros_gz_interfaces/srv/DeleteEntity -> /)]
[INFO] [1777352892.467928075] [ros_gz_bridge]: Creating ROS->GZ service bridge [/world/ml25d_pilot_w0/control (ros_gz_interfaces/srv/ControlWorld -> /)]
[INFO] [1777352892.468105949] [ros_gz_bridge]: Creating GZ->ROS Bridge: [/ml25d/ml25d_vehicle_w0/chassis_contacts (gz.msgs.Contacts) -> /ml25d/ml25d_vehicle_w0/chassis_contacts (ros_gz_interfaces/msg/Contacts)] (Lazy 0)
[INFO] [1777352892.468900413] [ros_gz_bridge]: Creating GZ->ROS Bridge: [/ml25d/ml25d_vehicle_w0/front_left_contacts (gz.msgs.Contacts) -> /ml25d/ml25d_vehicle_w0/front_left_contacts (ros_gz_interfaces/msg/Contacts)] (Lazy 0)
[INFO] [1777352892.469123800] [ros_gz_bridge]: Creating GZ->ROS Bridge: [/ml25d/ml25d_vehicle_w0/front_right_contacts (gz.msgs.Contacts) -> /ml25d/ml25d_vehicle_w0/front_right_contacts (ros_gz_interfaces/msg/Contacts)] (Lazy 0)
[INFO] [1777352892.469324898] [ros_gz_bridge]: Creating GZ->ROS Bridge: [/ml25d/ml25d_vehicle_w0/rear_left_contacts (gz.msgs.Contacts) -> /ml25d/ml25d_vehicle_w0/rear_left_contacts (ros_gz_interfaces/msg/Contacts)] (Lazy 0)
[INFO] [1777352892.469498591] [ros_gz_bridge]: Creating GZ->ROS Bridge: [/ml25d/ml25d_vehicle_w0/rear_right_contacts (gz.msgs.Contacts) -> /ml25d/ml25d_vehicle_w0/rear_right_contacts (ros_gz_interfaces/msg/Contacts)] (Lazy 0)
[INFO] [1777352896.405369705] [ros_gz_bridge]: Passing message from ROS geometry_msgs/msg/Twist to Gazebo gz.msgs.Twist (showing msg only once per type)

--- start ros_gz_bridge parameter_bridge ---
[INFO] [1777352902.756692067] [ros_gz_bridge]: Creating ROS->GZ Bridge: [/model/ml25d_vehicle_w0/cmd_vel (geometry_msgs/msg/Twist) -> /model/ml25d_vehicle_w0/cmd_vel (gz.msgs.Twist)] (Lazy 0)
[INFO] [1777352902.757850674] [ros_gz_bridge]: Creating GZ->ROS Bridge: [/model/ml25d_vehicle_w0/odometry (gz.msgs.Odometry) -> /model/ml25d_vehicle_w0/odometry (nav_msgs/msg/Odometry)] (Lazy 0)
[INFO] [1777352902.758742216] [ros_gz_bridge]: Creating ROS->GZ service bridge [/world/ml25d_pilot_w0/set_pose (ros_gz_interfaces/srv/SetEntityPose -> /)]
[INFO] [1777352902.759222749] [ros_gz_bridge]: Creating ROS->GZ service bridge [/world/ml25d_pilot_w0/create (ros_gz_interfaces/srv/SpawnEntity -> /)]
[INFO] [1777352902.759404138] [ros_gz_bridge]: Creating ROS->GZ service bridge [/world/ml25d_pilot_w0/remove (ros_gz_interfaces/srv/DeleteEntity -> /)]
[INFO] [1777352902.759571378] [ros_gz_bridge]: Creating ROS->GZ service bridge [/world/ml25d_pilot_w0/control (ros_gz_interfaces/srv/ControlWorld -> /)]
[INFO] [1777352902.759724440] [ros_gz_bridge]: Creating GZ->ROS Bridge: [/ml25d/ml25d_vehicle_w0/chassis_contacts (gz.msgs.Contacts) -> /ml25d/ml25d_vehicle_w0/chassis_contacts (ros_gz_interfaces/msg/Contacts)] (Lazy 0)
[INFO] [1777352902.760467173] [ros_gz_bridge]: Creating GZ->ROS Bridge: [/ml25d/ml25d_vehicle_w0/front_left_contacts (gz.msgs.Contacts) -> /ml25d/ml25d_vehicle_w0/front_left_contacts (ros_gz_interfaces/msg/Contacts)] (Lazy 0)
[INFO] [1777352902.760648469] [ros_gz_bridge]: Creating GZ->ROS Bridge: [/ml25d/ml25d_vehicle_w0/front_right_contacts (gz.msgs.Contacts) -> /ml25d/ml25d_vehicle_w0/front_right_contacts (ros_gz_interfaces/msg/Contacts)] (Lazy 0)
[INFO] [1777352902.760788006] [ros_gz_bridge]: Creating GZ->ROS Bridge: [/ml25d/ml25d_vehicle_w0/rear_left_contacts (gz.msgs.Contacts) -> /ml25d/ml25d_vehicle_w0/rear_left_contacts (ros_gz_interfaces/msg/Contacts)] (Lazy 0)
[INFO] [1777352902.760916880] [ros_gz_bridge]: Creating GZ->ROS Bridge: [/ml25d/ml25d_vehicle_w0/rear_right_contacts (gz.msgs.Contacts) -> /ml25d/ml25d_vehicle_w0/rear_right_contacts (ros_gz_interfaces/msg/Contacts)] (Lazy 0)
[ros2run]: Killed
